[ 2018-03-01T14:41:31+08:00 ] 183.13.204.101 /adm.php
INFO: [ app_init ] --START--
INFO: Run Behavior\BuildLiteBehavior [ RunTime:0.000014s ]
INFO: [ app_init ] --END-- [ RunTime:0.000304s ]
INFO: [ app_begin ] --START--
INFO: Run Behavior\ReadHtmlCacheBehavior [ RunTime:0.000462s ]
INFO: [ app_begin ] --END-- [ RunTime:0.000504s ]
NOTIC: [8] Undefined index: UserID /www/wwwroot/guangbang/guangbang/Admin/Home/Controller/BaseController.class.php 第 9 行.
SQL: SHOW COLUMNS FROM `auth` [ RunTime:0.0008s ]
SQL: SELECT * FROM `auth` WHERE ( Status = 1 )  [ RunTime:0.0003s ]
NOTIC: [8] Undefined variable: UserInfo /www/wwwroot/guangbang/guangbang/Admin/Home/Controller/BaseController.class.php 第 17 行.
SQL: SELECT * FROM `auth` WHERE ( fid = 1 and Status = 1 )  [ RunTime:0.0003s ]
NOTIC: [8] Undefined variable: UserInfo /www/wwwroot/guangbang/guangbang/Admin/Home/Controller/BaseController.class.php 第 17 行.
SQL: SELECT * FROM `auth` WHERE ( fid = 2 and Status = 1 )  [ RunTime:0.0002s ]
NOTIC: [8] Undefined variable: UserInfo /www/wwwroot/guangbang/guangbang/Admin/Home/Controller/BaseController.class.php 第 17 行.
NOTIC: [8] Undefined variable: UserInfo /www/wwwroot/guangbang/guangbang/Admin/Home/Controller/BaseController.class.php 第 17 行.
NOTIC: [8] Undefined variable: UserInfo /www/wwwroot/guangbang/guangbang/Admin/Home/Controller/BaseController.class.php 第 17 行.
NOTIC: [8] Undefined variable: UserInfo /www/wwwroot/guangbang/guangbang/Admin/Home/Controller/BaseController.class.php 第 17 行.
SQL: SELECT * FROM `auth` WHERE ( fid = 6 and Status = 1 )  [ RunTime:0.0002s ]
NOTIC: [8] Undefined variable: UserInfo /www/wwwroot/guangbang/guangbang/Admin/Home/Controller/BaseController.class.php 第 17 行.
NOTIC: [8] Undefined variable: UserInfo /www/wwwroot/guangbang/guangbang/Admin/Home/Controller/BaseController.class.php 第 17 行.
NOTIC: [8] Undefined variable: UserInfo /www/wwwroot/guangbang/guangbang/Admin/Home/Controller/BaseController.class.php 第 17 行.
NOTIC: [8] Undefined variable: UserInfo /www/wwwroot/guangbang/guangbang/Admin/Home/Controller/BaseController.class.php 第 17 行.
SQL: SELECT * FROM `auth` WHERE ( fid = 13 and Status = 1 )  [ RunTime:0.0002s ]
NOTIC: [8] Undefined variable: UserInfo /www/wwwroot/guangbang/guangbang/Admin/Home/Controller/BaseController.class.php 第 17 行.
NOTIC: [8] Undefined variable: UserInfo /www/wwwroot/guangbang/guangbang/Admin/Home/Controller/BaseController.class.php 第 17 行.
SQL: SELECT * FROM `auth` WHERE ( fid = 17 and Status = 1 )  [ RunTime:0.0002s ]
NOTIC: [8] Undefined variable: UserInfo /www/wwwroot/guangbang/guangbang/Admin/Home/Controller/BaseController.class.php 第 17 行.
NOTIC: [8] Undefined variable: UserInfo /www/wwwroot/guangbang/guangbang/Admin/Home/Controller/BaseController.class.php 第 17 行.
SQL: SELECT * FROM `auth` WHERE ( fid = 19 and Status = 1 )  [ RunTime:0.0002s ]
NOTIC: [8] Undefined variable: UserInfo /www/wwwroot/guangbang/guangbang/Admin/Home/Controller/BaseController.class.php 第 17 行.
NOTIC: [8] Undefined variable: UserInfo /www/wwwroot/guangbang/guangbang/Admin/Home/Controller/BaseController.class.php 第 17 行.
NOTIC: [8] Undefined variable: UserInfo /www/wwwroot/guangbang/guangbang/Admin/Home/Controller/BaseController.class.php 第 17 行.
SQL: SELECT * FROM `auth` WHERE ( fid = 23 and Status = 1 )  [ RunTime:0.0002s ]
NOTIC: [8] Undefined variable: UserInfo /www/wwwroot/guangbang/guangbang/Admin/Home/Controller/BaseController.class.php 第 17 行.
SQL: SELECT * FROM `auth` WHERE ( fid = 24 and Status = 1 )  [ RunTime:0.0002s ]
NOTIC: [8] Undefined variable: UserInfo /www/wwwroot/guangbang/guangbang/Admin/Home/Controller/BaseController.class.php 第 17 行.
NOTIC: [8] Undefined variable: UserInfo /www/wwwroot/guangbang/guangbang/Admin/Home/Controller/BaseController.class.php 第 17 行.
NOTIC: [8] Undefined variable: UserInfo /www/wwwroot/guangbang/guangbang/Admin/Home/Controller/BaseController.class.php 第 17 行.
NOTIC: [8] Undefined variable: UserInfo /www/wwwroot/guangbang/guangbang/Admin/Home/Controller/BaseController.class.php 第 17 行.
SQL: SELECT * FROM `auth` WHERE ( fid = 28 and Status = 1 )  [ RunTime:0.0002s ]
NOTIC: [8] Undefined variable: UserInfo /www/wwwroot/guangbang/guangbang/Admin/Home/Controller/BaseController.class.php 第 17 行.
SQL: SELECT `fid` FROM `auth` WHERE ( id =1 ) LIMIT 1   [ RunTime:0.0002s ]
SQL: SHOW COLUMNS FROM `message` [ RunTime:0.0006s ]
SQL: SELECT COUNT(*) AS tp_count FROM `message` WHERE ( Status = 0 ) LIMIT 1   [ RunTime:0.0398s ]
NOTIC: [8] Undefined index: PassWord /www/wwwroot/guangbang/guangbang/Admin/Home/Controller/BaseController.class.php 第 41 行.
NOTIC: [8] Undefined index: UserID /www/wwwroot/guangbang/guangbang/Admin/Home/Controller/BaseController.class.php 第 42 行.
INFO: [ view_parse ] --START--
INFO: [ template_filter ] --START--
INFO: Run Behavior\ContentReplaceBehavior [ RunTime:0.000258s ]
INFO: [ template_filter ] --END-- [ RunTime:0.000301s ]
INFO: Run Behavior\ParseTemplateBehavior [ RunTime:0.026885s ]
INFO: [ view_parse ] --END-- [ RunTime:0.026970s ]
INFO: [ view_filter ] --START--
INFO: Run Behavior\WriteHtmlCacheBehavior [ RunTime:0.000304s ]
INFO: [ view_filter ] --END-- [ RunTime:0.000339s ]

[ 2018-03-01T14:41:33+08:00 ] 183.13.204.101 /adm.php/Home/User/login.html
INFO: [ app_init ] --START--
INFO: Run Behavior\BuildLiteBehavior [ RunTime:0.000008s ]
INFO: [ app_init ] --END-- [ RunTime:0.000242s ]
INFO: [ app_begin ] --START--
INFO: Run Behavior\ReadHtmlCacheBehavior [ RunTime:0.000382s ]
INFO: [ app_begin ] --END-- [ RunTime:0.000409s ]
NOTIC: [8] Undefined index: UserID /www/wwwroot/guangbang/guangbang/Admin/Home/Controller/BaseController.class.php 第 9 行.
SQL: SHOW COLUMNS FROM `auth` [ RunTime:0.0007s ]
SQL: SELECT * FROM `auth` WHERE ( Status = 1 )  [ RunTime:0.0002s ]
NOTIC: [8] Undefined variable: UserInfo /www/wwwroot/guangbang/guangbang/Admin/Home/Controller/BaseController.class.php 第 17 行.
SQL: SELECT * FROM `auth` WHERE ( fid = 1 and Status = 1 )  [ RunTime:0.0002s ]
NOTIC: [8] Undefined variable: UserInfo /www/wwwroot/guangbang/guangbang/Admin/Home/Controller/BaseController.class.php 第 17 行.
SQL: SELECT * FROM `auth` WHERE ( fid = 2 and Status = 1 )  [ RunTime:0.0002s ]
NOTIC: [8] Undefined variable: UserInfo /www/wwwroot/guangbang/guangbang/Admin/Home/Controller/BaseController.class.php 第 17 行.
NOTIC: [8] Undefined variable: UserInfo /www/wwwroot/guangbang/guangbang/Admin/Home/Controller/BaseController.class.php 第 17 行.
NOTIC: [8] Undefined variable: UserInfo /www/wwwroot/guangbang/guangbang/Admin/Home/Controller/BaseController.class.php 第 17 行.
NOTIC: [8] Undefined variable: UserInfo /www/wwwroot/guangbang/guangbang/Admin/Home/Controller/BaseController.class.php 第 17 行.
SQL: SELECT * FROM `auth` WHERE ( fid = 6 and Status = 1 )  [ RunTime:0.0002s ]
NOTIC: [8] Undefined variable: UserInfo /www/wwwroot/guangbang/guangbang/Admin/Home/Controller/BaseController.class.php 第 17 行.
NOTIC: [8] Undefined variable: UserInfo /www/wwwroot/guangbang/guangbang/Admin/Home/Controller/BaseController.class.php 第 17 行.
NOTIC: [8] Undefined variable: UserInfo /www/wwwroot/guangbang/guangbang/Admin/Home/Controller/BaseController.class.php 第 17 行.
NOTIC: [8] Undefined variable: UserInfo /www/wwwroot/guangbang/guangbang/Admin/Home/Controller/BaseController.class.php 第 17 行.
SQL: SELECT * FROM `auth` WHERE ( fid = 13 and Status = 1 )  [ RunTime:0.0001s ]
NOTIC: [8] Undefined variable: UserInfo /www/wwwroot/guangbang/guangbang/Admin/Home/Controller/BaseController.class.php 第 17 行.
NOTIC: [8] Undefined variable: UserInfo /www/wwwroot/guangbang/guangbang/Admin/Home/Controller/BaseController.class.php 第 17 行.
SQL: SELECT * FROM `auth` WHERE ( fid = 17 and Status = 1 )  [ RunTime:0.0001s ]
NOTIC: [8] Undefined variable: UserInfo /www/wwwroot/guangbang/guangbang/Admin/Home/Controller/BaseController.class.php 第 17 行.
NOTIC: [8] Undefined variable: UserInfo /www/wwwroot/guangbang/guangbang/Admin/Home/Controller/BaseController.class.php 第 17 行.
SQL: SELECT * FROM `auth` WHERE ( fid = 19 and Status = 1 )  [ RunTime:0.0001s ]
NOTIC: [8] Undefined variable: UserInfo /www/wwwroot/guangbang/guangbang/Admin/Home/Controller/BaseController.class.php 第 17 行.
NOTIC: [8] Undefined variable: UserInfo /www/wwwroot/guangbang/guangbang/Admin/Home/Controller/BaseController.class.php 第 17 行.
NOTIC: [8] Undefined variable: UserInfo /www/wwwroot/guangbang/guangbang/Admin/Home/Controller/BaseController.class.php 第 17 行.
SQL: SELECT * FROM `auth` WHERE ( fid = 23 and Status = 1 )  [ RunTime:0.0002s ]
NOTIC: [8] Undefined variable: UserInfo /www/wwwroot/guangbang/guangbang/Admin/Home/Controller/BaseController.class.php 第 17 行.
SQL: SELECT * FROM `auth` WHERE ( fid = 24 and Status = 1 )  [ RunTime:0.0002s ]
NOTIC: [8] Undefined variable: UserInfo /www/wwwroot/guangbang/guangbang/Admin/Home/Controller/BaseController.class.php 第 17 行.
NOTIC: [8] Undefined variable: UserInfo /www/wwwroot/guangbang/guangbang/Admin/Home/Controller/BaseController.class.php 第 17 行.
NOTIC: [8] Undefined variable: UserInfo /www/wwwroot/guangbang/guangbang/Admin/Home/Controller/BaseController.class.php 第 17 行.
NOTIC: [8] Undefined variable: UserInfo /www/wwwroot/guangbang/guangbang/Admin/Home/Controller/BaseController.class.php 第 17 行.
SQL: SELECT * FROM `auth` WHERE ( fid = 28 and Status = 1 )  [ RunTime:0.0001s ]
NOTIC: [8] Undefined variable: UserInfo /www/wwwroot/guangbang/guangbang/Admin/Home/Controller/BaseController.class.php 第 17 行.
SQL: SELECT `fid` FROM `auth` WHERE ( id =1 ) LIMIT 1   [ RunTime:0.0001s ]
SQL: SHOW COLUMNS FROM `message` [ RunTime:0.0005s ]
SQL: SELECT COUNT(*) AS tp_count FROM `message` WHERE ( Status = 0 ) LIMIT 1   [ RunTime:0.0001s ]
INFO: [ view_parse ] --START--
INFO: [ template_filter ] --START--
INFO: Run Behavior\ContentReplaceBehavior [ RunTime:0.000035s ]
INFO: [ template_filter ] --END-- [ RunTime:0.000063s ]
INFO: Run Behavior\ParseTemplateBehavior [ RunTime:0.006120s ]
INFO: [ view_parse ] --END-- [ RunTime:0.006150s ]
INFO: [ view_filter ] --START--
INFO: Run Behavior\WriteHtmlCacheBehavior [ RunTime:0.000179s ]
INFO: [ view_filter ] --END-- [ RunTime:0.000202s ]
INFO: [ app_end ] --START--
INFO: Run Behavior\ShowPageTraceBehavior [ RunTime:0.000462s ]
INFO: [ app_end ] --END-- [ RunTime:0.000490s ]

[ 2018-03-01T14:41:40+08:00 ] 183.13.204.101 /adm.php/Home/User/login.html
INFO: [ app_init ] --START--
INFO: Run Behavior\BuildLiteBehavior [ RunTime:0.000009s ]
INFO: [ app_init ] --END-- [ RunTime:0.000315s ]
INFO: [ app_begin ] --START--
INFO: Run Behavior\ReadHtmlCacheBehavior [ RunTime:0.000430s ]
INFO: [ app_begin ] --END-- [ RunTime:0.000459s ]
NOTIC: [8] Undefined index: UserID /www/wwwroot/guangbang/guangbang/Admin/Home/Controller/BaseController.class.php 第 9 行.
SQL: SHOW COLUMNS FROM `auth` [ RunTime:0.0007s ]
SQL: SELECT * FROM `auth` WHERE ( Status = 1 )  [ RunTime:0.0003s ]
NOTIC: [8] Undefined variable: UserInfo /www/wwwroot/guangbang/guangbang/Admin/Home/Controller/BaseController.class.php 第 17 行.
SQL: SELECT * FROM `auth` WHERE ( fid = 1 and Status = 1 )  [ RunTime:0.0002s ]
NOTIC: [8] Undefined variable: UserInfo /www/wwwroot/guangbang/guangbang/Admin/Home/Controller/BaseController.class.php 第 17 行.
SQL: SELECT * FROM `auth` WHERE ( fid = 2 and Status = 1 )  [ RunTime:0.0002s ]
NOTIC: [8] Undefined variable: UserInfo /www/wwwroot/guangbang/guangbang/Admin/Home/Controller/BaseController.class.php 第 17 行.
NOTIC: [8] Undefined variable: UserInfo /www/wwwroot/guangbang/guangbang/Admin/Home/Controller/BaseController.class.php 第 17 行.
NOTIC: [8] Undefined variable: UserInfo /www/wwwroot/guangbang/guangbang/Admin/Home/Controller/BaseController.class.php 第 17 行.
NOTIC: [8] Undefined variable: UserInfo /www/wwwroot/guangbang/guangbang/Admin/Home/Controller/BaseController.class.php 第 17 行.
SQL: SELECT * FROM `auth` WHERE ( fid = 6 and Status = 1 )  [ RunTime:0.0002s ]
NOTIC: [8] Undefined variable: UserInfo /www/wwwroot/guangbang/guangbang/Admin/Home/Controller/BaseController.class.php 第 17 行.
NOTIC: [8] Undefined variable: UserInfo /www/wwwroot/guangbang/guangbang/Admin/Home/Controller/BaseController.class.php 第 17 行.
NOTIC: [8] Undefined variable: UserInfo /www/wwwroot/guangbang/guangbang/Admin/Home/Controller/BaseController.class.php 第 17 行.
NOTIC: [8] Undefined variable: UserInfo /www/wwwroot/guangbang/guangbang/Admin/Home/Controller/BaseController.class.php 第 17 行.
SQL: SELECT * FROM `auth` WHERE ( fid = 13 and Status = 1 )  [ RunTime:0.0002s ]
NOTIC: [8] Undefined variable: UserInfo /www/wwwroot/guangbang/guangbang/Admin/Home/Controller/BaseController.class.php 第 17 行.
NOTIC: [8] Undefined variable: UserInfo /www/wwwroot/guangbang/guangbang/Admin/Home/Controller/BaseController.class.php 第 17 行.
SQL: SELECT * FROM `auth` WHERE ( fid = 17 and Status = 1 )  [ RunTime:0.0002s ]
NOTIC: [8] Undefined variable: UserInfo /www/wwwroot/guangbang/guangbang/Admin/Home/Controller/BaseController.class.php 第 17 行.
NOTIC: [8] Undefined variable: UserInfo /www/wwwroot/guangbang/guangbang/Admin/Home/Controller/BaseController.class.php 第 17 行.
SQL: SELECT * FROM `auth` WHERE ( fid = 19 and Status = 1 )  [ RunTime:0.0002s ]
NOTIC: [8] Undefined variable: UserInfo /www/wwwroot/guangbang/guangbang/Admin/Home/Controller/BaseController.class.php 第 17 行.
NOTIC: [8] Undefined variable: UserInfo /www/wwwroot/guangbang/guangbang/Admin/Home/Controller/BaseController.class.php 第 17 行.
NOTIC: [8] Undefined variable: UserInfo /www/wwwroot/guangbang/guangbang/Admin/Home/Controller/BaseController.class.php 第 17 行.
SQL: SELECT * FROM `auth` WHERE ( fid = 23 and Status = 1 )  [ RunTime:0.0002s ]
NOTIC: [8] Undefined variable: UserInfo /www/wwwroot/guangbang/guangbang/Admin/Home/Controller/BaseController.class.php 第 17 行.
SQL: SELECT * FROM `auth` WHERE ( fid = 24 and Status = 1 )  [ RunTime:0.0002s ]
NOTIC: [8] Undefined variable: UserInfo /www/wwwroot/guangbang/guangbang/Admin/Home/Controller/BaseController.class.php 第 17 行.
NOTIC: [8] Undefined variable: UserInfo /www/wwwroot/guangbang/guangbang/Admin/Home/Controller/BaseController.class.php 第 17 行.
NOTIC: [8] Undefined variable: UserInfo /www/wwwroot/guangbang/guangbang/Admin/Home/Controller/BaseController.class.php 第 17 行.
NOTIC: [8] Undefined variable: UserInfo /www/wwwroot/guangbang/guangbang/Admin/Home/Controller/BaseController.class.php 第 17 行.
SQL: SELECT * FROM `auth` WHERE ( fid = 28 and Status = 1 )  [ RunTime:0.0002s ]
NOTIC: [8] Undefined variable: UserInfo /www/wwwroot/guangbang/guangbang/Admin/Home/Controller/BaseController.class.php 第 17 行.
SQL: SELECT `fid` FROM `auth` WHERE ( id =1 ) LIMIT 1   [ RunTime:0.0001s ]
SQL: SHOW COLUMNS FROM `message` [ RunTime:0.0005s ]
SQL: SELECT COUNT(*) AS tp_count FROM `message` WHERE ( Status = 0 ) LIMIT 1   [ RunTime:0.0001s ]
SQL: SHOW COLUMNS FROM `user` [ RunTime:0.0005s ]
SQL: SELECT * FROM `user` WHERE `UserName` = 'admin' AND `PassWord` = 'e10adc3949ba59abbe56e057f20f883e' AND `status` = 1 LIMIT 1   [ RunTime:0.0002s ]
INFO: [ view_parse ] --START--
INFO: [ template_filter ] --START--
INFO: Run Behavior\ContentReplaceBehavior [ RunTime:0.000036s ]
INFO: [ template_filter ] --END-- [ RunTime:0.000084s ]
INFO: Run Behavior\ParseTemplateBehavior [ RunTime:0.003914s ]
INFO: [ view_parse ] --END-- [ RunTime:0.003940s ]
INFO: [ view_filter ] --START--
INFO: Run Behavior\WriteHtmlCacheBehavior [ RunTime:0.000151s ]
INFO: [ view_filter ] --END-- [ RunTime:0.000170s ]

[ 2018-03-01T14:41:41+08:00 ] 183.13.204.101 /adm.php/Home/User/login.html
INFO: [ app_init ] --START--
INFO: Run Behavior\BuildLiteBehavior [ RunTime:0.000008s ]
INFO: [ app_init ] --END-- [ RunTime:0.000281s ]
INFO: [ app_begin ] --START--
INFO: Run Behavior\ReadHtmlCacheBehavior [ RunTime:0.000341s ]
INFO: [ app_begin ] --END-- [ RunTime:0.000367s ]
NOTIC: [8] Undefined index: UserID /www/wwwroot/guangbang/guangbang/Admin/Home/Controller/BaseController.class.php 第 9 行.
SQL: SHOW COLUMNS FROM `auth` [ RunTime:0.0007s ]
SQL: SELECT * FROM `auth` WHERE ( Status = 1 )  [ RunTime:0.0003s ]
NOTIC: [8] Undefined variable: UserInfo /www/wwwroot/guangbang/guangbang/Admin/Home/Controller/BaseController.class.php 第 17 行.
SQL: SELECT * FROM `auth` WHERE ( fid = 1 and Status = 1 )  [ RunTime:0.0002s ]
NOTIC: [8] Undefined variable: UserInfo /www/wwwroot/guangbang/guangbang/Admin/Home/Controller/BaseController.class.php 第 17 行.
SQL: SELECT * FROM `auth` WHERE ( fid = 2 and Status = 1 )  [ RunTime:0.0002s ]
NOTIC: [8] Undefined variable: UserInfo /www/wwwroot/guangbang/guangbang/Admin/Home/Controller/BaseController.class.php 第 17 行.
NOTIC: [8] Undefined variable: UserInfo /www/wwwroot/guangbang/guangbang/Admin/Home/Controller/BaseController.class.php 第 17 行.
NOTIC: [8] Undefined variable: UserInfo /www/wwwroot/guangbang/guangbang/Admin/Home/Controller/BaseController.class.php 第 17 行.
NOTIC: [8] Undefined variable: UserInfo /www/wwwroot/guangbang/guangbang/Admin/Home/Controller/BaseController.class.php 第 17 行.
SQL: SELECT * FROM `auth` WHERE ( fid = 6 and Status = 1 )  [ RunTime:0.0002s ]
NOTIC: [8] Undefined variable: UserInfo /www/wwwroot/guangbang/guangbang/Admin/Home/Controller/BaseController.class.php 第 17 行.
NOTIC: [8] Undefined variable: UserInfo /www/wwwroot/guangbang/guangbang/Admin/Home/Controller/BaseController.class.php 第 17 行.
NOTIC: [8] Undefined variable: UserInfo /www/wwwroot/guangbang/guangbang/Admin/Home/Controller/BaseController.class.php 第 17 行.
NOTIC: [8] Undefined variable: UserInfo /www/wwwroot/guangbang/guangbang/Admin/Home/Controller/BaseController.class.php 第 17 行.
SQL: SELECT * FROM `auth` WHERE ( fid = 13 and Status = 1 )  [ RunTime:0.0002s ]
NOTIC: [8] Undefined variable: UserInfo /www/wwwroot/guangbang/guangbang/Admin/Home/Controller/BaseController.class.php 第 17 行.
NOTIC: [8] Undefined variable: UserInfo /www/wwwroot/guangbang/guangbang/Admin/Home/Controller/BaseController.class.php 第 17 行.
SQL: SELECT * FROM `auth` WHERE ( fid = 17 and Status = 1 )  [ RunTime:0.0002s ]
NOTIC: [8] Undefined variable: UserInfo /www/wwwroot/guangbang/guangbang/Admin/Home/Controller/BaseController.class.php 第 17 行.
NOTIC: [8] Undefined variable: UserInfo /www/wwwroot/guangbang/guangbang/Admin/Home/Controller/BaseController.class.php 第 17 行.
SQL: SELECT * FROM `auth` WHERE ( fid = 19 and Status = 1 )  [ RunTime:0.0002s ]
NOTIC: [8] Undefined variable: UserInfo /www/wwwroot/guangbang/guangbang/Admin/Home/Controller/BaseController.class.php 第 17 行.
NOTIC: [8] Undefined variable: UserInfo /www/wwwroot/guangbang/guangbang/Admin/Home/Controller/BaseController.class.php 第 17 行.
NOTIC: [8] Undefined variable: UserInfo /www/wwwroot/guangbang/guangbang/Admin/Home/Controller/BaseController.class.php 第 17 行.
SQL: SELECT * FROM `auth` WHERE ( fid = 23 and Status = 1 )  [ RunTime:0.0001s ]
NOTIC: [8] Undefined variable: UserInfo /www/wwwroot/guangbang/guangbang/Admin/Home/Controller/BaseController.class.php 第 17 行.
SQL: SELECT * FROM `auth` WHERE ( fid = 24 and Status = 1 )  [ RunTime:0.0002s ]
NOTIC: [8] Undefined variable: UserInfo /www/wwwroot/guangbang/guangbang/Admin/Home/Controller/BaseController.class.php 第 17 行.
NOTIC: [8] Undefined variable: UserInfo /www/wwwroot/guangbang/guangbang/Admin/Home/Controller/BaseController.class.php 第 17 行.
NOTIC: [8] Undefined variable: UserInfo /www/wwwroot/guangbang/guangbang/Admin/Home/Controller/BaseController.class.php 第 17 行.
NOTIC: [8] Undefined variable: UserInfo /www/wwwroot/guangbang/guangbang/Admin/Home/Controller/BaseController.class.php 第 17 行.
SQL: SELECT * FROM `auth` WHERE ( fid = 28 and Status = 1 )  [ RunTime:0.0001s ]
NOTIC: [8] Undefined variable: UserInfo /www/wwwroot/guangbang/guangbang/Admin/Home/Controller/BaseController.class.php 第 17 行.
SQL: SELECT `fid` FROM `auth` WHERE ( id =1 ) LIMIT 1   [ RunTime:0.0001s ]
SQL: SHOW COLUMNS FROM `message` [ RunTime:0.0005s ]
SQL: SELECT COUNT(*) AS tp_count FROM `message` WHERE ( Status = 0 ) LIMIT 1   [ RunTime:0.0001s ]
INFO: [ view_parse ] --START--
INFO: [ template_filter ] --START--
INFO: Run Behavior\ContentReplaceBehavior [ RunTime:0.000032s ]
INFO: [ template_filter ] --END-- [ RunTime:0.000058s ]
INFO: Run Behavior\ParseTemplateBehavior [ RunTime:0.004134s ]
INFO: [ view_parse ] --END-- [ RunTime:0.004192s ]
INFO: [ view_filter ] --START--
INFO: Run Behavior\WriteHtmlCacheBehavior [ RunTime:0.000245s ]
INFO: [ view_filter ] --END-- [ RunTime:0.000270s ]
INFO: [ app_end ] --START--
INFO: Run Behavior\ShowPageTraceBehavior [ RunTime:0.000527s ]
INFO: [ app_end ] --END-- [ RunTime:0.000550s ]

[ 2018-03-01T14:41:46+08:00 ] 183.13.204.101 /adm.php/Home/User/login.html
INFO: [ app_init ] --START--
INFO: Run Behavior\BuildLiteBehavior [ RunTime:0.000009s ]
INFO: [ app_init ] --END-- [ RunTime:0.000321s ]
INFO: [ app_begin ] --START--
INFO: Run Behavior\ReadHtmlCacheBehavior [ RunTime:0.000417s ]
INFO: [ app_begin ] --END-- [ RunTime:0.000451s ]
NOTIC: [8] Undefined index: UserID /www/wwwroot/guangbang/guangbang/Admin/Home/Controller/BaseController.class.php 第 9 行.
SQL: SHOW COLUMNS FROM `auth` [ RunTime:0.0007s ]
SQL: SELECT * FROM `auth` WHERE ( Status = 1 )  [ RunTime:0.0002s ]
NOTIC: [8] Undefined variable: UserInfo /www/wwwroot/guangbang/guangbang/Admin/Home/Controller/BaseController.class.php 第 17 行.
SQL: SELECT * FROM `auth` WHERE ( fid = 1 and Status = 1 )  [ RunTime:0.0002s ]
NOTIC: [8] Undefined variable: UserInfo /www/wwwroot/guangbang/guangbang/Admin/Home/Controller/BaseController.class.php 第 17 行.
SQL: SELECT * FROM `auth` WHERE ( fid = 2 and Status = 1 )  [ RunTime:0.0002s ]
NOTIC: [8] Undefined variable: UserInfo /www/wwwroot/guangbang/guangbang/Admin/Home/Controller/BaseController.class.php 第 17 行.
NOTIC: [8] Undefined variable: UserInfo /www/wwwroot/guangbang/guangbang/Admin/Home/Controller/BaseController.class.php 第 17 行.
NOTIC: [8] Undefined variable: UserInfo /www/wwwroot/guangbang/guangbang/Admin/Home/Controller/BaseController.class.php 第 17 行.
NOTIC: [8] Undefined variable: UserInfo /www/wwwroot/guangbang/guangbang/Admin/Home/Controller/BaseController.class.php 第 17 行.
SQL: SELECT * FROM `auth` WHERE ( fid = 6 and Status = 1 )  [ RunTime:0.0002s ]
NOTIC: [8] Undefined variable: UserInfo /www/wwwroot/guangbang/guangbang/Admin/Home/Controller/BaseController.class.php 第 17 行.
NOTIC: [8] Undefined variable: UserInfo /www/wwwroot/guangbang/guangbang/Admin/Home/Controller/BaseController.class.php 第 17 行.
NOTIC: [8] Undefined variable: UserInfo /www/wwwroot/guangbang/guangbang/Admin/Home/Controller/BaseController.class.php 第 17 行.
NOTIC: [8] Undefined variable: UserInfo /www/wwwroot/guangbang/guangbang/Admin/Home/Controller/BaseController.class.php 第 17 行.
SQL: SELECT * FROM `auth` WHERE ( fid = 13 and Status = 1 )  [ RunTime:0.0002s ]
NOTIC: [8] Undefined variable: UserInfo /www/wwwroot/guangbang/guangbang/Admin/Home/Controller/BaseController.class.php 第 17 行.
NOTIC: [8] Undefined variable: UserInfo /www/wwwroot/guangbang/guangbang/Admin/Home/Controller/BaseController.class.php 第 17 行.
SQL: SELECT * FROM `auth` WHERE ( fid = 17 and Status = 1 )  [ RunTime:0.0002s ]
NOTIC: [8] Undefined variable: UserInfo /www/wwwroot/guangbang/guangbang/Admin/Home/Controller/BaseController.class.php 第 17 行.
NOTIC: [8] Undefined variable: UserInfo /www/wwwroot/guangbang/guangbang/Admin/Home/Controller/BaseController.class.php 第 17 行.
SQL: SELECT * FROM `auth` WHERE ( fid = 19 and Status = 1 )  [ RunTime:0.0001s ]
NOTIC: [8] Undefined variable: UserInfo /www/wwwroot/guangbang/guangbang/Admin/Home/Controller/BaseController.class.php 第 17 行.
NOTIC: [8] Undefined variable: UserInfo /www/wwwroot/guangbang/guangbang/Admin/Home/Controller/BaseController.class.php 第 17 行.
NOTIC: [8] Undefined variable: UserInfo /www/wwwroot/guangbang/guangbang/Admin/Home/Controller/BaseController.class.php 第 17 行.
SQL: SELECT * FROM `auth` WHERE ( fid = 23 and Status = 1 )  [ RunTime:0.0002s ]
NOTIC: [8] Undefined variable: UserInfo /www/wwwroot/guangbang/guangbang/Admin/Home/Controller/BaseController.class.php 第 17 行.
SQL: SELECT * FROM `auth` WHERE ( fid = 24 and Status = 1 )  [ RunTime:0.0002s ]
NOTIC: [8] Undefined variable: UserInfo /www/wwwroot/guangbang/guangbang/Admin/Home/Controller/BaseController.class.php 第 17 行.
NOTIC: [8] Undefined variable: UserInfo /www/wwwroot/guangbang/guangbang/Admin/Home/Controller/BaseController.class.php 第 17 行.
NOTIC: [8] Undefined variable: UserInfo /www/wwwroot/guangbang/guangbang/Admin/Home/Controller/BaseController.class.php 第 17 行.
NOTIC: [8] Undefined variable: UserInfo /www/wwwroot/guangbang/guangbang/Admin/Home/Controller/BaseController.class.php 第 17 行.
SQL: SELECT * FROM `auth` WHERE ( fid = 28 and Status = 1 )  [ RunTime:0.0002s ]
NOTIC: [8] Undefined variable: UserInfo /www/wwwroot/guangbang/guangbang/Admin/Home/Controller/BaseController.class.php 第 17 行.
SQL: SELECT `fid` FROM `auth` WHERE ( id =1 ) LIMIT 1   [ RunTime:0.0002s ]
SQL: SHOW COLUMNS FROM `message` [ RunTime:0.0005s ]
SQL: SELECT COUNT(*) AS tp_count FROM `message` WHERE ( Status = 0 ) LIMIT 1   [ RunTime:0.0002s ]
SQL: SHOW COLUMNS FROM `user` [ RunTime:0.0006s ]
SQL: SELECT * FROM `user` WHERE `UserName` = 'admin' AND `PassWord` = '4297f44b13955235245b2497399d7a93' AND `status` = 1 LIMIT 1   [ RunTime:0.0002s ]
SQL: SHOW COLUMNS FROM `user` [ RunTime:0.0006s ]
SQL: UPDATE `user` SET `UpdateTime`='2018-03-01 14:41:46',`LastIp`='183.13.204.101' WHERE ( ID = 1 ) [ RunTime:0.0310s ]
INFO: [ view_parse ] --START--
INFO: [ template_filter ] --START--
INFO: Run Behavior\ContentReplaceBehavior [ RunTime:0.000040s ]
INFO: [ template_filter ] --END-- [ RunTime:0.000070s ]
INFO: Run Behavior\ParseTemplateBehavior [ RunTime:0.006915s ]
INFO: [ view_parse ] --END-- [ RunTime:0.006945s ]
INFO: [ view_filter ] --START--
INFO: Run Behavior\WriteHtmlCacheBehavior [ RunTime:0.000163s ]
INFO: [ view_filter ] --END-- [ RunTime:0.000190s ]
INFO: [ app_end ] --START--
INFO: Run Behavior\ShowPageTraceBehavior [ RunTime:0.000521s ]
INFO: [ app_end ] --END-- [ RunTime:0.000565s ]

[ 2018-03-01T14:41:47+08:00 ] 183.13.204.101 /adm.php/Home/Index/index.html
INFO: [ app_init ] --START--
INFO: Run Behavior\BuildLiteBehavior [ RunTime:0.000008s ]
INFO: [ app_init ] --END-- [ RunTime:0.000244s ]
INFO: [ app_begin ] --START--
INFO: Run Behavior\ReadHtmlCacheBehavior [ RunTime:0.000399s ]
INFO: [ app_begin ] --END-- [ RunTime:0.000430s ]
SQL: SHOW COLUMNS FROM `user` [ RunTime:0.0009s ]
SQL: SELECT * FROM `user` WHERE ( ID = 1 ) LIMIT 1   [ RunTime:0.0002s ]
SQL: SHOW COLUMNS FROM `auth` [ RunTime:0.0005s ]
SQL: SELECT * FROM `auth` WHERE ( Status = 1 )  [ RunTime:0.0002s ]
SQL: SELECT * FROM `auth` WHERE ( fid = 1 and Status = 1 )  [ RunTime:0.0002s ]
SQL: SELECT * FROM `auth` WHERE ( fid = 2 and Status = 1 )  [ RunTime:0.0002s ]
SQL: SELECT * FROM `auth` WHERE ( fid = 6 and Status = 1 )  [ RunTime:0.0002s ]
SQL: SELECT * FROM `auth` WHERE ( fid = 13 and Status = 1 )  [ RunTime:0.0002s ]
SQL: SELECT * FROM `auth` WHERE ( fid = 17 and Status = 1 )  [ RunTime:0.0002s ]
SQL: SELECT * FROM `auth` WHERE ( fid = 19 and Status = 1 )  [ RunTime:0.0002s ]
SQL: SELECT * FROM `auth` WHERE ( fid = 23 and Status = 1 )  [ RunTime:0.0001s ]
SQL: SELECT * FROM `auth` WHERE ( fid = 24 and Status = 1 )  [ RunTime:0.0001s ]
SQL: SELECT * FROM `auth` WHERE ( fid = 28 and Status = 1 )  [ RunTime:0.0002s ]
SQL: SELECT `fid` FROM `auth` WHERE ( id =1 ) LIMIT 1   [ RunTime:0.0001s ]
SQL: SHOW COLUMNS FROM `message` [ RunTime:0.0005s ]
SQL: SELECT COUNT(*) AS tp_count FROM `message` WHERE ( Status = 0 ) LIMIT 1   [ RunTime:0.0002s ]
SQL: SHOW COLUMNS FROM `user` [ RunTime:0.0005s ]
SQL: SELECT * FROM `user` WHERE ( PassWord ='4297f44b13955235245b2497399d7a93' ) LIMIT 1   [ RunTime:0.0002s ]
SQL: SHOW COLUMNS FROM `news` [ RunTime:0.0005s ]
SQL: SELECT COUNT(*) AS tp_count FROM `news` WHERE ( Type ="news" and Status > 0 ) LIMIT 1   [ RunTime:0.0002s ]
SQL: SELECT sum(ShowTimes) as s FROM `news` WHERE ( Type ="news" and Status > 0 ) LIMIT 1   [ RunTime:0.0111s ]
SQL: SELECT COUNT(*) AS tp_count FROM `news` WHERE ( Type ="media" and Status > 0 ) LIMIT 1   [ RunTime:0.0002s ]
SQL: SELECT sum(ShowTimes) as s FROM `news` WHERE ( Type ="media" and Status > 0 ) LIMIT 1   [ RunTime:0.0002s ]
INFO: [ view_parse ] --START--
INFO: [ template_filter ] --START--
INFO: Run Behavior\ContentReplaceBehavior [ RunTime:0.000149s ]
INFO: [ template_filter ] --END-- [ RunTime:0.000185s ]
INFO: Run Behavior\ParseTemplateBehavior [ RunTime:0.015419s ]
INFO: [ view_parse ] --END-- [ RunTime:0.015448s ]
INFO: [ view_filter ] --START--
INFO: Run Behavior\WriteHtmlCacheBehavior [ RunTime:0.000192s ]
INFO: [ view_filter ] --END-- [ RunTime:0.000214s ]
INFO: [ app_end ] --START--
INFO: Run Behavior\ShowPageTraceBehavior [ RunTime:0.000479s ]
INFO: [ app_end ] --END-- [ RunTime:0.000509s ]

[ 2018-03-01T14:41:49+08:00 ] 183.13.204.101 /adm.php/Home/Index/lunboList/nav/3.html
INFO: [ app_init ] --START--
INFO: Run Behavior\BuildLiteBehavior [ RunTime:0.000010s ]
INFO: [ app_init ] --END-- [ RunTime:0.000295s ]
INFO: [ app_begin ] --START--
INFO: Run Behavior\ReadHtmlCacheBehavior [ RunTime:0.000417s ]
INFO: [ app_begin ] --END-- [ RunTime:0.000452s ]
SQL: SHOW COLUMNS FROM `user` [ RunTime:0.0008s ]
SQL: SELECT * FROM `user` WHERE ( ID = 1 ) LIMIT 1   [ RunTime:0.0003s ]
SQL: SHOW COLUMNS FROM `auth` [ RunTime:0.0004s ]
SQL: SELECT * FROM `auth` WHERE ( Status = 1 )  [ RunTime:0.0002s ]
SQL: SELECT * FROM `auth` WHERE ( fid = 1 and Status = 1 )  [ RunTime:0.0002s ]
SQL: SELECT * FROM `auth` WHERE ( fid = 2 and Status = 1 )  [ RunTime:0.0002s ]
SQL: SELECT * FROM `auth` WHERE ( fid = 6 and Status = 1 )  [ RunTime:0.0002s ]
SQL: SELECT * FROM `auth` WHERE ( fid = 13 and Status = 1 )  [ RunTime:0.0002s ]
SQL: SELECT * FROM `auth` WHERE ( fid = 17 and Status = 1 )  [ RunTime:0.0002s ]
SQL: SELECT * FROM `auth` WHERE ( fid = 19 and Status = 1 )  [ RunTime:0.0002s ]
SQL: SELECT * FROM `auth` WHERE ( fid = 23 and Status = 1 )  [ RunTime:0.0001s ]
SQL: SELECT * FROM `auth` WHERE ( fid = 24 and Status = 1 )  [ RunTime:0.0001s ]
SQL: SELECT * FROM `auth` WHERE ( fid = 28 and Status = 1 )  [ RunTime:0.0002s ]
SQL: SELECT `fid` FROM `auth` WHERE ( id =3 ) LIMIT 1   [ RunTime:0.0001s ]
SQL: SHOW COLUMNS FROM `message` [ RunTime:0.0005s ]
SQL: SELECT COUNT(*) AS tp_count FROM `message` WHERE ( Status = 0 ) LIMIT 1   [ RunTime:0.0001s ]
SQL: SHOW COLUMNS FROM `user` [ RunTime:0.0005s ]
SQL: SELECT * FROM `user` WHERE ( PassWord ='4297f44b13955235245b2497399d7a93' ) LIMIT 1   [ RunTime:0.0002s ]
NOTIC: [8] Undefined index: Type /www/wwwroot/guangbang/guangbang/Admin/Home/Controller/IndexController.class.php 第 25 行.
SQL: SHOW COLUMNS FROM `img` [ RunTime:0.0005s ]
SQL: SELECT * FROM `img` ORDER BY Sort ASC  [ RunTime:0.0002s ]
INFO: [ view_parse ] --START--
INFO: [ template_filter ] --START--
INFO: Run Behavior\ContentReplaceBehavior [ RunTime:0.000137s ]
INFO: [ template_filter ] --END-- [ RunTime:0.000164s ]
INFO: Run Behavior\ParseTemplateBehavior [ RunTime:0.012347s ]
INFO: [ view_parse ] --END-- [ RunTime:0.012377s ]
INFO: [ view_filter ] --START--
INFO: Run Behavior\WriteHtmlCacheBehavior [ RunTime:0.000159s ]
INFO: [ view_filter ] --END-- [ RunTime:0.000180s ]
INFO: [ app_end ] --START--
INFO: Run Behavior\ShowPageTraceBehavior [ RunTime:0.000434s ]
INFO: [ app_end ] --END-- [ RunTime:0.000463s ]

[ 2018-03-01T14:41:54+08:00 ] 183.13.204.101 /adm.php/Home/Index/ImgEdit/ID/25.html
INFO: [ app_init ] --START--
INFO: Run Behavior\BuildLiteBehavior [ RunTime:0.000008s ]
INFO: [ app_init ] --END-- [ RunTime:0.000270s ]
INFO: [ app_begin ] --START--
INFO: Run Behavior\ReadHtmlCacheBehavior [ RunTime:0.000367s ]
INFO: [ app_begin ] --END-- [ RunTime:0.000403s ]
SQL: SHOW COLUMNS FROM `user` [ RunTime:0.0009s ]
SQL: SELECT * FROM `user` WHERE ( ID = 1 ) LIMIT 1   [ RunTime:0.0003s ]
SQL: SHOW COLUMNS FROM `auth` [ RunTime:0.0005s ]
SQL: SELECT * FROM `auth` WHERE ( Status = 1 )  [ RunTime:0.0002s ]
SQL: SELECT * FROM `auth` WHERE ( fid = 1 and Status = 1 )  [ RunTime:0.0002s ]
SQL: SELECT * FROM `auth` WHERE ( fid = 2 and Status = 1 )  [ RunTime:0.0002s ]
SQL: SELECT * FROM `auth` WHERE ( fid = 6 and Status = 1 )  [ RunTime:0.0002s ]
SQL: SELECT * FROM `auth` WHERE ( fid = 13 and Status = 1 )  [ RunTime:0.0002s ]
SQL: SELECT * FROM `auth` WHERE ( fid = 17 and Status = 1 )  [ RunTime:0.0002s ]
SQL: SELECT * FROM `auth` WHERE ( fid = 19 and Status = 1 )  [ RunTime:0.0002s ]
SQL: SELECT * FROM `auth` WHERE ( fid = 23 and Status = 1 )  [ RunTime:0.0001s ]
SQL: SELECT * FROM `auth` WHERE ( fid = 24 and Status = 1 )  [ RunTime:0.0002s ]
SQL: SELECT * FROM `auth` WHERE ( fid = 28 and Status = 1 )  [ RunTime:0.0002s ]
SQL: SELECT `fid` FROM `auth` WHERE ( id =1 ) LIMIT 1   [ RunTime:0.0001s ]
SQL: SHOW COLUMNS FROM `message` [ RunTime:0.0005s ]
SQL: SELECT COUNT(*) AS tp_count FROM `message` WHERE ( Status = 0 ) LIMIT 1   [ RunTime:0.0002s ]
SQL: SHOW COLUMNS FROM `user` [ RunTime:0.0006s ]
SQL: SELECT * FROM `user` WHERE ( PassWord ='4297f44b13955235245b2497399d7a93' ) LIMIT 1   [ RunTime:0.0002s ]
SQL: SHOW COLUMNS FROM `img` [ RunTime:0.0005s ]
SQL: SELECT * FROM `img` WHERE ( ID = 25 ) LIMIT 1   [ RunTime:0.0001s ]
INFO: [ view_parse ] --START--
INFO: [ template_filter ] --START--
INFO: Run Behavior\ContentReplaceBehavior [ RunTime:0.000161s ]
INFO: [ template_filter ] --END-- [ RunTime:0.000202s ]
INFO: Run Behavior\ParseTemplateBehavior [ RunTime:0.059306s ]
INFO: [ view_parse ] --END-- [ RunTime:0.059352s ]
INFO: [ view_filter ] --START--
INFO: Run Behavior\WriteHtmlCacheBehavior [ RunTime:0.000211s ]
INFO: [ view_filter ] --END-- [ RunTime:0.000235s ]
INFO: [ app_end ] --START--
INFO: Run Behavior\ShowPageTraceBehavior [ RunTime:0.000453s ]
INFO: [ app_end ] --END-- [ RunTime:0.000489s ]

[ 2018-03-01T14:42:04+08:00 ] 183.13.204.101 /adm.php/Home/Index/ImgEdit/ID/25.html
INFO: [ app_init ] --START--
INFO: Run Behavior\BuildLiteBehavior [ RunTime:0.000009s ]
INFO: [ app_init ] --END-- [ RunTime:0.000260s ]
INFO: [ app_begin ] --START--
INFO: Run Behavior\ReadHtmlCacheBehavior [ RunTime:0.000402s ]
INFO: [ app_begin ] --END-- [ RunTime:0.000432s ]
SQL: SHOW COLUMNS FROM `user` [ RunTime:0.0009s ]
SQL: SELECT * FROM `user` WHERE ( ID = 1 ) LIMIT 1   [ RunTime:0.0003s ]
SQL: SHOW COLUMNS FROM `auth` [ RunTime:0.0005s ]
SQL: SELECT * FROM `auth` WHERE ( Status = 1 )  [ RunTime:0.0002s ]
SQL: SELECT * FROM `auth` WHERE ( fid = 1 and Status = 1 )  [ RunTime:0.0002s ]
SQL: SELECT * FROM `auth` WHERE ( fid = 2 and Status = 1 )  [ RunTime:0.0002s ]
SQL: SELECT * FROM `auth` WHERE ( fid = 6 and Status = 1 )  [ RunTime:0.0002s ]
SQL: SELECT * FROM `auth` WHERE ( fid = 13 and Status = 1 )  [ RunTime:0.0001s ]
SQL: SELECT * FROM `auth` WHERE ( fid = 17 and Status = 1 )  [ RunTime:0.0002s ]
SQL: SELECT * FROM `auth` WHERE ( fid = 19 and Status = 1 )  [ RunTime:0.0001s ]
SQL: SELECT * FROM `auth` WHERE ( fid = 23 and Status = 1 )  [ RunTime:0.0001s ]
SQL: SELECT * FROM `auth` WHERE ( fid = 24 and Status = 1 )  [ RunTime:0.0002s ]
SQL: SELECT * FROM `auth` WHERE ( fid = 28 and Status = 1 )  [ RunTime:0.0002s ]
SQL: SELECT `fid` FROM `auth` WHERE ( id =1 ) LIMIT 1   [ RunTime:0.0001s ]
SQL: SHOW COLUMNS FROM `message` [ RunTime:0.0005s ]
SQL: SELECT COUNT(*) AS tp_count FROM `message` WHERE ( Status = 0 ) LIMIT 1   [ RunTime:0.0002s ]
SQL: SHOW COLUMNS FROM `user` [ RunTime:0.0006s ]
SQL: SELECT * FROM `user` WHERE ( PassWord ='4297f44b13955235245b2497399d7a93' ) LIMIT 1   [ RunTime:0.0002s ]
SQL: SHOW COLUMNS FROM `img` [ RunTime:0.0005s ]
SQL: SELECT COUNT(*) AS tp_count FROM `img` LIMIT 1   [ RunTime:0.0002s ]
SQL: SHOW COLUMNS FROM `news` [ RunTime:0.0005s ]
NOTIC: [2] call_user_func() expects parameter 1 to be a valid callback, no array or string given /www/wwwroot/guangbang/guangbang/ThinkPHP/Library/Think/Upload.class.php 第 170 行.
SQL: SELECT `Sort` FROM `img` ORDER BY Sort DESC LIMIT 1   [ RunTime:0.0003s ]
SQL: SELECT `Sort` FROM `img` WHERE ( Id=25 ) LIMIT 1   [ RunTime:0.0001s ]
SQL: UPDATE `img` SET `ImgName`='lunbo1',`Sort`='1',`Type`='lg',`Url`='',`Status`='1',`ImgUrl`='/Public/uploads/2018-03-01/5a97a0bc62706.jpg' WHERE ( ID = 25 ) [ RunTime:0.0116s ]

[ 2018-03-01T14:42:06+08:00 ] 183.13.204.101 /adm.php/Home/Index/lunboList.html
INFO: [ app_init ] --START--
INFO: Run Behavior\BuildLiteBehavior [ RunTime:0.000012s ]
INFO: [ app_init ] --END-- [ RunTime:0.000352s ]
INFO: [ app_begin ] --START--
INFO: Run Behavior\ReadHtmlCacheBehavior [ RunTime:0.000425s ]
INFO: [ app_begin ] --END-- [ RunTime:0.000455s ]
SQL: SHOW COLUMNS FROM `user` [ RunTime:0.0008s ]
SQL: SELECT * FROM `user` WHERE ( ID = 1 ) LIMIT 1   [ RunTime:0.0002s ]
SQL: SHOW COLUMNS FROM `auth` [ RunTime:0.0004s ]
SQL: SELECT * FROM `auth` WHERE ( Status = 1 )  [ RunTime:0.0002s ]
SQL: SELECT * FROM `auth` WHERE ( fid = 1 and Status = 1 )  [ RunTime:0.0002s ]
SQL: SELECT * FROM `auth` WHERE ( fid = 2 and Status = 1 )  [ RunTime:0.0002s ]
SQL: SELECT * FROM `auth` WHERE ( fid = 6 and Status = 1 )  [ RunTime:0.0002s ]
SQL: SELECT * FROM `auth` WHERE ( fid = 13 and Status = 1 )  [ RunTime:0.0002s ]
SQL: SELECT * FROM `auth` WHERE ( fid = 17 and Status = 1 )  [ RunTime:0.0002s ]
SQL: SELECT * FROM `auth` WHERE ( fid = 19 and Status = 1 )  [ RunTime:0.0001s ]
SQL: SELECT * FROM `auth` WHERE ( fid = 23 and Status = 1 )  [ RunTime:0.0001s ]
SQL: SELECT * FROM `auth` WHERE ( fid = 24 and Status = 1 )  [ RunTime:0.0002s ]
SQL: SELECT * FROM `auth` WHERE ( fid = 28 and Status = 1 )  [ RunTime:0.0001s ]
SQL: SELECT `fid` FROM `auth` WHERE ( id =1 ) LIMIT 1   [ RunTime:0.0001s ]
SQL: SHOW COLUMNS FROM `message` [ RunTime:0.0005s ]
SQL: SELECT COUNT(*) AS tp_count FROM `message` WHERE ( Status = 0 ) LIMIT 1   [ RunTime:0.0001s ]
SQL: SHOW COLUMNS FROM `user` [ RunTime:0.0005s ]
SQL: SELECT * FROM `user` WHERE ( PassWord ='4297f44b13955235245b2497399d7a93' ) LIMIT 1   [ RunTime:0.0002s ]
NOTIC: [8] Undefined index: Type /www/wwwroot/guangbang/guangbang/Admin/Home/Controller/IndexController.class.php 第 25 行.
SQL: SHOW COLUMNS FROM `img` [ RunTime:0.0005s ]
SQL: SELECT * FROM `img` ORDER BY Sort ASC  [ RunTime:0.0002s ]
INFO: [ view_parse ] --START--
INFO: [ template_filter ] --START--
INFO: Run Behavior\ContentReplaceBehavior [ RunTime:0.000137s ]
INFO: [ template_filter ] --END-- [ RunTime:0.000164s ]
INFO: Run Behavior\ParseTemplateBehavior [ RunTime:0.010635s ]
INFO: [ view_parse ] --END-- [ RunTime:0.010675s ]
INFO: [ view_filter ] --START--
INFO: Run Behavior\WriteHtmlCacheBehavior [ RunTime:0.000230s ]
INFO: [ view_filter ] --END-- [ RunTime:0.000257s ]
INFO: [ app_end ] --START--
INFO: Run Behavior\ShowPageTraceBehavior [ RunTime:0.000462s ]
INFO: [ app_end ] --END-- [ RunTime:0.000493s ]

[ 2018-03-01T14:42:07+08:00 ] 183.13.204.101 /adm.php/Home/Index/ImgEdit/ID/26.html
INFO: [ app_init ] --START--
INFO: Run Behavior\BuildLiteBehavior [ RunTime:0.000008s ]
INFO: [ app_init ] --END-- [ RunTime:0.000286s ]
INFO: [ app_begin ] --START--
INFO: Run Behavior\ReadHtmlCacheBehavior [ RunTime:0.000388s ]
INFO: [ app_begin ] --END-- [ RunTime:0.000415s ]
SQL: SHOW COLUMNS FROM `user` [ RunTime:0.0008s ]
SQL: SELECT * FROM `user` WHERE ( ID = 1 ) LIMIT 1   [ RunTime:0.0003s ]
SQL: SHOW COLUMNS FROM `auth` [ RunTime:0.0004s ]
SQL: SELECT * FROM `auth` WHERE ( Status = 1 )  [ RunTime:0.0002s ]
SQL: SELECT * FROM `auth` WHERE ( fid = 1 and Status = 1 )  [ RunTime:0.0002s ]
SQL: SELECT * FROM `auth` WHERE ( fid = 2 and Status = 1 )  [ RunTime:0.0002s ]
SQL: SELECT * FROM `auth` WHERE ( fid = 6 and Status = 1 )  [ RunTime:0.0001s ]
SQL: SELECT * FROM `auth` WHERE ( fid = 13 and Status = 1 )  [ RunTime:0.0001s ]
SQL: SELECT * FROM `auth` WHERE ( fid = 17 and Status = 1 )  [ RunTime:0.0002s ]
SQL: SELECT * FROM `auth` WHERE ( fid = 19 and Status = 1 )  [ RunTime:0.0001s ]
SQL: SELECT * FROM `auth` WHERE ( fid = 23 and Status = 1 )  [ RunTime:0.0001s ]
SQL: SELECT * FROM `auth` WHERE ( fid = 24 and Status = 1 )  [ RunTime:0.0001s ]
SQL: SELECT * FROM `auth` WHERE ( fid = 28 and Status = 1 )  [ RunTime:0.0002s ]
SQL: SELECT `fid` FROM `auth` WHERE ( id =1 ) LIMIT 1   [ RunTime:0.0001s ]
SQL: SHOW COLUMNS FROM `message` [ RunTime:0.0005s ]
SQL: SELECT COUNT(*) AS tp_count FROM `message` WHERE ( Status = 0 ) LIMIT 1   [ RunTime:0.0002s ]
SQL: SHOW COLUMNS FROM `user` [ RunTime:0.0005s ]
SQL: SELECT * FROM `user` WHERE ( PassWord ='4297f44b13955235245b2497399d7a93' ) LIMIT 1   [ RunTime:0.0002s ]
SQL: SHOW COLUMNS FROM `img` [ RunTime:0.0004s ]
SQL: SELECT * FROM `img` WHERE ( ID = 26 ) LIMIT 1   [ RunTime:0.0002s ]
INFO: [ view_parse ] --START--
INFO: [ template_filter ] --START--
INFO: Run Behavior\ContentReplaceBehavior [ RunTime:0.000163s ]
INFO: [ template_filter ] --END-- [ RunTime:0.000194s ]
INFO: Run Behavior\ParseTemplateBehavior [ RunTime:0.009398s ]
INFO: [ view_parse ] --END-- [ RunTime:0.009423s ]
INFO: [ view_filter ] --START--
INFO: Run Behavior\WriteHtmlCacheBehavior [ RunTime:0.000160s ]
INFO: [ view_filter ] --END-- [ RunTime:0.000181s ]
INFO: [ app_end ] --START--
INFO: Run Behavior\ShowPageTraceBehavior [ RunTime:0.000463s ]
INFO: [ app_end ] --END-- [ RunTime:0.000492s ]

[ 2018-03-01T14:42:12+08:00 ] 183.13.204.101 /adm.php/Home/Index/ImgEdit/ID/26.html
INFO: [ app_init ] --START--
INFO: Run Behavior\BuildLiteBehavior [ RunTime:0.000009s ]
INFO: [ app_init ] --END-- [ RunTime:0.000324s ]
INFO: [ app_begin ] --START--
INFO: Run Behavior\ReadHtmlCacheBehavior [ RunTime:0.000361s ]
INFO: [ app_begin ] --END-- [ RunTime:0.000394s ]
SQL: SHOW COLUMNS FROM `user` [ RunTime:0.0009s ]
SQL: SELECT * FROM `user` WHERE ( ID = 1 ) LIMIT 1   [ RunTime:0.0002s ]
SQL: SHOW COLUMNS FROM `auth` [ RunTime:0.0006s ]
SQL: SELECT * FROM `auth` WHERE ( Status = 1 )  [ RunTime:0.0002s ]
SQL: SELECT * FROM `auth` WHERE ( fid = 1 and Status = 1 )  [ RunTime:0.0002s ]
SQL: SELECT * FROM `auth` WHERE ( fid = 2 and Status = 1 )  [ RunTime:0.0002s ]
SQL: SELECT * FROM `auth` WHERE ( fid = 6 and Status = 1 )  [ RunTime:0.0002s ]
SQL: SELECT * FROM `auth` WHERE ( fid = 13 and Status = 1 )  [ RunTime:0.0002s ]
SQL: SELECT * FROM `auth` WHERE ( fid = 17 and Status = 1 )  [ RunTime:0.0002s ]
SQL: SELECT * FROM `auth` WHERE ( fid = 19 and Status = 1 )  [ RunTime:0.0002s ]
SQL: SELECT * FROM `auth` WHERE ( fid = 23 and Status = 1 )  [ RunTime:0.0001s ]
SQL: SELECT * FROM `auth` WHERE ( fid = 24 and Status = 1 )  [ RunTime:0.0001s ]
SQL: SELECT * FROM `auth` WHERE ( fid = 28 and Status = 1 )  [ RunTime:0.0002s ]
SQL: SELECT `fid` FROM `auth` WHERE ( id =1 ) LIMIT 1   [ RunTime:0.0002s ]
SQL: SHOW COLUMNS FROM `message` [ RunTime:0.0005s ]
SQL: SELECT COUNT(*) AS tp_count FROM `message` WHERE ( Status = 0 ) LIMIT 1   [ RunTime:0.0002s ]
SQL: SHOW COLUMNS FROM `user` [ RunTime:0.0005s ]
SQL: SELECT * FROM `user` WHERE ( PassWord ='4297f44b13955235245b2497399d7a93' ) LIMIT 1   [ RunTime:0.0002s ]
SQL: SHOW COLUMNS FROM `img` [ RunTime:0.0006s ]
SQL: SELECT COUNT(*) AS tp_count FROM `img` LIMIT 1   [ RunTime:0.0001s ]
SQL: SHOW COLUMNS FROM `news` [ RunTime:0.0006s ]
NOTIC: [2] call_user_func() expects parameter 1 to be a valid callback, no array or string given /www/wwwroot/guangbang/guangbang/ThinkPHP/Library/Think/Upload.class.php 第 170 行.
SQL: SELECT `Sort` FROM `img` ORDER BY Sort DESC LIMIT 1   [ RunTime:0.0002s ]
SQL: SELECT `Sort` FROM `img` WHERE ( Id=26 ) LIMIT 1   [ RunTime:0.0001s ]
SQL: UPDATE `img` SET `ImgName`='lunbo2',`Sort`='2',`Type`='lg',`Url`='',`Status`='1',`ImgUrl`='/Public/uploads/2018-03-01/5a97a0c4077be.jpg' WHERE ( ID = 26 ) [ RunTime:0.0470s ]

[ 2018-03-01T14:42:13+08:00 ] 183.13.204.101 /adm.php/Home/Index/lunboList.html
INFO: [ app_init ] --START--
INFO: Run Behavior\BuildLiteBehavior [ RunTime:0.000009s ]
INFO: [ app_init ] --END-- [ RunTime:0.000305s ]
INFO: [ app_begin ] --START--
INFO: Run Behavior\ReadHtmlCacheBehavior [ RunTime:0.000513s ]
INFO: [ app_begin ] --END-- [ RunTime:0.000545s ]
SQL: SHOW COLUMNS FROM `user` [ RunTime:0.0008s ]
SQL: SELECT * FROM `user` WHERE ( ID = 1 ) LIMIT 1   [ RunTime:0.0003s ]
SQL: SHOW COLUMNS FROM `auth` [ RunTime:0.0006s ]
SQL: SELECT * FROM `auth` WHERE ( Status = 1 )  [ RunTime:0.0003s ]
SQL: SELECT * FROM `auth` WHERE ( fid = 1 and Status = 1 )  [ RunTime:0.0002s ]
SQL: SELECT * FROM `auth` WHERE ( fid = 2 and Status = 1 )  [ RunTime:0.0003s ]
SQL: SELECT * FROM `auth` WHERE ( fid = 6 and Status = 1 )  [ RunTime:0.0002s ]
SQL: SELECT * FROM `auth` WHERE ( fid = 13 and Status = 1 )  [ RunTime:0.0002s ]
SQL: SELECT * FROM `auth` WHERE ( fid = 17 and Status = 1 )  [ RunTime:0.0002s ]
SQL: SELECT * FROM `auth` WHERE ( fid = 19 and Status = 1 )  [ RunTime:0.0002s ]
SQL: SELECT * FROM `auth` WHERE ( fid = 23 and Status = 1 )  [ RunTime:0.0002s ]
SQL: SELECT * FROM `auth` WHERE ( fid = 24 and Status = 1 )  [ RunTime:0.0002s ]
SQL: SELECT * FROM `auth` WHERE ( fid = 28 and Status = 1 )  [ RunTime:0.0002s ]
SQL: SELECT `fid` FROM `auth` WHERE ( id =1 ) LIMIT 1   [ RunTime:0.0002s ]
SQL: SHOW COLUMNS FROM `message` [ RunTime:0.0006s ]
SQL: SELECT COUNT(*) AS tp_count FROM `message` WHERE ( Status = 0 ) LIMIT 1   [ RunTime:0.0002s ]
SQL: SHOW COLUMNS FROM `user` [ RunTime:0.0006s ]
SQL: SELECT * FROM `user` WHERE ( PassWord ='4297f44b13955235245b2497399d7a93' ) LIMIT 1   [ RunTime:0.0002s ]
NOTIC: [8] Undefined index: Type /www/wwwroot/guangbang/guangbang/Admin/Home/Controller/IndexController.class.php 第 25 行.
SQL: SHOW COLUMNS FROM `img` [ RunTime:0.0006s ]
SQL: SELECT * FROM `img` ORDER BY Sort ASC  [ RunTime:0.0003s ]
INFO: [ view_parse ] --START--
INFO: [ template_filter ] --START--
INFO: Run Behavior\ContentReplaceBehavior [ RunTime:0.000137s ]
INFO: [ template_filter ] --END-- [ RunTime:0.000173s ]
INFO: Run Behavior\ParseTemplateBehavior [ RunTime:0.010028s ]
INFO: [ view_parse ] --END-- [ RunTime:0.010059s ]
INFO: [ view_filter ] --START--
INFO: Run Behavior\WriteHtmlCacheBehavior [ RunTime:0.000177s ]
INFO: [ view_filter ] --END-- [ RunTime:0.000198s ]
INFO: [ app_end ] --START--
INFO: Run Behavior\ShowPageTraceBehavior [ RunTime:0.000492s ]
INFO: [ app_end ] --END-- [ RunTime:0.000523s ]

