[ 2018-01-25T17:09:51+08:00 ] 183.13.204.168 /adm.php
INFO: [ app_init ] --START--
INFO: Run Behavior\BuildLiteBehavior [ RunTime:0.000010s ]
INFO: [ app_init ] --END-- [ RunTime:0.000289s ]
INFO: [ app_begin ] --START--
INFO: Run Behavior\ReadHtmlCacheBehavior [ RunTime:0.000521s ]
INFO: [ app_begin ] --END-- [ RunTime:0.000588s ]
NOTIC: [8] Undefined index: UserID /www/wwwroot/guangbang/guangbang/Admin/Home/Controller/BaseController.class.php 第 9 行.
SQL: SHOW COLUMNS FROM `auth` [ RunTime:0.0886s ]
SQL: SELECT * FROM `auth` WHERE ( Status = 1 )  [ RunTime:0.0040s ]
NOTIC: [8] Undefined variable: UserInfo /www/wwwroot/guangbang/guangbang/Admin/Home/Controller/BaseController.class.php 第 17 行.
SQL: SELECT * FROM `auth` WHERE ( fid = 1 and Status = 1 )  [ RunTime:0.0004s ]
NOTIC: [8] Undefined variable: UserInfo /www/wwwroot/guangbang/guangbang/Admin/Home/Controller/BaseController.class.php 第 17 行.
SQL: SELECT * FROM `auth` WHERE ( fid = 2 and Status = 1 )  [ RunTime:0.0003s ]
NOTIC: [8] Undefined variable: UserInfo /www/wwwroot/guangbang/guangbang/Admin/Home/Controller/BaseController.class.php 第 17 行.
NOTIC: [8] Undefined variable: UserInfo /www/wwwroot/guangbang/guangbang/Admin/Home/Controller/BaseController.class.php 第 17 行.
NOTIC: [8] Undefined variable: UserInfo /www/wwwroot/guangbang/guangbang/Admin/Home/Controller/BaseController.class.php 第 17 行.
NOTIC: [8] Undefined variable: UserInfo /www/wwwroot/guangbang/guangbang/Admin/Home/Controller/BaseController.class.php 第 17 行.
SQL: SELECT * FROM `auth` WHERE ( fid = 6 and Status = 1 )  [ RunTime:0.0002s ]
NOTIC: [8] Undefined variable: UserInfo /www/wwwroot/guangbang/guangbang/Admin/Home/Controller/BaseController.class.php 第 17 行.
NOTIC: [8] Undefined variable: UserInfo /www/wwwroot/guangbang/guangbang/Admin/Home/Controller/BaseController.class.php 第 17 行.
NOTIC: [8] Undefined variable: UserInfo /www/wwwroot/guangbang/guangbang/Admin/Home/Controller/BaseController.class.php 第 17 行.
NOTIC: [8] Undefined variable: UserInfo /www/wwwroot/guangbang/guangbang/Admin/Home/Controller/BaseController.class.php 第 17 行.
SQL: SELECT * FROM `auth` WHERE ( fid = 13 and Status = 1 )  [ RunTime:0.0002s ]
NOTIC: [8] Undefined variable: UserInfo /www/wwwroot/guangbang/guangbang/Admin/Home/Controller/BaseController.class.php 第 17 行.
NOTIC: [8] Undefined variable: UserInfo /www/wwwroot/guangbang/guangbang/Admin/Home/Controller/BaseController.class.php 第 17 行.
SQL: SELECT * FROM `auth` WHERE ( fid = 17 and Status = 1 )  [ RunTime:0.0002s ]
NOTIC: [8] Undefined variable: UserInfo /www/wwwroot/guangbang/guangbang/Admin/Home/Controller/BaseController.class.php 第 17 行.
NOTIC: [8] Undefined variable: UserInfo /www/wwwroot/guangbang/guangbang/Admin/Home/Controller/BaseController.class.php 第 17 行.
SQL: SELECT * FROM `auth` WHERE ( fid = 19 and Status = 1 )  [ RunTime:0.0002s ]
NOTIC: [8] Undefined variable: UserInfo /www/wwwroot/guangbang/guangbang/Admin/Home/Controller/BaseController.class.php 第 17 行.
NOTIC: [8] Undefined variable: UserInfo /www/wwwroot/guangbang/guangbang/Admin/Home/Controller/BaseController.class.php 第 17 行.
NOTIC: [8] Undefined variable: UserInfo /www/wwwroot/guangbang/guangbang/Admin/Home/Controller/BaseController.class.php 第 17 行.
SQL: SELECT * FROM `auth` WHERE ( fid = 23 and Status = 1 )  [ RunTime:0.0002s ]
NOTIC: [8] Undefined variable: UserInfo /www/wwwroot/guangbang/guangbang/Admin/Home/Controller/BaseController.class.php 第 17 行.
SQL: SELECT * FROM `auth` WHERE ( fid = 24 and Status = 1 )  [ RunTime:0.0002s ]
NOTIC: [8] Undefined variable: UserInfo /www/wwwroot/guangbang/guangbang/Admin/Home/Controller/BaseController.class.php 第 17 行.
NOTIC: [8] Undefined variable: UserInfo /www/wwwroot/guangbang/guangbang/Admin/Home/Controller/BaseController.class.php 第 17 行.
NOTIC: [8] Undefined variable: UserInfo /www/wwwroot/guangbang/guangbang/Admin/Home/Controller/BaseController.class.php 第 17 行.
NOTIC: [8] Undefined variable: UserInfo /www/wwwroot/guangbang/guangbang/Admin/Home/Controller/BaseController.class.php 第 17 行.
SQL: SELECT * FROM `auth` WHERE ( fid = 28 and Status = 1 )  [ RunTime:0.0002s ]
NOTIC: [8] Undefined variable: UserInfo /www/wwwroot/guangbang/guangbang/Admin/Home/Controller/BaseController.class.php 第 17 行.
SQL: SELECT `fid` FROM `auth` WHERE ( id =1 ) LIMIT 1   [ RunTime:0.0002s ]
SQL: SHOW COLUMNS FROM `message` [ RunTime:0.0009s ]
SQL: SELECT COUNT(*) AS tp_count FROM `message` WHERE ( Status = 0 ) LIMIT 1   [ RunTime:0.0509s ]
NOTIC: [8] Undefined index: PassWord /www/wwwroot/guangbang/guangbang/Admin/Home/Controller/BaseController.class.php 第 41 行.
NOTIC: [8] Undefined index: UserID /www/wwwroot/guangbang/guangbang/Admin/Home/Controller/BaseController.class.php 第 42 行.
INFO: [ view_parse ] --START--
INFO: [ template_filter ] --START--
INFO: Run Behavior\ContentReplaceBehavior [ RunTime:0.000055s ]
INFO: [ template_filter ] --END-- [ RunTime:0.000108s ]
INFO: Run Behavior\ParseTemplateBehavior [ RunTime:0.019681s ]
INFO: [ view_parse ] --END-- [ RunTime:0.019740s ]
INFO: [ view_filter ] --START--
INFO: Run Behavior\WriteHtmlCacheBehavior [ RunTime:0.000193s ]
INFO: [ view_filter ] --END-- [ RunTime:0.000214s ]

[ 2018-01-25T17:09:53+08:00 ] 183.13.204.168 /adm.php/Home/User/login.html
INFO: [ app_init ] --START--
INFO: Run Behavior\BuildLiteBehavior [ RunTime:0.000009s ]
INFO: [ app_init ] --END-- [ RunTime:0.000253s ]
INFO: [ app_begin ] --START--
INFO: Run Behavior\ReadHtmlCacheBehavior [ RunTime:0.000361s ]
INFO: [ app_begin ] --END-- [ RunTime:0.000411s ]
NOTIC: [8] Undefined index: UserID /www/wwwroot/guangbang/guangbang/Admin/Home/Controller/BaseController.class.php 第 9 行.
SQL: SHOW COLUMNS FROM `auth` [ RunTime:0.0009s ]
SQL: SELECT * FROM `auth` WHERE ( Status = 1 )  [ RunTime:0.0003s ]
NOTIC: [8] Undefined variable: UserInfo /www/wwwroot/guangbang/guangbang/Admin/Home/Controller/BaseController.class.php 第 17 行.
SQL: SELECT * FROM `auth` WHERE ( fid = 1 and Status = 1 )  [ RunTime:0.0002s ]
NOTIC: [8] Undefined variable: UserInfo /www/wwwroot/guangbang/guangbang/Admin/Home/Controller/BaseController.class.php 第 17 行.
SQL: SELECT * FROM `auth` WHERE ( fid = 2 and Status = 1 )  [ RunTime:0.0002s ]
NOTIC: [8] Undefined variable: UserInfo /www/wwwroot/guangbang/guangbang/Admin/Home/Controller/BaseController.class.php 第 17 行.
NOTIC: [8] Undefined variable: UserInfo /www/wwwroot/guangbang/guangbang/Admin/Home/Controller/BaseController.class.php 第 17 行.
NOTIC: [8] Undefined variable: UserInfo /www/wwwroot/guangbang/guangbang/Admin/Home/Controller/BaseController.class.php 第 17 行.
NOTIC: [8] Undefined variable: UserInfo /www/wwwroot/guangbang/guangbang/Admin/Home/Controller/BaseController.class.php 第 17 行.
SQL: SELECT * FROM `auth` WHERE ( fid = 6 and Status = 1 )  [ RunTime:0.0002s ]
NOTIC: [8] Undefined variable: UserInfo /www/wwwroot/guangbang/guangbang/Admin/Home/Controller/BaseController.class.php 第 17 行.
NOTIC: [8] Undefined variable: UserInfo /www/wwwroot/guangbang/guangbang/Admin/Home/Controller/BaseController.class.php 第 17 行.
NOTIC: [8] Undefined variable: UserInfo /www/wwwroot/guangbang/guangbang/Admin/Home/Controller/BaseController.class.php 第 17 行.
NOTIC: [8] Undefined variable: UserInfo /www/wwwroot/guangbang/guangbang/Admin/Home/Controller/BaseController.class.php 第 17 行.
SQL: SELECT * FROM `auth` WHERE ( fid = 13 and Status = 1 )  [ RunTime:0.0002s ]
NOTIC: [8] Undefined variable: UserInfo /www/wwwroot/guangbang/guangbang/Admin/Home/Controller/BaseController.class.php 第 17 行.
NOTIC: [8] Undefined variable: UserInfo /www/wwwroot/guangbang/guangbang/Admin/Home/Controller/BaseController.class.php 第 17 行.
SQL: SELECT * FROM `auth` WHERE ( fid = 17 and Status = 1 )  [ RunTime:0.0002s ]
NOTIC: [8] Undefined variable: UserInfo /www/wwwroot/guangbang/guangbang/Admin/Home/Controller/BaseController.class.php 第 17 行.
NOTIC: [8] Undefined variable: UserInfo /www/wwwroot/guangbang/guangbang/Admin/Home/Controller/BaseController.class.php 第 17 行.
SQL: SELECT * FROM `auth` WHERE ( fid = 19 and Status = 1 )  [ RunTime:0.0002s ]
NOTIC: [8] Undefined variable: UserInfo /www/wwwroot/guangbang/guangbang/Admin/Home/Controller/BaseController.class.php 第 17 行.
NOTIC: [8] Undefined variable: UserInfo /www/wwwroot/guangbang/guangbang/Admin/Home/Controller/BaseController.class.php 第 17 行.
NOTIC: [8] Undefined variable: UserInfo /www/wwwroot/guangbang/guangbang/Admin/Home/Controller/BaseController.class.php 第 17 行.
SQL: SELECT * FROM `auth` WHERE ( fid = 23 and Status = 1 )  [ RunTime:0.0001s ]
NOTIC: [8] Undefined variable: UserInfo /www/wwwroot/guangbang/guangbang/Admin/Home/Controller/BaseController.class.php 第 17 行.
SQL: SELECT * FROM `auth` WHERE ( fid = 24 and Status = 1 )  [ RunTime:0.0002s ]
NOTIC: [8] Undefined variable: UserInfo /www/wwwroot/guangbang/guangbang/Admin/Home/Controller/BaseController.class.php 第 17 行.
NOTIC: [8] Undefined variable: UserInfo /www/wwwroot/guangbang/guangbang/Admin/Home/Controller/BaseController.class.php 第 17 行.
NOTIC: [8] Undefined variable: UserInfo /www/wwwroot/guangbang/guangbang/Admin/Home/Controller/BaseController.class.php 第 17 行.
NOTIC: [8] Undefined variable: UserInfo /www/wwwroot/guangbang/guangbang/Admin/Home/Controller/BaseController.class.php 第 17 行.
SQL: SELECT * FROM `auth` WHERE ( fid = 28 and Status = 1 )  [ RunTime:0.0002s ]
NOTIC: [8] Undefined variable: UserInfo /www/wwwroot/guangbang/guangbang/Admin/Home/Controller/BaseController.class.php 第 17 行.
SQL: SELECT `fid` FROM `auth` WHERE ( id =1 ) LIMIT 1   [ RunTime:0.0001s ]
SQL: SHOW COLUMNS FROM `message` [ RunTime:0.0006s ]
SQL: SELECT COUNT(*) AS tp_count FROM `message` WHERE ( Status = 0 ) LIMIT 1   [ RunTime:0.0001s ]
INFO: [ view_parse ] --START--
INFO: [ template_filter ] --START--
INFO: Run Behavior\ContentReplaceBehavior [ RunTime:0.000038s ]
INFO: [ template_filter ] --END-- [ RunTime:0.000081s ]
INFO: Run Behavior\ParseTemplateBehavior [ RunTime:0.008411s ]
INFO: [ view_parse ] --END-- [ RunTime:0.008467s ]
INFO: [ view_filter ] --START--
INFO: Run Behavior\WriteHtmlCacheBehavior [ RunTime:0.000201s ]
INFO: [ view_filter ] --END-- [ RunTime:0.000226s ]
INFO: [ app_end ] --START--
INFO: Run Behavior\ShowPageTraceBehavior [ RunTime:0.000459s ]
INFO: [ app_end ] --END-- [ RunTime:0.000486s ]

[ 2018-01-25T17:09:59+08:00 ] 183.13.204.168 /adm.php/Home/User/login.html
INFO: [ app_init ] --START--
INFO: Run Behavior\BuildLiteBehavior [ RunTime:0.000009s ]
INFO: [ app_init ] --END-- [ RunTime:0.000293s ]
INFO: [ app_begin ] --START--
INFO: Run Behavior\ReadHtmlCacheBehavior [ RunTime:0.000460s ]
INFO: [ app_begin ] --END-- [ RunTime:0.000491s ]
NOTIC: [8] Undefined index: UserID /www/wwwroot/guangbang/guangbang/Admin/Home/Controller/BaseController.class.php 第 9 行.
SQL: SHOW COLUMNS FROM `auth` [ RunTime:0.0009s ]
SQL: SELECT * FROM `auth` WHERE ( Status = 1 )  [ RunTime:0.0004s ]
NOTIC: [8] Undefined variable: UserInfo /www/wwwroot/guangbang/guangbang/Admin/Home/Controller/BaseController.class.php 第 17 行.
SQL: SELECT * FROM `auth` WHERE ( fid = 1 and Status = 1 )  [ RunTime:0.0003s ]
NOTIC: [8] Undefined variable: UserInfo /www/wwwroot/guangbang/guangbang/Admin/Home/Controller/BaseController.class.php 第 17 行.
SQL: SELECT * FROM `auth` WHERE ( fid = 2 and Status = 1 )  [ RunTime:0.0002s ]
NOTIC: [8] Undefined variable: UserInfo /www/wwwroot/guangbang/guangbang/Admin/Home/Controller/BaseController.class.php 第 17 行.
NOTIC: [8] Undefined variable: UserInfo /www/wwwroot/guangbang/guangbang/Admin/Home/Controller/BaseController.class.php 第 17 行.
NOTIC: [8] Undefined variable: UserInfo /www/wwwroot/guangbang/guangbang/Admin/Home/Controller/BaseController.class.php 第 17 行.
NOTIC: [8] Undefined variable: UserInfo /www/wwwroot/guangbang/guangbang/Admin/Home/Controller/BaseController.class.php 第 17 行.
SQL: SELECT * FROM `auth` WHERE ( fid = 6 and Status = 1 )  [ RunTime:0.0002s ]
NOTIC: [8] Undefined variable: UserInfo /www/wwwroot/guangbang/guangbang/Admin/Home/Controller/BaseController.class.php 第 17 行.
NOTIC: [8] Undefined variable: UserInfo /www/wwwroot/guangbang/guangbang/Admin/Home/Controller/BaseController.class.php 第 17 行.
NOTIC: [8] Undefined variable: UserInfo /www/wwwroot/guangbang/guangbang/Admin/Home/Controller/BaseController.class.php 第 17 行.
NOTIC: [8] Undefined variable: UserInfo /www/wwwroot/guangbang/guangbang/Admin/Home/Controller/BaseController.class.php 第 17 行.
SQL: SELECT * FROM `auth` WHERE ( fid = 13 and Status = 1 )  [ RunTime:0.0002s ]
NOTIC: [8] Undefined variable: UserInfo /www/wwwroot/guangbang/guangbang/Admin/Home/Controller/BaseController.class.php 第 17 行.
NOTIC: [8] Undefined variable: UserInfo /www/wwwroot/guangbang/guangbang/Admin/Home/Controller/BaseController.class.php 第 17 行.
SQL: SELECT * FROM `auth` WHERE ( fid = 17 and Status = 1 )  [ RunTime:0.0002s ]
NOTIC: [8] Undefined variable: UserInfo /www/wwwroot/guangbang/guangbang/Admin/Home/Controller/BaseController.class.php 第 17 行.
NOTIC: [8] Undefined variable: UserInfo /www/wwwroot/guangbang/guangbang/Admin/Home/Controller/BaseController.class.php 第 17 行.
SQL: SELECT * FROM `auth` WHERE ( fid = 19 and Status = 1 )  [ RunTime:0.0002s ]
NOTIC: [8] Undefined variable: UserInfo /www/wwwroot/guangbang/guangbang/Admin/Home/Controller/BaseController.class.php 第 17 行.
NOTIC: [8] Undefined variable: UserInfo /www/wwwroot/guangbang/guangbang/Admin/Home/Controller/BaseController.class.php 第 17 行.
NOTIC: [8] Undefined variable: UserInfo /www/wwwroot/guangbang/guangbang/Admin/Home/Controller/BaseController.class.php 第 17 行.
SQL: SELECT * FROM `auth` WHERE ( fid = 23 and Status = 1 )  [ RunTime:0.0002s ]
NOTIC: [8] Undefined variable: UserInfo /www/wwwroot/guangbang/guangbang/Admin/Home/Controller/BaseController.class.php 第 17 行.
SQL: SELECT * FROM `auth` WHERE ( fid = 24 and Status = 1 )  [ RunTime:0.0002s ]
NOTIC: [8] Undefined variable: UserInfo /www/wwwroot/guangbang/guangbang/Admin/Home/Controller/BaseController.class.php 第 17 行.
NOTIC: [8] Undefined variable: UserInfo /www/wwwroot/guangbang/guangbang/Admin/Home/Controller/BaseController.class.php 第 17 行.
NOTIC: [8] Undefined variable: UserInfo /www/wwwroot/guangbang/guangbang/Admin/Home/Controller/BaseController.class.php 第 17 行.
NOTIC: [8] Undefined variable: UserInfo /www/wwwroot/guangbang/guangbang/Admin/Home/Controller/BaseController.class.php 第 17 行.
SQL: SELECT * FROM `auth` WHERE ( fid = 28 and Status = 1 )  [ RunTime:0.0003s ]
NOTIC: [8] Undefined variable: UserInfo /www/wwwroot/guangbang/guangbang/Admin/Home/Controller/BaseController.class.php 第 17 行.
SQL: SELECT `fid` FROM `auth` WHERE ( id =1 ) LIMIT 1   [ RunTime:0.0002s ]
SQL: SHOW COLUMNS FROM `message` [ RunTime:0.0007s ]
SQL: SELECT COUNT(*) AS tp_count FROM `message` WHERE ( Status = 0 ) LIMIT 1   [ RunTime:0.0002s ]
SQL: SHOW COLUMNS FROM `user` [ RunTime:0.0012s ]
SQL: SELECT * FROM `user` WHERE `UserName` = 'admin' AND `PassWord` = 'e10adc3949ba59abbe56e057f20f883e' AND `status` = 1 LIMIT 1   [ RunTime:0.0047s ]
INFO: [ view_parse ] --START--
INFO: [ template_filter ] --START--
INFO: Run Behavior\ContentReplaceBehavior [ RunTime:0.000039s ]
INFO: [ template_filter ] --END-- [ RunTime:0.000069s ]
INFO: Run Behavior\ParseTemplateBehavior [ RunTime:0.004719s ]
INFO: [ view_parse ] --END-- [ RunTime:0.004752s ]
INFO: [ view_filter ] --START--
INFO: Run Behavior\WriteHtmlCacheBehavior [ RunTime:0.000168s ]
INFO: [ view_filter ] --END-- [ RunTime:0.000188s ]

[ 2018-01-25T17:10:01+08:00 ] 183.13.204.168 /adm.php/Home/User/login.html
INFO: [ app_init ] --START--
INFO: Run Behavior\BuildLiteBehavior [ RunTime:0.000009s ]
INFO: [ app_init ] --END-- [ RunTime:0.000263s ]
INFO: [ app_begin ] --START--
INFO: Run Behavior\ReadHtmlCacheBehavior [ RunTime:0.000348s ]
INFO: [ app_begin ] --END-- [ RunTime:0.000376s ]
NOTIC: [8] Undefined index: UserID /www/wwwroot/guangbang/guangbang/Admin/Home/Controller/BaseController.class.php 第 9 行.
SQL: SHOW COLUMNS FROM `auth` [ RunTime:0.0010s ]
SQL: SELECT * FROM `auth` WHERE ( Status = 1 )  [ RunTime:0.0003s ]
NOTIC: [8] Undefined variable: UserInfo /www/wwwroot/guangbang/guangbang/Admin/Home/Controller/BaseController.class.php 第 17 行.
SQL: SELECT * FROM `auth` WHERE ( fid = 1 and Status = 1 )  [ RunTime:0.0002s ]
NOTIC: [8] Undefined variable: UserInfo /www/wwwroot/guangbang/guangbang/Admin/Home/Controller/BaseController.class.php 第 17 行.
SQL: SELECT * FROM `auth` WHERE ( fid = 2 and Status = 1 )  [ RunTime:0.0002s ]
NOTIC: [8] Undefined variable: UserInfo /www/wwwroot/guangbang/guangbang/Admin/Home/Controller/BaseController.class.php 第 17 行.
NOTIC: [8] Undefined variable: UserInfo /www/wwwroot/guangbang/guangbang/Admin/Home/Controller/BaseController.class.php 第 17 行.
NOTIC: [8] Undefined variable: UserInfo /www/wwwroot/guangbang/guangbang/Admin/Home/Controller/BaseController.class.php 第 17 行.
NOTIC: [8] Undefined variable: UserInfo /www/wwwroot/guangbang/guangbang/Admin/Home/Controller/BaseController.class.php 第 17 行.
SQL: SELECT * FROM `auth` WHERE ( fid = 6 and Status = 1 )  [ RunTime:0.0003s ]
NOTIC: [8] Undefined variable: UserInfo /www/wwwroot/guangbang/guangbang/Admin/Home/Controller/BaseController.class.php 第 17 行.
NOTIC: [8] Undefined variable: UserInfo /www/wwwroot/guangbang/guangbang/Admin/Home/Controller/BaseController.class.php 第 17 行.
NOTIC: [8] Undefined variable: UserInfo /www/wwwroot/guangbang/guangbang/Admin/Home/Controller/BaseController.class.php 第 17 行.
NOTIC: [8] Undefined variable: UserInfo /www/wwwroot/guangbang/guangbang/Admin/Home/Controller/BaseController.class.php 第 17 行.
SQL: SELECT * FROM `auth` WHERE ( fid = 13 and Status = 1 )  [ RunTime:0.0002s ]
NOTIC: [8] Undefined variable: UserInfo /www/wwwroot/guangbang/guangbang/Admin/Home/Controller/BaseController.class.php 第 17 行.
NOTIC: [8] Undefined variable: UserInfo /www/wwwroot/guangbang/guangbang/Admin/Home/Controller/BaseController.class.php 第 17 行.
SQL: SELECT * FROM `auth` WHERE ( fid = 17 and Status = 1 )  [ RunTime:0.0002s ]
NOTIC: [8] Undefined variable: UserInfo /www/wwwroot/guangbang/guangbang/Admin/Home/Controller/BaseController.class.php 第 17 行.
NOTIC: [8] Undefined variable: UserInfo /www/wwwroot/guangbang/guangbang/Admin/Home/Controller/BaseController.class.php 第 17 行.
SQL: SELECT * FROM `auth` WHERE ( fid = 19 and Status = 1 )  [ RunTime:0.0002s ]
NOTIC: [8] Undefined variable: UserInfo /www/wwwroot/guangbang/guangbang/Admin/Home/Controller/BaseController.class.php 第 17 行.
NOTIC: [8] Undefined variable: UserInfo /www/wwwroot/guangbang/guangbang/Admin/Home/Controller/BaseController.class.php 第 17 行.
NOTIC: [8] Undefined variable: UserInfo /www/wwwroot/guangbang/guangbang/Admin/Home/Controller/BaseController.class.php 第 17 行.
SQL: SELECT * FROM `auth` WHERE ( fid = 23 and Status = 1 )  [ RunTime:0.0002s ]
NOTIC: [8] Undefined variable: UserInfo /www/wwwroot/guangbang/guangbang/Admin/Home/Controller/BaseController.class.php 第 17 行.
SQL: SELECT * FROM `auth` WHERE ( fid = 24 and Status = 1 )  [ RunTime:0.0002s ]
NOTIC: [8] Undefined variable: UserInfo /www/wwwroot/guangbang/guangbang/Admin/Home/Controller/BaseController.class.php 第 17 行.
NOTIC: [8] Undefined variable: UserInfo /www/wwwroot/guangbang/guangbang/Admin/Home/Controller/BaseController.class.php 第 17 行.
NOTIC: [8] Undefined variable: UserInfo /www/wwwroot/guangbang/guangbang/Admin/Home/Controller/BaseController.class.php 第 17 行.
NOTIC: [8] Undefined variable: UserInfo /www/wwwroot/guangbang/guangbang/Admin/Home/Controller/BaseController.class.php 第 17 行.
SQL: SELECT * FROM `auth` WHERE ( fid = 28 and Status = 1 )  [ RunTime:0.0002s ]
NOTIC: [8] Undefined variable: UserInfo /www/wwwroot/guangbang/guangbang/Admin/Home/Controller/BaseController.class.php 第 17 行.
SQL: SELECT `fid` FROM `auth` WHERE ( id =1 ) LIMIT 1   [ RunTime:0.0002s ]
SQL: SHOW COLUMNS FROM `message` [ RunTime:0.0008s ]
SQL: SELECT COUNT(*) AS tp_count FROM `message` WHERE ( Status = 0 ) LIMIT 1   [ RunTime:0.0002s ]
INFO: [ view_parse ] --START--
INFO: [ template_filter ] --START--
INFO: Run Behavior\ContentReplaceBehavior [ RunTime:0.000049s ]
INFO: [ template_filter ] --END-- [ RunTime:0.000084s ]
INFO: Run Behavior\ParseTemplateBehavior [ RunTime:0.005427s ]
INFO: [ view_parse ] --END-- [ RunTime:0.005455s ]
INFO: [ view_filter ] --START--
INFO: Run Behavior\WriteHtmlCacheBehavior [ RunTime:0.000159s ]
INFO: [ view_filter ] --END-- [ RunTime:0.000179s ]
INFO: [ app_end ] --START--
INFO: Run Behavior\ShowPageTraceBehavior [ RunTime:0.000463s ]
INFO: [ app_end ] --END-- [ RunTime:0.000485s ]

[ 2018-01-25T17:11:22+08:00 ] 183.13.204.168 /adm.php/Home/User/login.html
INFO: [ app_init ] --START--
INFO: Run Behavior\BuildLiteBehavior [ RunTime:0.000009s ]
INFO: [ app_init ] --END-- [ RunTime:0.000274s ]
INFO: [ app_begin ] --START--
INFO: Run Behavior\ReadHtmlCacheBehavior [ RunTime:0.000337s ]
INFO: [ app_begin ] --END-- [ RunTime:0.000365s ]
NOTIC: [8] Undefined index: UserID /www/wwwroot/guangbang/guangbang/Admin/Home/Controller/BaseController.class.php 第 9 行.
SQL: SHOW COLUMNS FROM `auth` [ RunTime:0.0007s ]
SQL: SELECT * FROM `auth` WHERE ( Status = 1 )  [ RunTime:0.0003s ]
NOTIC: [8] Undefined variable: UserInfo /www/wwwroot/guangbang/guangbang/Admin/Home/Controller/BaseController.class.php 第 17 行.
SQL: SELECT * FROM `auth` WHERE ( fid = 1 and Status = 1 )  [ RunTime:0.0002s ]
NOTIC: [8] Undefined variable: UserInfo /www/wwwroot/guangbang/guangbang/Admin/Home/Controller/BaseController.class.php 第 17 行.
SQL: SELECT * FROM `auth` WHERE ( fid = 2 and Status = 1 )  [ RunTime:0.0002s ]
NOTIC: [8] Undefined variable: UserInfo /www/wwwroot/guangbang/guangbang/Admin/Home/Controller/BaseController.class.php 第 17 行.
NOTIC: [8] Undefined variable: UserInfo /www/wwwroot/guangbang/guangbang/Admin/Home/Controller/BaseController.class.php 第 17 行.
NOTIC: [8] Undefined variable: UserInfo /www/wwwroot/guangbang/guangbang/Admin/Home/Controller/BaseController.class.php 第 17 行.
NOTIC: [8] Undefined variable: UserInfo /www/wwwroot/guangbang/guangbang/Admin/Home/Controller/BaseController.class.php 第 17 行.
SQL: SELECT * FROM `auth` WHERE ( fid = 6 and Status = 1 )  [ RunTime:0.0002s ]
NOTIC: [8] Undefined variable: UserInfo /www/wwwroot/guangbang/guangbang/Admin/Home/Controller/BaseController.class.php 第 17 行.
NOTIC: [8] Undefined variable: UserInfo /www/wwwroot/guangbang/guangbang/Admin/Home/Controller/BaseController.class.php 第 17 行.
NOTIC: [8] Undefined variable: UserInfo /www/wwwroot/guangbang/guangbang/Admin/Home/Controller/BaseController.class.php 第 17 行.
NOTIC: [8] Undefined variable: UserInfo /www/wwwroot/guangbang/guangbang/Admin/Home/Controller/BaseController.class.php 第 17 行.
SQL: SELECT * FROM `auth` WHERE ( fid = 13 and Status = 1 )  [ RunTime:0.0002s ]
NOTIC: [8] Undefined variable: UserInfo /www/wwwroot/guangbang/guangbang/Admin/Home/Controller/BaseController.class.php 第 17 行.
NOTIC: [8] Undefined variable: UserInfo /www/wwwroot/guangbang/guangbang/Admin/Home/Controller/BaseController.class.php 第 17 行.
SQL: SELECT * FROM `auth` WHERE ( fid = 17 and Status = 1 )  [ RunTime:0.0002s ]
NOTIC: [8] Undefined variable: UserInfo /www/wwwroot/guangbang/guangbang/Admin/Home/Controller/BaseController.class.php 第 17 行.
NOTIC: [8] Undefined variable: UserInfo /www/wwwroot/guangbang/guangbang/Admin/Home/Controller/BaseController.class.php 第 17 行.
SQL: SELECT * FROM `auth` WHERE ( fid = 19 and Status = 1 )  [ RunTime:0.0001s ]
NOTIC: [8] Undefined variable: UserInfo /www/wwwroot/guangbang/guangbang/Admin/Home/Controller/BaseController.class.php 第 17 行.
NOTIC: [8] Undefined variable: UserInfo /www/wwwroot/guangbang/guangbang/Admin/Home/Controller/BaseController.class.php 第 17 行.
NOTIC: [8] Undefined variable: UserInfo /www/wwwroot/guangbang/guangbang/Admin/Home/Controller/BaseController.class.php 第 17 行.
SQL: SELECT * FROM `auth` WHERE ( fid = 23 and Status = 1 )  [ RunTime:0.0002s ]
NOTIC: [8] Undefined variable: UserInfo /www/wwwroot/guangbang/guangbang/Admin/Home/Controller/BaseController.class.php 第 17 行.
SQL: SELECT * FROM `auth` WHERE ( fid = 24 and Status = 1 )  [ RunTime:0.0002s ]
NOTIC: [8] Undefined variable: UserInfo /www/wwwroot/guangbang/guangbang/Admin/Home/Controller/BaseController.class.php 第 17 行.
NOTIC: [8] Undefined variable: UserInfo /www/wwwroot/guangbang/guangbang/Admin/Home/Controller/BaseController.class.php 第 17 行.
NOTIC: [8] Undefined variable: UserInfo /www/wwwroot/guangbang/guangbang/Admin/Home/Controller/BaseController.class.php 第 17 行.
NOTIC: [8] Undefined variable: UserInfo /www/wwwroot/guangbang/guangbang/Admin/Home/Controller/BaseController.class.php 第 17 行.
SQL: SELECT * FROM `auth` WHERE ( fid = 28 and Status = 1 )  [ RunTime:0.0001s ]
NOTIC: [8] Undefined variable: UserInfo /www/wwwroot/guangbang/guangbang/Admin/Home/Controller/BaseController.class.php 第 17 行.
SQL: SELECT `fid` FROM `auth` WHERE ( id =1 ) LIMIT 1   [ RunTime:0.0001s ]
SQL: SHOW COLUMNS FROM `message` [ RunTime:0.0006s ]
SQL: SELECT COUNT(*) AS tp_count FROM `message` WHERE ( Status = 0 ) LIMIT 1   [ RunTime:0.0001s ]
SQL: SHOW COLUMNS FROM `user` [ RunTime:0.0006s ]
SQL: SELECT * FROM `user` WHERE `UserName` = 'admin' AND `PassWord` = '1814ade23e8dfa6d628004a5ba455dce' AND `status` = 1 LIMIT 1   [ RunTime:0.0002s ]
INFO: [ view_parse ] --START--
INFO: [ template_filter ] --START--
INFO: Run Behavior\ContentReplaceBehavior [ RunTime:0.000032s ]
INFO: [ template_filter ] --END-- [ RunTime:0.000056s ]
INFO: Run Behavior\ParseTemplateBehavior [ RunTime:0.004039s ]
INFO: [ view_parse ] --END-- [ RunTime:0.004069s ]
INFO: [ view_filter ] --START--
INFO: Run Behavior\WriteHtmlCacheBehavior [ RunTime:0.000180s ]
INFO: [ view_filter ] --END-- [ RunTime:0.000202s ]

[ 2018-01-25T17:11:23+08:00 ] 183.13.204.168 /adm.php/Home/User/login.html
INFO: [ app_init ] --START--
INFO: Run Behavior\BuildLiteBehavior [ RunTime:0.000012s ]
INFO: [ app_init ] --END-- [ RunTime:0.000348s ]
INFO: [ app_begin ] --START--
INFO: Run Behavior\ReadHtmlCacheBehavior [ RunTime:0.000435s ]
INFO: [ app_begin ] --END-- [ RunTime:0.000463s ]
NOTIC: [8] Undefined index: UserID /www/wwwroot/guangbang/guangbang/Admin/Home/Controller/BaseController.class.php 第 9 行.
SQL: SHOW COLUMNS FROM `auth` [ RunTime:0.0007s ]
SQL: SELECT * FROM `auth` WHERE ( Status = 1 )  [ RunTime:0.0003s ]
NOTIC: [8] Undefined variable: UserInfo /www/wwwroot/guangbang/guangbang/Admin/Home/Controller/BaseController.class.php 第 17 行.
SQL: SELECT * FROM `auth` WHERE ( fid = 1 and Status = 1 )  [ RunTime:0.0002s ]
NOTIC: [8] Undefined variable: UserInfo /www/wwwroot/guangbang/guangbang/Admin/Home/Controller/BaseController.class.php 第 17 行.
SQL: SELECT * FROM `auth` WHERE ( fid = 2 and Status = 1 )  [ RunTime:0.0002s ]
NOTIC: [8] Undefined variable: UserInfo /www/wwwroot/guangbang/guangbang/Admin/Home/Controller/BaseController.class.php 第 17 行.
NOTIC: [8] Undefined variable: UserInfo /www/wwwroot/guangbang/guangbang/Admin/Home/Controller/BaseController.class.php 第 17 行.
NOTIC: [8] Undefined variable: UserInfo /www/wwwroot/guangbang/guangbang/Admin/Home/Controller/BaseController.class.php 第 17 行.
NOTIC: [8] Undefined variable: UserInfo /www/wwwroot/guangbang/guangbang/Admin/Home/Controller/BaseController.class.php 第 17 行.
SQL: SELECT * FROM `auth` WHERE ( fid = 6 and Status = 1 )  [ RunTime:0.0002s ]
NOTIC: [8] Undefined variable: UserInfo /www/wwwroot/guangbang/guangbang/Admin/Home/Controller/BaseController.class.php 第 17 行.
NOTIC: [8] Undefined variable: UserInfo /www/wwwroot/guangbang/guangbang/Admin/Home/Controller/BaseController.class.php 第 17 行.
NOTIC: [8] Undefined variable: UserInfo /www/wwwroot/guangbang/guangbang/Admin/Home/Controller/BaseController.class.php 第 17 行.
NOTIC: [8] Undefined variable: UserInfo /www/wwwroot/guangbang/guangbang/Admin/Home/Controller/BaseController.class.php 第 17 行.
SQL: SELECT * FROM `auth` WHERE ( fid = 13 and Status = 1 )  [ RunTime:0.0002s ]
NOTIC: [8] Undefined variable: UserInfo /www/wwwroot/guangbang/guangbang/Admin/Home/Controller/BaseController.class.php 第 17 行.
NOTIC: [8] Undefined variable: UserInfo /www/wwwroot/guangbang/guangbang/Admin/Home/Controller/BaseController.class.php 第 17 行.
SQL: SELECT * FROM `auth` WHERE ( fid = 17 and Status = 1 )  [ RunTime:0.0001s ]
NOTIC: [8] Undefined variable: UserInfo /www/wwwroot/guangbang/guangbang/Admin/Home/Controller/BaseController.class.php 第 17 行.
NOTIC: [8] Undefined variable: UserInfo /www/wwwroot/guangbang/guangbang/Admin/Home/Controller/BaseController.class.php 第 17 行.
SQL: SELECT * FROM `auth` WHERE ( fid = 19 and Status = 1 )  [ RunTime:0.0002s ]
NOTIC: [8] Undefined variable: UserInfo /www/wwwroot/guangbang/guangbang/Admin/Home/Controller/BaseController.class.php 第 17 行.
NOTIC: [8] Undefined variable: UserInfo /www/wwwroot/guangbang/guangbang/Admin/Home/Controller/BaseController.class.php 第 17 行.
NOTIC: [8] Undefined variable: UserInfo /www/wwwroot/guangbang/guangbang/Admin/Home/Controller/BaseController.class.php 第 17 行.
SQL: SELECT * FROM `auth` WHERE ( fid = 23 and Status = 1 )  [ RunTime:0.0001s ]
NOTIC: [8] Undefined variable: UserInfo /www/wwwroot/guangbang/guangbang/Admin/Home/Controller/BaseController.class.php 第 17 行.
SQL: SELECT * FROM `auth` WHERE ( fid = 24 and Status = 1 )  [ RunTime:0.0002s ]
NOTIC: [8] Undefined variable: UserInfo /www/wwwroot/guangbang/guangbang/Admin/Home/Controller/BaseController.class.php 第 17 行.
NOTIC: [8] Undefined variable: UserInfo /www/wwwroot/guangbang/guangbang/Admin/Home/Controller/BaseController.class.php 第 17 行.
NOTIC: [8] Undefined variable: UserInfo /www/wwwroot/guangbang/guangbang/Admin/Home/Controller/BaseController.class.php 第 17 行.
NOTIC: [8] Undefined variable: UserInfo /www/wwwroot/guangbang/guangbang/Admin/Home/Controller/BaseController.class.php 第 17 行.
SQL: SELECT * FROM `auth` WHERE ( fid = 28 and Status = 1 )  [ RunTime:0.0001s ]
NOTIC: [8] Undefined variable: UserInfo /www/wwwroot/guangbang/guangbang/Admin/Home/Controller/BaseController.class.php 第 17 行.
SQL: SELECT `fid` FROM `auth` WHERE ( id =1 ) LIMIT 1   [ RunTime:0.0001s ]
SQL: SHOW COLUMNS FROM `message` [ RunTime:0.0006s ]
SQL: SELECT COUNT(*) AS tp_count FROM `message` WHERE ( Status = 0 ) LIMIT 1   [ RunTime:0.0002s ]
INFO: [ view_parse ] --START--
INFO: [ template_filter ] --START--
INFO: Run Behavior\ContentReplaceBehavior [ RunTime:0.000031s ]
INFO: [ template_filter ] --END-- [ RunTime:0.000057s ]
INFO: Run Behavior\ParseTemplateBehavior [ RunTime:0.004023s ]
INFO: [ view_parse ] --END-- [ RunTime:0.004047s ]
INFO: [ view_filter ] --START--
INFO: Run Behavior\WriteHtmlCacheBehavior [ RunTime:0.000150s ]
INFO: [ view_filter ] --END-- [ RunTime:0.000187s ]
INFO: [ app_end ] --START--
INFO: Run Behavior\ShowPageTraceBehavior [ RunTime:0.000442s ]
INFO: [ app_end ] --END-- [ RunTime:0.000465s ]

[ 2018-01-25T17:11:30+08:00 ] 183.13.204.168 /adm.php/Home/User/login.html
INFO: [ app_init ] --START--
INFO: Run Behavior\BuildLiteBehavior [ RunTime:0.000009s ]
INFO: [ app_init ] --END-- [ RunTime:0.000246s ]
INFO: [ app_begin ] --START--
INFO: Run Behavior\ReadHtmlCacheBehavior [ RunTime:0.000366s ]
INFO: [ app_begin ] --END-- [ RunTime:0.000413s ]
NOTIC: [8] Undefined index: UserID /www/wwwroot/guangbang/guangbang/Admin/Home/Controller/BaseController.class.php 第 9 行.
SQL: SHOW COLUMNS FROM `auth` [ RunTime:0.0007s ]
SQL: SELECT * FROM `auth` WHERE ( Status = 1 )  [ RunTime:0.0003s ]
NOTIC: [8] Undefined variable: UserInfo /www/wwwroot/guangbang/guangbang/Admin/Home/Controller/BaseController.class.php 第 17 行.
SQL: SELECT * FROM `auth` WHERE ( fid = 1 and Status = 1 )  [ RunTime:0.0002s ]
NOTIC: [8] Undefined variable: UserInfo /www/wwwroot/guangbang/guangbang/Admin/Home/Controller/BaseController.class.php 第 17 行.
SQL: SELECT * FROM `auth` WHERE ( fid = 2 and Status = 1 )  [ RunTime:0.0002s ]
NOTIC: [8] Undefined variable: UserInfo /www/wwwroot/guangbang/guangbang/Admin/Home/Controller/BaseController.class.php 第 17 行.
NOTIC: [8] Undefined variable: UserInfo /www/wwwroot/guangbang/guangbang/Admin/Home/Controller/BaseController.class.php 第 17 行.
NOTIC: [8] Undefined variable: UserInfo /www/wwwroot/guangbang/guangbang/Admin/Home/Controller/BaseController.class.php 第 17 行.
NOTIC: [8] Undefined variable: UserInfo /www/wwwroot/guangbang/guangbang/Admin/Home/Controller/BaseController.class.php 第 17 行.
SQL: SELECT * FROM `auth` WHERE ( fid = 6 and Status = 1 )  [ RunTime:0.0002s ]
NOTIC: [8] Undefined variable: UserInfo /www/wwwroot/guangbang/guangbang/Admin/Home/Controller/BaseController.class.php 第 17 行.
NOTIC: [8] Undefined variable: UserInfo /www/wwwroot/guangbang/guangbang/Admin/Home/Controller/BaseController.class.php 第 17 行.
NOTIC: [8] Undefined variable: UserInfo /www/wwwroot/guangbang/guangbang/Admin/Home/Controller/BaseController.class.php 第 17 行.
NOTIC: [8] Undefined variable: UserInfo /www/wwwroot/guangbang/guangbang/Admin/Home/Controller/BaseController.class.php 第 17 行.
SQL: SELECT * FROM `auth` WHERE ( fid = 13 and Status = 1 )  [ RunTime:0.0002s ]
NOTIC: [8] Undefined variable: UserInfo /www/wwwroot/guangbang/guangbang/Admin/Home/Controller/BaseController.class.php 第 17 行.
NOTIC: [8] Undefined variable: UserInfo /www/wwwroot/guangbang/guangbang/Admin/Home/Controller/BaseController.class.php 第 17 行.
SQL: SELECT * FROM `auth` WHERE ( fid = 17 and Status = 1 )  [ RunTime:0.0002s ]
NOTIC: [8] Undefined variable: UserInfo /www/wwwroot/guangbang/guangbang/Admin/Home/Controller/BaseController.class.php 第 17 行.
NOTIC: [8] Undefined variable: UserInfo /www/wwwroot/guangbang/guangbang/Admin/Home/Controller/BaseController.class.php 第 17 行.
SQL: SELECT * FROM `auth` WHERE ( fid = 19 and Status = 1 )  [ RunTime:0.0002s ]
NOTIC: [8] Undefined variable: UserInfo /www/wwwroot/guangbang/guangbang/Admin/Home/Controller/BaseController.class.php 第 17 行.
NOTIC: [8] Undefined variable: UserInfo /www/wwwroot/guangbang/guangbang/Admin/Home/Controller/BaseController.class.php 第 17 行.
NOTIC: [8] Undefined variable: UserInfo /www/wwwroot/guangbang/guangbang/Admin/Home/Controller/BaseController.class.php 第 17 行.
SQL: SELECT * FROM `auth` WHERE ( fid = 23 and Status = 1 )  [ RunTime:0.0002s ]
NOTIC: [8] Undefined variable: UserInfo /www/wwwroot/guangbang/guangbang/Admin/Home/Controller/BaseController.class.php 第 17 行.
SQL: SELECT * FROM `auth` WHERE ( fid = 24 and Status = 1 )  [ RunTime:0.0001s ]
NOTIC: [8] Undefined variable: UserInfo /www/wwwroot/guangbang/guangbang/Admin/Home/Controller/BaseController.class.php 第 17 行.
NOTIC: [8] Undefined variable: UserInfo /www/wwwroot/guangbang/guangbang/Admin/Home/Controller/BaseController.class.php 第 17 行.
NOTIC: [8] Undefined variable: UserInfo /www/wwwroot/guangbang/guangbang/Admin/Home/Controller/BaseController.class.php 第 17 行.
NOTIC: [8] Undefined variable: UserInfo /www/wwwroot/guangbang/guangbang/Admin/Home/Controller/BaseController.class.php 第 17 行.
SQL: SELECT * FROM `auth` WHERE ( fid = 28 and Status = 1 )  [ RunTime:0.0002s ]
NOTIC: [8] Undefined variable: UserInfo /www/wwwroot/guangbang/guangbang/Admin/Home/Controller/BaseController.class.php 第 17 行.
SQL: SELECT `fid` FROM `auth` WHERE ( id =1 ) LIMIT 1   [ RunTime:0.0002s ]
SQL: SHOW COLUMNS FROM `message` [ RunTime:0.0005s ]
SQL: SELECT COUNT(*) AS tp_count FROM `message` WHERE ( Status = 0 ) LIMIT 1   [ RunTime:0.0001s ]
SQL: SHOW COLUMNS FROM `user` [ RunTime:0.0006s ]
SQL: SELECT * FROM `user` WHERE `UserName` = 'admin' AND `PassWord` = 'e10adc3949ba59abbe56e057f20f883e' AND `status` = 1 LIMIT 1   [ RunTime:0.0002s ]
INFO: [ view_parse ] --START--
INFO: [ template_filter ] --START--
INFO: Run Behavior\ContentReplaceBehavior [ RunTime:0.000033s ]
INFO: [ template_filter ] --END-- [ RunTime:0.000057s ]
INFO: Run Behavior\ParseTemplateBehavior [ RunTime:0.004009s ]
INFO: [ view_parse ] --END-- [ RunTime:0.004035s ]
INFO: [ view_filter ] --START--
INFO: Run Behavior\WriteHtmlCacheBehavior [ RunTime:0.000152s ]
INFO: [ view_filter ] --END-- [ RunTime:0.000172s ]

[ 2018-01-25T17:11:32+08:00 ] 183.13.204.168 /adm.php/Home/User/login.html
INFO: [ app_init ] --START--
INFO: Run Behavior\BuildLiteBehavior [ RunTime:0.000008s ]
INFO: [ app_init ] --END-- [ RunTime:0.000335s ]
INFO: [ app_begin ] --START--
INFO: Run Behavior\ReadHtmlCacheBehavior [ RunTime:0.000502s ]
INFO: [ app_begin ] --END-- [ RunTime:0.000530s ]
NOTIC: [8] Undefined index: UserID /www/wwwroot/guangbang/guangbang/Admin/Home/Controller/BaseController.class.php 第 9 行.
SQL: SHOW COLUMNS FROM `auth` [ RunTime:0.0009s ]
SQL: SELECT * FROM `auth` WHERE ( Status = 1 )  [ RunTime:0.0003s ]
NOTIC: [8] Undefined variable: UserInfo /www/wwwroot/guangbang/guangbang/Admin/Home/Controller/BaseController.class.php 第 17 行.
SQL: SELECT * FROM `auth` WHERE ( fid = 1 and Status = 1 )  [ RunTime:0.0002s ]
NOTIC: [8] Undefined variable: UserInfo /www/wwwroot/guangbang/guangbang/Admin/Home/Controller/BaseController.class.php 第 17 行.
SQL: SELECT * FROM `auth` WHERE ( fid = 2 and Status = 1 )  [ RunTime:0.0002s ]
NOTIC: [8] Undefined variable: UserInfo /www/wwwroot/guangbang/guangbang/Admin/Home/Controller/BaseController.class.php 第 17 行.
NOTIC: [8] Undefined variable: UserInfo /www/wwwroot/guangbang/guangbang/Admin/Home/Controller/BaseController.class.php 第 17 行.
NOTIC: [8] Undefined variable: UserInfo /www/wwwroot/guangbang/guangbang/Admin/Home/Controller/BaseController.class.php 第 17 行.
NOTIC: [8] Undefined variable: UserInfo /www/wwwroot/guangbang/guangbang/Admin/Home/Controller/BaseController.class.php 第 17 行.
SQL: SELECT * FROM `auth` WHERE ( fid = 6 and Status = 1 )  [ RunTime:0.0002s ]
NOTIC: [8] Undefined variable: UserInfo /www/wwwroot/guangbang/guangbang/Admin/Home/Controller/BaseController.class.php 第 17 行.
NOTIC: [8] Undefined variable: UserInfo /www/wwwroot/guangbang/guangbang/Admin/Home/Controller/BaseController.class.php 第 17 行.
NOTIC: [8] Undefined variable: UserInfo /www/wwwroot/guangbang/guangbang/Admin/Home/Controller/BaseController.class.php 第 17 行.
NOTIC: [8] Undefined variable: UserInfo /www/wwwroot/guangbang/guangbang/Admin/Home/Controller/BaseController.class.php 第 17 行.
SQL: SELECT * FROM `auth` WHERE ( fid = 13 and Status = 1 )  [ RunTime:0.0002s ]
NOTIC: [8] Undefined variable: UserInfo /www/wwwroot/guangbang/guangbang/Admin/Home/Controller/BaseController.class.php 第 17 行.
NOTIC: [8] Undefined variable: UserInfo /www/wwwroot/guangbang/guangbang/Admin/Home/Controller/BaseController.class.php 第 17 行.
SQL: SELECT * FROM `auth` WHERE ( fid = 17 and Status = 1 )  [ RunTime:0.0002s ]
NOTIC: [8] Undefined variable: UserInfo /www/wwwroot/guangbang/guangbang/Admin/Home/Controller/BaseController.class.php 第 17 行.
NOTIC: [8] Undefined variable: UserInfo /www/wwwroot/guangbang/guangbang/Admin/Home/Controller/BaseController.class.php 第 17 行.
SQL: SELECT * FROM `auth` WHERE ( fid = 19 and Status = 1 )  [ RunTime:0.0002s ]
NOTIC: [8] Undefined variable: UserInfo /www/wwwroot/guangbang/guangbang/Admin/Home/Controller/BaseController.class.php 第 17 行.
NOTIC: [8] Undefined variable: UserInfo /www/wwwroot/guangbang/guangbang/Admin/Home/Controller/BaseController.class.php 第 17 行.
NOTIC: [8] Undefined variable: UserInfo /www/wwwroot/guangbang/guangbang/Admin/Home/Controller/BaseController.class.php 第 17 行.
SQL: SELECT * FROM `auth` WHERE ( fid = 23 and Status = 1 )  [ RunTime:0.0002s ]
NOTIC: [8] Undefined variable: UserInfo /www/wwwroot/guangbang/guangbang/Admin/Home/Controller/BaseController.class.php 第 17 行.
SQL: SELECT * FROM `auth` WHERE ( fid = 24 and Status = 1 )  [ RunTime:0.0002s ]
NOTIC: [8] Undefined variable: UserInfo /www/wwwroot/guangbang/guangbang/Admin/Home/Controller/BaseController.class.php 第 17 行.
NOTIC: [8] Undefined variable: UserInfo /www/wwwroot/guangbang/guangbang/Admin/Home/Controller/BaseController.class.php 第 17 行.
NOTIC: [8] Undefined variable: UserInfo /www/wwwroot/guangbang/guangbang/Admin/Home/Controller/BaseController.class.php 第 17 行.
NOTIC: [8] Undefined variable: UserInfo /www/wwwroot/guangbang/guangbang/Admin/Home/Controller/BaseController.class.php 第 17 行.
SQL: SELECT * FROM `auth` WHERE ( fid = 28 and Status = 1 )  [ RunTime:0.0001s ]
NOTIC: [8] Undefined variable: UserInfo /www/wwwroot/guangbang/guangbang/Admin/Home/Controller/BaseController.class.php 第 17 行.
SQL: SELECT `fid` FROM `auth` WHERE ( id =1 ) LIMIT 1   [ RunTime:0.0001s ]
SQL: SHOW COLUMNS FROM `message` [ RunTime:0.0005s ]
SQL: SELECT COUNT(*) AS tp_count FROM `message` WHERE ( Status = 0 ) LIMIT 1   [ RunTime:0.0002s ]
INFO: [ view_parse ] --START--
INFO: [ template_filter ] --START--
INFO: Run Behavior\ContentReplaceBehavior [ RunTime:0.000033s ]
INFO: [ template_filter ] --END-- [ RunTime:0.000059s ]
INFO: Run Behavior\ParseTemplateBehavior [ RunTime:0.004056s ]
INFO: [ view_parse ] --END-- [ RunTime:0.004085s ]
INFO: [ view_filter ] --START--
INFO: Run Behavior\WriteHtmlCacheBehavior [ RunTime:0.000169s ]
INFO: [ view_filter ] --END-- [ RunTime:0.000190s ]
INFO: [ app_end ] --START--
INFO: Run Behavior\ShowPageTraceBehavior [ RunTime:0.000381s ]
INFO: [ app_end ] --END-- [ RunTime:0.000425s ]

[ 2018-01-25T17:11:38+08:00 ] 183.13.204.168 /adm.php/Home/User/login.html
INFO: [ app_init ] --START--
INFO: Run Behavior\BuildLiteBehavior [ RunTime:0.000017s ]
INFO: [ app_init ] --END-- [ RunTime:0.000322s ]
INFO: [ app_begin ] --START--
INFO: Run Behavior\ReadHtmlCacheBehavior [ RunTime:0.000389s ]
INFO: [ app_begin ] --END-- [ RunTime:0.000416s ]
NOTIC: [8] Undefined index: UserID /www/wwwroot/guangbang/guangbang/Admin/Home/Controller/BaseController.class.php 第 9 行.
SQL: SHOW COLUMNS FROM `auth` [ RunTime:0.0009s ]
SQL: SELECT * FROM `auth` WHERE ( Status = 1 )  [ RunTime:0.0002s ]
NOTIC: [8] Undefined variable: UserInfo /www/wwwroot/guangbang/guangbang/Admin/Home/Controller/BaseController.class.php 第 17 行.
SQL: SELECT * FROM `auth` WHERE ( fid = 1 and Status = 1 )  [ RunTime:0.0002s ]
NOTIC: [8] Undefined variable: UserInfo /www/wwwroot/guangbang/guangbang/Admin/Home/Controller/BaseController.class.php 第 17 行.
SQL: SELECT * FROM `auth` WHERE ( fid = 2 and Status = 1 )  [ RunTime:0.0002s ]
NOTIC: [8] Undefined variable: UserInfo /www/wwwroot/guangbang/guangbang/Admin/Home/Controller/BaseController.class.php 第 17 行.
NOTIC: [8] Undefined variable: UserInfo /www/wwwroot/guangbang/guangbang/Admin/Home/Controller/BaseController.class.php 第 17 行.
NOTIC: [8] Undefined variable: UserInfo /www/wwwroot/guangbang/guangbang/Admin/Home/Controller/BaseController.class.php 第 17 行.
NOTIC: [8] Undefined variable: UserInfo /www/wwwroot/guangbang/guangbang/Admin/Home/Controller/BaseController.class.php 第 17 行.
SQL: SELECT * FROM `auth` WHERE ( fid = 6 and Status = 1 )  [ RunTime:0.0002s ]
NOTIC: [8] Undefined variable: UserInfo /www/wwwroot/guangbang/guangbang/Admin/Home/Controller/BaseController.class.php 第 17 行.
NOTIC: [8] Undefined variable: UserInfo /www/wwwroot/guangbang/guangbang/Admin/Home/Controller/BaseController.class.php 第 17 行.
NOTIC: [8] Undefined variable: UserInfo /www/wwwroot/guangbang/guangbang/Admin/Home/Controller/BaseController.class.php 第 17 行.
NOTIC: [8] Undefined variable: UserInfo /www/wwwroot/guangbang/guangbang/Admin/Home/Controller/BaseController.class.php 第 17 行.
SQL: SELECT * FROM `auth` WHERE ( fid = 13 and Status = 1 )  [ RunTime:0.0002s ]
NOTIC: [8] Undefined variable: UserInfo /www/wwwroot/guangbang/guangbang/Admin/Home/Controller/BaseController.class.php 第 17 行.
NOTIC: [8] Undefined variable: UserInfo /www/wwwroot/guangbang/guangbang/Admin/Home/Controller/BaseController.class.php 第 17 行.
SQL: SELECT * FROM `auth` WHERE ( fid = 17 and Status = 1 )  [ RunTime:0.0002s ]
NOTIC: [8] Undefined variable: UserInfo /www/wwwroot/guangbang/guangbang/Admin/Home/Controller/BaseController.class.php 第 17 行.
NOTIC: [8] Undefined variable: UserInfo /www/wwwroot/guangbang/guangbang/Admin/Home/Controller/BaseController.class.php 第 17 行.
SQL: SELECT * FROM `auth` WHERE ( fid = 19 and Status = 1 )  [ RunTime:0.0002s ]
NOTIC: [8] Undefined variable: UserInfo /www/wwwroot/guangbang/guangbang/Admin/Home/Controller/BaseController.class.php 第 17 行.
NOTIC: [8] Undefined variable: UserInfo /www/wwwroot/guangbang/guangbang/Admin/Home/Controller/BaseController.class.php 第 17 行.
NOTIC: [8] Undefined variable: UserInfo /www/wwwroot/guangbang/guangbang/Admin/Home/Controller/BaseController.class.php 第 17 行.
SQL: SELECT * FROM `auth` WHERE ( fid = 23 and Status = 1 )  [ RunTime:0.0002s ]
NOTIC: [8] Undefined variable: UserInfo /www/wwwroot/guangbang/guangbang/Admin/Home/Controller/BaseController.class.php 第 17 行.
SQL: SELECT * FROM `auth` WHERE ( fid = 24 and Status = 1 )  [ RunTime:0.0002s ]
NOTIC: [8] Undefined variable: UserInfo /www/wwwroot/guangbang/guangbang/Admin/Home/Controller/BaseController.class.php 第 17 行.
NOTIC: [8] Undefined variable: UserInfo /www/wwwroot/guangbang/guangbang/Admin/Home/Controller/BaseController.class.php 第 17 行.
NOTIC: [8] Undefined variable: UserInfo /www/wwwroot/guangbang/guangbang/Admin/Home/Controller/BaseController.class.php 第 17 行.
NOTIC: [8] Undefined variable: UserInfo /www/wwwroot/guangbang/guangbang/Admin/Home/Controller/BaseController.class.php 第 17 行.
SQL: SELECT * FROM `auth` WHERE ( fid = 28 and Status = 1 )  [ RunTime:0.0002s ]
NOTIC: [8] Undefined variable: UserInfo /www/wwwroot/guangbang/guangbang/Admin/Home/Controller/BaseController.class.php 第 17 行.
SQL: SELECT `fid` FROM `auth` WHERE ( id =1 ) LIMIT 1   [ RunTime:0.0002s ]
SQL: SHOW COLUMNS FROM `message` [ RunTime:0.0005s ]
SQL: SELECT COUNT(*) AS tp_count FROM `message` WHERE ( Status = 0 ) LIMIT 1   [ RunTime:0.0002s ]
SQL: SHOW COLUMNS FROM `user` [ RunTime:0.0006s ]
SQL: SELECT * FROM `user` WHERE `UserName` = 'admin' AND `PassWord` = 'c8ebeb11305fb42343aec8fa393647da' AND `status` = 1 LIMIT 1   [ RunTime:0.0002s ]
INFO: [ view_parse ] --START--
INFO: [ template_filter ] --START--
INFO: Run Behavior\ContentReplaceBehavior [ RunTime:0.000041s ]
INFO: [ template_filter ] --END-- [ RunTime:0.000077s ]
INFO: Run Behavior\ParseTemplateBehavior [ RunTime:0.004305s ]
INFO: [ view_parse ] --END-- [ RunTime:0.004332s ]
INFO: [ view_filter ] --START--
INFO: Run Behavior\WriteHtmlCacheBehavior [ RunTime:0.000167s ]
INFO: [ view_filter ] --END-- [ RunTime:0.000187s ]

[ 2018-01-25T17:11:39+08:00 ] 183.13.204.168 /adm.php/Home/User/login.html
INFO: [ app_init ] --START--
INFO: Run Behavior\BuildLiteBehavior [ RunTime:0.000009s ]
INFO: [ app_init ] --END-- [ RunTime:0.000306s ]
INFO: [ app_begin ] --START--
INFO: Run Behavior\ReadHtmlCacheBehavior [ RunTime:0.000423s ]
INFO: [ app_begin ] --END-- [ RunTime:0.000496s ]
NOTIC: [8] Undefined index: UserID /www/wwwroot/guangbang/guangbang/Admin/Home/Controller/BaseController.class.php 第 9 行.
SQL: SHOW COLUMNS FROM `auth` [ RunTime:0.0007s ]
SQL: SELECT * FROM `auth` WHERE ( Status = 1 )  [ RunTime:0.0002s ]
NOTIC: [8] Undefined variable: UserInfo /www/wwwroot/guangbang/guangbang/Admin/Home/Controller/BaseController.class.php 第 17 行.
SQL: SELECT * FROM `auth` WHERE ( fid = 1 and Status = 1 )  [ RunTime:0.0002s ]
NOTIC: [8] Undefined variable: UserInfo /www/wwwroot/guangbang/guangbang/Admin/Home/Controller/BaseController.class.php 第 17 行.
SQL: SELECT * FROM `auth` WHERE ( fid = 2 and Status = 1 )  [ RunTime:0.0002s ]
NOTIC: [8] Undefined variable: UserInfo /www/wwwroot/guangbang/guangbang/Admin/Home/Controller/BaseController.class.php 第 17 行.
NOTIC: [8] Undefined variable: UserInfo /www/wwwroot/guangbang/guangbang/Admin/Home/Controller/BaseController.class.php 第 17 行.
NOTIC: [8] Undefined variable: UserInfo /www/wwwroot/guangbang/guangbang/Admin/Home/Controller/BaseController.class.php 第 17 行.
NOTIC: [8] Undefined variable: UserInfo /www/wwwroot/guangbang/guangbang/Admin/Home/Controller/BaseController.class.php 第 17 行.
SQL: SELECT * FROM `auth` WHERE ( fid = 6 and Status = 1 )  [ RunTime:0.0002s ]
NOTIC: [8] Undefined variable: UserInfo /www/wwwroot/guangbang/guangbang/Admin/Home/Controller/BaseController.class.php 第 17 行.
NOTIC: [8] Undefined variable: UserInfo /www/wwwroot/guangbang/guangbang/Admin/Home/Controller/BaseController.class.php 第 17 行.
NOTIC: [8] Undefined variable: UserInfo /www/wwwroot/guangbang/guangbang/Admin/Home/Controller/BaseController.class.php 第 17 行.
NOTIC: [8] Undefined variable: UserInfo /www/wwwroot/guangbang/guangbang/Admin/Home/Controller/BaseController.class.php 第 17 行.
SQL: SELECT * FROM `auth` WHERE ( fid = 13 and Status = 1 )  [ RunTime:0.0002s ]
NOTIC: [8] Undefined variable: UserInfo /www/wwwroot/guangbang/guangbang/Admin/Home/Controller/BaseController.class.php 第 17 行.
NOTIC: [8] Undefined variable: UserInfo /www/wwwroot/guangbang/guangbang/Admin/Home/Controller/BaseController.class.php 第 17 行.
SQL: SELECT * FROM `auth` WHERE ( fid = 17 and Status = 1 )  [ RunTime:0.0002s ]
NOTIC: [8] Undefined variable: UserInfo /www/wwwroot/guangbang/guangbang/Admin/Home/Controller/BaseController.class.php 第 17 行.
NOTIC: [8] Undefined variable: UserInfo /www/wwwroot/guangbang/guangbang/Admin/Home/Controller/BaseController.class.php 第 17 行.
SQL: SELECT * FROM `auth` WHERE ( fid = 19 and Status = 1 )  [ RunTime:0.0002s ]
NOTIC: [8] Undefined variable: UserInfo /www/wwwroot/guangbang/guangbang/Admin/Home/Controller/BaseController.class.php 第 17 行.
NOTIC: [8] Undefined variable: UserInfo /www/wwwroot/guangbang/guangbang/Admin/Home/Controller/BaseController.class.php 第 17 行.
NOTIC: [8] Undefined variable: UserInfo /www/wwwroot/guangbang/guangbang/Admin/Home/Controller/BaseController.class.php 第 17 行.
SQL: SELECT * FROM `auth` WHERE ( fid = 23 and Status = 1 )  [ RunTime:0.0002s ]
NOTIC: [8] Undefined variable: UserInfo /www/wwwroot/guangbang/guangbang/Admin/Home/Controller/BaseController.class.php 第 17 行.
SQL: SELECT * FROM `auth` WHERE ( fid = 24 and Status = 1 )  [ RunTime:0.0002s ]
NOTIC: [8] Undefined variable: UserInfo /www/wwwroot/guangbang/guangbang/Admin/Home/Controller/BaseController.class.php 第 17 行.
NOTIC: [8] Undefined variable: UserInfo /www/wwwroot/guangbang/guangbang/Admin/Home/Controller/BaseController.class.php 第 17 行.
NOTIC: [8] Undefined variable: UserInfo /www/wwwroot/guangbang/guangbang/Admin/Home/Controller/BaseController.class.php 第 17 行.
NOTIC: [8] Undefined variable: UserInfo /www/wwwroot/guangbang/guangbang/Admin/Home/Controller/BaseController.class.php 第 17 行.
SQL: SELECT * FROM `auth` WHERE ( fid = 28 and Status = 1 )  [ RunTime:0.0002s ]
NOTIC: [8] Undefined variable: UserInfo /www/wwwroot/guangbang/guangbang/Admin/Home/Controller/BaseController.class.php 第 17 行.
SQL: SELECT `fid` FROM `auth` WHERE ( id =1 ) LIMIT 1   [ RunTime:0.0002s ]
SQL: SHOW COLUMNS FROM `message` [ RunTime:0.0005s ]
SQL: SELECT COUNT(*) AS tp_count FROM `message` WHERE ( Status = 0 ) LIMIT 1   [ RunTime:0.0002s ]
INFO: [ view_parse ] --START--
INFO: [ template_filter ] --START--
INFO: Run Behavior\ContentReplaceBehavior [ RunTime:0.000030s ]
INFO: [ template_filter ] --END-- [ RunTime:0.000078s ]
INFO: Run Behavior\ParseTemplateBehavior [ RunTime:0.004236s ]
INFO: [ view_parse ] --END-- [ RunTime:0.004268s ]
INFO: [ view_filter ] --START--
INFO: Run Behavior\WriteHtmlCacheBehavior [ RunTime:0.000171s ]
INFO: [ view_filter ] --END-- [ RunTime:0.000199s ]
INFO: [ app_end ] --START--
INFO: Run Behavior\ShowPageTraceBehavior [ RunTime:0.000447s ]
INFO: [ app_end ] --END-- [ RunTime:0.000469s ]

[ 2018-01-25T17:11:51+08:00 ] 183.13.204.168 /adm.php/Home/User/login.html
INFO: [ app_init ] --START--
INFO: Run Behavior\BuildLiteBehavior [ RunTime:0.000012s ]
INFO: [ app_init ] --END-- [ RunTime:0.000389s ]
INFO: [ app_begin ] --START--
INFO: Run Behavior\ReadHtmlCacheBehavior [ RunTime:0.000496s ]
INFO: [ app_begin ] --END-- [ RunTime:0.000534s ]
NOTIC: [8] Undefined index: UserID /www/wwwroot/guangbang/guangbang/Admin/Home/Controller/BaseController.class.php 第 9 行.
SQL: SHOW COLUMNS FROM `auth` [ RunTime:0.0008s ]
SQL: SELECT * FROM `auth` WHERE ( Status = 1 )  [ RunTime:0.0002s ]
NOTIC: [8] Undefined variable: UserInfo /www/wwwroot/guangbang/guangbang/Admin/Home/Controller/BaseController.class.php 第 17 行.
SQL: SELECT * FROM `auth` WHERE ( fid = 1 and Status = 1 )  [ RunTime:0.0002s ]
NOTIC: [8] Undefined variable: UserInfo /www/wwwroot/guangbang/guangbang/Admin/Home/Controller/BaseController.class.php 第 17 行.
SQL: SELECT * FROM `auth` WHERE ( fid = 2 and Status = 1 )  [ RunTime:0.0002s ]
NOTIC: [8] Undefined variable: UserInfo /www/wwwroot/guangbang/guangbang/Admin/Home/Controller/BaseController.class.php 第 17 行.
NOTIC: [8] Undefined variable: UserInfo /www/wwwroot/guangbang/guangbang/Admin/Home/Controller/BaseController.class.php 第 17 行.
NOTIC: [8] Undefined variable: UserInfo /www/wwwroot/guangbang/guangbang/Admin/Home/Controller/BaseController.class.php 第 17 行.
NOTIC: [8] Undefined variable: UserInfo /www/wwwroot/guangbang/guangbang/Admin/Home/Controller/BaseController.class.php 第 17 行.
SQL: SELECT * FROM `auth` WHERE ( fid = 6 and Status = 1 )  [ RunTime:0.0002s ]
NOTIC: [8] Undefined variable: UserInfo /www/wwwroot/guangbang/guangbang/Admin/Home/Controller/BaseController.class.php 第 17 行.
NOTIC: [8] Undefined variable: UserInfo /www/wwwroot/guangbang/guangbang/Admin/Home/Controller/BaseController.class.php 第 17 行.
NOTIC: [8] Undefined variable: UserInfo /www/wwwroot/guangbang/guangbang/Admin/Home/Controller/BaseController.class.php 第 17 行.
NOTIC: [8] Undefined variable: UserInfo /www/wwwroot/guangbang/guangbang/Admin/Home/Controller/BaseController.class.php 第 17 行.
SQL: SELECT * FROM `auth` WHERE ( fid = 13 and Status = 1 )  [ RunTime:0.0002s ]
NOTIC: [8] Undefined variable: UserInfo /www/wwwroot/guangbang/guangbang/Admin/Home/Controller/BaseController.class.php 第 17 行.
NOTIC: [8] Undefined variable: UserInfo /www/wwwroot/guangbang/guangbang/Admin/Home/Controller/BaseController.class.php 第 17 行.
SQL: SELECT * FROM `auth` WHERE ( fid = 17 and Status = 1 )  [ RunTime:0.0002s ]
NOTIC: [8] Undefined variable: UserInfo /www/wwwroot/guangbang/guangbang/Admin/Home/Controller/BaseController.class.php 第 17 行.
NOTIC: [8] Undefined variable: UserInfo /www/wwwroot/guangbang/guangbang/Admin/Home/Controller/BaseController.class.php 第 17 行.
SQL: SELECT * FROM `auth` WHERE ( fid = 19 and Status = 1 )  [ RunTime:0.0002s ]
NOTIC: [8] Undefined variable: UserInfo /www/wwwroot/guangbang/guangbang/Admin/Home/Controller/BaseController.class.php 第 17 行.
NOTIC: [8] Undefined variable: UserInfo /www/wwwroot/guangbang/guangbang/Admin/Home/Controller/BaseController.class.php 第 17 行.
NOTIC: [8] Undefined variable: UserInfo /www/wwwroot/guangbang/guangbang/Admin/Home/Controller/BaseController.class.php 第 17 行.
SQL: SELECT * FROM `auth` WHERE ( fid = 23 and Status = 1 )  [ RunTime:0.0002s ]
NOTIC: [8] Undefined variable: UserInfo /www/wwwroot/guangbang/guangbang/Admin/Home/Controller/BaseController.class.php 第 17 行.
SQL: SELECT * FROM `auth` WHERE ( fid = 24 and Status = 1 )  [ RunTime:0.0002s ]
NOTIC: [8] Undefined variable: UserInfo /www/wwwroot/guangbang/guangbang/Admin/Home/Controller/BaseController.class.php 第 17 行.
NOTIC: [8] Undefined variable: UserInfo /www/wwwroot/guangbang/guangbang/Admin/Home/Controller/BaseController.class.php 第 17 行.
NOTIC: [8] Undefined variable: UserInfo /www/wwwroot/guangbang/guangbang/Admin/Home/Controller/BaseController.class.php 第 17 行.
NOTIC: [8] Undefined variable: UserInfo /www/wwwroot/guangbang/guangbang/Admin/Home/Controller/BaseController.class.php 第 17 行.
SQL: SELECT * FROM `auth` WHERE ( fid = 28 and Status = 1 )  [ RunTime:0.0002s ]
NOTIC: [8] Undefined variable: UserInfo /www/wwwroot/guangbang/guangbang/Admin/Home/Controller/BaseController.class.php 第 17 行.
SQL: SELECT `fid` FROM `auth` WHERE ( id =1 ) LIMIT 1   [ RunTime:0.0002s ]
SQL: SHOW COLUMNS FROM `message` [ RunTime:0.0006s ]
SQL: SELECT COUNT(*) AS tp_count FROM `message` WHERE ( Status = 0 ) LIMIT 1   [ RunTime:0.0002s ]
SQL: SHOW COLUMNS FROM `user` [ RunTime:0.0007s ]
SQL: SELECT * FROM `user` WHERE `UserName` = 'admin' AND `PassWord` = '4297f44b13955235245b2497399d7a93' AND `status` = 1 LIMIT 1   [ RunTime:0.0002s ]
SQL: SHOW COLUMNS FROM `user` [ RunTime:0.0005s ]
SQL: UPDATE `user` SET `UpdateTime`='2018-01-25 17:11:51',`LastIp`='183.13.204.168' WHERE ( ID = 1 ) [ RunTime:0.1142s ]
INFO: [ view_parse ] --START--
INFO: [ template_filter ] --START--
INFO: Run Behavior\ContentReplaceBehavior [ RunTime:0.000037s ]
INFO: [ template_filter ] --END-- [ RunTime:0.000070s ]
INFO: Run Behavior\ParseTemplateBehavior [ RunTime:0.024409s ]
INFO: [ view_parse ] --END-- [ RunTime:0.024441s ]
INFO: [ view_filter ] --START--
INFO: Run Behavior\WriteHtmlCacheBehavior [ RunTime:0.000184s ]
INFO: [ view_filter ] --END-- [ RunTime:0.000205s ]
INFO: [ app_end ] --START--
INFO: Run Behavior\ShowPageTraceBehavior [ RunTime:0.000414s ]
INFO: [ app_end ] --END-- [ RunTime:0.000436s ]

[ 2018-01-25T17:11:53+08:00 ] 183.13.204.168 /adm.php/Home/Index/index.html
INFO: [ app_init ] --START--
INFO: Run Behavior\BuildLiteBehavior [ RunTime:0.000009s ]
INFO: [ app_init ] --END-- [ RunTime:0.000274s ]
INFO: [ app_begin ] --START--
INFO: Run Behavior\ReadHtmlCacheBehavior [ RunTime:0.000376s ]
INFO: [ app_begin ] --END-- [ RunTime:0.000407s ]
SQL: SHOW COLUMNS FROM `user` [ RunTime:0.0008s ]
SQL: SELECT * FROM `user` WHERE ( ID = 1 ) LIMIT 1   [ RunTime:0.0002s ]
SQL: SHOW COLUMNS FROM `auth` [ RunTime:0.0004s ]
SQL: SELECT * FROM `auth` WHERE ( Status = 1 )  [ RunTime:0.0002s ]
SQL: SELECT * FROM `auth` WHERE ( fid = 1 and Status = 1 )  [ RunTime:0.0002s ]
SQL: SELECT * FROM `auth` WHERE ( fid = 2 and Status = 1 )  [ RunTime:0.0002s ]
SQL: SELECT * FROM `auth` WHERE ( fid = 6 and Status = 1 )  [ RunTime:0.0001s ]
SQL: SELECT * FROM `auth` WHERE ( fid = 13 and Status = 1 )  [ RunTime:0.0002s ]
SQL: SELECT * FROM `auth` WHERE ( fid = 17 and Status = 1 )  [ RunTime:0.0001s ]
SQL: SELECT * FROM `auth` WHERE ( fid = 19 and Status = 1 )  [ RunTime:0.0003s ]
SQL: SELECT * FROM `auth` WHERE ( fid = 23 and Status = 1 )  [ RunTime:0.0002s ]
SQL: SELECT * FROM `auth` WHERE ( fid = 24 and Status = 1 )  [ RunTime:0.0002s ]
SQL: SELECT * FROM `auth` WHERE ( fid = 28 and Status = 1 )  [ RunTime:0.0001s ]
SQL: SELECT `fid` FROM `auth` WHERE ( id =1 ) LIMIT 1   [ RunTime:0.0002s ]
SQL: SHOW COLUMNS FROM `message` [ RunTime:0.0005s ]
SQL: SELECT COUNT(*) AS tp_count FROM `message` WHERE ( Status = 0 ) LIMIT 1   [ RunTime:0.0002s ]
SQL: SHOW COLUMNS FROM `user` [ RunTime:0.0005s ]
SQL: SELECT * FROM `user` WHERE ( PassWord ='4297f44b13955235245b2497399d7a93' ) LIMIT 1   [ RunTime:0.0002s ]
SQL: SHOW COLUMNS FROM `news` [ RunTime:0.0005s ]
SQL: SELECT COUNT(*) AS tp_count FROM `news` WHERE ( Type ="news" and Status > 0 ) LIMIT 1   [ RunTime:0.0002s ]
SQL: SELECT sum(ShowTimes) as s FROM `news` WHERE ( Type ="news" and Status > 0 ) LIMIT 1   [ RunTime:0.0105s ]
SQL: SELECT COUNT(*) AS tp_count FROM `news` WHERE ( Type ="media" and Status > 0 ) LIMIT 1   [ RunTime:0.0002s ]
SQL: SELECT sum(ShowTimes) as s FROM `news` WHERE ( Type ="media" and Status > 0 ) LIMIT 1   [ RunTime:0.0002s ]
INFO: [ view_parse ] --START--
INFO: [ template_filter ] --START--
INFO: Run Behavior\ContentReplaceBehavior [ RunTime:0.000149s ]
INFO: [ template_filter ] --END-- [ RunTime:0.000196s ]
INFO: Run Behavior\ParseTemplateBehavior [ RunTime:0.025806s ]
INFO: [ view_parse ] --END-- [ RunTime:0.025845s ]
INFO: [ view_filter ] --START--
INFO: Run Behavior\WriteHtmlCacheBehavior [ RunTime:0.000182s ]
INFO: [ view_filter ] --END-- [ RunTime:0.000203s ]
INFO: [ app_end ] --START--
INFO: Run Behavior\ShowPageTraceBehavior [ RunTime:0.000437s ]
INFO: [ app_end ] --END-- [ RunTime:0.000468s ]

[ 2018-01-25T17:12:00+08:00 ] 183.13.204.168 /adm.php/Home/Index/lunboList/nav/3.html
INFO: [ app_init ] --START--
INFO: Run Behavior\BuildLiteBehavior [ RunTime:0.000009s ]
INFO: [ app_init ] --END-- [ RunTime:0.000237s ]
INFO: [ app_begin ] --START--
INFO: Run Behavior\ReadHtmlCacheBehavior [ RunTime:0.000429s ]
INFO: [ app_begin ] --END-- [ RunTime:0.000475s ]
SQL: SHOW COLUMNS FROM `user` [ RunTime:0.0009s ]
SQL: SELECT * FROM `user` WHERE ( ID = 1 ) LIMIT 1   [ RunTime:0.0002s ]
SQL: SHOW COLUMNS FROM `auth` [ RunTime:0.0005s ]
SQL: SELECT * FROM `auth` WHERE ( Status = 1 )  [ RunTime:0.0002s ]
SQL: SELECT * FROM `auth` WHERE ( fid = 1 and Status = 1 )  [ RunTime:0.0002s ]
SQL: SELECT * FROM `auth` WHERE ( fid = 2 and Status = 1 )  [ RunTime:0.0003s ]
SQL: SELECT * FROM `auth` WHERE ( fid = 6 and Status = 1 )  [ RunTime:0.0002s ]
SQL: SELECT * FROM `auth` WHERE ( fid = 13 and Status = 1 )  [ RunTime:0.0002s ]
SQL: SELECT * FROM `auth` WHERE ( fid = 17 and Status = 1 )  [ RunTime:0.0002s ]
SQL: SELECT * FROM `auth` WHERE ( fid = 19 and Status = 1 )  [ RunTime:0.0002s ]
SQL: SELECT * FROM `auth` WHERE ( fid = 23 and Status = 1 )  [ RunTime:0.0001s ]
SQL: SELECT * FROM `auth` WHERE ( fid = 24 and Status = 1 )  [ RunTime:0.0002s ]
SQL: SELECT * FROM `auth` WHERE ( fid = 28 and Status = 1 )  [ RunTime:0.0002s ]
SQL: SELECT `fid` FROM `auth` WHERE ( id =3 ) LIMIT 1   [ RunTime:0.0002s ]
SQL: SHOW COLUMNS FROM `message` [ RunTime:0.0006s ]
SQL: SELECT COUNT(*) AS tp_count FROM `message` WHERE ( Status = 0 ) LIMIT 1   [ RunTime:0.0002s ]
SQL: SHOW COLUMNS FROM `user` [ RunTime:0.0006s ]
SQL: SELECT * FROM `user` WHERE ( PassWord ='4297f44b13955235245b2497399d7a93' ) LIMIT 1   [ RunTime:0.0002s ]
NOTIC: [8] Undefined index: Type /www/wwwroot/guangbang/guangbang/Admin/Home/Controller/IndexController.class.php 第 25 行.
SQL: SHOW COLUMNS FROM `img` [ RunTime:0.0005s ]
SQL: SELECT * FROM `img` ORDER BY Sort ASC  [ RunTime:0.0002s ]
INFO: [ view_parse ] --START--
INFO: [ template_filter ] --START--
INFO: Run Behavior\ContentReplaceBehavior [ RunTime:0.000154s ]
INFO: [ template_filter ] --END-- [ RunTime:0.000184s ]
INFO: Run Behavior\ParseTemplateBehavior [ RunTime:0.021534s ]
INFO: [ view_parse ] --END-- [ RunTime:0.021579s ]
INFO: [ view_filter ] --START--
INFO: Run Behavior\WriteHtmlCacheBehavior [ RunTime:0.000202s ]
INFO: [ view_filter ] --END-- [ RunTime:0.000226s ]
INFO: [ app_end ] --START--
INFO: Run Behavior\ShowPageTraceBehavior [ RunTime:0.000549s ]
INFO: [ app_end ] --END-- [ RunTime:0.000582s ]

[ 2018-01-25T17:12:03+08:00 ] 183.13.204.168 /adm.php/Home/Index/ImgEdit/ID/25.html
INFO: [ app_init ] --START--
INFO: Run Behavior\BuildLiteBehavior [ RunTime:0.000009s ]
INFO: [ app_init ] --END-- [ RunTime:0.000335s ]
INFO: [ app_begin ] --START--
INFO: Run Behavior\ReadHtmlCacheBehavior [ RunTime:0.000372s ]
INFO: [ app_begin ] --END-- [ RunTime:0.000400s ]
SQL: SHOW COLUMNS FROM `user` [ RunTime:0.0009s ]
SQL: SELECT * FROM `user` WHERE ( ID = 1 ) LIMIT 1   [ RunTime:0.0002s ]
SQL: SHOW COLUMNS FROM `auth` [ RunTime:0.0005s ]
SQL: SELECT * FROM `auth` WHERE ( Status = 1 )  [ RunTime:0.0002s ]
SQL: SELECT * FROM `auth` WHERE ( fid = 1 and Status = 1 )  [ RunTime:0.0002s ]
SQL: SELECT * FROM `auth` WHERE ( fid = 2 and Status = 1 )  [ RunTime:0.0002s ]
SQL: SELECT * FROM `auth` WHERE ( fid = 6 and Status = 1 )  [ RunTime:0.0002s ]
SQL: SELECT * FROM `auth` WHERE ( fid = 13 and Status = 1 )  [ RunTime:0.0002s ]
SQL: SELECT * FROM `auth` WHERE ( fid = 17 and Status = 1 )  [ RunTime:0.0001s ]
SQL: SELECT * FROM `auth` WHERE ( fid = 19 and Status = 1 )  [ RunTime:0.0002s ]
SQL: SELECT * FROM `auth` WHERE ( fid = 23 and Status = 1 )  [ RunTime:0.0002s ]
SQL: SELECT * FROM `auth` WHERE ( fid = 24 and Status = 1 )  [ RunTime:0.0001s ]
SQL: SELECT * FROM `auth` WHERE ( fid = 28 and Status = 1 )  [ RunTime:0.0001s ]
SQL: SELECT `fid` FROM `auth` WHERE ( id =1 ) LIMIT 1   [ RunTime:0.0001s ]
SQL: SHOW COLUMNS FROM `message` [ RunTime:0.0005s ]
SQL: SELECT COUNT(*) AS tp_count FROM `message` WHERE ( Status = 0 ) LIMIT 1   [ RunTime:0.0001s ]
SQL: SHOW COLUMNS FROM `user` [ RunTime:0.0005s ]
SQL: SELECT * FROM `user` WHERE ( PassWord ='4297f44b13955235245b2497399d7a93' ) LIMIT 1   [ RunTime:0.0002s ]
SQL: SHOW COLUMNS FROM `img` [ RunTime:0.0005s ]
SQL: SELECT * FROM `img` WHERE ( ID = 25 ) LIMIT 1   [ RunTime:0.0001s ]
INFO: [ view_parse ] --START--
INFO: [ template_filter ] --START--
INFO: Run Behavior\ContentReplaceBehavior [ RunTime:0.000151s ]
INFO: [ template_filter ] --END-- [ RunTime:0.000180s ]
INFO: Run Behavior\ParseTemplateBehavior [ RunTime:0.026160s ]
INFO: [ view_parse ] --END-- [ RunTime:0.026204s ]
INFO: [ view_filter ] --START--
INFO: Run Behavior\WriteHtmlCacheBehavior [ RunTime:0.000285s ]
INFO: [ view_filter ] --END-- [ RunTime:0.000316s ]
INFO: [ app_end ] --START--
INFO: Run Behavior\ShowPageTraceBehavior [ RunTime:0.000672s ]
INFO: [ app_end ] --END-- [ RunTime:0.000711s ]

[ 2018-01-25T17:12:16+08:00 ] 183.13.204.168 /adm.php/Home/Index/ImgEdit/ID/25.html
INFO: [ app_init ] --START--
INFO: Run Behavior\BuildLiteBehavior [ RunTime:0.000009s ]
INFO: [ app_init ] --END-- [ RunTime:0.000268s ]
INFO: [ app_begin ] --START--
INFO: Run Behavior\ReadHtmlCacheBehavior [ RunTime:0.000374s ]
INFO: [ app_begin ] --END-- [ RunTime:0.000403s ]
SQL: SHOW COLUMNS FROM `user` [ RunTime:0.0008s ]
SQL: SELECT * FROM `user` WHERE ( ID = 1 ) LIMIT 1   [ RunTime:0.0002s ]
SQL: SHOW COLUMNS FROM `auth` [ RunTime:0.0005s ]
SQL: SELECT * FROM `auth` WHERE ( Status = 1 )  [ RunTime:0.0002s ]
SQL: SELECT * FROM `auth` WHERE ( fid = 1 and Status = 1 )  [ RunTime:0.0002s ]
SQL: SELECT * FROM `auth` WHERE ( fid = 2 and Status = 1 )  [ RunTime:0.0002s ]
SQL: SELECT * FROM `auth` WHERE ( fid = 6 and Status = 1 )  [ RunTime:0.0002s ]
SQL: SELECT * FROM `auth` WHERE ( fid = 13 and Status = 1 )  [ RunTime:0.0002s ]
SQL: SELECT * FROM `auth` WHERE ( fid = 17 and Status = 1 )  [ RunTime:0.0002s ]
SQL: SELECT * FROM `auth` WHERE ( fid = 19 and Status = 1 )  [ RunTime:0.0001s ]
SQL: SELECT * FROM `auth` WHERE ( fid = 23 and Status = 1 )  [ RunTime:0.0002s ]
SQL: SELECT * FROM `auth` WHERE ( fid = 24 and Status = 1 )  [ RunTime:0.0001s ]
SQL: SELECT * FROM `auth` WHERE ( fid = 28 and Status = 1 )  [ RunTime:0.0001s ]
SQL: SELECT `fid` FROM `auth` WHERE ( id =1 ) LIMIT 1   [ RunTime:0.0001s ]
SQL: SHOW COLUMNS FROM `message` [ RunTime:0.0005s ]
SQL: SELECT COUNT(*) AS tp_count FROM `message` WHERE ( Status = 0 ) LIMIT 1   [ RunTime:0.0001s ]
SQL: SHOW COLUMNS FROM `user` [ RunTime:0.0005s ]
SQL: SELECT * FROM `user` WHERE ( PassWord ='4297f44b13955235245b2497399d7a93' ) LIMIT 1   [ RunTime:0.0002s ]
SQL: SHOW COLUMNS FROM `img` [ RunTime:0.0005s ]
SQL: SELECT COUNT(*) AS tp_count FROM `img` LIMIT 1   [ RunTime:0.0001s ]
SQL: SHOW COLUMNS FROM `news` [ RunTime:0.0007s ]
NOTIC: [2] call_user_func() expects parameter 1 to be a valid callback, no array or string given /www/wwwroot/guangbang/guangbang/ThinkPHP/Library/Think/Upload.class.php 第 170 行.
SQL: SELECT `Sort` FROM `img` ORDER BY Sort DESC LIMIT 1   [ RunTime:0.0003s ]
SQL: SELECT `Sort` FROM `img` WHERE ( Id=25 ) LIMIT 1   [ RunTime:0.0001s ]
SQL: UPDATE `img` SET `ImgName`='lunbo1',`Sort`='1',`Type`='lg',`Url`='',`Status`='1',`ImgUrl`='/Public/uploads/2018-01-25/5a699f7007513.jpg' WHERE ( ID = 25 ) [ RunTime:0.0143s ]

[ 2018-01-25T17:12:17+08:00 ] 183.13.204.168 /adm.php/Home/Index/lunboList.html
INFO: [ app_init ] --START--
INFO: Run Behavior\BuildLiteBehavior [ RunTime:0.000009s ]
INFO: [ app_init ] --END-- [ RunTime:0.000263s ]
INFO: [ app_begin ] --START--
INFO: Run Behavior\ReadHtmlCacheBehavior [ RunTime:0.000364s ]
INFO: [ app_begin ] --END-- [ RunTime:0.000392s ]
SQL: SHOW COLUMNS FROM `user` [ RunTime:0.0008s ]
SQL: SELECT * FROM `user` WHERE ( ID = 1 ) LIMIT 1   [ RunTime:0.0002s ]
SQL: SHOW COLUMNS FROM `auth` [ RunTime:0.0004s ]
SQL: SELECT * FROM `auth` WHERE ( Status = 1 )  [ RunTime:0.0002s ]
SQL: SELECT * FROM `auth` WHERE ( fid = 1 and Status = 1 )  [ RunTime:0.0002s ]
SQL: SELECT * FROM `auth` WHERE ( fid = 2 and Status = 1 )  [ RunTime:0.0002s ]
SQL: SELECT * FROM `auth` WHERE ( fid = 6 and Status = 1 )  [ RunTime:0.0001s ]
SQL: SELECT * FROM `auth` WHERE ( fid = 13 and Status = 1 )  [ RunTime:0.0002s ]
SQL: SELECT * FROM `auth` WHERE ( fid = 17 and Status = 1 )  [ RunTime:0.0002s ]
SQL: SELECT * FROM `auth` WHERE ( fid = 19 and Status = 1 )  [ RunTime:0.0002s ]
SQL: SELECT * FROM `auth` WHERE ( fid = 23 and Status = 1 )  [ RunTime:0.0001s ]
SQL: SELECT * FROM `auth` WHERE ( fid = 24 and Status = 1 )  [ RunTime:0.0002s ]
SQL: SELECT * FROM `auth` WHERE ( fid = 28 and Status = 1 )  [ RunTime:0.0002s ]
SQL: SELECT `fid` FROM `auth` WHERE ( id =1 ) LIMIT 1   [ RunTime:0.0001s ]
SQL: SHOW COLUMNS FROM `message` [ RunTime:0.0005s ]
SQL: SELECT COUNT(*) AS tp_count FROM `message` WHERE ( Status = 0 ) LIMIT 1   [ RunTime:0.0001s ]
SQL: SHOW COLUMNS FROM `user` [ RunTime:0.0006s ]
SQL: SELECT * FROM `user` WHERE ( PassWord ='4297f44b13955235245b2497399d7a93' ) LIMIT 1   [ RunTime:0.0002s ]
NOTIC: [8] Undefined index: Type /www/wwwroot/guangbang/guangbang/Admin/Home/Controller/IndexController.class.php 第 25 行.
SQL: SHOW COLUMNS FROM `img` [ RunTime:0.0005s ]
SQL: SELECT * FROM `img` ORDER BY Sort ASC  [ RunTime:0.0002s ]
INFO: [ view_parse ] --START--
INFO: [ template_filter ] --START--
INFO: Run Behavior\ContentReplaceBehavior [ RunTime:0.000134s ]
INFO: [ template_filter ] --END-- [ RunTime:0.000161s ]
INFO: Run Behavior\ParseTemplateBehavior [ RunTime:0.009528s ]
INFO: [ view_parse ] --END-- [ RunTime:0.009555s ]
INFO: [ view_filter ] --START--
INFO: Run Behavior\WriteHtmlCacheBehavior [ RunTime:0.000187s ]
INFO: [ view_filter ] --END-- [ RunTime:0.000210s ]
INFO: [ app_end ] --START--
INFO: Run Behavior\ShowPageTraceBehavior [ RunTime:0.000407s ]
INFO: [ app_end ] --END-- [ RunTime:0.000437s ]

[ 2018-01-25T17:12:18+08:00 ] 183.13.204.168 /adm.php/Home/Index/ImgEdit/ID/26.html
INFO: [ app_init ] --START--
INFO: Run Behavior\BuildLiteBehavior [ RunTime:0.000009s ]
INFO: [ app_init ] --END-- [ RunTime:0.000265s ]
INFO: [ app_begin ] --START--
INFO: Run Behavior\ReadHtmlCacheBehavior [ RunTime:0.000502s ]
INFO: [ app_begin ] --END-- [ RunTime:0.000534s ]
SQL: SHOW COLUMNS FROM `user` [ RunTime:0.0009s ]
SQL: SELECT * FROM `user` WHERE ( ID = 1 ) LIMIT 1   [ RunTime:0.0002s ]
SQL: SHOW COLUMNS FROM `auth` [ RunTime:0.0005s ]
SQL: SELECT * FROM `auth` WHERE ( Status = 1 )  [ RunTime:0.0002s ]
SQL: SELECT * FROM `auth` WHERE ( fid = 1 and Status = 1 )  [ RunTime:0.0002s ]
SQL: SELECT * FROM `auth` WHERE ( fid = 2 and Status = 1 )  [ RunTime:0.0002s ]
SQL: SELECT * FROM `auth` WHERE ( fid = 6 and Status = 1 )  [ RunTime:0.0002s ]
SQL: SELECT * FROM `auth` WHERE ( fid = 13 and Status = 1 )  [ RunTime:0.0002s ]
SQL: SELECT * FROM `auth` WHERE ( fid = 17 and Status = 1 )  [ RunTime:0.0002s ]
SQL: SELECT * FROM `auth` WHERE ( fid = 19 and Status = 1 )  [ RunTime:0.0002s ]
SQL: SELECT * FROM `auth` WHERE ( fid = 23 and Status = 1 )  [ RunTime:0.0002s ]
SQL: SELECT * FROM `auth` WHERE ( fid = 24 and Status = 1 )  [ RunTime:0.0001s ]
SQL: SELECT * FROM `auth` WHERE ( fid = 28 and Status = 1 )  [ RunTime:0.0001s ]
SQL: SELECT `fid` FROM `auth` WHERE ( id =1 ) LIMIT 1   [ RunTime:0.0001s ]
SQL: SHOW COLUMNS FROM `message` [ RunTime:0.0005s ]
SQL: SELECT COUNT(*) AS tp_count FROM `message` WHERE ( Status = 0 ) LIMIT 1   [ RunTime:0.0001s ]
SQL: SHOW COLUMNS FROM `user` [ RunTime:0.0005s ]
SQL: SELECT * FROM `user` WHERE ( PassWord ='4297f44b13955235245b2497399d7a93' ) LIMIT 1   [ RunTime:0.0002s ]
SQL: SHOW COLUMNS FROM `img` [ RunTime:0.0005s ]
SQL: SELECT * FROM `img` WHERE ( ID = 26 ) LIMIT 1   [ RunTime:0.0001s ]
INFO: [ view_parse ] --START--
INFO: [ template_filter ] --START--
INFO: Run Behavior\ContentReplaceBehavior [ RunTime:0.000160s ]
INFO: [ template_filter ] --END-- [ RunTime:0.000194s ]
INFO: Run Behavior\ParseTemplateBehavior [ RunTime:0.010016s ]
INFO: [ view_parse ] --END-- [ RunTime:0.010059s ]
INFO: [ view_filter ] --START--
INFO: Run Behavior\WriteHtmlCacheBehavior [ RunTime:0.000213s ]
INFO: [ view_filter ] --END-- [ RunTime:0.000250s ]
INFO: [ app_end ] --START--
INFO: Run Behavior\ShowPageTraceBehavior [ RunTime:0.000469s ]
INFO: [ app_end ] --END-- [ RunTime:0.000503s ]

[ 2018-01-25T17:12:23+08:00 ] 183.13.204.168 /adm.php/Home/Index/ImgEdit/ID/26.html
INFO: [ app_init ] --START--
INFO: Run Behavior\BuildLiteBehavior [ RunTime:0.000009s ]
INFO: [ app_init ] --END-- [ RunTime:0.000265s ]
INFO: [ app_begin ] --START--
INFO: Run Behavior\ReadHtmlCacheBehavior [ RunTime:0.000346s ]
INFO: [ app_begin ] --END-- [ RunTime:0.000392s ]
SQL: SHOW COLUMNS FROM `user` [ RunTime:0.0008s ]
SQL: SELECT * FROM `user` WHERE ( ID = 1 ) LIMIT 1   [ RunTime:0.0002s ]
SQL: SHOW COLUMNS FROM `auth` [ RunTime:0.0005s ]
SQL: SELECT * FROM `auth` WHERE ( Status = 1 )  [ RunTime:0.0002s ]
SQL: SELECT * FROM `auth` WHERE ( fid = 1 and Status = 1 )  [ RunTime:0.0002s ]
SQL: SELECT * FROM `auth` WHERE ( fid = 2 and Status = 1 )  [ RunTime:0.0002s ]
SQL: SELECT * FROM `auth` WHERE ( fid = 6 and Status = 1 )  [ RunTime:0.0002s ]
SQL: SELECT * FROM `auth` WHERE ( fid = 13 and Status = 1 )  [ RunTime:0.0001s ]
SQL: SELECT * FROM `auth` WHERE ( fid = 17 and Status = 1 )  [ RunTime:0.0002s ]
SQL: SELECT * FROM `auth` WHERE ( fid = 19 and Status = 1 )  [ RunTime:0.0002s ]
SQL: SELECT * FROM `auth` WHERE ( fid = 23 and Status = 1 )  [ RunTime:0.0001s ]
SQL: SELECT * FROM `auth` WHERE ( fid = 24 and Status = 1 )  [ RunTime:0.0001s ]
SQL: SELECT * FROM `auth` WHERE ( fid = 28 and Status = 1 )  [ RunTime:0.0002s ]
SQL: SELECT `fid` FROM `auth` WHERE ( id =1 ) LIMIT 1   [ RunTime:0.0001s ]
SQL: SHOW COLUMNS FROM `message` [ RunTime:0.0005s ]
SQL: SELECT COUNT(*) AS tp_count FROM `message` WHERE ( Status = 0 ) LIMIT 1   [ RunTime:0.0002s ]
SQL: SHOW COLUMNS FROM `user` [ RunTime:0.0005s ]
SQL: SELECT * FROM `user` WHERE ( PassWord ='4297f44b13955235245b2497399d7a93' ) LIMIT 1   [ RunTime:0.0002s ]
SQL: SHOW COLUMNS FROM `img` [ RunTime:0.0004s ]
SQL: SELECT COUNT(*) AS tp_count FROM `img` LIMIT 1   [ RunTime:0.0001s ]
SQL: SHOW COLUMNS FROM `news` [ RunTime:0.0005s ]
NOTIC: [2] call_user_func() expects parameter 1 to be a valid callback, no array or string given /www/wwwroot/guangbang/guangbang/ThinkPHP/Library/Think/Upload.class.php 第 170 行.
SQL: SELECT `Sort` FROM `img` ORDER BY Sort DESC LIMIT 1   [ RunTime:0.0001s ]
SQL: SELECT `Sort` FROM `img` WHERE ( Id=26 ) LIMIT 1   [ RunTime:0.0001s ]
SQL: UPDATE `img` SET `ImgName`='lunbo2',`Sort`='2',`Type`='lg',`Url`='',`Status`='1',`ImgUrl`='/Public/uploads/2018-01-25/5a699f77a9424.jpg' WHERE ( ID = 26 ) [ RunTime:0.0015s ]

[ 2018-01-25T17:12:24+08:00 ] 183.13.204.168 /adm.php/Home/Index/lunboList.html
INFO: [ app_init ] --START--
INFO: Run Behavior\BuildLiteBehavior [ RunTime:0.000008s ]
INFO: [ app_init ] --END-- [ RunTime:0.000249s ]
INFO: [ app_begin ] --START--
INFO: Run Behavior\ReadHtmlCacheBehavior [ RunTime:0.000367s ]
INFO: [ app_begin ] --END-- [ RunTime:0.000396s ]
SQL: SHOW COLUMNS FROM `user` [ RunTime:0.0008s ]
SQL: SELECT * FROM `user` WHERE ( ID = 1 ) LIMIT 1   [ RunTime:0.0002s ]
SQL: SHOW COLUMNS FROM `auth` [ RunTime:0.0004s ]
SQL: SELECT * FROM `auth` WHERE ( Status = 1 )  [ RunTime:0.0002s ]
SQL: SELECT * FROM `auth` WHERE ( fid = 1 and Status = 1 )  [ RunTime:0.0002s ]
SQL: SELECT * FROM `auth` WHERE ( fid = 2 and Status = 1 )  [ RunTime:0.0002s ]
SQL: SELECT * FROM `auth` WHERE ( fid = 6 and Status = 1 )  [ RunTime:0.0001s ]
SQL: SELECT * FROM `auth` WHERE ( fid = 13 and Status = 1 )  [ RunTime:0.0002s ]
SQL: SELECT * FROM `auth` WHERE ( fid = 17 and Status = 1 )  [ RunTime:0.0002s ]
SQL: SELECT * FROM `auth` WHERE ( fid = 19 and Status = 1 )  [ RunTime:0.0001s ]
SQL: SELECT * FROM `auth` WHERE ( fid = 23 and Status = 1 )  [ RunTime:0.0001s ]
SQL: SELECT * FROM `auth` WHERE ( fid = 24 and Status = 1 )  [ RunTime:0.0002s ]
SQL: SELECT * FROM `auth` WHERE ( fid = 28 and Status = 1 )  [ RunTime:0.0001s ]
SQL: SELECT `fid` FROM `auth` WHERE ( id =1 ) LIMIT 1   [ RunTime:0.0001s ]
SQL: SHOW COLUMNS FROM `message` [ RunTime:0.0005s ]
SQL: SELECT COUNT(*) AS tp_count FROM `message` WHERE ( Status = 0 ) LIMIT 1   [ RunTime:0.0001s ]
SQL: SHOW COLUMNS FROM `user` [ RunTime:0.0005s ]
SQL: SELECT * FROM `user` WHERE ( PassWord ='4297f44b13955235245b2497399d7a93' ) LIMIT 1   [ RunTime:0.0002s ]
NOTIC: [8] Undefined index: Type /www/wwwroot/guangbang/guangbang/Admin/Home/Controller/IndexController.class.php 第 25 行.
SQL: SHOW COLUMNS FROM `img` [ RunTime:0.0005s ]
SQL: SELECT * FROM `img` ORDER BY Sort ASC  [ RunTime:0.0002s ]
INFO: [ view_parse ] --START--
INFO: [ template_filter ] --START--
INFO: Run Behavior\ContentReplaceBehavior [ RunTime:0.000151s ]
INFO: [ template_filter ] --END-- [ RunTime:0.000181s ]
INFO: Run Behavior\ParseTemplateBehavior [ RunTime:0.009679s ]
INFO: [ view_parse ] --END-- [ RunTime:0.009704s ]
INFO: [ view_filter ] --START--
INFO: Run Behavior\WriteHtmlCacheBehavior [ RunTime:0.000185s ]
INFO: [ view_filter ] --END-- [ RunTime:0.000208s ]
INFO: [ app_end ] --START--
INFO: Run Behavior\ShowPageTraceBehavior [ RunTime:0.000397s ]
INFO: [ app_end ] --END-- [ RunTime:0.000427s ]

[ 2018-01-25T17:12:26+08:00 ] 183.13.204.168 /adm.php/Home/Index/ImgEdit/ID/27.html
INFO: [ app_init ] --START--
INFO: Run Behavior\BuildLiteBehavior [ RunTime:0.000009s ]
INFO: [ app_init ] --END-- [ RunTime:0.000261s ]
INFO: [ app_begin ] --START--
INFO: Run Behavior\ReadHtmlCacheBehavior [ RunTime:0.000346s ]
INFO: [ app_begin ] --END-- [ RunTime:0.000374s ]
SQL: SHOW COLUMNS FROM `user` [ RunTime:0.0008s ]
SQL: SELECT * FROM `user` WHERE ( ID = 1 ) LIMIT 1   [ RunTime:0.0002s ]
SQL: SHOW COLUMNS FROM `auth` [ RunTime:0.0005s ]
SQL: SELECT * FROM `auth` WHERE ( Status = 1 )  [ RunTime:0.0002s ]
SQL: SELECT * FROM `auth` WHERE ( fid = 1 and Status = 1 )  [ RunTime:0.0002s ]
SQL: SELECT * FROM `auth` WHERE ( fid = 2 and Status = 1 )  [ RunTime:0.0002s ]
SQL: SELECT * FROM `auth` WHERE ( fid = 6 and Status = 1 )  [ RunTime:0.0001s ]
SQL: SELECT * FROM `auth` WHERE ( fid = 13 and Status = 1 )  [ RunTime:0.0002s ]
SQL: SELECT * FROM `auth` WHERE ( fid = 17 and Status = 1 )  [ RunTime:0.0002s ]
SQL: SELECT * FROM `auth` WHERE ( fid = 19 and Status = 1 )  [ RunTime:0.0002s ]
SQL: SELECT * FROM `auth` WHERE ( fid = 23 and Status = 1 )  [ RunTime:0.0001s ]
SQL: SELECT * FROM `auth` WHERE ( fid = 24 and Status = 1 )  [ RunTime:0.0001s ]
SQL: SELECT * FROM `auth` WHERE ( fid = 28 and Status = 1 )  [ RunTime:0.0002s ]
SQL: SELECT `fid` FROM `auth` WHERE ( id =1 ) LIMIT 1   [ RunTime:0.0001s ]
SQL: SHOW COLUMNS FROM `message` [ RunTime:0.0005s ]
SQL: SELECT COUNT(*) AS tp_count FROM `message` WHERE ( Status = 0 ) LIMIT 1   [ RunTime:0.0002s ]
SQL: SHOW COLUMNS FROM `user` [ RunTime:0.0005s ]
SQL: SELECT * FROM `user` WHERE ( PassWord ='4297f44b13955235245b2497399d7a93' ) LIMIT 1   [ RunTime:0.0002s ]
SQL: SHOW COLUMNS FROM `img` [ RunTime:0.0004s ]
SQL: SELECT * FROM `img` WHERE ( ID = 27 ) LIMIT 1   [ RunTime:0.0002s ]
INFO: [ view_parse ] --START--
INFO: [ template_filter ] --START--
INFO: Run Behavior\ContentReplaceBehavior [ RunTime:0.000167s ]
INFO: [ template_filter ] --END-- [ RunTime:0.000199s ]
INFO: Run Behavior\ParseTemplateBehavior [ RunTime:0.009558s ]
INFO: [ view_parse ] --END-- [ RunTime:0.009584s ]
INFO: [ view_filter ] --START--
INFO: Run Behavior\WriteHtmlCacheBehavior [ RunTime:0.000181s ]
INFO: [ view_filter ] --END-- [ RunTime:0.000204s ]
INFO: [ app_end ] --START--
INFO: Run Behavior\ShowPageTraceBehavior [ RunTime:0.000454s ]
INFO: [ app_end ] --END-- [ RunTime:0.000484s ]

[ 2018-01-25T17:12:29+08:00 ] 183.13.204.168 /adm.php/Home/Index/ImgEdit/ID/27.html
INFO: [ app_init ] --START--
INFO: Run Behavior\BuildLiteBehavior [ RunTime:0.000010s ]
INFO: [ app_init ] --END-- [ RunTime:0.000274s ]
INFO: [ app_begin ] --START--
INFO: Run Behavior\ReadHtmlCacheBehavior [ RunTime:0.000483s ]
INFO: [ app_begin ] --END-- [ RunTime:0.000533s ]
SQL: SHOW COLUMNS FROM `user` [ RunTime:0.0009s ]
SQL: SELECT * FROM `user` WHERE ( ID = 1 ) LIMIT 1   [ RunTime:0.0002s ]
SQL: SHOW COLUMNS FROM `auth` [ RunTime:0.0005s ]
SQL: SELECT * FROM `auth` WHERE ( Status = 1 )  [ RunTime:0.0002s ]
SQL: SELECT * FROM `auth` WHERE ( fid = 1 and Status = 1 )  [ RunTime:0.0002s ]
SQL: SELECT * FROM `auth` WHERE ( fid = 2 and Status = 1 )  [ RunTime:0.0002s ]
SQL: SELECT * FROM `auth` WHERE ( fid = 6 and Status = 1 )  [ RunTime:0.0002s ]
SQL: SELECT * FROM `auth` WHERE ( fid = 13 and Status = 1 )  [ RunTime:0.0002s ]
SQL: SELECT * FROM `auth` WHERE ( fid = 17 and Status = 1 )  [ RunTime:0.0002s ]
SQL: SELECT * FROM `auth` WHERE ( fid = 19 and Status = 1 )  [ RunTime:0.0002s ]
SQL: SELECT * FROM `auth` WHERE ( fid = 23 and Status = 1 )  [ RunTime:0.0002s ]
SQL: SELECT * FROM `auth` WHERE ( fid = 24 and Status = 1 )  [ RunTime:0.0002s ]
SQL: SELECT * FROM `auth` WHERE ( fid = 28 and Status = 1 )  [ RunTime:0.0002s ]
SQL: SELECT `fid` FROM `auth` WHERE ( id =1 ) LIMIT 1   [ RunTime:0.0001s ]
SQL: SHOW COLUMNS FROM `message` [ RunTime:0.0005s ]
SQL: SELECT COUNT(*) AS tp_count FROM `message` WHERE ( Status = 0 ) LIMIT 1   [ RunTime:0.0002s ]
SQL: SHOW COLUMNS FROM `user` [ RunTime:0.0006s ]
SQL: SELECT * FROM `user` WHERE ( PassWord ='4297f44b13955235245b2497399d7a93' ) LIMIT 1   [ RunTime:0.0002s ]
SQL: SHOW COLUMNS FROM `img` [ RunTime:0.0005s ]
SQL: SELECT COUNT(*) AS tp_count FROM `img` LIMIT 1   [ RunTime:0.0001s ]
SQL: SHOW COLUMNS FROM `news` [ RunTime:0.0007s ]
NOTIC: [2] call_user_func() expects parameter 1 to be a valid callback, no array or string given /www/wwwroot/guangbang/guangbang/ThinkPHP/Library/Think/Upload.class.php 第 170 行.
SQL: SELECT `Sort` FROM `img` ORDER BY Sort DESC LIMIT 1   [ RunTime:0.0002s ]
SQL: SELECT `Sort` FROM `img` WHERE ( Id=27 ) LIMIT 1   [ RunTime:0.0002s ]
SQL: UPDATE `img` SET `ImgName`='lunbo3',`Sort`='3',`Type`='lg',`Url`='',`Status`='1',`ImgUrl`='/Public/uploads/2018-01-25/5a699f7defbc6.jpg' WHERE ( ID = 27 ) [ RunTime:0.0017s ]

[ 2018-01-25T17:12:30+08:00 ] 183.13.204.168 /adm.php/Home/Index/lunboList.html
INFO: [ app_init ] --START--
INFO: Run Behavior\BuildLiteBehavior [ RunTime:0.000009s ]
INFO: [ app_init ] --END-- [ RunTime:0.000258s ]
INFO: [ app_begin ] --START--
INFO: Run Behavior\ReadHtmlCacheBehavior [ RunTime:0.000367s ]
INFO: [ app_begin ] --END-- [ RunTime:0.000397s ]
SQL: SHOW COLUMNS FROM `user` [ RunTime:0.0009s ]
SQL: SELECT * FROM `user` WHERE ( ID = 1 ) LIMIT 1   [ RunTime:0.0002s ]
SQL: SHOW COLUMNS FROM `auth` [ RunTime:0.0007s ]
SQL: SELECT * FROM `auth` WHERE ( Status = 1 )  [ RunTime:0.0002s ]
SQL: SELECT * FROM `auth` WHERE ( fid = 1 and Status = 1 )  [ RunTime:0.0002s ]
SQL: SELECT * FROM `auth` WHERE ( fid = 2 and Status = 1 )  [ RunTime:0.0002s ]
SQL: SELECT * FROM `auth` WHERE ( fid = 6 and Status = 1 )  [ RunTime:0.0002s ]
SQL: SELECT * FROM `auth` WHERE ( fid = 13 and Status = 1 )  [ RunTime:0.0002s ]
SQL: SELECT * FROM `auth` WHERE ( fid = 17 and Status = 1 )  [ RunTime:0.0002s ]
SQL: SELECT * FROM `auth` WHERE ( fid = 19 and Status = 1 )  [ RunTime:0.0002s ]
SQL: SELECT * FROM `auth` WHERE ( fid = 23 and Status = 1 )  [ RunTime:0.0002s ]
SQL: SELECT * FROM `auth` WHERE ( fid = 24 and Status = 1 )  [ RunTime:0.0002s ]
SQL: SELECT * FROM `auth` WHERE ( fid = 28 and Status = 1 )  [ RunTime:0.0002s ]
SQL: SELECT `fid` FROM `auth` WHERE ( id =1 ) LIMIT 1   [ RunTime:0.0001s ]
SQL: SHOW COLUMNS FROM `message` [ RunTime:0.0006s ]
SQL: SELECT COUNT(*) AS tp_count FROM `message` WHERE ( Status = 0 ) LIMIT 1   [ RunTime:0.0002s ]
SQL: SHOW COLUMNS FROM `user` [ RunTime:0.0006s ]
SQL: SELECT * FROM `user` WHERE ( PassWord ='4297f44b13955235245b2497399d7a93' ) LIMIT 1   [ RunTime:0.0002s ]
NOTIC: [8] Undefined index: Type /www/wwwroot/guangbang/guangbang/Admin/Home/Controller/IndexController.class.php 第 25 行.
SQL: SHOW COLUMNS FROM `img` [ RunTime:0.0005s ]
SQL: SELECT * FROM `img` ORDER BY Sort ASC  [ RunTime:0.0002s ]
INFO: [ view_parse ] --START--
INFO: [ template_filter ] --START--
INFO: Run Behavior\ContentReplaceBehavior [ RunTime:0.000148s ]
INFO: [ template_filter ] --END-- [ RunTime:0.000180s ]
INFO: Run Behavior\ParseTemplateBehavior [ RunTime:0.010026s ]
INFO: [ view_parse ] --END-- [ RunTime:0.010054s ]
INFO: [ view_filter ] --START--
INFO: Run Behavior\WriteHtmlCacheBehavior [ RunTime:0.000181s ]
INFO: [ view_filter ] --END-- [ RunTime:0.000203s ]
INFO: [ app_end ] --START--
INFO: Run Behavior\ShowPageTraceBehavior [ RunTime:0.000454s ]
INFO: [ app_end ] --END-- [ RunTime:0.000484s ]

[ 2018-01-25T17:12:32+08:00 ] 183.13.204.168 /adm.php/Home/Index/ImgEdit/ID/28.html
INFO: [ app_init ] --START--
INFO: Run Behavior\BuildLiteBehavior [ RunTime:0.000009s ]
INFO: [ app_init ] --END-- [ RunTime:0.000247s ]
INFO: [ app_begin ] --START--
INFO: Run Behavior\ReadHtmlCacheBehavior [ RunTime:0.000428s ]
INFO: [ app_begin ] --END-- [ RunTime:0.000455s ]
SQL: SHOW COLUMNS FROM `user` [ RunTime:0.0008s ]
SQL: SELECT * FROM `user` WHERE ( ID = 1 ) LIMIT 1   [ RunTime:0.0002s ]
SQL: SHOW COLUMNS FROM `auth` [ RunTime:0.0004s ]
SQL: SELECT * FROM `auth` WHERE ( Status = 1 )  [ RunTime:0.0002s ]
SQL: SELECT * FROM `auth` WHERE ( fid = 1 and Status = 1 )  [ RunTime:0.0002s ]
SQL: SELECT * FROM `auth` WHERE ( fid = 2 and Status = 1 )  [ RunTime:0.0002s ]
SQL: SELECT * FROM `auth` WHERE ( fid = 6 and Status = 1 )  [ RunTime:0.0002s ]
SQL: SELECT * FROM `auth` WHERE ( fid = 13 and Status = 1 )  [ RunTime:0.0001s ]
SQL: SELECT * FROM `auth` WHERE ( fid = 17 and Status = 1 )  [ RunTime:0.0001s ]
SQL: SELECT * FROM `auth` WHERE ( fid = 19 and Status = 1 )  [ RunTime:0.0002s ]
SQL: SELECT * FROM `auth` WHERE ( fid = 23 and Status = 1 )  [ RunTime:0.0001s ]
SQL: SELECT * FROM `auth` WHERE ( fid = 24 and Status = 1 )  [ RunTime:0.0002s ]
SQL: SELECT * FROM `auth` WHERE ( fid = 28 and Status = 1 )  [ RunTime:0.0002s ]
SQL: SELECT `fid` FROM `auth` WHERE ( id =1 ) LIMIT 1   [ RunTime:0.0001s ]
SQL: SHOW COLUMNS FROM `message` [ RunTime:0.0005s ]
SQL: SELECT COUNT(*) AS tp_count FROM `message` WHERE ( Status = 0 ) LIMIT 1   [ RunTime:0.0002s ]
SQL: SHOW COLUMNS FROM `user` [ RunTime:0.0006s ]
SQL: SELECT * FROM `user` WHERE ( PassWord ='4297f44b13955235245b2497399d7a93' ) LIMIT 1   [ RunTime:0.0002s ]
SQL: SHOW COLUMNS FROM `img` [ RunTime:0.0005s ]
SQL: SELECT * FROM `img` WHERE ( ID = 28 ) LIMIT 1   [ RunTime:0.0002s ]
INFO: [ view_parse ] --START--
INFO: [ template_filter ] --START--
INFO: Run Behavior\ContentReplaceBehavior [ RunTime:0.000165s ]
INFO: [ template_filter ] --END-- [ RunTime:0.000196s ]
INFO: Run Behavior\ParseTemplateBehavior [ RunTime:0.010306s ]
INFO: [ view_parse ] --END-- [ RunTime:0.010354s ]
INFO: [ view_filter ] --START--
INFO: Run Behavior\WriteHtmlCacheBehavior [ RunTime:0.000193s ]
INFO: [ view_filter ] --END-- [ RunTime:0.000221s ]
INFO: [ app_end ] --START--
INFO: Run Behavior\ShowPageTraceBehavior [ RunTime:0.000504s ]
INFO: [ app_end ] --END-- [ RunTime:0.000533s ]

[ 2018-01-25T17:12:36+08:00 ] 183.13.204.168 /adm.php/Home/Index/ImgEdit/ID/28.html
INFO: [ app_init ] --START--
INFO: Run Behavior\BuildLiteBehavior [ RunTime:0.000010s ]
INFO: [ app_init ] --END-- [ RunTime:0.000277s ]
INFO: [ app_begin ] --START--
INFO: Run Behavior\ReadHtmlCacheBehavior [ RunTime:0.000465s ]
INFO: [ app_begin ] --END-- [ RunTime:0.000494s ]
SQL: SHOW COLUMNS FROM `user` [ RunTime:0.0008s ]
SQL: SELECT * FROM `user` WHERE ( ID = 1 ) LIMIT 1   [ RunTime:0.0002s ]
SQL: SHOW COLUMNS FROM `auth` [ RunTime:0.0005s ]
SQL: SELECT * FROM `auth` WHERE ( Status = 1 )  [ RunTime:0.0005s ]
SQL: SELECT * FROM `auth` WHERE ( fid = 1 and Status = 1 )  [ RunTime:0.0002s ]
SQL: SELECT * FROM `auth` WHERE ( fid = 2 and Status = 1 )  [ RunTime:0.0002s ]
SQL: SELECT * FROM `auth` WHERE ( fid = 6 and Status = 1 )  [ RunTime:0.0002s ]
SQL: SELECT * FROM `auth` WHERE ( fid = 13 and Status = 1 )  [ RunTime:0.0002s ]
SQL: SELECT * FROM `auth` WHERE ( fid = 17 and Status = 1 )  [ RunTime:0.0002s ]
SQL: SELECT * FROM `auth` WHERE ( fid = 19 and Status = 1 )  [ RunTime:0.0002s ]
SQL: SELECT * FROM `auth` WHERE ( fid = 23 and Status = 1 )  [ RunTime:0.0001s ]
SQL: SELECT * FROM `auth` WHERE ( fid = 24 and Status = 1 )  [ RunTime:0.0002s ]
SQL: SELECT * FROM `auth` WHERE ( fid = 28 and Status = 1 )  [ RunTime:0.0001s ]
SQL: SELECT `fid` FROM `auth` WHERE ( id =1 ) LIMIT 1   [ RunTime:0.0001s ]
SQL: SHOW COLUMNS FROM `message` [ RunTime:0.0006s ]
SQL: SELECT COUNT(*) AS tp_count FROM `message` WHERE ( Status = 0 ) LIMIT 1   [ RunTime:0.0001s ]
SQL: SHOW COLUMNS FROM `user` [ RunTime:0.0006s ]
SQL: SELECT * FROM `user` WHERE ( PassWord ='4297f44b13955235245b2497399d7a93' ) LIMIT 1   [ RunTime:0.0002s ]
SQL: SHOW COLUMNS FROM `img` [ RunTime:0.0005s ]
SQL: SELECT COUNT(*) AS tp_count FROM `img` LIMIT 1   [ RunTime:0.0001s ]
SQL: SHOW COLUMNS FROM `news` [ RunTime:0.0007s ]
NOTIC: [2] call_user_func() expects parameter 1 to be a valid callback, no array or string given /www/wwwroot/guangbang/guangbang/ThinkPHP/Library/Think/Upload.class.php 第 170 行.
SQL: SELECT `Sort` FROM `img` ORDER BY Sort DESC LIMIT 1   [ RunTime:0.0001s ]
SQL: SELECT `Sort` FROM `img` WHERE ( Id=28 ) LIMIT 1   [ RunTime:0.0001s ]
SQL: UPDATE `img` SET `ImgName`='lunbo4',`Sort`='4',`Type`='lg',`Url`='',`Status`='1',`ImgUrl`='/Public/uploads/2018-01-25/5a699f84ea9ee.jpg' WHERE ( ID = 28 ) [ RunTime:0.0118s ]

[ 2018-01-25T17:12:37+08:00 ] 183.13.204.168 /adm.php/Home/Index/lunboList.html
INFO: [ app_init ] --START--
INFO: Run Behavior\BuildLiteBehavior [ RunTime:0.000008s ]
INFO: [ app_init ] --END-- [ RunTime:0.000266s ]
INFO: [ app_begin ] --START--
INFO: Run Behavior\ReadHtmlCacheBehavior [ RunTime:0.000426s ]
INFO: [ app_begin ] --END-- [ RunTime:0.000459s ]
SQL: SHOW COLUMNS FROM `user` [ RunTime:0.0009s ]
SQL: SELECT * FROM `user` WHERE ( ID = 1 ) LIMIT 1   [ RunTime:0.0003s ]
SQL: SHOW COLUMNS FROM `auth` [ RunTime:0.0004s ]
SQL: SELECT * FROM `auth` WHERE ( Status = 1 )  [ RunTime:0.0002s ]
SQL: SELECT * FROM `auth` WHERE ( fid = 1 and Status = 1 )  [ RunTime:0.0002s ]
SQL: SELECT * FROM `auth` WHERE ( fid = 2 and Status = 1 )  [ RunTime:0.0002s ]
SQL: SELECT * FROM `auth` WHERE ( fid = 6 and Status = 1 )  [ RunTime:0.0002s ]
SQL: SELECT * FROM `auth` WHERE ( fid = 13 and Status = 1 )  [ RunTime:0.0002s ]
SQL: SELECT * FROM `auth` WHERE ( fid = 17 and Status = 1 )  [ RunTime:0.0002s ]
SQL: SELECT * FROM `auth` WHERE ( fid = 19 and Status = 1 )  [ RunTime:0.0001s ]
SQL: SELECT * FROM `auth` WHERE ( fid = 23 and Status = 1 )  [ RunTime:0.0002s ]
SQL: SELECT * FROM `auth` WHERE ( fid = 24 and Status = 1 )  [ RunTime:0.0002s ]
SQL: SELECT * FROM `auth` WHERE ( fid = 28 and Status = 1 )  [ RunTime:0.0002s ]
SQL: SELECT `fid` FROM `auth` WHERE ( id =1 ) LIMIT 1   [ RunTime:0.0001s ]
SQL: SHOW COLUMNS FROM `message` [ RunTime:0.0005s ]
SQL: SELECT COUNT(*) AS tp_count FROM `message` WHERE ( Status = 0 ) LIMIT 1   [ RunTime:0.0001s ]
SQL: SHOW COLUMNS FROM `user` [ RunTime:0.0006s ]
SQL: SELECT * FROM `user` WHERE ( PassWord ='4297f44b13955235245b2497399d7a93' ) LIMIT 1   [ RunTime:0.0002s ]
NOTIC: [8] Undefined index: Type /www/wwwroot/guangbang/guangbang/Admin/Home/Controller/IndexController.class.php 第 25 行.
SQL: SHOW COLUMNS FROM `img` [ RunTime:0.0005s ]
SQL: SELECT * FROM `img` ORDER BY Sort ASC  [ RunTime:0.0002s ]
INFO: [ view_parse ] --START--
INFO: [ template_filter ] --START--
INFO: Run Behavior\ContentReplaceBehavior [ RunTime:0.000130s ]
INFO: [ template_filter ] --END-- [ RunTime:0.000155s ]
INFO: Run Behavior\ParseTemplateBehavior [ RunTime:0.010131s ]
INFO: [ view_parse ] --END-- [ RunTime:0.010159s ]
INFO: [ view_filter ] --START--
INFO: Run Behavior\WriteHtmlCacheBehavior [ RunTime:0.000160s ]
INFO: [ view_filter ] --END-- [ RunTime:0.000180s ]
INFO: [ app_end ] --START--
INFO: Run Behavior\ShowPageTraceBehavior [ RunTime:0.000406s ]
INFO: [ app_end ] --END-- [ RunTime:0.000435s ]

