[ 2018-01-30T11:44:46+08:00 ] 183.13.200.126 /adm.php
INFO: [ app_init ] --START--
INFO: Run Behavior\BuildLiteBehavior [ RunTime:0.000032s ]
INFO: [ app_init ] --END-- [ RunTime:0.000302s ]
INFO: [ app_begin ] --START--
INFO: Run Behavior\ReadHtmlCacheBehavior [ RunTime:0.000423s ]
INFO: [ app_begin ] --END-- [ RunTime:0.000465s ]
NOTIC: [8] Undefined index: UserID /www/wwwroot/guangbang/guangbang/Admin/Home/Controller/BaseController.class.php 第 9 行.
SQL: SHOW COLUMNS FROM `auth` [ RunTime:0.0007s ]
SQL: SELECT * FROM `auth` WHERE ( Status = 1 )  [ RunTime:0.0002s ]
NOTIC: [8] Undefined variable: UserInfo /www/wwwroot/guangbang/guangbang/Admin/Home/Controller/BaseController.class.php 第 17 行.
SQL: SELECT * FROM `auth` WHERE ( fid = 1 and Status = 1 )  [ RunTime:0.0004s ]
NOTIC: [8] Undefined variable: UserInfo /www/wwwroot/guangbang/guangbang/Admin/Home/Controller/BaseController.class.php 第 17 行.
SQL: SELECT * FROM `auth` WHERE ( fid = 2 and Status = 1 )  [ RunTime:0.0002s ]
NOTIC: [8] Undefined variable: UserInfo /www/wwwroot/guangbang/guangbang/Admin/Home/Controller/BaseController.class.php 第 17 行.
NOTIC: [8] Undefined variable: UserInfo /www/wwwroot/guangbang/guangbang/Admin/Home/Controller/BaseController.class.php 第 17 行.
NOTIC: [8] Undefined variable: UserInfo /www/wwwroot/guangbang/guangbang/Admin/Home/Controller/BaseController.class.php 第 17 行.
NOTIC: [8] Undefined variable: UserInfo /www/wwwroot/guangbang/guangbang/Admin/Home/Controller/BaseController.class.php 第 17 行.
SQL: SELECT * FROM `auth` WHERE ( fid = 6 and Status = 1 )  [ RunTime:0.0002s ]
NOTIC: [8] Undefined variable: UserInfo /www/wwwroot/guangbang/guangbang/Admin/Home/Controller/BaseController.class.php 第 17 行.
NOTIC: [8] Undefined variable: UserInfo /www/wwwroot/guangbang/guangbang/Admin/Home/Controller/BaseController.class.php 第 17 行.
NOTIC: [8] Undefined variable: UserInfo /www/wwwroot/guangbang/guangbang/Admin/Home/Controller/BaseController.class.php 第 17 行.
NOTIC: [8] Undefined variable: UserInfo /www/wwwroot/guangbang/guangbang/Admin/Home/Controller/BaseController.class.php 第 17 行.
SQL: SELECT * FROM `auth` WHERE ( fid = 13 and Status = 1 )  [ RunTime:0.0002s ]
NOTIC: [8] Undefined variable: UserInfo /www/wwwroot/guangbang/guangbang/Admin/Home/Controller/BaseController.class.php 第 17 行.
NOTIC: [8] Undefined variable: UserInfo /www/wwwroot/guangbang/guangbang/Admin/Home/Controller/BaseController.class.php 第 17 行.
SQL: SELECT * FROM `auth` WHERE ( fid = 17 and Status = 1 )  [ RunTime:0.0002s ]
NOTIC: [8] Undefined variable: UserInfo /www/wwwroot/guangbang/guangbang/Admin/Home/Controller/BaseController.class.php 第 17 行.
NOTIC: [8] Undefined variable: UserInfo /www/wwwroot/guangbang/guangbang/Admin/Home/Controller/BaseController.class.php 第 17 行.
SQL: SELECT * FROM `auth` WHERE ( fid = 19 and Status = 1 )  [ RunTime:0.0002s ]
NOTIC: [8] Undefined variable: UserInfo /www/wwwroot/guangbang/guangbang/Admin/Home/Controller/BaseController.class.php 第 17 行.
NOTIC: [8] Undefined variable: UserInfo /www/wwwroot/guangbang/guangbang/Admin/Home/Controller/BaseController.class.php 第 17 行.
NOTIC: [8] Undefined variable: UserInfo /www/wwwroot/guangbang/guangbang/Admin/Home/Controller/BaseController.class.php 第 17 行.
SQL: SELECT * FROM `auth` WHERE ( fid = 23 and Status = 1 )  [ RunTime:0.0002s ]
NOTIC: [8] Undefined variable: UserInfo /www/wwwroot/guangbang/guangbang/Admin/Home/Controller/BaseController.class.php 第 17 行.
SQL: SELECT * FROM `auth` WHERE ( fid = 24 and Status = 1 )  [ RunTime:0.0002s ]
NOTIC: [8] Undefined variable: UserInfo /www/wwwroot/guangbang/guangbang/Admin/Home/Controller/BaseController.class.php 第 17 行.
NOTIC: [8] Undefined variable: UserInfo /www/wwwroot/guangbang/guangbang/Admin/Home/Controller/BaseController.class.php 第 17 行.
NOTIC: [8] Undefined variable: UserInfo /www/wwwroot/guangbang/guangbang/Admin/Home/Controller/BaseController.class.php 第 17 行.
NOTIC: [8] Undefined variable: UserInfo /www/wwwroot/guangbang/guangbang/Admin/Home/Controller/BaseController.class.php 第 17 行.
SQL: SELECT * FROM `auth` WHERE ( fid = 28 and Status = 1 )  [ RunTime:0.0002s ]
NOTIC: [8] Undefined variable: UserInfo /www/wwwroot/guangbang/guangbang/Admin/Home/Controller/BaseController.class.php 第 17 行.
SQL: SELECT `fid` FROM `auth` WHERE ( id =1 ) LIMIT 1   [ RunTime:0.0002s ]
SQL: SHOW COLUMNS FROM `message` [ RunTime:0.0008s ]
SQL: SELECT COUNT(*) AS tp_count FROM `message` WHERE ( Status = 0 ) LIMIT 1   [ RunTime:0.0346s ]
NOTIC: [8] Undefined index: PassWord /www/wwwroot/guangbang/guangbang/Admin/Home/Controller/BaseController.class.php 第 41 行.
NOTIC: [8] Undefined index: UserID /www/wwwroot/guangbang/guangbang/Admin/Home/Controller/BaseController.class.php 第 42 行.
INFO: [ view_parse ] --START--
INFO: [ template_filter ] --START--
INFO: Run Behavior\ContentReplaceBehavior [ RunTime:0.000292s ]
INFO: [ template_filter ] --END-- [ RunTime:0.000352s ]
INFO: Run Behavior\ParseTemplateBehavior [ RunTime:0.039906s ]
INFO: [ view_parse ] --END-- [ RunTime:0.039952s ]
INFO: [ view_filter ] --START--
INFO: Run Behavior\WriteHtmlCacheBehavior [ RunTime:0.000179s ]
INFO: [ view_filter ] --END-- [ RunTime:0.000201s ]

[ 2018-01-30T11:44:47+08:00 ] 183.13.200.126 /adm.php/Home/User/login.html
INFO: [ app_init ] --START--
INFO: Run Behavior\BuildLiteBehavior [ RunTime:0.000008s ]
INFO: [ app_init ] --END-- [ RunTime:0.000327s ]
INFO: [ app_begin ] --START--
INFO: Run Behavior\ReadHtmlCacheBehavior [ RunTime:0.000440s ]
INFO: [ app_begin ] --END-- [ RunTime:0.000468s ]
NOTIC: [8] Undefined index: UserID /www/wwwroot/guangbang/guangbang/Admin/Home/Controller/BaseController.class.php 第 9 行.
SQL: SHOW COLUMNS FROM `auth` [ RunTime:0.0009s ]
SQL: SELECT * FROM `auth` WHERE ( Status = 1 )  [ RunTime:0.0003s ]
NOTIC: [8] Undefined variable: UserInfo /www/wwwroot/guangbang/guangbang/Admin/Home/Controller/BaseController.class.php 第 17 行.
SQL: SELECT * FROM `auth` WHERE ( fid = 1 and Status = 1 )  [ RunTime:0.0002s ]
NOTIC: [8] Undefined variable: UserInfo /www/wwwroot/guangbang/guangbang/Admin/Home/Controller/BaseController.class.php 第 17 行.
SQL: SELECT * FROM `auth` WHERE ( fid = 2 and Status = 1 )  [ RunTime:0.0003s ]
NOTIC: [8] Undefined variable: UserInfo /www/wwwroot/guangbang/guangbang/Admin/Home/Controller/BaseController.class.php 第 17 行.
NOTIC: [8] Undefined variable: UserInfo /www/wwwroot/guangbang/guangbang/Admin/Home/Controller/BaseController.class.php 第 17 行.
NOTIC: [8] Undefined variable: UserInfo /www/wwwroot/guangbang/guangbang/Admin/Home/Controller/BaseController.class.php 第 17 行.
NOTIC: [8] Undefined variable: UserInfo /www/wwwroot/guangbang/guangbang/Admin/Home/Controller/BaseController.class.php 第 17 行.
SQL: SELECT * FROM `auth` WHERE ( fid = 6 and Status = 1 )  [ RunTime:0.0002s ]
NOTIC: [8] Undefined variable: UserInfo /www/wwwroot/guangbang/guangbang/Admin/Home/Controller/BaseController.class.php 第 17 行.
NOTIC: [8] Undefined variable: UserInfo /www/wwwroot/guangbang/guangbang/Admin/Home/Controller/BaseController.class.php 第 17 行.
NOTIC: [8] Undefined variable: UserInfo /www/wwwroot/guangbang/guangbang/Admin/Home/Controller/BaseController.class.php 第 17 行.
NOTIC: [8] Undefined variable: UserInfo /www/wwwroot/guangbang/guangbang/Admin/Home/Controller/BaseController.class.php 第 17 行.
SQL: SELECT * FROM `auth` WHERE ( fid = 13 and Status = 1 )  [ RunTime:0.0002s ]
NOTIC: [8] Undefined variable: UserInfo /www/wwwroot/guangbang/guangbang/Admin/Home/Controller/BaseController.class.php 第 17 行.
NOTIC: [8] Undefined variable: UserInfo /www/wwwroot/guangbang/guangbang/Admin/Home/Controller/BaseController.class.php 第 17 行.
SQL: SELECT * FROM `auth` WHERE ( fid = 17 and Status = 1 )  [ RunTime:0.0002s ]
NOTIC: [8] Undefined variable: UserInfo /www/wwwroot/guangbang/guangbang/Admin/Home/Controller/BaseController.class.php 第 17 行.
NOTIC: [8] Undefined variable: UserInfo /www/wwwroot/guangbang/guangbang/Admin/Home/Controller/BaseController.class.php 第 17 行.
SQL: SELECT * FROM `auth` WHERE ( fid = 19 and Status = 1 )  [ RunTime:0.0002s ]
NOTIC: [8] Undefined variable: UserInfo /www/wwwroot/guangbang/guangbang/Admin/Home/Controller/BaseController.class.php 第 17 行.
NOTIC: [8] Undefined variable: UserInfo /www/wwwroot/guangbang/guangbang/Admin/Home/Controller/BaseController.class.php 第 17 行.
NOTIC: [8] Undefined variable: UserInfo /www/wwwroot/guangbang/guangbang/Admin/Home/Controller/BaseController.class.php 第 17 行.
SQL: SELECT * FROM `auth` WHERE ( fid = 23 and Status = 1 )  [ RunTime:0.0002s ]
NOTIC: [8] Undefined variable: UserInfo /www/wwwroot/guangbang/guangbang/Admin/Home/Controller/BaseController.class.php 第 17 行.
SQL: SELECT * FROM `auth` WHERE ( fid = 24 and Status = 1 )  [ RunTime:0.0002s ]
NOTIC: [8] Undefined variable: UserInfo /www/wwwroot/guangbang/guangbang/Admin/Home/Controller/BaseController.class.php 第 17 行.
NOTIC: [8] Undefined variable: UserInfo /www/wwwroot/guangbang/guangbang/Admin/Home/Controller/BaseController.class.php 第 17 行.
NOTIC: [8] Undefined variable: UserInfo /www/wwwroot/guangbang/guangbang/Admin/Home/Controller/BaseController.class.php 第 17 行.
NOTIC: [8] Undefined variable: UserInfo /www/wwwroot/guangbang/guangbang/Admin/Home/Controller/BaseController.class.php 第 17 行.
SQL: SELECT * FROM `auth` WHERE ( fid = 28 and Status = 1 )  [ RunTime:0.0002s ]
NOTIC: [8] Undefined variable: UserInfo /www/wwwroot/guangbang/guangbang/Admin/Home/Controller/BaseController.class.php 第 17 行.
SQL: SELECT `fid` FROM `auth` WHERE ( id =1 ) LIMIT 1   [ RunTime:0.0002s ]
SQL: SHOW COLUMNS FROM `message` [ RunTime:0.0005s ]
SQL: SELECT COUNT(*) AS tp_count FROM `message` WHERE ( Status = 0 ) LIMIT 1   [ RunTime:0.0002s ]
INFO: [ view_parse ] --START--
INFO: [ template_filter ] --START--
INFO: Run Behavior\ContentReplaceBehavior [ RunTime:0.000046s ]
INFO: [ template_filter ] --END-- [ RunTime:0.000082s ]
INFO: Run Behavior\ParseTemplateBehavior [ RunTime:0.007032s ]
INFO: [ view_parse ] --END-- [ RunTime:0.007064s ]
INFO: [ view_filter ] --START--
INFO: Run Behavior\WriteHtmlCacheBehavior [ RunTime:0.000153s ]
INFO: [ view_filter ] --END-- [ RunTime:0.000173s ]
INFO: [ app_end ] --START--
INFO: Run Behavior\ShowPageTraceBehavior [ RunTime:0.000556s ]
INFO: [ app_end ] --END-- [ RunTime:0.000579s ]

[ 2018-01-30T11:44:53+08:00 ] 183.13.200.126 /adm.php/Home/User/login.html
INFO: [ app_init ] --START--
INFO: Run Behavior\BuildLiteBehavior [ RunTime:0.000008s ]
INFO: [ app_init ] --END-- [ RunTime:0.000286s ]
INFO: [ app_begin ] --START--
INFO: Run Behavior\ReadHtmlCacheBehavior [ RunTime:0.000349s ]
INFO: [ app_begin ] --END-- [ RunTime:0.000378s ]
NOTIC: [8] Undefined index: UserID /www/wwwroot/guangbang/guangbang/Admin/Home/Controller/BaseController.class.php 第 9 行.
SQL: SHOW COLUMNS FROM `auth` [ RunTime:0.0008s ]
SQL: SELECT * FROM `auth` WHERE ( Status = 1 )  [ RunTime:0.0003s ]
NOTIC: [8] Undefined variable: UserInfo /www/wwwroot/guangbang/guangbang/Admin/Home/Controller/BaseController.class.php 第 17 行.
SQL: SELECT * FROM `auth` WHERE ( fid = 1 and Status = 1 )  [ RunTime:0.0002s ]
NOTIC: [8] Undefined variable: UserInfo /www/wwwroot/guangbang/guangbang/Admin/Home/Controller/BaseController.class.php 第 17 行.
SQL: SELECT * FROM `auth` WHERE ( fid = 2 and Status = 1 )  [ RunTime:0.0002s ]
NOTIC: [8] Undefined variable: UserInfo /www/wwwroot/guangbang/guangbang/Admin/Home/Controller/BaseController.class.php 第 17 行.
NOTIC: [8] Undefined variable: UserInfo /www/wwwroot/guangbang/guangbang/Admin/Home/Controller/BaseController.class.php 第 17 行.
NOTIC: [8] Undefined variable: UserInfo /www/wwwroot/guangbang/guangbang/Admin/Home/Controller/BaseController.class.php 第 17 行.
NOTIC: [8] Undefined variable: UserInfo /www/wwwroot/guangbang/guangbang/Admin/Home/Controller/BaseController.class.php 第 17 行.
SQL: SELECT * FROM `auth` WHERE ( fid = 6 and Status = 1 )  [ RunTime:0.0002s ]
NOTIC: [8] Undefined variable: UserInfo /www/wwwroot/guangbang/guangbang/Admin/Home/Controller/BaseController.class.php 第 17 行.
NOTIC: [8] Undefined variable: UserInfo /www/wwwroot/guangbang/guangbang/Admin/Home/Controller/BaseController.class.php 第 17 行.
NOTIC: [8] Undefined variable: UserInfo /www/wwwroot/guangbang/guangbang/Admin/Home/Controller/BaseController.class.php 第 17 行.
NOTIC: [8] Undefined variable: UserInfo /www/wwwroot/guangbang/guangbang/Admin/Home/Controller/BaseController.class.php 第 17 行.
SQL: SELECT * FROM `auth` WHERE ( fid = 13 and Status = 1 )  [ RunTime:0.0002s ]
NOTIC: [8] Undefined variable: UserInfo /www/wwwroot/guangbang/guangbang/Admin/Home/Controller/BaseController.class.php 第 17 行.
NOTIC: [8] Undefined variable: UserInfo /www/wwwroot/guangbang/guangbang/Admin/Home/Controller/BaseController.class.php 第 17 行.
SQL: SELECT * FROM `auth` WHERE ( fid = 17 and Status = 1 )  [ RunTime:0.0002s ]
NOTIC: [8] Undefined variable: UserInfo /www/wwwroot/guangbang/guangbang/Admin/Home/Controller/BaseController.class.php 第 17 行.
NOTIC: [8] Undefined variable: UserInfo /www/wwwroot/guangbang/guangbang/Admin/Home/Controller/BaseController.class.php 第 17 行.
SQL: SELECT * FROM `auth` WHERE ( fid = 19 and Status = 1 )  [ RunTime:0.0002s ]
NOTIC: [8] Undefined variable: UserInfo /www/wwwroot/guangbang/guangbang/Admin/Home/Controller/BaseController.class.php 第 17 行.
NOTIC: [8] Undefined variable: UserInfo /www/wwwroot/guangbang/guangbang/Admin/Home/Controller/BaseController.class.php 第 17 行.
NOTIC: [8] Undefined variable: UserInfo /www/wwwroot/guangbang/guangbang/Admin/Home/Controller/BaseController.class.php 第 17 行.
SQL: SELECT * FROM `auth` WHERE ( fid = 23 and Status = 1 )  [ RunTime:0.0002s ]
NOTIC: [8] Undefined variable: UserInfo /www/wwwroot/guangbang/guangbang/Admin/Home/Controller/BaseController.class.php 第 17 行.
SQL: SELECT * FROM `auth` WHERE ( fid = 24 and Status = 1 )  [ RunTime:0.0002s ]
NOTIC: [8] Undefined variable: UserInfo /www/wwwroot/guangbang/guangbang/Admin/Home/Controller/BaseController.class.php 第 17 行.
NOTIC: [8] Undefined variable: UserInfo /www/wwwroot/guangbang/guangbang/Admin/Home/Controller/BaseController.class.php 第 17 行.
NOTIC: [8] Undefined variable: UserInfo /www/wwwroot/guangbang/guangbang/Admin/Home/Controller/BaseController.class.php 第 17 行.
NOTIC: [8] Undefined variable: UserInfo /www/wwwroot/guangbang/guangbang/Admin/Home/Controller/BaseController.class.php 第 17 行.
SQL: SELECT * FROM `auth` WHERE ( fid = 28 and Status = 1 )  [ RunTime:0.0002s ]
NOTIC: [8] Undefined variable: UserInfo /www/wwwroot/guangbang/guangbang/Admin/Home/Controller/BaseController.class.php 第 17 行.
SQL: SELECT `fid` FROM `auth` WHERE ( id =1 ) LIMIT 1   [ RunTime:0.0001s ]
SQL: SHOW COLUMNS FROM `message` [ RunTime:0.0005s ]
SQL: SELECT COUNT(*) AS tp_count FROM `message` WHERE ( Status = 0 ) LIMIT 1   [ RunTime:0.0001s ]
SQL: SHOW COLUMNS FROM `user` [ RunTime:0.0008s ]
SQL: SELECT * FROM `user` WHERE `UserName` = 'admin' AND `PassWord` = '4297f44b13955235245b2497399d7a93' AND `status` = 1 LIMIT 1   [ RunTime:0.0003s ]
SQL: SHOW COLUMNS FROM `user` [ RunTime:0.0006s ]
SQL: UPDATE `user` SET `UpdateTime`='2018-01-30 11:44:53',`LastIp`='183.13.200.126' WHERE ( ID = 1 ) [ RunTime:0.0192s ]
INFO: [ view_parse ] --START--
INFO: [ template_filter ] --START--
INFO: Run Behavior\ContentReplaceBehavior [ RunTime:0.000048s ]
INFO: [ template_filter ] --END-- [ RunTime:0.000089s ]
INFO: Run Behavior\ParseTemplateBehavior [ RunTime:0.008057s ]
INFO: [ view_parse ] --END-- [ RunTime:0.008087s ]
INFO: [ view_filter ] --START--
INFO: Run Behavior\WriteHtmlCacheBehavior [ RunTime:0.000237s ]
INFO: [ view_filter ] --END-- [ RunTime:0.000258s ]
INFO: [ app_end ] --START--
INFO: Run Behavior\ShowPageTraceBehavior [ RunTime:0.000628s ]
INFO: [ app_end ] --END-- [ RunTime:0.000651s ]

[ 2018-01-30T11:44:54+08:00 ] 183.13.200.126 /adm.php/Home/Index/index.html
INFO: [ app_init ] --START--
INFO: Run Behavior\BuildLiteBehavior [ RunTime:0.000012s ]
INFO: [ app_init ] --END-- [ RunTime:0.000286s ]
INFO: [ app_begin ] --START--
INFO: Run Behavior\ReadHtmlCacheBehavior [ RunTime:0.000436s ]
INFO: [ app_begin ] --END-- [ RunTime:0.000465s ]
SQL: SHOW COLUMNS FROM `user` [ RunTime:0.0009s ]
SQL: SELECT * FROM `user` WHERE ( ID = 1 ) LIMIT 1   [ RunTime:0.0002s ]
SQL: SHOW COLUMNS FROM `auth` [ RunTime:0.0005s ]
SQL: SELECT * FROM `auth` WHERE ( Status = 1 )  [ RunTime:0.0002s ]
SQL: SELECT * FROM `auth` WHERE ( fid = 1 and Status = 1 )  [ RunTime:0.0002s ]
SQL: SELECT * FROM `auth` WHERE ( fid = 2 and Status = 1 )  [ RunTime:0.0002s ]
SQL: SELECT * FROM `auth` WHERE ( fid = 6 and Status = 1 )  [ RunTime:0.0002s ]
SQL: SELECT * FROM `auth` WHERE ( fid = 13 and Status = 1 )  [ RunTime:0.0001s ]
SQL: SELECT * FROM `auth` WHERE ( fid = 17 and Status = 1 )  [ RunTime:0.0002s ]
SQL: SELECT * FROM `auth` WHERE ( fid = 19 and Status = 1 )  [ RunTime:0.0002s ]
SQL: SELECT * FROM `auth` WHERE ( fid = 23 and Status = 1 )  [ RunTime:0.0002s ]
SQL: SELECT * FROM `auth` WHERE ( fid = 24 and Status = 1 )  [ RunTime:0.0001s ]
SQL: SELECT * FROM `auth` WHERE ( fid = 28 and Status = 1 )  [ RunTime:0.0002s ]
SQL: SELECT `fid` FROM `auth` WHERE ( id =1 ) LIMIT 1   [ RunTime:0.0001s ]
SQL: SHOW COLUMNS FROM `message` [ RunTime:0.0006s ]
SQL: SELECT COUNT(*) AS tp_count FROM `message` WHERE ( Status = 0 ) LIMIT 1   [ RunTime:0.0002s ]
SQL: SHOW COLUMNS FROM `user` [ RunTime:0.0006s ]
SQL: SELECT * FROM `user` WHERE ( PassWord ='4297f44b13955235245b2497399d7a93' ) LIMIT 1   [ RunTime:0.0002s ]
SQL: SHOW COLUMNS FROM `news` [ RunTime:0.0006s ]
SQL: SELECT COUNT(*) AS tp_count FROM `news` WHERE ( Type ="news" and Status > 0 ) LIMIT 1   [ RunTime:0.0002s ]
SQL: SELECT sum(ShowTimes) as s FROM `news` WHERE ( Type ="news" and Status > 0 ) LIMIT 1   [ RunTime:0.0105s ]
SQL: SELECT COUNT(*) AS tp_count FROM `news` WHERE ( Type ="media" and Status > 0 ) LIMIT 1   [ RunTime:0.0002s ]
SQL: SELECT sum(ShowTimes) as s FROM `news` WHERE ( Type ="media" and Status > 0 ) LIMIT 1   [ RunTime:0.0002s ]
INFO: [ view_parse ] --START--
INFO: [ template_filter ] --START--
INFO: Run Behavior\ContentReplaceBehavior [ RunTime:0.000135s ]
INFO: [ template_filter ] --END-- [ RunTime:0.000168s ]
INFO: Run Behavior\ParseTemplateBehavior [ RunTime:0.019115s ]
INFO: [ view_parse ] --END-- [ RunTime:0.019153s ]
INFO: [ view_filter ] --START--
INFO: Run Behavior\WriteHtmlCacheBehavior [ RunTime:0.000188s ]
INFO: [ view_filter ] --END-- [ RunTime:0.000212s ]
INFO: [ app_end ] --START--
INFO: Run Behavior\ShowPageTraceBehavior [ RunTime:0.000407s ]
INFO: [ app_end ] --END-- [ RunTime:0.000435s ]

[ 2018-01-30T11:44:56+08:00 ] 183.13.200.126 /adm.php/Home/Index/lunboList/nav/3.html
INFO: [ app_init ] --START--
INFO: Run Behavior\BuildLiteBehavior [ RunTime:0.000007s ]
INFO: [ app_init ] --END-- [ RunTime:0.000237s ]
INFO: [ app_begin ] --START--
INFO: Run Behavior\ReadHtmlCacheBehavior [ RunTime:0.000348s ]
INFO: [ app_begin ] --END-- [ RunTime:0.000377s ]
SQL: SHOW COLUMNS FROM `user` [ RunTime:0.0008s ]
SQL: SELECT * FROM `user` WHERE ( ID = 1 ) LIMIT 1   [ RunTime:0.0002s ]
SQL: SHOW COLUMNS FROM `auth` [ RunTime:0.0005s ]
SQL: SELECT * FROM `auth` WHERE ( Status = 1 )  [ RunTime:0.0002s ]
SQL: SELECT * FROM `auth` WHERE ( fid = 1 and Status = 1 )  [ RunTime:0.0002s ]
SQL: SELECT * FROM `auth` WHERE ( fid = 2 and Status = 1 )  [ RunTime:0.0002s ]
SQL: SELECT * FROM `auth` WHERE ( fid = 6 and Status = 1 )  [ RunTime:0.0001s ]
SQL: SELECT * FROM `auth` WHERE ( fid = 13 and Status = 1 )  [ RunTime:0.0002s ]
SQL: SELECT * FROM `auth` WHERE ( fid = 17 and Status = 1 )  [ RunTime:0.0002s ]
SQL: SELECT * FROM `auth` WHERE ( fid = 19 and Status = 1 )  [ RunTime:0.0002s ]
SQL: SELECT * FROM `auth` WHERE ( fid = 23 and Status = 1 )  [ RunTime:0.0001s ]
SQL: SELECT * FROM `auth` WHERE ( fid = 24 and Status = 1 )  [ RunTime:0.0002s ]
SQL: SELECT * FROM `auth` WHERE ( fid = 28 and Status = 1 )  [ RunTime:0.0001s ]
SQL: SELECT `fid` FROM `auth` WHERE ( id =3 ) LIMIT 1   [ RunTime:0.0001s ]
SQL: SHOW COLUMNS FROM `message` [ RunTime:0.0005s ]
SQL: SELECT COUNT(*) AS tp_count FROM `message` WHERE ( Status = 0 ) LIMIT 1   [ RunTime:0.0001s ]
SQL: SHOW COLUMNS FROM `user` [ RunTime:0.0005s ]
SQL: SELECT * FROM `user` WHERE ( PassWord ='4297f44b13955235245b2497399d7a93' ) LIMIT 1   [ RunTime:0.0002s ]
NOTIC: [8] Undefined index: Type /www/wwwroot/guangbang/guangbang/Admin/Home/Controller/IndexController.class.php 第 25 行.
SQL: SHOW COLUMNS FROM `img` [ RunTime:0.0004s ]
SQL: SELECT * FROM `img` ORDER BY Sort ASC  [ RunTime:0.0002s ]
INFO: [ view_parse ] --START--
INFO: [ template_filter ] --START--
INFO: Run Behavior\ContentReplaceBehavior [ RunTime:0.000135s ]
INFO: [ template_filter ] --END-- [ RunTime:0.000162s ]
INFO: Run Behavior\ParseTemplateBehavior [ RunTime:0.016737s ]
INFO: [ view_parse ] --END-- [ RunTime:0.016762s ]
INFO: [ view_filter ] --START--
INFO: Run Behavior\WriteHtmlCacheBehavior [ RunTime:0.000162s ]
INFO: [ view_filter ] --END-- [ RunTime:0.000205s ]
INFO: [ app_end ] --START--
INFO: Run Behavior\ShowPageTraceBehavior [ RunTime:0.000431s ]
INFO: [ app_end ] --END-- [ RunTime:0.000459s ]

[ 2018-01-30T11:45:08+08:00 ] 183.13.200.126 /adm.php/Home/Index/ImgEdit/ID/28.html
INFO: [ app_init ] --START--
INFO: Run Behavior\BuildLiteBehavior [ RunTime:0.000010s ]
INFO: [ app_init ] --END-- [ RunTime:0.000272s ]
INFO: [ app_begin ] --START--
INFO: Run Behavior\ReadHtmlCacheBehavior [ RunTime:0.000369s ]
INFO: [ app_begin ] --END-- [ RunTime:0.000397s ]
SQL: SHOW COLUMNS FROM `user` [ RunTime:0.0008s ]
SQL: SELECT * FROM `user` WHERE ( ID = 1 ) LIMIT 1   [ RunTime:0.0002s ]
SQL: SHOW COLUMNS FROM `auth` [ RunTime:0.0005s ]
SQL: SELECT * FROM `auth` WHERE ( Status = 1 )  [ RunTime:0.0002s ]
SQL: SELECT * FROM `auth` WHERE ( fid = 1 and Status = 1 )  [ RunTime:0.0002s ]
SQL: SELECT * FROM `auth` WHERE ( fid = 2 and Status = 1 )  [ RunTime:0.0002s ]
SQL: SELECT * FROM `auth` WHERE ( fid = 6 and Status = 1 )  [ RunTime:0.0002s ]
SQL: SELECT * FROM `auth` WHERE ( fid = 13 and Status = 1 )  [ RunTime:0.0002s ]
SQL: SELECT * FROM `auth` WHERE ( fid = 17 and Status = 1 )  [ RunTime:0.0002s ]
SQL: SELECT * FROM `auth` WHERE ( fid = 19 and Status = 1 )  [ RunTime:0.0002s ]
SQL: SELECT * FROM `auth` WHERE ( fid = 23 and Status = 1 )  [ RunTime:0.0001s ]
SQL: SELECT * FROM `auth` WHERE ( fid = 24 and Status = 1 )  [ RunTime:0.0002s ]
SQL: SELECT * FROM `auth` WHERE ( fid = 28 and Status = 1 )  [ RunTime:0.0002s ]
SQL: SELECT `fid` FROM `auth` WHERE ( id =1 ) LIMIT 1   [ RunTime:0.0001s ]
SQL: SHOW COLUMNS FROM `message` [ RunTime:0.0005s ]
SQL: SELECT COUNT(*) AS tp_count FROM `message` WHERE ( Status = 0 ) LIMIT 1   [ RunTime:0.0001s ]
SQL: SHOW COLUMNS FROM `user` [ RunTime:0.0005s ]
SQL: SELECT * FROM `user` WHERE ( PassWord ='4297f44b13955235245b2497399d7a93' ) LIMIT 1   [ RunTime:0.0002s ]
SQL: SHOW COLUMNS FROM `img` [ RunTime:0.0005s ]
SQL: SELECT * FROM `img` WHERE ( ID = 28 ) LIMIT 1   [ RunTime:0.0002s ]
INFO: [ view_parse ] --START--
INFO: [ template_filter ] --START--
INFO: Run Behavior\ContentReplaceBehavior [ RunTime:0.000156s ]
INFO: [ template_filter ] --END-- [ RunTime:0.000193s ]
INFO: Run Behavior\ParseTemplateBehavior [ RunTime:0.016421s ]
INFO: [ view_parse ] --END-- [ RunTime:0.016452s ]
INFO: [ view_filter ] --START--
INFO: Run Behavior\WriteHtmlCacheBehavior [ RunTime:0.000192s ]
INFO: [ view_filter ] --END-- [ RunTime:0.000216s ]
INFO: [ app_end ] --START--
INFO: Run Behavior\ShowPageTraceBehavior [ RunTime:0.000459s ]
INFO: [ app_end ] --END-- [ RunTime:0.000492s ]

[ 2018-01-30T11:45:13+08:00 ] 183.13.200.126 /adm.php/Home/Index/ImgEdit/ID/28.html
INFO: [ app_init ] --START--
INFO: Run Behavior\BuildLiteBehavior [ RunTime:0.000014s ]
INFO: [ app_init ] --END-- [ RunTime:0.000414s ]
INFO: [ app_begin ] --START--
INFO: Run Behavior\ReadHtmlCacheBehavior [ RunTime:0.000479s ]
INFO: [ app_begin ] --END-- [ RunTime:0.000517s ]
SQL: SHOW COLUMNS FROM `user` [ RunTime:0.0009s ]
SQL: SELECT * FROM `user` WHERE ( ID = 1 ) LIMIT 1   [ RunTime:0.0003s ]
SQL: SHOW COLUMNS FROM `auth` [ RunTime:0.0006s ]
SQL: SELECT * FROM `auth` WHERE ( Status = 1 )  [ RunTime:0.0003s ]
SQL: SELECT * FROM `auth` WHERE ( fid = 1 and Status = 1 )  [ RunTime:0.0002s ]
SQL: SELECT * FROM `auth` WHERE ( fid = 2 and Status = 1 )  [ RunTime:0.0002s ]
SQL: SELECT * FROM `auth` WHERE ( fid = 6 and Status = 1 )  [ RunTime:0.0002s ]
SQL: SELECT * FROM `auth` WHERE ( fid = 13 and Status = 1 )  [ RunTime:0.0002s ]
SQL: SELECT * FROM `auth` WHERE ( fid = 17 and Status = 1 )  [ RunTime:0.0002s ]
SQL: SELECT * FROM `auth` WHERE ( fid = 19 and Status = 1 )  [ RunTime:0.0002s ]
SQL: SELECT * FROM `auth` WHERE ( fid = 23 and Status = 1 )  [ RunTime:0.0002s ]
SQL: SELECT * FROM `auth` WHERE ( fid = 24 and Status = 1 )  [ RunTime:0.0002s ]
SQL: SELECT * FROM `auth` WHERE ( fid = 28 and Status = 1 )  [ RunTime:0.0002s ]
SQL: SELECT `fid` FROM `auth` WHERE ( id =1 ) LIMIT 1   [ RunTime:0.0002s ]
SQL: SHOW COLUMNS FROM `message` [ RunTime:0.0009s ]
SQL: SELECT COUNT(*) AS tp_count FROM `message` WHERE ( Status = 0 ) LIMIT 1   [ RunTime:0.0001s ]
SQL: SHOW COLUMNS FROM `user` [ RunTime:0.0005s ]
SQL: SELECT * FROM `user` WHERE ( PassWord ='4297f44b13955235245b2497399d7a93' ) LIMIT 1   [ RunTime:0.0002s ]
SQL: SHOW COLUMNS FROM `img` [ RunTime:0.0005s ]
SQL: SELECT COUNT(*) AS tp_count FROM `img` LIMIT 1   [ RunTime:0.0001s ]
SQL: SHOW COLUMNS FROM `news` [ RunTime:0.0009s ]
NOTIC: [2] call_user_func() expects parameter 1 to be a valid callback, no array or string given /www/wwwroot/guangbang/guangbang/ThinkPHP/Library/Think/Upload.class.php 第 170 行.
SQL: SELECT `Sort` FROM `img` ORDER BY Sort DESC LIMIT 1   [ RunTime:0.0004s ]
SQL: SELECT `Sort` FROM `img` WHERE ( Id=28 ) LIMIT 1   [ RunTime:0.0002s ]
SQL: UPDATE `img` SET `ImgName`='lunbo4',`Sort`='4',`Type`='lg',`Url`='',`Status`='1',`ImgUrl`='/Public/uploads/2018-01-30/5a6fea49064da.jpg' WHERE ( ID = 28 ) [ RunTime:0.0102s ]

[ 2018-01-30T11:45:14+08:00 ] 183.13.200.126 /adm.php/Home/Index/lunboList.html
INFO: [ app_init ] --START--
INFO: Run Behavior\BuildLiteBehavior [ RunTime:0.000010s ]
INFO: [ app_init ] --END-- [ RunTime:0.000296s ]
INFO: [ app_begin ] --START--
INFO: Run Behavior\ReadHtmlCacheBehavior [ RunTime:0.000522s ]
INFO: [ app_begin ] --END-- [ RunTime:0.000565s ]
SQL: SHOW COLUMNS FROM `user` [ RunTime:0.0012s ]
SQL: SELECT * FROM `user` WHERE ( ID = 1 ) LIMIT 1   [ RunTime:0.0003s ]
SQL: SHOW COLUMNS FROM `auth` [ RunTime:0.0006s ]
SQL: SELECT * FROM `auth` WHERE ( Status = 1 )  [ RunTime:0.0002s ]
SQL: SELECT * FROM `auth` WHERE ( fid = 1 and Status = 1 )  [ RunTime:0.0002s ]
SQL: SELECT * FROM `auth` WHERE ( fid = 2 and Status = 1 )  [ RunTime:0.0002s ]
SQL: SELECT * FROM `auth` WHERE ( fid = 6 and Status = 1 )  [ RunTime:0.0002s ]
SQL: SELECT * FROM `auth` WHERE ( fid = 13 and Status = 1 )  [ RunTime:0.0002s ]
SQL: SELECT * FROM `auth` WHERE ( fid = 17 and Status = 1 )  [ RunTime:0.0002s ]
SQL: SELECT * FROM `auth` WHERE ( fid = 19 and Status = 1 )  [ RunTime:0.0002s ]
SQL: SELECT * FROM `auth` WHERE ( fid = 23 and Status = 1 )  [ RunTime:0.0001s ]
SQL: SELECT * FROM `auth` WHERE ( fid = 24 and Status = 1 )  [ RunTime:0.0002s ]
SQL: SELECT * FROM `auth` WHERE ( fid = 28 and Status = 1 )  [ RunTime:0.0001s ]
SQL: SELECT `fid` FROM `auth` WHERE ( id =1 ) LIMIT 1   [ RunTime:0.0001s ]
SQL: SHOW COLUMNS FROM `message` [ RunTime:0.0006s ]
SQL: SELECT COUNT(*) AS tp_count FROM `message` WHERE ( Status = 0 ) LIMIT 1   [ RunTime:0.0002s ]
SQL: SHOW COLUMNS FROM `user` [ RunTime:0.0005s ]
SQL: SELECT * FROM `user` WHERE ( PassWord ='4297f44b13955235245b2497399d7a93' ) LIMIT 1   [ RunTime:0.0002s ]
NOTIC: [8] Undefined index: Type /www/wwwroot/guangbang/guangbang/Admin/Home/Controller/IndexController.class.php 第 25 行.
SQL: SHOW COLUMNS FROM `img` [ RunTime:0.0005s ]
SQL: SELECT * FROM `img` ORDER BY Sort ASC  [ RunTime:0.0002s ]
INFO: [ view_parse ] --START--
INFO: [ template_filter ] --START--
INFO: Run Behavior\ContentReplaceBehavior [ RunTime:0.000135s ]
INFO: [ template_filter ] --END-- [ RunTime:0.000171s ]
INFO: Run Behavior\ParseTemplateBehavior [ RunTime:0.010514s ]
INFO: [ view_parse ] --END-- [ RunTime:0.010543s ]
INFO: [ view_filter ] --START--
INFO: Run Behavior\WriteHtmlCacheBehavior [ RunTime:0.000174s ]
INFO: [ view_filter ] --END-- [ RunTime:0.000194s ]
INFO: [ app_end ] --START--
INFO: Run Behavior\ShowPageTraceBehavior [ RunTime:0.000499s ]
INFO: [ app_end ] --END-- [ RunTime:0.000530s ]

