[ 2018-01-26T18:12:31+08:00 ] 183.13.204.168 /adm.php
INFO: [ app_init ] --START--
INFO: Run Behavior\BuildLiteBehavior [ RunTime:0.000012s ]
INFO: [ app_init ] --END-- [ RunTime:0.000303s ]
INFO: [ app_begin ] --START--
INFO: Run Behavior\ReadHtmlCacheBehavior [ RunTime:0.000408s ]
INFO: [ app_begin ] --END-- [ RunTime:0.000444s ]
NOTIC: [8] Undefined index: UserID /www/wwwroot/guangbang/guangbang/Admin/Home/Controller/BaseController.class.php 第 9 行.
SQL: SHOW COLUMNS FROM `auth` [ RunTime:0.0007s ]
SQL: SELECT * FROM `auth` WHERE ( Status = 1 )  [ RunTime:0.0003s ]
NOTIC: [8] Undefined variable: UserInfo /www/wwwroot/guangbang/guangbang/Admin/Home/Controller/BaseController.class.php 第 17 行.
SQL: SELECT * FROM `auth` WHERE ( fid = 1 and Status = 1 )  [ RunTime:0.0002s ]
NOTIC: [8] Undefined variable: UserInfo /www/wwwroot/guangbang/guangbang/Admin/Home/Controller/BaseController.class.php 第 17 行.
SQL: SELECT * FROM `auth` WHERE ( fid = 2 and Status = 1 )  [ RunTime:0.0002s ]
NOTIC: [8] Undefined variable: UserInfo /www/wwwroot/guangbang/guangbang/Admin/Home/Controller/BaseController.class.php 第 17 行.
NOTIC: [8] Undefined variable: UserInfo /www/wwwroot/guangbang/guangbang/Admin/Home/Controller/BaseController.class.php 第 17 行.
NOTIC: [8] Undefined variable: UserInfo /www/wwwroot/guangbang/guangbang/Admin/Home/Controller/BaseController.class.php 第 17 行.
NOTIC: [8] Undefined variable: UserInfo /www/wwwroot/guangbang/guangbang/Admin/Home/Controller/BaseController.class.php 第 17 行.
SQL: SELECT * FROM `auth` WHERE ( fid = 6 and Status = 1 )  [ RunTime:0.0002s ]
NOTIC: [8] Undefined variable: UserInfo /www/wwwroot/guangbang/guangbang/Admin/Home/Controller/BaseController.class.php 第 17 行.
NOTIC: [8] Undefined variable: UserInfo /www/wwwroot/guangbang/guangbang/Admin/Home/Controller/BaseController.class.php 第 17 行.
NOTIC: [8] Undefined variable: UserInfo /www/wwwroot/guangbang/guangbang/Admin/Home/Controller/BaseController.class.php 第 17 行.
NOTIC: [8] Undefined variable: UserInfo /www/wwwroot/guangbang/guangbang/Admin/Home/Controller/BaseController.class.php 第 17 行.
SQL: SELECT * FROM `auth` WHERE ( fid = 13 and Status = 1 )  [ RunTime:0.0002s ]
NOTIC: [8] Undefined variable: UserInfo /www/wwwroot/guangbang/guangbang/Admin/Home/Controller/BaseController.class.php 第 17 行.
NOTIC: [8] Undefined variable: UserInfo /www/wwwroot/guangbang/guangbang/Admin/Home/Controller/BaseController.class.php 第 17 行.
SQL: SELECT * FROM `auth` WHERE ( fid = 17 and Status = 1 )  [ RunTime:0.0002s ]
NOTIC: [8] Undefined variable: UserInfo /www/wwwroot/guangbang/guangbang/Admin/Home/Controller/BaseController.class.php 第 17 行.
NOTIC: [8] Undefined variable: UserInfo /www/wwwroot/guangbang/guangbang/Admin/Home/Controller/BaseController.class.php 第 17 行.
SQL: SELECT * FROM `auth` WHERE ( fid = 19 and Status = 1 )  [ RunTime:0.0002s ]
NOTIC: [8] Undefined variable: UserInfo /www/wwwroot/guangbang/guangbang/Admin/Home/Controller/BaseController.class.php 第 17 行.
NOTIC: [8] Undefined variable: UserInfo /www/wwwroot/guangbang/guangbang/Admin/Home/Controller/BaseController.class.php 第 17 行.
NOTIC: [8] Undefined variable: UserInfo /www/wwwroot/guangbang/guangbang/Admin/Home/Controller/BaseController.class.php 第 17 行.
SQL: SELECT * FROM `auth` WHERE ( fid = 23 and Status = 1 )  [ RunTime:0.0002s ]
NOTIC: [8] Undefined variable: UserInfo /www/wwwroot/guangbang/guangbang/Admin/Home/Controller/BaseController.class.php 第 17 行.
SQL: SELECT * FROM `auth` WHERE ( fid = 24 and Status = 1 )  [ RunTime:0.0002s ]
NOTIC: [8] Undefined variable: UserInfo /www/wwwroot/guangbang/guangbang/Admin/Home/Controller/BaseController.class.php 第 17 行.
NOTIC: [8] Undefined variable: UserInfo /www/wwwroot/guangbang/guangbang/Admin/Home/Controller/BaseController.class.php 第 17 行.
NOTIC: [8] Undefined variable: UserInfo /www/wwwroot/guangbang/guangbang/Admin/Home/Controller/BaseController.class.php 第 17 行.
NOTIC: [8] Undefined variable: UserInfo /www/wwwroot/guangbang/guangbang/Admin/Home/Controller/BaseController.class.php 第 17 行.
SQL: SELECT * FROM `auth` WHERE ( fid = 28 and Status = 1 )  [ RunTime:0.0002s ]
NOTIC: [8] Undefined variable: UserInfo /www/wwwroot/guangbang/guangbang/Admin/Home/Controller/BaseController.class.php 第 17 行.
SQL: SELECT `fid` FROM `auth` WHERE ( id =1 ) LIMIT 1   [ RunTime:0.0002s ]
SQL: SHOW COLUMNS FROM `message` [ RunTime:0.0005s ]
SQL: SELECT COUNT(*) AS tp_count FROM `message` WHERE ( Status = 0 ) LIMIT 1   [ RunTime:0.0034s ]
NOTIC: [8] Undefined index: PassWord /www/wwwroot/guangbang/guangbang/Admin/Home/Controller/BaseController.class.php 第 41 行.
NOTIC: [8] Undefined index: UserID /www/wwwroot/guangbang/guangbang/Admin/Home/Controller/BaseController.class.php 第 42 行.
INFO: [ view_parse ] --START--
INFO: [ template_filter ] --START--
INFO: Run Behavior\ContentReplaceBehavior [ RunTime:0.000303s ]
INFO: [ template_filter ] --END-- [ RunTime:0.000334s ]
INFO: Run Behavior\ParseTemplateBehavior [ RunTime:0.004855s ]
INFO: [ view_parse ] --END-- [ RunTime:0.004881s ]
INFO: [ view_filter ] --START--
INFO: Run Behavior\WriteHtmlCacheBehavior [ RunTime:0.000155s ]
INFO: [ view_filter ] --END-- [ RunTime:0.000175s ]

[ 2018-01-26T18:12:33+08:00 ] 183.13.204.168 /adm.php/Home/User/login.html
INFO: [ app_init ] --START--
INFO: Run Behavior\BuildLiteBehavior [ RunTime:0.000008s ]
INFO: [ app_init ] --END-- [ RunTime:0.000239s ]
INFO: [ app_begin ] --START--
INFO: Run Behavior\ReadHtmlCacheBehavior [ RunTime:0.000345s ]
INFO: [ app_begin ] --END-- [ RunTime:0.000372s ]
NOTIC: [8] Undefined index: UserID /www/wwwroot/guangbang/guangbang/Admin/Home/Controller/BaseController.class.php 第 9 行.
SQL: SHOW COLUMNS FROM `auth` [ RunTime:0.0008s ]
SQL: SELECT * FROM `auth` WHERE ( Status = 1 )  [ RunTime:0.0003s ]
NOTIC: [8] Undefined variable: UserInfo /www/wwwroot/guangbang/guangbang/Admin/Home/Controller/BaseController.class.php 第 17 行.
SQL: SELECT * FROM `auth` WHERE ( fid = 1 and Status = 1 )  [ RunTime:0.0002s ]
NOTIC: [8] Undefined variable: UserInfo /www/wwwroot/guangbang/guangbang/Admin/Home/Controller/BaseController.class.php 第 17 行.
SQL: SELECT * FROM `auth` WHERE ( fid = 2 and Status = 1 )  [ RunTime:0.0002s ]
NOTIC: [8] Undefined variable: UserInfo /www/wwwroot/guangbang/guangbang/Admin/Home/Controller/BaseController.class.php 第 17 行.
NOTIC: [8] Undefined variable: UserInfo /www/wwwroot/guangbang/guangbang/Admin/Home/Controller/BaseController.class.php 第 17 行.
NOTIC: [8] Undefined variable: UserInfo /www/wwwroot/guangbang/guangbang/Admin/Home/Controller/BaseController.class.php 第 17 行.
NOTIC: [8] Undefined variable: UserInfo /www/wwwroot/guangbang/guangbang/Admin/Home/Controller/BaseController.class.php 第 17 行.
SQL: SELECT * FROM `auth` WHERE ( fid = 6 and Status = 1 )  [ RunTime:0.0002s ]
NOTIC: [8] Undefined variable: UserInfo /www/wwwroot/guangbang/guangbang/Admin/Home/Controller/BaseController.class.php 第 17 行.
NOTIC: [8] Undefined variable: UserInfo /www/wwwroot/guangbang/guangbang/Admin/Home/Controller/BaseController.class.php 第 17 行.
NOTIC: [8] Undefined variable: UserInfo /www/wwwroot/guangbang/guangbang/Admin/Home/Controller/BaseController.class.php 第 17 行.
NOTIC: [8] Undefined variable: UserInfo /www/wwwroot/guangbang/guangbang/Admin/Home/Controller/BaseController.class.php 第 17 行.
SQL: SELECT * FROM `auth` WHERE ( fid = 13 and Status = 1 )  [ RunTime:0.0002s ]
NOTIC: [8] Undefined variable: UserInfo /www/wwwroot/guangbang/guangbang/Admin/Home/Controller/BaseController.class.php 第 17 行.
NOTIC: [8] Undefined variable: UserInfo /www/wwwroot/guangbang/guangbang/Admin/Home/Controller/BaseController.class.php 第 17 行.
SQL: SELECT * FROM `auth` WHERE ( fid = 17 and Status = 1 )  [ RunTime:0.0002s ]
NOTIC: [8] Undefined variable: UserInfo /www/wwwroot/guangbang/guangbang/Admin/Home/Controller/BaseController.class.php 第 17 行.
NOTIC: [8] Undefined variable: UserInfo /www/wwwroot/guangbang/guangbang/Admin/Home/Controller/BaseController.class.php 第 17 行.
SQL: SELECT * FROM `auth` WHERE ( fid = 19 and Status = 1 )  [ RunTime:0.0002s ]
NOTIC: [8] Undefined variable: UserInfo /www/wwwroot/guangbang/guangbang/Admin/Home/Controller/BaseController.class.php 第 17 行.
NOTIC: [8] Undefined variable: UserInfo /www/wwwroot/guangbang/guangbang/Admin/Home/Controller/BaseController.class.php 第 17 行.
NOTIC: [8] Undefined variable: UserInfo /www/wwwroot/guangbang/guangbang/Admin/Home/Controller/BaseController.class.php 第 17 行.
SQL: SELECT * FROM `auth` WHERE ( fid = 23 and Status = 1 )  [ RunTime:0.0002s ]
NOTIC: [8] Undefined variable: UserInfo /www/wwwroot/guangbang/guangbang/Admin/Home/Controller/BaseController.class.php 第 17 行.
SQL: SELECT * FROM `auth` WHERE ( fid = 24 and Status = 1 )  [ RunTime:0.0002s ]
NOTIC: [8] Undefined variable: UserInfo /www/wwwroot/guangbang/guangbang/Admin/Home/Controller/BaseController.class.php 第 17 行.
NOTIC: [8] Undefined variable: UserInfo /www/wwwroot/guangbang/guangbang/Admin/Home/Controller/BaseController.class.php 第 17 行.
NOTIC: [8] Undefined variable: UserInfo /www/wwwroot/guangbang/guangbang/Admin/Home/Controller/BaseController.class.php 第 17 行.
NOTIC: [8] Undefined variable: UserInfo /www/wwwroot/guangbang/guangbang/Admin/Home/Controller/BaseController.class.php 第 17 行.
SQL: SELECT * FROM `auth` WHERE ( fid = 28 and Status = 1 )  [ RunTime:0.0002s ]
NOTIC: [8] Undefined variable: UserInfo /www/wwwroot/guangbang/guangbang/Admin/Home/Controller/BaseController.class.php 第 17 行.
SQL: SELECT `fid` FROM `auth` WHERE ( id =1 ) LIMIT 1   [ RunTime:0.0001s ]
SQL: SHOW COLUMNS FROM `message` [ RunTime:0.0005s ]
SQL: SELECT COUNT(*) AS tp_count FROM `message` WHERE ( Status = 0 ) LIMIT 1   [ RunTime:0.0001s ]
INFO: [ view_parse ] --START--
INFO: [ template_filter ] --START--
INFO: Run Behavior\ContentReplaceBehavior [ RunTime:0.000034s ]
INFO: [ template_filter ] --END-- [ RunTime:0.000060s ]
INFO: Run Behavior\ParseTemplateBehavior [ RunTime:0.008887s ]
INFO: [ view_parse ] --END-- [ RunTime:0.008914s ]
INFO: [ view_filter ] --START--
INFO: Run Behavior\WriteHtmlCacheBehavior [ RunTime:0.000155s ]
INFO: [ view_filter ] --END-- [ RunTime:0.000175s ]
INFO: [ app_end ] --START--
INFO: Run Behavior\ShowPageTraceBehavior [ RunTime:0.000436s ]
INFO: [ app_end ] --END-- [ RunTime:0.000483s ]

[ 2018-01-26T18:12:37+08:00 ] 183.13.204.168 /adm.php/Home/User/login.html
INFO: [ app_init ] --START--
INFO: Run Behavior\BuildLiteBehavior [ RunTime:0.000009s ]
INFO: [ app_init ] --END-- [ RunTime:0.000262s ]
INFO: [ app_begin ] --START--
INFO: Run Behavior\ReadHtmlCacheBehavior [ RunTime:0.000556s ]
INFO: [ app_begin ] --END-- [ RunTime:0.000592s ]
NOTIC: [8] Undefined index: UserID /www/wwwroot/guangbang/guangbang/Admin/Home/Controller/BaseController.class.php 第 9 行.
SQL: SHOW COLUMNS FROM `auth` [ RunTime:0.0007s ]
SQL: SELECT * FROM `auth` WHERE ( Status = 1 )  [ RunTime:0.0002s ]
NOTIC: [8] Undefined variable: UserInfo /www/wwwroot/guangbang/guangbang/Admin/Home/Controller/BaseController.class.php 第 17 行.
SQL: SELECT * FROM `auth` WHERE ( fid = 1 and Status = 1 )  [ RunTime:0.0002s ]
NOTIC: [8] Undefined variable: UserInfo /www/wwwroot/guangbang/guangbang/Admin/Home/Controller/BaseController.class.php 第 17 行.
SQL: SELECT * FROM `auth` WHERE ( fid = 2 and Status = 1 )  [ RunTime:0.0002s ]
NOTIC: [8] Undefined variable: UserInfo /www/wwwroot/guangbang/guangbang/Admin/Home/Controller/BaseController.class.php 第 17 行.
NOTIC: [8] Undefined variable: UserInfo /www/wwwroot/guangbang/guangbang/Admin/Home/Controller/BaseController.class.php 第 17 行.
NOTIC: [8] Undefined variable: UserInfo /www/wwwroot/guangbang/guangbang/Admin/Home/Controller/BaseController.class.php 第 17 行.
NOTIC: [8] Undefined variable: UserInfo /www/wwwroot/guangbang/guangbang/Admin/Home/Controller/BaseController.class.php 第 17 行.
SQL: SELECT * FROM `auth` WHERE ( fid = 6 and Status = 1 )  [ RunTime:0.0002s ]
NOTIC: [8] Undefined variable: UserInfo /www/wwwroot/guangbang/guangbang/Admin/Home/Controller/BaseController.class.php 第 17 行.
NOTIC: [8] Undefined variable: UserInfo /www/wwwroot/guangbang/guangbang/Admin/Home/Controller/BaseController.class.php 第 17 行.
NOTIC: [8] Undefined variable: UserInfo /www/wwwroot/guangbang/guangbang/Admin/Home/Controller/BaseController.class.php 第 17 行.
NOTIC: [8] Undefined variable: UserInfo /www/wwwroot/guangbang/guangbang/Admin/Home/Controller/BaseController.class.php 第 17 行.
SQL: SELECT * FROM `auth` WHERE ( fid = 13 and Status = 1 )  [ RunTime:0.0002s ]
NOTIC: [8] Undefined variable: UserInfo /www/wwwroot/guangbang/guangbang/Admin/Home/Controller/BaseController.class.php 第 17 行.
NOTIC: [8] Undefined variable: UserInfo /www/wwwroot/guangbang/guangbang/Admin/Home/Controller/BaseController.class.php 第 17 行.
SQL: SELECT * FROM `auth` WHERE ( fid = 17 and Status = 1 )  [ RunTime:0.0002s ]
NOTIC: [8] Undefined variable: UserInfo /www/wwwroot/guangbang/guangbang/Admin/Home/Controller/BaseController.class.php 第 17 行.
NOTIC: [8] Undefined variable: UserInfo /www/wwwroot/guangbang/guangbang/Admin/Home/Controller/BaseController.class.php 第 17 行.
SQL: SELECT * FROM `auth` WHERE ( fid = 19 and Status = 1 )  [ RunTime:0.0002s ]
NOTIC: [8] Undefined variable: UserInfo /www/wwwroot/guangbang/guangbang/Admin/Home/Controller/BaseController.class.php 第 17 行.
NOTIC: [8] Undefined variable: UserInfo /www/wwwroot/guangbang/guangbang/Admin/Home/Controller/BaseController.class.php 第 17 行.
NOTIC: [8] Undefined variable: UserInfo /www/wwwroot/guangbang/guangbang/Admin/Home/Controller/BaseController.class.php 第 17 行.
SQL: SELECT * FROM `auth` WHERE ( fid = 23 and Status = 1 )  [ RunTime:0.0002s ]
NOTIC: [8] Undefined variable: UserInfo /www/wwwroot/guangbang/guangbang/Admin/Home/Controller/BaseController.class.php 第 17 行.
SQL: SELECT * FROM `auth` WHERE ( fid = 24 and Status = 1 )  [ RunTime:0.0002s ]
NOTIC: [8] Undefined variable: UserInfo /www/wwwroot/guangbang/guangbang/Admin/Home/Controller/BaseController.class.php 第 17 行.
NOTIC: [8] Undefined variable: UserInfo /www/wwwroot/guangbang/guangbang/Admin/Home/Controller/BaseController.class.php 第 17 行.
NOTIC: [8] Undefined variable: UserInfo /www/wwwroot/guangbang/guangbang/Admin/Home/Controller/BaseController.class.php 第 17 行.
NOTIC: [8] Undefined variable: UserInfo /www/wwwroot/guangbang/guangbang/Admin/Home/Controller/BaseController.class.php 第 17 行.
SQL: SELECT * FROM `auth` WHERE ( fid = 28 and Status = 1 )  [ RunTime:0.0002s ]
NOTIC: [8] Undefined variable: UserInfo /www/wwwroot/guangbang/guangbang/Admin/Home/Controller/BaseController.class.php 第 17 行.
SQL: SELECT `fid` FROM `auth` WHERE ( id =1 ) LIMIT 1   [ RunTime:0.0002s ]
SQL: SHOW COLUMNS FROM `message` [ RunTime:0.0005s ]
SQL: SELECT COUNT(*) AS tp_count FROM `message` WHERE ( Status = 0 ) LIMIT 1   [ RunTime:0.0001s ]
SQL: SHOW COLUMNS FROM `user` [ RunTime:0.0006s ]
SQL: SELECT * FROM `user` WHERE `UserName` = 'admin' AND `PassWord` = '4297f44b13955235245b2497399d7a93' AND `status` = 1 LIMIT 1   [ RunTime:0.0002s ]
SQL: SHOW COLUMNS FROM `user` [ RunTime:0.0005s ]
SQL: UPDATE `user` SET `UpdateTime`='2018-01-26 18:12:37',`LastIp`='183.13.204.168' WHERE ( ID = 1 ) [ RunTime:0.0268s ]
INFO: [ view_parse ] --START--
INFO: [ template_filter ] --START--
INFO: Run Behavior\ContentReplaceBehavior [ RunTime:0.000039s ]
INFO: [ template_filter ] --END-- [ RunTime:0.000067s ]
INFO: Run Behavior\ParseTemplateBehavior [ RunTime:0.005242s ]
INFO: [ view_parse ] --END-- [ RunTime:0.005273s ]
INFO: [ view_filter ] --START--
INFO: Run Behavior\WriteHtmlCacheBehavior [ RunTime:0.000259s ]
INFO: [ view_filter ] --END-- [ RunTime:0.000285s ]
INFO: [ app_end ] --START--
INFO: Run Behavior\ShowPageTraceBehavior [ RunTime:0.000463s ]
INFO: [ app_end ] --END-- [ RunTime:0.000497s ]

[ 2018-01-26T18:12:38+08:00 ] 183.13.204.168 /adm.php/Home/Index/index.html
INFO: [ app_init ] --START--
INFO: Run Behavior\BuildLiteBehavior [ RunTime:0.000009s ]
INFO: [ app_init ] --END-- [ RunTime:0.000248s ]
INFO: [ app_begin ] --START--
INFO: Run Behavior\ReadHtmlCacheBehavior [ RunTime:0.000400s ]
INFO: [ app_begin ] --END-- [ RunTime:0.000427s ]
SQL: SHOW COLUMNS FROM `user` [ RunTime:0.0008s ]
SQL: SELECT * FROM `user` WHERE ( ID = 1 ) LIMIT 1   [ RunTime:0.0002s ]
SQL: SHOW COLUMNS FROM `auth` [ RunTime:0.0004s ]
SQL: SELECT * FROM `auth` WHERE ( Status = 1 )  [ RunTime:0.0002s ]
SQL: SELECT * FROM `auth` WHERE ( fid = 1 and Status = 1 )  [ RunTime:0.0002s ]
SQL: SELECT * FROM `auth` WHERE ( fid = 2 and Status = 1 )  [ RunTime:0.0001s ]
SQL: SELECT * FROM `auth` WHERE ( fid = 6 and Status = 1 )  [ RunTime:0.0001s ]
SQL: SELECT * FROM `auth` WHERE ( fid = 13 and Status = 1 )  [ RunTime:0.0002s ]
SQL: SELECT * FROM `auth` WHERE ( fid = 17 and Status = 1 )  [ RunTime:0.0001s ]
SQL: SELECT * FROM `auth` WHERE ( fid = 19 and Status = 1 )  [ RunTime:0.0001s ]
SQL: SELECT * FROM `auth` WHERE ( fid = 23 and Status = 1 )  [ RunTime:0.0001s ]
SQL: SELECT * FROM `auth` WHERE ( fid = 24 and Status = 1 )  [ RunTime:0.0001s ]
SQL: SELECT * FROM `auth` WHERE ( fid = 28 and Status = 1 )  [ RunTime:0.0001s ]
SQL: SELECT `fid` FROM `auth` WHERE ( id =1 ) LIMIT 1   [ RunTime:0.0001s ]
SQL: SHOW COLUMNS FROM `message` [ RunTime:0.0004s ]
SQL: SELECT COUNT(*) AS tp_count FROM `message` WHERE ( Status = 0 ) LIMIT 1   [ RunTime:0.0002s ]
SQL: SHOW COLUMNS FROM `user` [ RunTime:0.0006s ]
SQL: SELECT * FROM `user` WHERE ( PassWord ='4297f44b13955235245b2497399d7a93' ) LIMIT 1   [ RunTime:0.0002s ]
SQL: SHOW COLUMNS FROM `news` [ RunTime:0.0005s ]
SQL: SELECT COUNT(*) AS tp_count FROM `news` WHERE ( Type ="news" and Status > 0 ) LIMIT 1   [ RunTime:0.0002s ]
SQL: SELECT sum(ShowTimes) as s FROM `news` WHERE ( Type ="news" and Status > 0 ) LIMIT 1   [ RunTime:0.0008s ]
SQL: SELECT COUNT(*) AS tp_count FROM `news` WHERE ( Type ="media" and Status > 0 ) LIMIT 1   [ RunTime:0.0001s ]
SQL: SELECT sum(ShowTimes) as s FROM `news` WHERE ( Type ="media" and Status > 0 ) LIMIT 1   [ RunTime:0.0001s ]
INFO: [ view_parse ] --START--
INFO: [ template_filter ] --START--
INFO: Run Behavior\ContentReplaceBehavior [ RunTime:0.000142s ]
INFO: [ template_filter ] --END-- [ RunTime:0.000174s ]
INFO: Run Behavior\ParseTemplateBehavior [ RunTime:0.010363s ]
INFO: [ view_parse ] --END-- [ RunTime:0.010391s ]
INFO: [ view_filter ] --START--
INFO: Run Behavior\WriteHtmlCacheBehavior [ RunTime:0.000201s ]
INFO: [ view_filter ] --END-- [ RunTime:0.000223s ]
INFO: [ app_end ] --START--
INFO: Run Behavior\ShowPageTraceBehavior [ RunTime:0.000443s ]
INFO: [ app_end ] --END-- [ RunTime:0.000476s ]

[ 2018-01-26T18:12:38+08:00 ] 183.13.204.168 /adm.php/Home/Index/index.html
INFO: [ app_init ] --START--
INFO: Run Behavior\BuildLiteBehavior [ RunTime:0.000007s ]
INFO: [ app_init ] --END-- [ RunTime:0.000245s ]
INFO: [ app_begin ] --START--
INFO: Run Behavior\ReadHtmlCacheBehavior [ RunTime:0.000342s ]
INFO: [ app_begin ] --END-- [ RunTime:0.000369s ]
SQL: SHOW COLUMNS FROM `user` [ RunTime:0.0008s ]
SQL: SELECT * FROM `user` WHERE ( ID = 1 ) LIMIT 1   [ RunTime:0.0003s ]
SQL: SHOW COLUMNS FROM `auth` [ RunTime:0.0005s ]
SQL: SELECT * FROM `auth` WHERE ( Status = 1 )  [ RunTime:0.0002s ]
SQL: SELECT * FROM `auth` WHERE ( fid = 1 and Status = 1 )  [ RunTime:0.0002s ]
SQL: SELECT * FROM `auth` WHERE ( fid = 2 and Status = 1 )  [ RunTime:0.0002s ]
SQL: SELECT * FROM `auth` WHERE ( fid = 6 and Status = 1 )  [ RunTime:0.0001s ]
SQL: SELECT * FROM `auth` WHERE ( fid = 13 and Status = 1 )  [ RunTime:0.0002s ]
SQL: SELECT * FROM `auth` WHERE ( fid = 17 and Status = 1 )  [ RunTime:0.0001s ]
SQL: SELECT * FROM `auth` WHERE ( fid = 19 and Status = 1 )  [ RunTime:0.0001s ]
SQL: SELECT * FROM `auth` WHERE ( fid = 23 and Status = 1 )  [ RunTime:0.0002s ]
SQL: SELECT * FROM `auth` WHERE ( fid = 24 and Status = 1 )  [ RunTime:0.0001s ]
SQL: SELECT * FROM `auth` WHERE ( fid = 28 and Status = 1 )  [ RunTime:0.0002s ]
SQL: SELECT `fid` FROM `auth` WHERE ( id =1 ) LIMIT 1   [ RunTime:0.0001s ]
SQL: SHOW COLUMNS FROM `message` [ RunTime:0.0005s ]
SQL: SELECT COUNT(*) AS tp_count FROM `message` WHERE ( Status = 0 ) LIMIT 1   [ RunTime:0.0002s ]
SQL: SHOW COLUMNS FROM `user` [ RunTime:0.0006s ]
SQL: SELECT * FROM `user` WHERE ( PassWord ='4297f44b13955235245b2497399d7a93' ) LIMIT 1   [ RunTime:0.0002s ]
SQL: SHOW COLUMNS FROM `news` [ RunTime:0.0005s ]
SQL: SELECT COUNT(*) AS tp_count FROM `news` WHERE ( Type ="news" and Status > 0 ) LIMIT 1   [ RunTime:0.0002s ]
SQL: SELECT sum(ShowTimes) as s FROM `news` WHERE ( Type ="news" and Status > 0 ) LIMIT 1   [ RunTime:0.0002s ]
SQL: SELECT COUNT(*) AS tp_count FROM `news` WHERE ( Type ="media" and Status > 0 ) LIMIT 1   [ RunTime:0.0002s ]
SQL: SELECT sum(ShowTimes) as s FROM `news` WHERE ( Type ="media" and Status > 0 ) LIMIT 1   [ RunTime:0.0002s ]
INFO: [ view_parse ] --START--
INFO: [ template_filter ] --START--
INFO: Run Behavior\ContentReplaceBehavior [ RunTime:0.000134s ]
INFO: [ template_filter ] --END-- [ RunTime:0.000163s ]
INFO: Run Behavior\ParseTemplateBehavior [ RunTime:0.008805s ]
INFO: [ view_parse ] --END-- [ RunTime:0.008830s ]
INFO: [ view_filter ] --START--
INFO: Run Behavior\WriteHtmlCacheBehavior [ RunTime:0.000189s ]
INFO: [ view_filter ] --END-- [ RunTime:0.000217s ]
INFO: [ app_end ] --START--
INFO: Run Behavior\ShowPageTraceBehavior [ RunTime:0.000407s ]
INFO: [ app_end ] --END-- [ RunTime:0.000436s ]

[ 2018-01-26T18:12:40+08:00 ] 183.13.204.168 /adm.php/Home/Index/lunboList/nav/3.html
INFO: [ app_init ] --START--
INFO: Run Behavior\BuildLiteBehavior [ RunTime:0.000011s ]
INFO: [ app_init ] --END-- [ RunTime:0.000335s ]
INFO: [ app_begin ] --START--
INFO: Run Behavior\ReadHtmlCacheBehavior [ RunTime:0.000347s ]
INFO: [ app_begin ] --END-- [ RunTime:0.000377s ]
SQL: SHOW COLUMNS FROM `user` [ RunTime:0.0008s ]
SQL: SELECT * FROM `user` WHERE ( ID = 1 ) LIMIT 1   [ RunTime:0.0002s ]
SQL: SHOW COLUMNS FROM `auth` [ RunTime:0.0005s ]
SQL: SELECT * FROM `auth` WHERE ( Status = 1 )  [ RunTime:0.0002s ]
SQL: SELECT * FROM `auth` WHERE ( fid = 1 and Status = 1 )  [ RunTime:0.0002s ]
SQL: SELECT * FROM `auth` WHERE ( fid = 2 and Status = 1 )  [ RunTime:0.0002s ]
SQL: SELECT * FROM `auth` WHERE ( fid = 6 and Status = 1 )  [ RunTime:0.0002s ]
SQL: SELECT * FROM `auth` WHERE ( fid = 13 and Status = 1 )  [ RunTime:0.0002s ]
SQL: SELECT * FROM `auth` WHERE ( fid = 17 and Status = 1 )  [ RunTime:0.0002s ]
SQL: SELECT * FROM `auth` WHERE ( fid = 19 and Status = 1 )  [ RunTime:0.0002s ]
SQL: SELECT * FROM `auth` WHERE ( fid = 23 and Status = 1 )  [ RunTime:0.0001s ]
SQL: SELECT * FROM `auth` WHERE ( fid = 24 and Status = 1 )  [ RunTime:0.0001s ]
SQL: SELECT * FROM `auth` WHERE ( fid = 28 and Status = 1 )  [ RunTime:0.0001s ]
SQL: SELECT `fid` FROM `auth` WHERE ( id =3 ) LIMIT 1   [ RunTime:0.0001s ]
SQL: SHOW COLUMNS FROM `message` [ RunTime:0.0005s ]
SQL: SELECT COUNT(*) AS tp_count FROM `message` WHERE ( Status = 0 ) LIMIT 1   [ RunTime:0.0001s ]
SQL: SHOW COLUMNS FROM `user` [ RunTime:0.0005s ]
SQL: SELECT * FROM `user` WHERE ( PassWord ='4297f44b13955235245b2497399d7a93' ) LIMIT 1   [ RunTime:0.0002s ]
NOTIC: [8] Undefined index: Type /www/wwwroot/guangbang/guangbang/Admin/Home/Controller/IndexController.class.php 第 25 行.
SQL: SHOW COLUMNS FROM `img` [ RunTime:0.0005s ]
SQL: SELECT * FROM `img` ORDER BY Sort ASC  [ RunTime:0.0002s ]
INFO: [ view_parse ] --START--
INFO: [ template_filter ] --START--
INFO: Run Behavior\ContentReplaceBehavior [ RunTime:0.000136s ]
INFO: [ template_filter ] --END-- [ RunTime:0.000162s ]
INFO: Run Behavior\ParseTemplateBehavior [ RunTime:0.010398s ]
INFO: [ view_parse ] --END-- [ RunTime:0.010426s ]
INFO: [ view_filter ] --START--
INFO: Run Behavior\WriteHtmlCacheBehavior [ RunTime:0.000165s ]
INFO: [ view_filter ] --END-- [ RunTime:0.000186s ]
INFO: [ app_end ] --START--
INFO: Run Behavior\ShowPageTraceBehavior [ RunTime:0.000422s ]
INFO: [ app_end ] --END-- [ RunTime:0.000451s ]

[ 2018-01-26T18:12:44+08:00 ] 183.13.204.168 /adm.php/Home/Index/ImgEdit/ID/29.html
INFO: [ app_init ] --START--
INFO: Run Behavior\BuildLiteBehavior [ RunTime:0.000010s ]
INFO: [ app_init ] --END-- [ RunTime:0.000266s ]
INFO: [ app_begin ] --START--
INFO: Run Behavior\ReadHtmlCacheBehavior [ RunTime:0.000349s ]
INFO: [ app_begin ] --END-- [ RunTime:0.000376s ]
SQL: SHOW COLUMNS FROM `user` [ RunTime:0.0008s ]
SQL: SELECT * FROM `user` WHERE ( ID = 1 ) LIMIT 1   [ RunTime:0.0003s ]
SQL: SHOW COLUMNS FROM `auth` [ RunTime:0.0006s ]
SQL: SELECT * FROM `auth` WHERE ( Status = 1 )  [ RunTime:0.0002s ]
SQL: SELECT * FROM `auth` WHERE ( fid = 1 and Status = 1 )  [ RunTime:0.0002s ]
SQL: SELECT * FROM `auth` WHERE ( fid = 2 and Status = 1 )  [ RunTime:0.0002s ]
SQL: SELECT * FROM `auth` WHERE ( fid = 6 and Status = 1 )  [ RunTime:0.0002s ]
SQL: SELECT * FROM `auth` WHERE ( fid = 13 and Status = 1 )  [ RunTime:0.0002s ]
SQL: SELECT * FROM `auth` WHERE ( fid = 17 and Status = 1 )  [ RunTime:0.0002s ]
SQL: SELECT * FROM `auth` WHERE ( fid = 19 and Status = 1 )  [ RunTime:0.0001s ]
SQL: SELECT * FROM `auth` WHERE ( fid = 23 and Status = 1 )  [ RunTime:0.0001s ]
SQL: SELECT * FROM `auth` WHERE ( fid = 24 and Status = 1 )  [ RunTime:0.0001s ]
SQL: SELECT * FROM `auth` WHERE ( fid = 28 and Status = 1 )  [ RunTime:0.0002s ]
SQL: SELECT `fid` FROM `auth` WHERE ( id =1 ) LIMIT 1   [ RunTime:0.0002s ]
SQL: SHOW COLUMNS FROM `message` [ RunTime:0.0005s ]
SQL: SELECT COUNT(*) AS tp_count FROM `message` WHERE ( Status = 0 ) LIMIT 1   [ RunTime:0.0002s ]
SQL: SHOW COLUMNS FROM `user` [ RunTime:0.0005s ]
SQL: SELECT * FROM `user` WHERE ( PassWord ='4297f44b13955235245b2497399d7a93' ) LIMIT 1   [ RunTime:0.0002s ]
SQL: SHOW COLUMNS FROM `img` [ RunTime:0.0005s ]
SQL: SELECT * FROM `img` WHERE ( ID = 29 ) LIMIT 1   [ RunTime:0.0002s ]
INFO: [ view_parse ] --START--
INFO: [ template_filter ] --START--
INFO: Run Behavior\ContentReplaceBehavior [ RunTime:0.000157s ]
INFO: [ template_filter ] --END-- [ RunTime:0.000185s ]
INFO: Run Behavior\ParseTemplateBehavior [ RunTime:0.011178s ]
INFO: [ view_parse ] --END-- [ RunTime:0.011205s ]
INFO: [ view_filter ] --START--
INFO: Run Behavior\WriteHtmlCacheBehavior [ RunTime:0.000164s ]
INFO: [ view_filter ] --END-- [ RunTime:0.000185s ]
INFO: [ app_end ] --START--
INFO: Run Behavior\ShowPageTraceBehavior [ RunTime:0.000445s ]
INFO: [ app_end ] --END-- [ RunTime:0.000474s ]

[ 2018-01-26T18:12:49+08:00 ] 183.13.204.168 /adm.php/Home/Index/ImgEdit/ID/29.html
INFO: [ app_init ] --START--
INFO: Run Behavior\BuildLiteBehavior [ RunTime:0.000009s ]
INFO: [ app_init ] --END-- [ RunTime:0.000251s ]
INFO: [ app_begin ] --START--
INFO: Run Behavior\ReadHtmlCacheBehavior [ RunTime:0.000413s ]
INFO: [ app_begin ] --END-- [ RunTime:0.000446s ]
SQL: SHOW COLUMNS FROM `user` [ RunTime:0.0008s ]
SQL: SELECT * FROM `user` WHERE ( ID = 1 ) LIMIT 1   [ RunTime:0.0002s ]
SQL: SHOW COLUMNS FROM `auth` [ RunTime:0.0005s ]
SQL: SELECT * FROM `auth` WHERE ( Status = 1 )  [ RunTime:0.0002s ]
SQL: SELECT * FROM `auth` WHERE ( fid = 1 and Status = 1 )  [ RunTime:0.0002s ]
SQL: SELECT * FROM `auth` WHERE ( fid = 2 and Status = 1 )  [ RunTime:0.0002s ]
SQL: SELECT * FROM `auth` WHERE ( fid = 6 and Status = 1 )  [ RunTime:0.0002s ]
SQL: SELECT * FROM `auth` WHERE ( fid = 13 and Status = 1 )  [ RunTime:0.0001s ]
SQL: SELECT * FROM `auth` WHERE ( fid = 17 and Status = 1 )  [ RunTime:0.0002s ]
SQL: SELECT * FROM `auth` WHERE ( fid = 19 and Status = 1 )  [ RunTime:0.0002s ]
SQL: SELECT * FROM `auth` WHERE ( fid = 23 and Status = 1 )  [ RunTime:0.0001s ]
SQL: SELECT * FROM `auth` WHERE ( fid = 24 and Status = 1 )  [ RunTime:0.0001s ]
SQL: SELECT * FROM `auth` WHERE ( fid = 28 and Status = 1 )  [ RunTime:0.0002s ]
SQL: SELECT `fid` FROM `auth` WHERE ( id =1 ) LIMIT 1   [ RunTime:0.0001s ]
SQL: SHOW COLUMNS FROM `message` [ RunTime:0.0005s ]
SQL: SELECT COUNT(*) AS tp_count FROM `message` WHERE ( Status = 0 ) LIMIT 1   [ RunTime:0.0001s ]
SQL: SHOW COLUMNS FROM `user` [ RunTime:0.0005s ]
SQL: SELECT * FROM `user` WHERE ( PassWord ='4297f44b13955235245b2497399d7a93' ) LIMIT 1   [ RunTime:0.0002s ]
SQL: SHOW COLUMNS FROM `img` [ RunTime:0.0005s ]
SQL: SELECT COUNT(*) AS tp_count FROM `img` LIMIT 1   [ RunTime:0.0002s ]
SQL: SHOW COLUMNS FROM `news` [ RunTime:0.0005s ]
NOTIC: [2] call_user_func() expects parameter 1 to be a valid callback, no array or string given /www/wwwroot/guangbang/guangbang/ThinkPHP/Library/Think/Upload.class.php 第 170 行.
SQL: SELECT `Sort` FROM `img` ORDER BY Sort DESC LIMIT 1   [ RunTime:0.0001s ]
SQL: SELECT `Sort` FROM `img` WHERE ( Id=29 ) LIMIT 1   [ RunTime:0.0001s ]
SQL: UPDATE `img` SET `ImgName`='lunbo5',`Sort`='5',`Type`='lg',`Url`='',`Status`='1',`ImgUrl`='/Public/uploads/2018-01-26/5a6aff2147899.jpg' WHERE ( ID = 29 ) [ RunTime:0.0500s ]

[ 2018-01-26T18:12:50+08:00 ] 183.13.204.168 /adm.php/Home/Index/lunboList.html
INFO: [ app_init ] --START--
INFO: Run Behavior\BuildLiteBehavior [ RunTime:0.000009s ]
INFO: [ app_init ] --END-- [ RunTime:0.000243s ]
INFO: [ app_begin ] --START--
INFO: Run Behavior\ReadHtmlCacheBehavior [ RunTime:0.000361s ]
INFO: [ app_begin ] --END-- [ RunTime:0.000389s ]
SQL: SHOW COLUMNS FROM `user` [ RunTime:0.0008s ]
SQL: SELECT * FROM `user` WHERE ( ID = 1 ) LIMIT 1   [ RunTime:0.0002s ]
SQL: SHOW COLUMNS FROM `auth` [ RunTime:0.0004s ]
SQL: SELECT * FROM `auth` WHERE ( Status = 1 )  [ RunTime:0.0002s ]
SQL: SELECT * FROM `auth` WHERE ( fid = 1 and Status = 1 )  [ RunTime:0.0002s ]
SQL: SELECT * FROM `auth` WHERE ( fid = 2 and Status = 1 )  [ RunTime:0.0002s ]
SQL: SELECT * FROM `auth` WHERE ( fid = 6 and Status = 1 )  [ RunTime:0.0001s ]
SQL: SELECT * FROM `auth` WHERE ( fid = 13 and Status = 1 )  [ RunTime:0.0001s ]
SQL: SELECT * FROM `auth` WHERE ( fid = 17 and Status = 1 )  [ RunTime:0.0002s ]
SQL: SELECT * FROM `auth` WHERE ( fid = 19 and Status = 1 )  [ RunTime:0.0002s ]
SQL: SELECT * FROM `auth` WHERE ( fid = 23 and Status = 1 )  [ RunTime:0.0001s ]
SQL: SELECT * FROM `auth` WHERE ( fid = 24 and Status = 1 )  [ RunTime:0.0001s ]
SQL: SELECT * FROM `auth` WHERE ( fid = 28 and Status = 1 )  [ RunTime:0.0002s ]
SQL: SELECT `fid` FROM `auth` WHERE ( id =1 ) LIMIT 1   [ RunTime:0.0001s ]
SQL: SHOW COLUMNS FROM `message` [ RunTime:0.0005s ]
SQL: SELECT COUNT(*) AS tp_count FROM `message` WHERE ( Status = 0 ) LIMIT 1   [ RunTime:0.0002s ]
SQL: SHOW COLUMNS FROM `user` [ RunTime:0.0005s ]
SQL: SELECT * FROM `user` WHERE ( PassWord ='4297f44b13955235245b2497399d7a93' ) LIMIT 1   [ RunTime:0.0002s ]
NOTIC: [8] Undefined index: Type /www/wwwroot/guangbang/guangbang/Admin/Home/Controller/IndexController.class.php 第 25 行.
SQL: SHOW COLUMNS FROM `img` [ RunTime:0.0004s ]
SQL: SELECT * FROM `img` ORDER BY Sort ASC  [ RunTime:0.0002s ]
INFO: [ view_parse ] --START--
INFO: [ template_filter ] --START--
INFO: Run Behavior\ContentReplaceBehavior [ RunTime:0.000134s ]
INFO: [ template_filter ] --END-- [ RunTime:0.000161s ]
INFO: Run Behavior\ParseTemplateBehavior [ RunTime:0.009493s ]
INFO: [ view_parse ] --END-- [ RunTime:0.009519s ]
INFO: [ view_filter ] --START--
INFO: Run Behavior\WriteHtmlCacheBehavior [ RunTime:0.000176s ]
INFO: [ view_filter ] --END-- [ RunTime:0.000197s ]
INFO: [ app_end ] --START--
INFO: Run Behavior\ShowPageTraceBehavior [ RunTime:0.000462s ]
INFO: [ app_end ] --END-- [ RunTime:0.000490s ]

[ 2018-01-26T18:18:39+08:00 ] 183.13.204.168 /adm.php/Home/Index/ImgEdit/ID/31.html
INFO: [ app_init ] --START--
INFO: Run Behavior\BuildLiteBehavior [ RunTime:0.000010s ]
INFO: [ app_init ] --END-- [ RunTime:0.000307s ]
INFO: [ app_begin ] --START--
INFO: Run Behavior\ReadHtmlCacheBehavior [ RunTime:0.000377s ]
INFO: [ app_begin ] --END-- [ RunTime:0.000409s ]
SQL: SHOW COLUMNS FROM `user` [ RunTime:0.0008s ]
SQL: SELECT * FROM `user` WHERE ( ID = 1 ) LIMIT 1   [ RunTime:0.0002s ]
SQL: SHOW COLUMNS FROM `auth` [ RunTime:0.0004s ]
SQL: SELECT * FROM `auth` WHERE ( Status = 1 )  [ RunTime:0.0002s ]
SQL: SELECT * FROM `auth` WHERE ( fid = 1 and Status = 1 )  [ RunTime:0.0002s ]
SQL: SELECT * FROM `auth` WHERE ( fid = 2 and Status = 1 )  [ RunTime:0.0001s ]
SQL: SELECT * FROM `auth` WHERE ( fid = 6 and Status = 1 )  [ RunTime:0.0002s ]
SQL: SELECT * FROM `auth` WHERE ( fid = 13 and Status = 1 )  [ RunTime:0.0002s ]
SQL: SELECT * FROM `auth` WHERE ( fid = 17 and Status = 1 )  [ RunTime:0.0001s ]
SQL: SELECT * FROM `auth` WHERE ( fid = 19 and Status = 1 )  [ RunTime:0.0001s ]
SQL: SELECT * FROM `auth` WHERE ( fid = 23 and Status = 1 )  [ RunTime:0.0001s ]
SQL: SELECT * FROM `auth` WHERE ( fid = 24 and Status = 1 )  [ RunTime:0.0002s ]
SQL: SELECT * FROM `auth` WHERE ( fid = 28 and Status = 1 )  [ RunTime:0.0001s ]
SQL: SELECT `fid` FROM `auth` WHERE ( id =1 ) LIMIT 1   [ RunTime:0.0001s ]
SQL: SHOW COLUMNS FROM `message` [ RunTime:0.0004s ]
SQL: SELECT COUNT(*) AS tp_count FROM `message` WHERE ( Status = 0 ) LIMIT 1   [ RunTime:0.0001s ]
SQL: SHOW COLUMNS FROM `user` [ RunTime:0.0006s ]
SQL: SELECT * FROM `user` WHERE ( PassWord ='4297f44b13955235245b2497399d7a93' ) LIMIT 1   [ RunTime:0.0002s ]
SQL: SHOW COLUMNS FROM `img` [ RunTime:0.0004s ]
SQL: SELECT * FROM `img` WHERE ( ID = 31 ) LIMIT 1   [ RunTime:0.0001s ]
INFO: [ view_parse ] --START--
INFO: [ template_filter ] --START--
INFO: Run Behavior\ContentReplaceBehavior [ RunTime:0.000150s ]
INFO: [ template_filter ] --END-- [ RunTime:0.000175s ]
INFO: Run Behavior\ParseTemplateBehavior [ RunTime:0.009385s ]
INFO: [ view_parse ] --END-- [ RunTime:0.009410s ]
INFO: [ view_filter ] --START--
INFO: Run Behavior\WriteHtmlCacheBehavior [ RunTime:0.000176s ]
INFO: [ view_filter ] --END-- [ RunTime:0.000198s ]
INFO: [ app_end ] --START--
INFO: Run Behavior\ShowPageTraceBehavior [ RunTime:0.000420s ]
INFO: [ app_end ] --END-- [ RunTime:0.000450s ]

[ 2018-01-26T18:18:43+08:00 ] 183.13.204.168 /adm.php/Home/Index/ImgEdit/ID/31.html
INFO: [ app_init ] --START--
INFO: Run Behavior\BuildLiteBehavior [ RunTime:0.000008s ]
INFO: [ app_init ] --END-- [ RunTime:0.000249s ]
INFO: [ app_begin ] --START--
INFO: Run Behavior\ReadHtmlCacheBehavior [ RunTime:0.000461s ]
INFO: [ app_begin ] --END-- [ RunTime:0.000499s ]
SQL: SHOW COLUMNS FROM `user` [ RunTime:0.0008s ]
SQL: SELECT * FROM `user` WHERE ( ID = 1 ) LIMIT 1   [ RunTime:0.0002s ]
SQL: SHOW COLUMNS FROM `auth` [ RunTime:0.0005s ]
SQL: SELECT * FROM `auth` WHERE ( Status = 1 )  [ RunTime:0.0002s ]
SQL: SELECT * FROM `auth` WHERE ( fid = 1 and Status = 1 )  [ RunTime:0.0002s ]
SQL: SELECT * FROM `auth` WHERE ( fid = 2 and Status = 1 )  [ RunTime:0.0002s ]
SQL: SELECT * FROM `auth` WHERE ( fid = 6 and Status = 1 )  [ RunTime:0.0001s ]
SQL: SELECT * FROM `auth` WHERE ( fid = 13 and Status = 1 )  [ RunTime:0.0001s ]
SQL: SELECT * FROM `auth` WHERE ( fid = 17 and Status = 1 )  [ RunTime:0.0002s ]
SQL: SELECT * FROM `auth` WHERE ( fid = 19 and Status = 1 )  [ RunTime:0.0002s ]
SQL: SELECT * FROM `auth` WHERE ( fid = 23 and Status = 1 )  [ RunTime:0.0001s ]
SQL: SELECT * FROM `auth` WHERE ( fid = 24 and Status = 1 )  [ RunTime:0.0001s ]
SQL: SELECT * FROM `auth` WHERE ( fid = 28 and Status = 1 )  [ RunTime:0.0002s ]
SQL: SELECT `fid` FROM `auth` WHERE ( id =1 ) LIMIT 1   [ RunTime:0.0002s ]
SQL: SHOW COLUMNS FROM `message` [ RunTime:0.0006s ]
SQL: SELECT COUNT(*) AS tp_count FROM `message` WHERE ( Status = 0 ) LIMIT 1   [ RunTime:0.0002s ]
SQL: SHOW COLUMNS FROM `user` [ RunTime:0.0005s ]
SQL: SELECT * FROM `user` WHERE ( PassWord ='4297f44b13955235245b2497399d7a93' ) LIMIT 1   [ RunTime:0.0002s ]
SQL: SHOW COLUMNS FROM `img` [ RunTime:0.0005s ]
SQL: SELECT COUNT(*) AS tp_count FROM `img` LIMIT 1   [ RunTime:0.0002s ]
SQL: SHOW COLUMNS FROM `news` [ RunTime:0.0005s ]
NOTIC: [2] call_user_func() expects parameter 1 to be a valid callback, no array or string given /www/wwwroot/guangbang/guangbang/ThinkPHP/Library/Think/Upload.class.php 第 170 行.
SQL: SELECT `Sort` FROM `img` ORDER BY Sort DESC LIMIT 1   [ RunTime:0.0002s ]
SQL: SELECT `Sort` FROM `img` WHERE ( Id=31 ) LIMIT 1   [ RunTime:0.0001s ]
SQL: UPDATE `img` SET `ImgName`='lunbomob2',`Sort`='7',`Type`='xs',`Url`='',`Status`='1',`ImgUrl`='/Public/uploads/2018-01-26/5a6b008387f77.jpg' WHERE ( ID = 31 ) [ RunTime:0.0101s ]

[ 2018-01-26T18:18:44+08:00 ] 183.13.204.168 /adm.php/Home/Index/lunboList.html
INFO: [ app_init ] --START--
INFO: Run Behavior\BuildLiteBehavior [ RunTime:0.000010s ]
INFO: [ app_init ] --END-- [ RunTime:0.000287s ]
INFO: [ app_begin ] --START--
INFO: Run Behavior\ReadHtmlCacheBehavior [ RunTime:0.000377s ]
INFO: [ app_begin ] --END-- [ RunTime:0.000421s ]
SQL: SHOW COLUMNS FROM `user` [ RunTime:0.0008s ]
SQL: SELECT * FROM `user` WHERE ( ID = 1 ) LIMIT 1   [ RunTime:0.0002s ]
SQL: SHOW COLUMNS FROM `auth` [ RunTime:0.0005s ]
SQL: SELECT * FROM `auth` WHERE ( Status = 1 )  [ RunTime:0.0002s ]
SQL: SELECT * FROM `auth` WHERE ( fid = 1 and Status = 1 )  [ RunTime:0.0002s ]
SQL: SELECT * FROM `auth` WHERE ( fid = 2 and Status = 1 )  [ RunTime:0.0002s ]
SQL: SELECT * FROM `auth` WHERE ( fid = 6 and Status = 1 )  [ RunTime:0.0001s ]
SQL: SELECT * FROM `auth` WHERE ( fid = 13 and Status = 1 )  [ RunTime:0.0002s ]
SQL: SELECT * FROM `auth` WHERE ( fid = 17 and Status = 1 )  [ RunTime:0.0001s ]
SQL: SELECT * FROM `auth` WHERE ( fid = 19 and Status = 1 )  [ RunTime:0.0002s ]
SQL: SELECT * FROM `auth` WHERE ( fid = 23 and Status = 1 )  [ RunTime:0.0001s ]
SQL: SELECT * FROM `auth` WHERE ( fid = 24 and Status = 1 )  [ RunTime:0.0002s ]
SQL: SELECT * FROM `auth` WHERE ( fid = 28 and Status = 1 )  [ RunTime:0.0002s ]
SQL: SELECT `fid` FROM `auth` WHERE ( id =1 ) LIMIT 1   [ RunTime:0.0001s ]
SQL: SHOW COLUMNS FROM `message` [ RunTime:0.0005s ]
SQL: SELECT COUNT(*) AS tp_count FROM `message` WHERE ( Status = 0 ) LIMIT 1   [ RunTime:0.0001s ]
SQL: SHOW COLUMNS FROM `user` [ RunTime:0.0005s ]
SQL: SELECT * FROM `user` WHERE ( PassWord ='4297f44b13955235245b2497399d7a93' ) LIMIT 1   [ RunTime:0.0002s ]
NOTIC: [8] Undefined index: Type /www/wwwroot/guangbang/guangbang/Admin/Home/Controller/IndexController.class.php 第 25 行.
SQL: SHOW COLUMNS FROM `img` [ RunTime:0.0004s ]
SQL: SELECT * FROM `img` ORDER BY Sort ASC  [ RunTime:0.0002s ]
INFO: [ view_parse ] --START--
INFO: [ template_filter ] --START--
INFO: Run Behavior\ContentReplaceBehavior [ RunTime:0.000138s ]
INFO: [ template_filter ] --END-- [ RunTime:0.000170s ]
INFO: Run Behavior\ParseTemplateBehavior [ RunTime:0.010254s ]
INFO: [ view_parse ] --END-- [ RunTime:0.010283s ]
INFO: [ view_filter ] --START--
INFO: Run Behavior\WriteHtmlCacheBehavior [ RunTime:0.000191s ]
INFO: [ view_filter ] --END-- [ RunTime:0.000215s ]
INFO: [ app_end ] --START--
INFO: Run Behavior\ShowPageTraceBehavior [ RunTime:0.000471s ]
INFO: [ app_end ] --END-- [ RunTime:0.000505s ]

[ 2018-01-26T18:18:53+08:00 ] 183.13.204.168 /adm.php/Home/Index/ImgEdit/ID/31.html
INFO: [ app_init ] --START--
INFO: Run Behavior\BuildLiteBehavior [ RunTime:0.000009s ]
INFO: [ app_init ] --END-- [ RunTime:0.000248s ]
INFO: [ app_begin ] --START--
INFO: Run Behavior\ReadHtmlCacheBehavior [ RunTime:0.000393s ]
INFO: [ app_begin ] --END-- [ RunTime:0.000424s ]
SQL: SHOW COLUMNS FROM `user` [ RunTime:0.0008s ]
SQL: SELECT * FROM `user` WHERE ( ID = 1 ) LIMIT 1   [ RunTime:0.0002s ]
SQL: SHOW COLUMNS FROM `auth` [ RunTime:0.0005s ]
SQL: SELECT * FROM `auth` WHERE ( Status = 1 )  [ RunTime:0.0002s ]
SQL: SELECT * FROM `auth` WHERE ( fid = 1 and Status = 1 )  [ RunTime:0.0002s ]
SQL: SELECT * FROM `auth` WHERE ( fid = 2 and Status = 1 )  [ RunTime:0.0002s ]
SQL: SELECT * FROM `auth` WHERE ( fid = 6 and Status = 1 )  [ RunTime:0.0002s ]
SQL: SELECT * FROM `auth` WHERE ( fid = 13 and Status = 1 )  [ RunTime:0.0002s ]
SQL: SELECT * FROM `auth` WHERE ( fid = 17 and Status = 1 )  [ RunTime:0.0002s ]
SQL: SELECT * FROM `auth` WHERE ( fid = 19 and Status = 1 )  [ RunTime:0.0002s ]
SQL: SELECT * FROM `auth` WHERE ( fid = 23 and Status = 1 )  [ RunTime:0.0002s ]
SQL: SELECT * FROM `auth` WHERE ( fid = 24 and Status = 1 )  [ RunTime:0.0002s ]
SQL: SELECT * FROM `auth` WHERE ( fid = 28 and Status = 1 )  [ RunTime:0.0001s ]
SQL: SELECT `fid` FROM `auth` WHERE ( id =1 ) LIMIT 1   [ RunTime:0.0002s ]
SQL: SHOW COLUMNS FROM `message` [ RunTime:0.0005s ]
SQL: SELECT COUNT(*) AS tp_count FROM `message` WHERE ( Status = 0 ) LIMIT 1   [ RunTime:0.0002s ]
SQL: SHOW COLUMNS FROM `user` [ RunTime:0.0005s ]
SQL: SELECT * FROM `user` WHERE ( PassWord ='4297f44b13955235245b2497399d7a93' ) LIMIT 1   [ RunTime:0.0002s ]
SQL: SHOW COLUMNS FROM `img` [ RunTime:0.0005s ]
SQL: SELECT * FROM `img` WHERE ( ID = 31 ) LIMIT 1   [ RunTime:0.0002s ]
INFO: [ view_parse ] --START--
INFO: [ template_filter ] --START--
INFO: Run Behavior\ContentReplaceBehavior [ RunTime:0.000155s ]
INFO: [ template_filter ] --END-- [ RunTime:0.000182s ]
INFO: Run Behavior\ParseTemplateBehavior [ RunTime:0.009665s ]
INFO: [ view_parse ] --END-- [ RunTime:0.009693s ]
INFO: [ view_filter ] --START--
INFO: Run Behavior\WriteHtmlCacheBehavior [ RunTime:0.000216s ]
INFO: [ view_filter ] --END-- [ RunTime:0.000244s ]
INFO: [ app_end ] --START--
INFO: Run Behavior\ShowPageTraceBehavior [ RunTime:0.000423s ]
INFO: [ app_end ] --END-- [ RunTime:0.000456s ]

[ 2018-01-26T18:18:57+08:00 ] 183.13.204.168 /adm.php/Home/Index/ImgEdit/ID/31.html
INFO: [ app_init ] --START--
INFO: Run Behavior\BuildLiteBehavior [ RunTime:0.000009s ]
INFO: [ app_init ] --END-- [ RunTime:0.000268s ]
INFO: [ app_begin ] --START--
INFO: Run Behavior\ReadHtmlCacheBehavior [ RunTime:0.000343s ]
INFO: [ app_begin ] --END-- [ RunTime:0.000388s ]
SQL: SHOW COLUMNS FROM `user` [ RunTime:0.0009s ]
SQL: SELECT * FROM `user` WHERE ( ID = 1 ) LIMIT 1   [ RunTime:0.0002s ]
SQL: SHOW COLUMNS FROM `auth` [ RunTime:0.0005s ]
SQL: SELECT * FROM `auth` WHERE ( Status = 1 )  [ RunTime:0.0002s ]
SQL: SELECT * FROM `auth` WHERE ( fid = 1 and Status = 1 )  [ RunTime:0.0002s ]
SQL: SELECT * FROM `auth` WHERE ( fid = 2 and Status = 1 )  [ RunTime:0.0002s ]
SQL: SELECT * FROM `auth` WHERE ( fid = 6 and Status = 1 )  [ RunTime:0.0002s ]
SQL: SELECT * FROM `auth` WHERE ( fid = 13 and Status = 1 )  [ RunTime:0.0001s ]
SQL: SELECT * FROM `auth` WHERE ( fid = 17 and Status = 1 )  [ RunTime:0.0001s ]
SQL: SELECT * FROM `auth` WHERE ( fid = 19 and Status = 1 )  [ RunTime:0.0002s ]
SQL: SELECT * FROM `auth` WHERE ( fid = 23 and Status = 1 )  [ RunTime:0.0001s ]
SQL: SELECT * FROM `auth` WHERE ( fid = 24 and Status = 1 )  [ RunTime:0.0001s ]
SQL: SELECT * FROM `auth` WHERE ( fid = 28 and Status = 1 )  [ RunTime:0.0001s ]
SQL: SELECT `fid` FROM `auth` WHERE ( id =1 ) LIMIT 1   [ RunTime:0.0001s ]
SQL: SHOW COLUMNS FROM `message` [ RunTime:0.0005s ]
SQL: SELECT COUNT(*) AS tp_count FROM `message` WHERE ( Status = 0 ) LIMIT 1   [ RunTime:0.0001s ]
SQL: SHOW COLUMNS FROM `user` [ RunTime:0.0005s ]
SQL: SELECT * FROM `user` WHERE ( PassWord ='4297f44b13955235245b2497399d7a93' ) LIMIT 1   [ RunTime:0.0002s ]
SQL: SHOW COLUMNS FROM `img` [ RunTime:0.0005s ]
SQL: SELECT COUNT(*) AS tp_count FROM `img` LIMIT 1   [ RunTime:0.0001s ]
SQL: SELECT `Sort` FROM `img` ORDER BY Sort DESC LIMIT 1   [ RunTime:0.0001s ]
SQL: SELECT `Sort` FROM `img` WHERE ( Id=31 ) LIMIT 1   [ RunTime:0.0001s ]
SQL: UPDATE `img` SET `ImgName`='lunbomob2',`Sort`='7',`Type`='lg',`Url`='',`Status`='1' WHERE ( ID = 31 ) [ RunTime:0.0099s ]

[ 2018-01-26T18:18:58+08:00 ] 183.13.204.168 /adm.php/Home/Index/lunboList.html
INFO: [ app_init ] --START--
INFO: Run Behavior\BuildLiteBehavior [ RunTime:0.000008s ]
INFO: [ app_init ] --END-- [ RunTime:0.000243s ]
INFO: [ app_begin ] --START--
INFO: Run Behavior\ReadHtmlCacheBehavior [ RunTime:0.000398s ]
INFO: [ app_begin ] --END-- [ RunTime:0.000434s ]
SQL: SHOW COLUMNS FROM `user` [ RunTime:0.0010s ]
SQL: SELECT * FROM `user` WHERE ( ID = 1 ) LIMIT 1   [ RunTime:0.0003s ]
SQL: SHOW COLUMNS FROM `auth` [ RunTime:0.0005s ]
SQL: SELECT * FROM `auth` WHERE ( Status = 1 )  [ RunTime:0.0002s ]
SQL: SELECT * FROM `auth` WHERE ( fid = 1 and Status = 1 )  [ RunTime:0.0002s ]
SQL: SELECT * FROM `auth` WHERE ( fid = 2 and Status = 1 )  [ RunTime:0.0002s ]
SQL: SELECT * FROM `auth` WHERE ( fid = 6 and Status = 1 )  [ RunTime:0.0002s ]
SQL: SELECT * FROM `auth` WHERE ( fid = 13 and Status = 1 )  [ RunTime:0.0002s ]
SQL: SELECT * FROM `auth` WHERE ( fid = 17 and Status = 1 )  [ RunTime:0.0002s ]
SQL: SELECT * FROM `auth` WHERE ( fid = 19 and Status = 1 )  [ RunTime:0.0002s ]
SQL: SELECT * FROM `auth` WHERE ( fid = 23 and Status = 1 )  [ RunTime:0.0002s ]
SQL: SELECT * FROM `auth` WHERE ( fid = 24 and Status = 1 )  [ RunTime:0.0001s ]
SQL: SELECT * FROM `auth` WHERE ( fid = 28 and Status = 1 )  [ RunTime:0.0002s ]
SQL: SELECT `fid` FROM `auth` WHERE ( id =1 ) LIMIT 1   [ RunTime:0.0001s ]
SQL: SHOW COLUMNS FROM `message` [ RunTime:0.0005s ]
SQL: SELECT COUNT(*) AS tp_count FROM `message` WHERE ( Status = 0 ) LIMIT 1   [ RunTime:0.0001s ]
SQL: SHOW COLUMNS FROM `user` [ RunTime:0.0005s ]
SQL: SELECT * FROM `user` WHERE ( PassWord ='4297f44b13955235245b2497399d7a93' ) LIMIT 1   [ RunTime:0.0002s ]
NOTIC: [8] Undefined index: Type /www/wwwroot/guangbang/guangbang/Admin/Home/Controller/IndexController.class.php 第 25 行.
SQL: SHOW COLUMNS FROM `img` [ RunTime:0.0005s ]
SQL: SELECT * FROM `img` ORDER BY Sort ASC  [ RunTime:0.0002s ]
INFO: [ view_parse ] --START--
INFO: [ template_filter ] --START--
INFO: Run Behavior\ContentReplaceBehavior [ RunTime:0.000133s ]
INFO: [ template_filter ] --END-- [ RunTime:0.000164s ]
INFO: Run Behavior\ParseTemplateBehavior [ RunTime:0.010075s ]
INFO: [ view_parse ] --END-- [ RunTime:0.010106s ]
INFO: [ view_filter ] --START--
INFO: Run Behavior\WriteHtmlCacheBehavior [ RunTime:0.000165s ]
INFO: [ view_filter ] --END-- [ RunTime:0.000186s ]
INFO: [ app_end ] --START--
INFO: Run Behavior\ShowPageTraceBehavior [ RunTime:0.000453s ]
INFO: [ app_end ] --END-- [ RunTime:0.000483s ]

