[ 2017-09-14T20:20:44+08:00 ] 127.0.0.1 /
INFO: [ app_init ] --START--
INFO: Run Behavior\BuildLiteBehavior [ RunTime:0.000011s ]
INFO: [ app_init ] --END-- [ RunTime:0.002334s ]
INFO: [ app_begin ] --START--
INFO: Run Behavior\ReadHtmlCacheBehavior [ RunTime:0.006043s ]
INFO: [ app_begin ] --END-- [ RunTime:0.006091s ]
INFO: [ view_parse ] --START--
INFO: [ template_filter ] --START--
INFO: Run Behavior\ContentReplaceBehavior [ RunTime:0.000883s ]
INFO: [ template_filter ] --END-- [ RunTime:0.000921s ]
INFO: Run Behavior\ParseTemplateBehavior [ RunTime:0.047878s ]
INFO: [ view_parse ] --END-- [ RunTime:0.047924s ]
INFO: [ view_filter ] --START--
INFO: Run Behavior\WriteHtmlCacheBehavior [ RunTime:0.005339s ]
INFO: [ view_filter ] --END-- [ RunTime:0.005372s ]
INFO: [ app_end ] --START--
INFO: Run Behavior\ShowPageTraceBehavior [ RunTime:0.005211s ]
INFO: [ app_end ] --END-- [ RunTime:0.005251s ]

[ 2017-09-14T20:20:46+08:00 ] 127.0.0.1 /index.php/Home/Index/aboutUs.html
INFO: [ app_init ] --START--
INFO: Run Behavior\BuildLiteBehavior [ RunTime:0.000006s ]
INFO: [ app_init ] --END-- [ RunTime:0.000059s ]
INFO: [ app_begin ] --START--
INFO: Run Behavior\ReadHtmlCacheBehavior [ RunTime:0.009025s ]
INFO: [ app_begin ] --END-- [ RunTime:0.009145s ]
INFO: [ view_parse ] --START--
INFO: [ template_filter ] --START--
INFO: Run Behavior\ContentReplaceBehavior [ RunTime:0.000358s ]
INFO: [ template_filter ] --END-- [ RunTime:0.000397s ]
INFO: Run Behavior\ParseTemplateBehavior [ RunTime:0.049243s ]
INFO: [ view_parse ] --END-- [ RunTime:0.049285s ]
INFO: [ view_filter ] --START--
INFO: Run Behavior\WriteHtmlCacheBehavior [ RunTime:0.011317s ]
INFO: [ view_filter ] --END-- [ RunTime:0.011369s ]
INFO: [ app_end ] --START--
INFO: Run Behavior\ShowPageTraceBehavior [ RunTime:0.003426s ]
INFO: [ app_end ] --END-- [ RunTime:0.003468s ]

