[ 2017-11-07T15:32:29+08:00 ] 127.0.0.1 /
INFO: [ app_init ] --START--
INFO: Run Behavior\BuildLiteBehavior [ RunTime:0.000015s ]
INFO: [ app_init ] --END-- [ RunTime:0.002369s ]
INFO: [ app_begin ] --START--
INFO: Run Behavior\ReadHtmlCacheBehavior [ RunTime:0.016619s ]
INFO: [ app_begin ] --END-- [ RunTime:0.016672s ]
SQL: SHOW COLUMNS FROM `news` [ RunTime:0.0064s ]
SQL: SELECT * FROM `news` WHERE ( Type="news" and Status >0 ) ORDER BY `Status` DESC LIMIT 0,5   [ RunTime:0.0263s ]
SQL: SELECT * FROM `news` WHERE ( Type="company" and Status >0 ) LIMIT 1   [ RunTime:0.0069s ]
SQL: SHOW COLUMNS FROM `img` [ RunTime:0.0054s ]
SQL: SELECT * FROM `img` WHERE ( Status>0 and Type='lg' ) ORDER BY Sort ASC  [ RunTime:0.0053s ]
SQL: SELECT * FROM `img` WHERE ( Status>0 and Type='xs' ) ORDER BY Sort ASC  [ RunTime:0.0054s ]
INFO: [ view_parse ] --START--
INFO: [ template_filter ] --START--
INFO: Run Behavior\ContentReplaceBehavior [ RunTime:0.000985s ]
INFO: [ template_filter ] --END-- [ RunTime:0.001031s ]
NOTIC: [2] Illegal string offset 'Content' C:\Users\huangwj\Desktop\huangwj\dhky\dhky\Application\Runtime\Cache\Home\2a94b8bda04ff446dcedd42276fc99ee.php 第 200 行.
INFO: Run Behavior\ParseTemplateBehavior [ RunTime:0.114078s ]
INFO: [ view_parse ] --END-- [ RunTime:0.114160s ]
INFO: [ view_filter ] --START--
INFO: Run Behavior\WriteHtmlCacheBehavior [ RunTime:0.016481s ]
INFO: [ view_filter ] --END-- [ RunTime:0.016545s ]
INFO: [ app_end ] --START--
INFO: Run Behavior\ShowPageTraceBehavior [ RunTime:0.019910s ]
INFO: [ app_end ] --END-- [ RunTime:0.019995s ]

[ 2017-11-07T17:32:55+08:00 ] 127.0.0.1 /
INFO: [ app_init ] --START--
INFO: Run Behavior\BuildLiteBehavior [ RunTime:0.000037s ]
INFO: [ app_init ] --END-- [ RunTime:0.001387s ]
INFO: [ app_begin ] --START--
INFO: Run Behavior\ReadHtmlCacheBehavior [ RunTime:0.011046s ]
INFO: [ app_begin ] --END-- [ RunTime:0.011104s ]
SQL: SHOW COLUMNS FROM `news` [ RunTime:0.0086s ]
SQL: SELECT * FROM `news` WHERE ( Type="news" and Status >0 ) ORDER BY `Status` DESC LIMIT 0,5   [ RunTime:0.0377s ]
SQL: SELECT * FROM `news` WHERE ( Type="company" and Status >0 ) LIMIT 1   [ RunTime:0.0097s ]
SQL: SHOW COLUMNS FROM `img` [ RunTime:0.0076s ]
SQL: SELECT * FROM `img` WHERE ( Status>0 and Type='lg' ) ORDER BY Sort ASC  [ RunTime:0.0079s ]
SQL: SELECT * FROM `img` WHERE ( Status>0 and Type='xs' ) ORDER BY Sort ASC  [ RunTime:0.0079s ]
INFO: [ view_parse ] --START--
INFO: [ template_filter ] --START--
INFO: Run Behavior\ContentReplaceBehavior [ RunTime:0.000074s ]
INFO: [ template_filter ] --END-- [ RunTime:0.000102s ]
NOTIC: [2] Illegal string offset 'Content' C:\Users\huangwj\Desktop\huangwj\dhky\dhky\Application\Runtime\Cache\Home\2a94b8bda04ff446dcedd42276fc99ee.php 第 200 行.
INFO: Run Behavior\ParseTemplateBehavior [ RunTime:0.105900s ]
INFO: [ view_parse ] --END-- [ RunTime:0.105952s ]
INFO: [ view_filter ] --START--
INFO: Run Behavior\WriteHtmlCacheBehavior [ RunTime:0.011121s ]
INFO: [ view_filter ] --END-- [ RunTime:0.011153s ]
INFO: [ app_end ] --START--
INFO: Run Behavior\ShowPageTraceBehavior [ RunTime:0.011308s ]
INFO: [ app_end ] --END-- [ RunTime:0.011356s ]

[ 2017-11-07T17:34:11+08:00 ] 127.0.0.1 /
INFO: [ app_init ] --START--
INFO: Run Behavior\BuildLiteBehavior [ RunTime:0.000009s ]
INFO: [ app_init ] --END-- [ RunTime:0.001184s ]
INFO: [ app_begin ] --START--
INFO: Run Behavior\ReadHtmlCacheBehavior [ RunTime:0.011636s ]
INFO: [ app_begin ] --END-- [ RunTime:0.011700s ]
SQL: SHOW COLUMNS FROM `news` [ RunTime:0.0060s ]
SQL: SELECT * FROM `news` WHERE ( Type="news" and Status >0 ) ORDER BY `Status` DESC LIMIT 0,5   [ RunTime:0.0294s ]
SQL: SELECT * FROM `news` WHERE ( Type="company" and Status >0 ) LIMIT 1   [ RunTime:0.0063s ]
SQL: SHOW COLUMNS FROM `img` [ RunTime:0.0062s ]
SQL: SELECT * FROM `img` WHERE ( Status>0 and Type='lg' ) ORDER BY Sort ASC  [ RunTime:0.0052s ]
SQL: SELECT * FROM `img` WHERE ( Status>0 and Type='xs' ) ORDER BY Sort ASC  [ RunTime:0.0064s ]
INFO: [ view_parse ] --START--
INFO: [ template_filter ] --START--
INFO: Run Behavior\ContentReplaceBehavior [ RunTime:0.000094s ]
INFO: [ template_filter ] --END-- [ RunTime:0.000127s ]
NOTIC: [2] Illegal string offset 'Content' C:\Users\huangwj\Desktop\huangwj\dhky\dhky\Application\Runtime\Cache\Home\2a94b8bda04ff446dcedd42276fc99ee.php 第 200 行.
INFO: Run Behavior\ParseTemplateBehavior [ RunTime:0.087625s ]
INFO: [ view_parse ] --END-- [ RunTime:0.087676s ]
INFO: [ view_filter ] --START--
INFO: Run Behavior\WriteHtmlCacheBehavior [ RunTime:0.016090s ]
INFO: [ view_filter ] --END-- [ RunTime:0.016123s ]
INFO: [ app_end ] --START--
INFO: Run Behavior\ShowPageTraceBehavior [ RunTime:0.010763s ]
INFO: [ app_end ] --END-- [ RunTime:0.010810s ]

