[ 2018-01-22T03:24:57+08:00 ] 106.11.242.6 /
INFO: [ app_init ] --START--
INFO: Run Behavior\BuildLiteBehavior [ RunTime:0.000008s ]
INFO: [ app_init ] --END-- [ RunTime:0.000242s ]
INFO: [ app_begin ] --START--
INFO: Run Behavior\ReadHtmlCacheBehavior [ RunTime:0.000367s ]
INFO: [ app_begin ] --END-- [ RunTime:0.000394s ]
SQL: SHOW COLUMNS FROM `news` [ RunTime:0.0008s ]
SQL: SELECT * FROM `news` WHERE ( Type="news" and Status >0 ) ORDER BY `Status` DESC LIMIT 0,5   [ RunTime:0.0005s ]
SQL: SELECT * FROM `news` WHERE ( Type="company" and Status >0 ) LIMIT 1   [ RunTime:0.0002s ]
SQL: SHOW COLUMNS FROM `img` [ RunTime:0.0005s ]
SQL: SELECT * FROM `img` WHERE ( Status>0 and Type='lg' ) ORDER BY Sort ASC  [ RunTime:0.0002s ]
SQL: SELECT * FROM `img` WHERE ( Status>0 and Type='xs' ) ORDER BY Sort ASC  [ RunTime:0.0002s ]
INFO: [ view_parse ] --START--
INFO: [ template_filter ] --START--
INFO: Run Behavior\ContentReplaceBehavior [ RunTime:0.000107s ]
INFO: [ template_filter ] --END-- [ RunTime:0.000133s ]
INFO: Run Behavior\ParseTemplateBehavior [ RunTime:0.008756s ]
INFO: [ view_parse ] --END-- [ RunTime:0.008783s ]
INFO: [ view_filter ] --START--
INFO: Run Behavior\WriteHtmlCacheBehavior [ RunTime:0.000180s ]
INFO: [ view_filter ] --END-- [ RunTime:0.000201s ]
INFO: [ app_end ] --START--
INFO: Run Behavior\ShowPageTraceBehavior [ RunTime:0.000447s ]
INFO: [ app_end ] --END-- [ RunTime:0.000477s ]

