[ 2018-03-05T16:50:40+08:00 ] 183.13.205.196 /
INFO: [ app_init ] --START--
INFO: Run Behavior\BuildLiteBehavior [ RunTime:0.000011s ]
INFO: [ app_init ] --END-- [ RunTime:0.000458s ]
INFO: [ app_begin ] --START--
INFO: Run Behavior\ReadHtmlCacheBehavior [ RunTime:0.000528s ]
INFO: [ app_begin ] --END-- [ RunTime:0.000567s ]
SQL: SHOW COLUMNS FROM `news` [ RunTime:0.0479s ]
SQL: SELECT * FROM `news` WHERE ( Type="news" and Status >0 ) ORDER BY `Status` DESC LIMIT 0,5   [ RunTime:0.0072s ]
SQL: SELECT * FROM `news` WHERE ( Type="company" and Status >0 ) LIMIT 1   [ RunTime:0.0003s ]
SQL: SHOW COLUMNS FROM `img` [ RunTime:0.0006s ]
SQL: SELECT * FROM `img` WHERE ( Status>0 and Type='lg' ) ORDER BY Sort ASC  [ RunTime:0.0002s ]
SQL: SELECT * FROM `img` WHERE ( Status>0 and Type='xs' ) ORDER BY Sort ASC  [ RunTime:0.0002s ]
INFO: [ view_parse ] --START--
INFO: [ template_filter ] --START--
INFO: Run Behavior\ContentReplaceBehavior [ RunTime:0.000064s ]
INFO: [ template_filter ] --END-- [ RunTime:0.000099s ]
INFO: Run Behavior\ParseTemplateBehavior [ RunTime:0.011083s ]
INFO: [ view_parse ] --END-- [ RunTime:0.011115s ]
INFO: [ view_filter ] --START--
INFO: Run Behavior\WriteHtmlCacheBehavior [ RunTime:0.000466s ]
INFO: [ view_filter ] --END-- [ RunTime:0.000610s ]
INFO: [ app_end ] --START--
INFO: Run Behavior\ShowPageTraceBehavior [ RunTime:0.001068s ]
INFO: [ app_end ] --END-- [ RunTime:0.001110s ]

[ 2018-03-05T17:55:11+08:00 ] 183.13.205.196 /
INFO: [ app_init ] --START--
INFO: Run Behavior\BuildLiteBehavior [ RunTime:0.000008s ]
INFO: [ app_init ] --END-- [ RunTime:0.000246s ]
INFO: [ app_begin ] --START--
INFO: Run Behavior\ReadHtmlCacheBehavior [ RunTime:0.000370s ]
INFO: [ app_begin ] --END-- [ RunTime:0.000397s ]
SQL: SHOW COLUMNS FROM `news` [ RunTime:0.0008s ]
SQL: SELECT * FROM `news` WHERE ( Type="news" and Status >0 ) ORDER BY `Status` DESC LIMIT 0,5   [ RunTime:0.0005s ]
SQL: SELECT * FROM `news` WHERE ( Type="company" and Status >0 ) LIMIT 1   [ RunTime:0.0002s ]
SQL: SHOW COLUMNS FROM `img` [ RunTime:0.0005s ]
SQL: SELECT * FROM `img` WHERE ( Status>0 and Type='lg' ) ORDER BY Sort ASC  [ RunTime:0.0002s ]
SQL: SELECT * FROM `img` WHERE ( Status>0 and Type='xs' ) ORDER BY Sort ASC  [ RunTime:0.0002s ]
INFO: [ view_parse ] --START--
INFO: [ template_filter ] --START--
INFO: Run Behavior\ContentReplaceBehavior [ RunTime:0.000072s ]
INFO: [ template_filter ] --END-- [ RunTime:0.000099s ]
INFO: Run Behavior\ParseTemplateBehavior [ RunTime:0.005453s ]
INFO: [ view_parse ] --END-- [ RunTime:0.005478s ]
INFO: [ view_filter ] --START--
INFO: Run Behavior\WriteHtmlCacheBehavior [ RunTime:0.000189s ]
INFO: [ view_filter ] --END-- [ RunTime:0.000210s ]
INFO: [ app_end ] --START--
INFO: Run Behavior\ShowPageTraceBehavior [ RunTime:0.000434s ]
INFO: [ app_end ] --END-- [ RunTime:0.000464s ]

[ 2018-03-05T18:34:33+08:00 ] 106.11.226.38 /
INFO: [ app_init ] --START--
INFO: Run Behavior\BuildLiteBehavior [ RunTime:0.000009s ]
INFO: [ app_init ] --END-- [ RunTime:0.000243s ]
INFO: [ app_begin ] --START--
INFO: Run Behavior\ReadHtmlCacheBehavior [ RunTime:0.000429s ]
INFO: [ app_begin ] --END-- [ RunTime:0.000460s ]
SQL: SHOW COLUMNS FROM `news` [ RunTime:0.0008s ]
SQL: SELECT * FROM `news` WHERE ( Type="news" and Status >0 ) ORDER BY `Status` DESC LIMIT 0,5   [ RunTime:0.0005s ]
SQL: SELECT * FROM `news` WHERE ( Type="company" and Status >0 ) LIMIT 1   [ RunTime:0.0002s ]
SQL: SHOW COLUMNS FROM `img` [ RunTime:0.0005s ]
SQL: SELECT * FROM `img` WHERE ( Status>0 and Type='lg' ) ORDER BY Sort ASC  [ RunTime:0.0002s ]
SQL: SELECT * FROM `img` WHERE ( Status>0 and Type='xs' ) ORDER BY Sort ASC  [ RunTime:0.0002s ]
INFO: [ view_parse ] --START--
INFO: [ template_filter ] --START--
INFO: Run Behavior\ContentReplaceBehavior [ RunTime:0.000068s ]
INFO: [ template_filter ] --END-- [ RunTime:0.000103s ]
INFO: Run Behavior\ParseTemplateBehavior [ RunTime:0.005484s ]
INFO: [ view_parse ] --END-- [ RunTime:0.005509s ]
INFO: [ view_filter ] --START--
INFO: Run Behavior\WriteHtmlCacheBehavior [ RunTime:0.000195s ]
INFO: [ view_filter ] --END-- [ RunTime:0.000215s ]
INFO: [ app_end ] --START--
INFO: Run Behavior\ShowPageTraceBehavior [ RunTime:0.000407s ]
INFO: [ app_end ] --END-- [ RunTime:0.000441s ]

