[ 2018-01-11T14:35:52+08:00 ] 106.11.226.8 /
INFO: [ app_init ] --START--
INFO: Run Behavior\BuildLiteBehavior [ RunTime:0.000009s ]
INFO: [ app_init ] --END-- [ RunTime:0.003169s ]
INFO: [ app_begin ] --START--
INFO: Run Behavior\ReadHtmlCacheBehavior [ RunTime:0.000489s ]
INFO: [ app_begin ] --END-- [ RunTime:0.000518s ]
SQL: SHOW COLUMNS FROM `news` [ RunTime:0.0125s ]
SQL: SELECT * FROM `news` WHERE ( Type="news" and Status >0 ) ORDER BY `Status` DESC LIMIT 0,5   [ RunTime:0.0067s ]
SQL: SELECT * FROM `news` WHERE ( Type="company" and Status >0 ) LIMIT 1   [ RunTime:0.0002s ]
SQL: SHOW COLUMNS FROM `img` [ RunTime:0.0005s ]
SQL: SELECT * FROM `img` WHERE ( Status>0 and Type='lg' ) ORDER BY Sort ASC  [ RunTime:0.0002s ]
SQL: SELECT * FROM `img` WHERE ( Status>0 and Type='xs' ) ORDER BY Sort ASC  [ RunTime:0.0002s ]
INFO: [ view_parse ] --START--
INFO: [ template_filter ] --START--
INFO: Run Behavior\ContentReplaceBehavior [ RunTime:0.001050s ]
INFO: [ template_filter ] --END-- [ RunTime:0.001083s ]
INFO: Run Behavior\ParseTemplateBehavior [ RunTime:0.017436s ]
INFO: [ view_parse ] --END-- [ RunTime:0.017467s ]
INFO: [ view_filter ] --START--
INFO: Run Behavior\WriteHtmlCacheBehavior [ RunTime:0.000423s ]
INFO: [ view_filter ] --END-- [ RunTime:0.000444s ]
INFO: [ app_end ] --START--
INFO: Run Behavior\ShowPageTraceBehavior [ RunTime:0.000653s ]
INFO: [ app_end ] --END-- [ RunTime:0.000703s ]

