[ 2017-09-18T13:45:10+08:00 ] 127.0.0.1 /ueditor/php/upload/image/20170915/1505470713864653.png
INFO: [ app_init ] --START--
INFO: Run Behavior\BuildLiteBehavior [ RunTime:0.000010s ]
INFO: [ app_init ] --END-- [ RunTime:0.000087s ]
ERR: 无法加载模块:Ueditor

[ 2017-09-18T13:45:41+08:00 ] 127.0.0.1 /ueditor/php/upload/image/20170915/1505470713864653.png
INFO: [ app_init ] --START--
INFO: Run Behavior\BuildLiteBehavior [ RunTime:0.000010s ]
INFO: [ app_init ] --END-- [ RunTime:0.000107s ]
ERR: 无法加载模块:Ueditor

[ 2017-09-18T13:46:23+08:00 ] 127.0.0.1 /ueditor/php/upload/image/20170915/1505470713864653.png
INFO: [ app_init ] --START--
INFO: Run Behavior\BuildLiteBehavior [ RunTime:0.000009s ]
INFO: [ app_init ] --END-- [ RunTime:0.000382s ]
ERR: 无法加载模块:Ueditor

[ 2017-09-18T13:47:15+08:00 ] 127.0.0.1 /ueditor/php/upload/image/20170915/1505470713864653.png
INFO: [ app_init ] --START--
INFO: Run Behavior\BuildLiteBehavior [ RunTime:0.000008s ]
INFO: [ app_init ] --END-- [ RunTime:0.000312s ]
ERR: 无法加载模块:Ueditor

[ 2017-09-18T13:49:41+08:00 ] 127.0.0.1 /ueditor/php/upload/image/20170915/1505470713864653.png
INFO: [ app_init ] --START--
INFO: Run Behavior\BuildLiteBehavior [ RunTime:0.000009s ]
INFO: [ app_init ] --END-- [ RunTime:0.000316s ]
ERR: 无法加载模块:Ueditor

[ 2017-09-18T13:50:19+08:00 ] 127.0.0.1 /ueditor/php/upload/image/20170915/1505470713864653.png
INFO: [ app_init ] --START--
INFO: Run Behavior\BuildLiteBehavior [ RunTime:0.000007s ]
INFO: [ app_init ] --END-- [ RunTime:0.000324s ]
ERR: 无法加载模块:Ueditor

[ 2017-09-18T13:50:21+08:00 ] 127.0.0.1 /ueditor/php/upload/image/20170915/1505470713864653.png
INFO: [ app_init ] --START--
INFO: Run Behavior\BuildLiteBehavior [ RunTime:0.000028s ]
INFO: [ app_init ] --END-- [ RunTime:0.000217s ]
ERR: 无法加载模块:Ueditor

[ 2017-09-18T13:52:49+08:00 ] 127.0.0.1 /ueditor/php/upload/image/20170915/1505470713864653.png
INFO: [ app_init ] --START--
INFO: Run Behavior\BuildLiteBehavior [ RunTime:0.000007s ]
INFO: [ app_init ] --END-- [ RunTime:0.000054s ]
ERR: 无法加载模块:Ueditor

[ 2017-09-18T13:53:00+08:00 ] 127.0.0.1 /ueditor/php/upload/image/20170915/1505470713864653.png
INFO: [ app_init ] --START--
INFO: Run Behavior\BuildLiteBehavior [ RunTime:0.000011s ]
INFO: [ app_init ] --END-- [ RunTime:0.000261s ]
ERR: 无法加载模块:Ueditor

[ 2017-09-18T13:53:31+08:00 ] 127.0.0.1 /ueditor/php/upload/image/20170915/1505470713864653.png
INFO: [ app_init ] --START--
INFO: Run Behavior\BuildLiteBehavior [ RunTime:0.000010s ]
INFO: [ app_init ] --END-- [ RunTime:0.000085s ]
ERR: 无法加载模块:Ueditor

[ 2017-09-18T13:54:03+08:00 ] 127.0.0.1 /ueditor/php/upload/image/20170915/1505470713864653.png
INFO: [ app_init ] --START--
INFO: Run Behavior\BuildLiteBehavior [ RunTime:0.000008s ]
INFO: [ app_init ] --END-- [ RunTime:0.000061s ]
ERR: 无法加载模块:Ueditor

[ 2017-09-18T13:54:08+08:00 ] 127.0.0.1 /ueditor/php/upload/image/20170915/1505470713864653.png
INFO: [ app_init ] --START--
INFO: Run Behavior\BuildLiteBehavior [ RunTime:0.000012s ]
INFO: [ app_init ] --END-- [ RunTime:0.000111s ]
ERR: 无法加载模块:Ueditor

[ 2017-09-18T13:54:54+08:00 ] 127.0.0.1 /ueditor/php/upload/image/20170915/1505470713864653.png
INFO: [ app_init ] --START--
INFO: Run Behavior\BuildLiteBehavior [ RunTime:0.000007s ]
INFO: [ app_init ] --END-- [ RunTime:0.000349s ]
ERR: 无法加载模块:Ueditor

[ 2017-09-18T14:10:34+08:00 ] 127.0.0.1 //ueditor/php/upload/image/20170915/1505470713864653.png
INFO: [ app_init ] --START--
INFO: Run Behavior\BuildLiteBehavior [ RunTime:0.000011s ]
INFO: [ app_init ] --END-- [ RunTime:0.000854s ]
ERR: 无法加载模块:Ueditor

[ 2017-09-18T14:10:37+08:00 ] 127.0.0.1 /ueditor/php/upload/image/20170915/1505470713864653.png
INFO: [ app_init ] --START--
INFO: Run Behavior\BuildLiteBehavior [ RunTime:0.000008s ]
INFO: [ app_init ] --END-- [ RunTime:0.000064s ]
ERR: 无法加载模块:Ueditor

[ 2017-09-18T14:11:08+08:00 ] 127.0.0.1 /ueditor/php/upload/image/20170915/1505470713864653.png
INFO: [ app_init ] --START--
INFO: Run Behavior\BuildLiteBehavior [ RunTime:0.000010s ]
INFO: [ app_init ] --END-- [ RunTime:0.000397s ]
ERR: 无法加载模块:Ueditor

[ 2017-09-18T14:11:08+08:00 ] 127.0.0.1 /ueditor/php/upload/image/20170915/1505470713864653.png
INFO: [ app_init ] --START--
INFO: Run Behavior\BuildLiteBehavior [ RunTime:0.000006s ]
INFO: [ app_init ] --END-- [ RunTime:0.000050s ]
ERR: 无法加载模块:Ueditor

[ 2017-09-18T14:11:09+08:00 ] 127.0.0.1 /ueditor/php/upload/image/20170915/1505470713864653.png
INFO: [ app_init ] --START--
INFO: Run Behavior\BuildLiteBehavior [ RunTime:0.000007s ]
INFO: [ app_init ] --END-- [ RunTime:0.000051s ]
ERR: 无法加载模块:Ueditor

[ 2017-09-18T16:32:26+08:00 ] 127.0.0.1 /Public/uploads/2017-09-18/59bf83d20b84c.jpg
INFO: [ app_init ] --START--
INFO: Run Behavior\BuildLiteBehavior [ RunTime:0.000008s ]
INFO: [ app_init ] --END-- [ RunTime:0.000072s ]
ERR: 无法加载模块:Public

[ 2017-09-18T16:32:26+08:00 ] 127.0.0.1 /Public/uploads/2017-09-18/59bf834d34313.jpg
INFO: [ app_init ] --START--
INFO: Run Behavior\BuildLiteBehavior [ RunTime:0.000017s ]
INFO: [ app_init ] --END-- [ RunTime:0.000172s ]
ERR: 无法加载模块:Public

[ 2017-09-18T16:32:26+08:00 ] 127.0.0.1 /Public/uploads/2017-09-18/59bf81dc99644.jpg
INFO: [ app_init ] --START--
INFO: Run Behavior\BuildLiteBehavior [ RunTime:0.000008s ]
INFO: [ app_init ] --END-- [ RunTime:0.000069s ]
ERR: 无法加载模块:Public

[ 2017-09-18T16:32:26+08:00 ] 127.0.0.1 /Public/uploads/2017-09-18/59bf81ad4b69a.png
INFO: [ app_init ] --START--
INFO: Run Behavior\BuildLiteBehavior [ RunTime:0.000013s ]
INFO: [ app_init ] --END-- [ RunTime:0.000117s ]
ERR: 无法加载模块:Public

[ 2017-09-18T16:32:26+08:00 ] 127.0.0.1 /Public/uploads/2017-09-18/59bf810362fd9.png
INFO: [ app_init ] --START--
INFO: Run Behavior\BuildLiteBehavior [ RunTime:0.000011s ]
INFO: [ app_init ] --END-- [ RunTime:0.000100s ]
ERR: 无法加载模块:Public

[ 2017-09-18T16:32:27+08:00 ] 127.0.0.1 /Public/uploads/2017-09-18/59bf83d20b84c.jpg
INFO: [ app_init ] --START--
INFO: Run Behavior\BuildLiteBehavior [ RunTime:0.000010s ]
INFO: [ app_init ] --END-- [ RunTime:0.000073s ]
ERR: 无法加载模块:Public

[ 2017-09-18T16:32:27+08:00 ] 127.0.0.1 /Public/uploads/2017-09-18/59bf834d34313.jpg
INFO: [ app_init ] --START--
INFO: Run Behavior\BuildLiteBehavior [ RunTime:0.000010s ]
INFO: [ app_init ] --END-- [ RunTime:0.000083s ]
ERR: 无法加载模块:Public

[ 2017-09-18T16:32:27+08:00 ] 127.0.0.1 /Public/uploads/2017-09-18/59bf810362fd9.png
INFO: [ app_init ] --START--
INFO: Run Behavior\BuildLiteBehavior [ RunTime:0.000017s ]
INFO: [ app_init ] --END-- [ RunTime:0.000128s ]
ERR: 无法加载模块:Public

[ 2017-09-18T16:32:27+08:00 ] 127.0.0.1 /Public/uploads/2017-09-18/59bf81dc99644.jpg
INFO: [ app_init ] --START--
INFO: Run Behavior\BuildLiteBehavior [ RunTime:0.000011s ]
INFO: [ app_init ] --END-- [ RunTime:0.000085s ]
ERR: 无法加载模块:Public

[ 2017-09-18T16:32:27+08:00 ] 127.0.0.1 /Public/uploads/2017-09-18/59bf81ad4b69a.png
INFO: [ app_init ] --START--
INFO: Run Behavior\BuildLiteBehavior [ RunTime:0.000013s ]
INFO: [ app_init ] --END-- [ RunTime:0.000442s ]
ERR: 无法加载模块:Public

[ 2017-09-18T16:32:32+08:00 ] 127.0.0.1 /ueditor/php/upload/image/20170918/1505722600596568.png
INFO: [ app_init ] --START--
INFO: Run Behavior\BuildLiteBehavior [ RunTime:0.000019s ]
INFO: [ app_init ] --END-- [ RunTime:0.000099s ]
ERR: 无法加载模块:Ueditor

[ 2017-09-18T16:32:32+08:00 ] 127.0.0.1 /ueditor/php/upload/image/20170918/1505722601300368.png
INFO: [ app_init ] --START--
INFO: Run Behavior\BuildLiteBehavior [ RunTime:0.000009s ]
INFO: [ app_init ] --END-- [ RunTime:0.000080s ]
ERR: 无法加载模块:Ueditor

[ 2017-09-18T16:32:51+08:00 ] 127.0.0.1 /Public/uploads/2017-09-18/59bf810362fd9.png
INFO: [ app_init ] --START--
INFO: Run Behavior\BuildLiteBehavior [ RunTime:0.000012s ]
INFO: [ app_init ] --END-- [ RunTime:0.000089s ]
ERR: 无法加载模块:Public

[ 2017-09-18T16:32:51+08:00 ] 127.0.0.1 /Public/uploads/2017-09-18/59bf83d20b84c.jpg
INFO: [ app_init ] --START--
INFO: Run Behavior\BuildLiteBehavior [ RunTime:0.000035s ]
INFO: [ app_init ] --END-- [ RunTime:0.000653s ]
ERR: 无法加载模块:Public

[ 2017-09-18T16:32:51+08:00 ] 127.0.0.1 /Public/uploads/2017-09-18/59bf81dc99644.jpg
INFO: [ app_init ] --START--
INFO: Run Behavior\BuildLiteBehavior [ RunTime:0.000010s ]
INFO: [ app_init ] --END-- [ RunTime:0.000085s ]
ERR: 无法加载模块:Public

[ 2017-09-18T16:32:51+08:00 ] 127.0.0.1 /Public/uploads/2017-09-18/59bf834d34313.jpg
INFO: [ app_init ] --START--
INFO: Run Behavior\BuildLiteBehavior [ RunTime:0.000010s ]
INFO: [ app_init ] --END-- [ RunTime:0.000080s ]
ERR: 无法加载模块:Public

[ 2017-09-18T16:32:51+08:00 ] 127.0.0.1 /Public/uploads/2017-09-18/59bf81ad4b69a.png
INFO: [ app_init ] --START--
INFO: Run Behavior\BuildLiteBehavior [ RunTime:0.000011s ]
INFO: [ app_init ] --END-- [ RunTime:0.000091s ]
ERR: 无法加载模块:Public

[ 2017-09-18T16:32:53+08:00 ] 127.0.0.1 /Public/uploads/2017-09-18/59bf83d20b84c.jpg
INFO: [ app_init ] --START--
INFO: Run Behavior\BuildLiteBehavior [ RunTime:0.000010s ]
INFO: [ app_init ] --END-- [ RunTime:0.000073s ]
ERR: 无法加载模块:Public

[ 2017-09-18T16:32:53+08:00 ] 127.0.0.1 /Public/uploads/2017-09-18/59bf834d34313.jpg
INFO: [ app_init ] --START--
INFO: Run Behavior\BuildLiteBehavior [ RunTime:0.000010s ]
INFO: [ app_init ] --END-- [ RunTime:0.000075s ]
ERR: 无法加载模块:Public

[ 2017-09-18T16:32:53+08:00 ] 127.0.0.1 /Public/uploads/2017-09-18/59bf810362fd9.png
INFO: [ app_init ] --START--
INFO: Run Behavior\BuildLiteBehavior [ RunTime:0.000019s ]
INFO: [ app_init ] --END-- [ RunTime:0.000182s ]
ERR: 无法加载模块:Public

[ 2017-09-18T16:32:53+08:00 ] 127.0.0.1 /Public/uploads/2017-09-18/59bf81dc99644.jpg
INFO: [ app_init ] --START--
INFO: Run Behavior\BuildLiteBehavior [ RunTime:0.000010s ]
INFO: [ app_init ] --END-- [ RunTime:0.000087s ]
ERR: 无法加载模块:Public

[ 2017-09-18T16:32:53+08:00 ] 127.0.0.1 /Public/uploads/2017-09-18/59bf81ad4b69a.png
INFO: [ app_init ] --START--
INFO: Run Behavior\BuildLiteBehavior [ RunTime:0.000011s ]
INFO: [ app_init ] --END-- [ RunTime:0.000102s ]
ERR: 无法加载模块:Public

[ 2017-09-18T16:32:54+08:00 ] 127.0.0.1 /Public/uploads/2017-09-18/59bf83d20b84c.jpg
INFO: [ app_init ] --START--
INFO: Run Behavior\BuildLiteBehavior [ RunTime:0.000010s ]
INFO: [ app_init ] --END-- [ RunTime:0.000076s ]
ERR: 无法加载模块:Public

[ 2017-09-18T16:32:54+08:00 ] 127.0.0.1 /Public/uploads/2017-09-18/59bf81dc99644.jpg
INFO: [ app_init ] --START--
INFO: Run Behavior\BuildLiteBehavior [ RunTime:0.000010s ]
INFO: [ app_init ] --END-- [ RunTime:0.000081s ]
ERR: 无法加载模块:Public

[ 2017-09-18T16:32:54+08:00 ] 127.0.0.1 /Public/uploads/2017-09-18/59bf834d34313.jpg
INFO: [ app_init ] --START--
INFO: Run Behavior\BuildLiteBehavior [ RunTime:0.000009s ]
INFO: [ app_init ] --END-- [ RunTime:0.000078s ]
ERR: 无法加载模块:Public

[ 2017-09-18T16:32:54+08:00 ] 127.0.0.1 /Public/uploads/2017-09-18/59bf81ad4b69a.png
INFO: [ app_init ] --START--
INFO: Run Behavior\BuildLiteBehavior [ RunTime:0.000010s ]
INFO: [ app_init ] --END-- [ RunTime:0.000082s ]
ERR: 无法加载模块:Public

[ 2017-09-18T16:32:54+08:00 ] 127.0.0.1 /Public/uploads/2017-09-18/59bf810362fd9.png
INFO: [ app_init ] --START--
INFO: Run Behavior\BuildLiteBehavior [ RunTime:0.000008s ]
INFO: [ app_init ] --END-- [ RunTime:0.000064s ]
ERR: 无法加载模块:Public

[ 2017-09-18T16:32:55+08:00 ] 127.0.0.1 /Public/uploads/2017-09-18/59bf83d20b84c.jpg
INFO: [ app_init ] --START--
INFO: Run Behavior\BuildLiteBehavior [ RunTime:0.000010s ]
INFO: [ app_init ] --END-- [ RunTime:0.000079s ]
ERR: 无法加载模块:Public

[ 2017-09-18T16:32:55+08:00 ] 127.0.0.1 /Public/uploads/2017-09-18/59bf834d34313.jpg
INFO: [ app_init ] --START--
INFO: Run Behavior\BuildLiteBehavior [ RunTime:0.000007s ]
INFO: [ app_init ] --END-- [ RunTime:0.000063s ]
ERR: 无法加载模块:Public

[ 2017-09-18T16:32:55+08:00 ] 127.0.0.1 /Public/uploads/2017-09-18/59bf81dc99644.jpg
INFO: [ app_init ] --START--
INFO: Run Behavior\BuildLiteBehavior [ RunTime:0.000006s ]
INFO: [ app_init ] --END-- [ RunTime:0.000049s ]
ERR: 无法加载模块:Public

[ 2017-09-18T16:32:55+08:00 ] 127.0.0.1 /Public/uploads/2017-09-18/59bf810362fd9.png
INFO: [ app_init ] --START--
INFO: Run Behavior\BuildLiteBehavior [ RunTime:0.000010s ]
INFO: [ app_init ] --END-- [ RunTime:0.000081s ]
ERR: 无法加载模块:Public

[ 2017-09-18T16:32:55+08:00 ] 127.0.0.1 /Public/uploads/2017-09-18/59bf81ad4b69a.png
INFO: [ app_init ] --START--
INFO: Run Behavior\BuildLiteBehavior [ RunTime:0.000007s ]
INFO: [ app_init ] --END-- [ RunTime:0.000060s ]
ERR: 无法加载模块:Public

[ 2017-09-18T16:32:56+08:00 ] 127.0.0.1 /Public/uploads/2017-09-18/59bf83d20b84c.jpg
INFO: [ app_init ] --START--
INFO: Run Behavior\BuildLiteBehavior [ RunTime:0.000007s ]
INFO: [ app_init ] --END-- [ RunTime:0.000056s ]
ERR: 无法加载模块:Public

[ 2017-09-18T16:32:56+08:00 ] 127.0.0.1 /Public/uploads/2017-09-18/59bf834d34313.jpg
INFO: [ app_init ] --START--
INFO: Run Behavior\BuildLiteBehavior [ RunTime:0.000010s ]
INFO: [ app_init ] --END-- [ RunTime:0.000079s ]
ERR: 无法加载模块:Public

[ 2017-09-18T16:32:56+08:00 ] 127.0.0.1 /Public/uploads/2017-09-18/59bf81dc99644.jpg
INFO: [ app_init ] --START--
INFO: Run Behavior\BuildLiteBehavior [ RunTime:0.000013s ]
INFO: [ app_init ] --END-- [ RunTime:0.000092s ]
ERR: 无法加载模块:Public

[ 2017-09-18T16:32:56+08:00 ] 127.0.0.1 /Public/uploads/2017-09-18/59bf810362fd9.png
INFO: [ app_init ] --START--
INFO: Run Behavior\BuildLiteBehavior [ RunTime:0.000008s ]
INFO: [ app_init ] --END-- [ RunTime:0.000067s ]
ERR: 无法加载模块:Public

[ 2017-09-18T16:32:56+08:00 ] 127.0.0.1 /Public/uploads/2017-09-18/59bf81ad4b69a.png
INFO: [ app_init ] --START--
INFO: Run Behavior\BuildLiteBehavior [ RunTime:0.000010s ]
INFO: [ app_init ] --END-- [ RunTime:0.000084s ]
ERR: 无法加载模块:Public

[ 2017-09-18T16:32:57+08:00 ] 127.0.0.1 /Public/uploads/2017-09-18/59bf810362fd9.png
INFO: [ app_init ] --START--
INFO: Run Behavior\BuildLiteBehavior [ RunTime:0.000011s ]
INFO: [ app_init ] --END-- [ RunTime:0.000083s ]
ERR: 无法加载模块:Public

[ 2017-09-18T16:32:57+08:00 ] 127.0.0.1 /Public/uploads/2017-09-18/59bf81dc99644.jpg
INFO: [ app_init ] --START--
INFO: Run Behavior\BuildLiteBehavior [ RunTime:0.000010s ]
INFO: [ app_init ] --END-- [ RunTime:0.000080s ]
ERR: 无法加载模块:Public

[ 2017-09-18T16:32:57+08:00 ] 127.0.0.1 /Public/uploads/2017-09-18/59bf834d34313.jpg
INFO: [ app_init ] --START--
INFO: Run Behavior\BuildLiteBehavior [ RunTime:0.000009s ]
INFO: [ app_init ] --END-- [ RunTime:0.000071s ]
ERR: 无法加载模块:Public

[ 2017-09-18T16:32:57+08:00 ] 127.0.0.1 /Public/uploads/2017-09-18/59bf83d20b84c.jpg
INFO: [ app_init ] --START--
INFO: Run Behavior\BuildLiteBehavior [ RunTime:0.000010s ]
INFO: [ app_init ] --END-- [ RunTime:0.000078s ]
ERR: 无法加载模块:Public

[ 2017-09-18T16:32:57+08:00 ] 127.0.0.1 /Public/uploads/2017-09-18/59bf81ad4b69a.png
INFO: [ app_init ] --START--
INFO: Run Behavior\BuildLiteBehavior [ RunTime:0.000008s ]
INFO: [ app_init ] --END-- [ RunTime:0.000057s ]
ERR: 无法加载模块:Public

[ 2017-09-18T16:33:15+08:00 ] 127.0.0.1 /Public/uploads/2017-09-18/59bf810362fd9.png
INFO: [ app_init ] --START--
INFO: Run Behavior\BuildLiteBehavior [ RunTime:0.000009s ]
INFO: [ app_init ] --END-- [ RunTime:0.000078s ]
ERR: 无法加载模块:Public

[ 2017-09-18T16:33:15+08:00 ] 127.0.0.1 /Public/uploads/2017-09-18/59bf83d20b84c.jpg
INFO: [ app_init ] --START--
INFO: Run Behavior\BuildLiteBehavior [ RunTime:0.000007s ]
INFO: [ app_init ] --END-- [ RunTime:0.000068s ]
ERR: 无法加载模块:Public

[ 2017-09-18T16:33:15+08:00 ] 127.0.0.1 /Public/uploads/2017-09-18/59bf81dc99644.jpg
INFO: [ app_init ] --START--
INFO: Run Behavior\BuildLiteBehavior [ RunTime:0.000007s ]
INFO: [ app_init ] --END-- [ RunTime:0.000053s ]
ERR: 无法加载模块:Public

[ 2017-09-18T16:33:15+08:00 ] 127.0.0.1 /Public/uploads/2017-09-18/59bf81ad4b69a.png
INFO: [ app_init ] --START--
INFO: Run Behavior\BuildLiteBehavior [ RunTime:0.000014s ]
INFO: [ app_init ] --END-- [ RunTime:0.001569s ]
ERR: 无法加载模块:Public

[ 2017-09-18T16:33:15+08:00 ] 127.0.0.1 /Public/uploads/2017-09-18/59bf834d34313.jpg
INFO: [ app_init ] --START--
INFO: Run Behavior\BuildLiteBehavior [ RunTime:0.000010s ]
INFO: [ app_init ] --END-- [ RunTime:0.000084s ]
ERR: 无法加载模块:Public

[ 2017-09-18T16:33:18+08:00 ] 127.0.0.1 /Public/uploads/2017-09-18/59bf83d20b84c.jpg
INFO: [ app_init ] --START--
INFO: Run Behavior\BuildLiteBehavior [ RunTime:0.000009s ]
INFO: [ app_init ] --END-- [ RunTime:0.000074s ]
ERR: 无法加载模块:Public

[ 2017-09-18T16:33:18+08:00 ] 127.0.0.1 /Public/uploads/2017-09-18/59bf810362fd9.png
INFO: [ app_init ] --START--
INFO: Run Behavior\BuildLiteBehavior [ RunTime:0.000012s ]
INFO: [ app_init ] --END-- [ RunTime:0.000101s ]
ERR: 无法加载模块:Public

[ 2017-09-18T16:33:18+08:00 ] 127.0.0.1 /Public/uploads/2017-09-18/59bf81ad4b69a.png
INFO: [ app_init ] --START--
INFO: Run Behavior\BuildLiteBehavior [ RunTime:0.000010s ]
INFO: [ app_init ] --END-- [ RunTime:0.000084s ]
ERR: 无法加载模块:Public

[ 2017-09-18T16:33:18+08:00 ] 127.0.0.1 /Public/uploads/2017-09-18/59bf81dc99644.jpg
INFO: [ app_init ] --START--
INFO: Run Behavior\BuildLiteBehavior [ RunTime:0.000014s ]
INFO: [ app_init ] --END-- [ RunTime:0.000108s ]
ERR: 无法加载模块:Public

[ 2017-09-18T16:33:18+08:00 ] 127.0.0.1 /Public/uploads/2017-09-18/59bf834d34313.jpg
INFO: [ app_init ] --START--
INFO: Run Behavior\BuildLiteBehavior [ RunTime:0.000010s ]
INFO: [ app_init ] --END-- [ RunTime:0.000087s ]
ERR: 无法加载模块:Public

[ 2017-09-18T16:33:31+08:00 ] 127.0.0.1 /Public/uploads/2017-09-18/59bf83d20b84c.jpg
INFO: [ app_init ] --START--
INFO: Run Behavior\BuildLiteBehavior [ RunTime:0.000073s ]
INFO: [ app_init ] --END-- [ RunTime:0.000199s ]
ERR: 无法加载模块:Public

[ 2017-09-18T16:33:31+08:00 ] 127.0.0.1 /Public/uploads/2017-09-18/59bf810362fd9.png
INFO: [ app_init ] --START--
INFO: Run Behavior\BuildLiteBehavior [ RunTime:0.000012s ]
INFO: [ app_init ] --END-- [ RunTime:0.000107s ]
ERR: 无法加载模块:Public

[ 2017-09-18T16:33:31+08:00 ] 127.0.0.1 /Public/uploads/2017-09-18/59bf81dc99644.jpg
INFO: [ app_init ] --START--
INFO: Run Behavior\BuildLiteBehavior [ RunTime:0.000011s ]
INFO: [ app_init ] --END-- [ RunTime:0.000155s ]
ERR: 无法加载模块:Public

[ 2017-09-18T16:33:31+08:00 ] 127.0.0.1 /Public/uploads/2017-09-18/59bf834d34313.jpg
INFO: [ app_init ] --START--
INFO: Run Behavior\BuildLiteBehavior [ RunTime:0.000028s ]
INFO: [ app_init ] --END-- [ RunTime:0.000190s ]
ERR: 无法加载模块:Public

[ 2017-09-18T16:33:31+08:00 ] 127.0.0.1 /Public/uploads/2017-09-18/59bf81ad4b69a.png
INFO: [ app_init ] --START--
INFO: Run Behavior\BuildLiteBehavior [ RunTime:0.000009s ]
INFO: [ app_init ] --END-- [ RunTime:0.000075s ]
ERR: 无法加载模块:Public

[ 2017-09-18T16:33:48+08:00 ] 127.0.0.1 /Public/uploads/2017-09-18/59bf83d20b84c.jpg
INFO: [ app_init ] --START--
INFO: Run Behavior\BuildLiteBehavior [ RunTime:0.000009s ]
INFO: [ app_init ] --END-- [ RunTime:0.000122s ]
ERR: 无法加载模块:Public

[ 2017-09-18T16:33:48+08:00 ] 127.0.0.1 /Public/uploads/2017-09-18/59bf81dc99644.jpg
INFO: [ app_init ] --START--
INFO: Run Behavior\BuildLiteBehavior [ RunTime:0.000010s ]
INFO: [ app_init ] --END-- [ RunTime:0.000075s ]
ERR: 无法加载模块:Public

[ 2017-09-18T16:33:48+08:00 ] 127.0.0.1 /Public/uploads/2017-09-18/59bf834d34313.jpg
INFO: [ app_init ] --START--
INFO: Run Behavior\BuildLiteBehavior [ RunTime:0.000009s ]
INFO: [ app_init ] --END-- [ RunTime:0.000088s ]
ERR: 无法加载模块:Public

[ 2017-09-18T16:33:48+08:00 ] 127.0.0.1 /Public/uploads/2017-09-18/59bf81ad4b69a.png
INFO: [ app_init ] --START--
INFO: Run Behavior\BuildLiteBehavior [ RunTime:0.000007s ]
INFO: [ app_init ] --END-- [ RunTime:0.000065s ]
ERR: 无法加载模块:Public

[ 2017-09-18T16:33:48+08:00 ] 127.0.0.1 /Public/uploads/2017-09-18/59bf810362fd9.png
INFO: [ app_init ] --START--
INFO: Run Behavior\BuildLiteBehavior [ RunTime:0.000012s ]
INFO: [ app_init ] --END-- [ RunTime:0.000109s ]
ERR: 无法加载模块:Public

[ 2017-09-18T16:33:59+08:00 ] 127.0.0.1 /Public/uploads/2017-09-18/59bf81dc99644.jpg
INFO: [ app_init ] --START--
INFO: Run Behavior\BuildLiteBehavior [ RunTime:0.000011s ]
INFO: [ app_init ] --END-- [ RunTime:0.000092s ]
ERR: 无法加载模块:Public

[ 2017-09-18T16:33:59+08:00 ] 127.0.0.1 /Public/uploads/2017-09-18/59bf81ad4b69a.png
INFO: [ app_init ] --START--
INFO: Run Behavior\BuildLiteBehavior [ RunTime:0.000025s ]
INFO: [ app_init ] --END-- [ RunTime:0.000175s ]
ERR: 无法加载模块:Public

[ 2017-09-18T16:33:59+08:00 ] 127.0.0.1 /Public/uploads/2017-09-18/59bf810362fd9.png
INFO: [ app_init ] --START--
INFO: Run Behavior\BuildLiteBehavior [ RunTime:0.000013s ]
INFO: [ app_init ] --END-- [ RunTime:0.000158s ]
ERR: 无法加载模块:Public

[ 2017-09-18T16:33:59+08:00 ] 127.0.0.1 /Public/uploads/2017-09-18/59bf83d20b84c.jpg
INFO: [ app_init ] --START--
INFO: Run Behavior\BuildLiteBehavior [ RunTime:0.000011s ]
INFO: [ app_init ] --END-- [ RunTime:0.000079s ]
ERR: 无法加载模块:Public

[ 2017-09-18T16:33:59+08:00 ] 127.0.0.1 /Public/uploads/2017-09-18/59bf834d34313.jpg
INFO: [ app_init ] --START--
INFO: Run Behavior\BuildLiteBehavior [ RunTime:0.000010s ]
INFO: [ app_init ] --END-- [ RunTime:0.000093s ]
ERR: 无法加载模块:Public

[ 2017-09-18T16:34:33+08:00 ] 127.0.0.1 /Public/uploads/2017-09-18/59bf83d20b84c.jpg
INFO: [ app_init ] --START--
INFO: Run Behavior\BuildLiteBehavior [ RunTime:0.000009s ]
INFO: [ app_init ] --END-- [ RunTime:0.000074s ]
ERR: 无法加载模块:Public

[ 2017-09-18T16:34:33+08:00 ] 127.0.0.1 /Public/uploads/2017-09-18/59bf810362fd9.png
INFO: [ app_init ] --START--
INFO: Run Behavior\BuildLiteBehavior [ RunTime:0.000011s ]
INFO: [ app_init ] --END-- [ RunTime:0.000086s ]
ERR: 无法加载模块:Public

[ 2017-09-18T16:34:33+08:00 ] 127.0.0.1 /Public/uploads/2017-09-18/59bf81ad4b69a.png
INFO: [ app_init ] --START--
INFO: Run Behavior\BuildLiteBehavior [ RunTime:0.000009s ]
INFO: [ app_init ] --END-- [ RunTime:0.000077s ]
ERR: 无法加载模块:Public

[ 2017-09-18T16:34:33+08:00 ] 127.0.0.1 /Public/uploads/2017-09-18/59bf81dc99644.jpg
INFO: [ app_init ] --START--
INFO: Run Behavior\BuildLiteBehavior [ RunTime:0.000009s ]
INFO: [ app_init ] --END-- [ RunTime:0.000076s ]
ERR: 无法加载模块:Public

[ 2017-09-18T16:34:33+08:00 ] 127.0.0.1 /Public/uploads/2017-09-18/59bf834d34313.jpg
INFO: [ app_init ] --START--
INFO: Run Behavior\BuildLiteBehavior [ RunTime:0.000013s ]
INFO: [ app_init ] --END-- [ RunTime:0.000127s ]
ERR: 无法加载模块:Public

[ 2017-09-18T16:41:40+08:00 ] 127.0.0.1 /Public/uploads/2017-09-18/59bf83d20b84c.jpg
INFO: [ app_init ] --START--
INFO: Run Behavior\BuildLiteBehavior [ RunTime:0.000010s ]
INFO: [ app_init ] --END-- [ RunTime:0.000077s ]
ERR: 无法加载模块:Public

[ 2017-09-18T16:41:40+08:00 ] 127.0.0.1 /Public/uploads/2017-09-18/59bf810362fd9.png
INFO: [ app_init ] --START--
INFO: Run Behavior\BuildLiteBehavior [ RunTime:0.000009s ]
INFO: [ app_init ] --END-- [ RunTime:0.000078s ]
ERR: 无法加载模块:Public

[ 2017-09-18T16:41:40+08:00 ] 127.0.0.1 /Public/uploads/2017-09-18/59bf81ad4b69a.png
INFO: [ app_init ] --START--
INFO: Run Behavior\BuildLiteBehavior [ RunTime:0.000010s ]
INFO: [ app_init ] --END-- [ RunTime:0.000086s ]
ERR: 无法加载模块:Public

[ 2017-09-18T16:41:40+08:00 ] 127.0.0.1 /Public/uploads/2017-09-18/59bf81dc99644.jpg
INFO: [ app_init ] --START--
INFO: Run Behavior\BuildLiteBehavior [ RunTime:0.000011s ]
INFO: [ app_init ] --END-- [ RunTime:0.000093s ]
ERR: 无法加载模块:Public

[ 2017-09-18T16:41:40+08:00 ] 127.0.0.1 /Public/uploads/2017-09-18/59bf834d34313.jpg
INFO: [ app_init ] --START--
INFO: Run Behavior\BuildLiteBehavior [ RunTime:0.000012s ]
INFO: [ app_init ] --END-- [ RunTime:0.000099s ]
ERR: 无法加载模块:Public

[ 2017-09-18T16:41:46+08:00 ] 127.0.0.1 /Public/uploads/2017-09-18/59bf83d20b84c.jpg
INFO: [ app_init ] --START--
INFO: Run Behavior\BuildLiteBehavior [ RunTime:0.000008s ]
INFO: [ app_init ] --END-- [ RunTime:0.000069s ]
ERR: 无法加载模块:Public

[ 2017-09-18T16:51:26+08:00 ] 127.0.0.1 /Public/uploads/2017-09-18/59bf8713dd2e6.jpg
INFO: [ app_init ] --START--
INFO: Run Behavior\BuildLiteBehavior [ RunTime:0.000012s ]
INFO: [ app_init ] --END-- [ RunTime:0.000101s ]
ERR: 无法加载模块:Public

[ 2017-09-18T16:51:26+08:00 ] 127.0.0.1 /Public/uploads/2017-09-18/59bf834d34313.jpg
INFO: [ app_init ] --START--
INFO: Run Behavior\BuildLiteBehavior [ RunTime:0.000010s ]
INFO: [ app_init ] --END-- [ RunTime:0.000085s ]
ERR: 无法加载模块:Public

[ 2017-09-18T16:51:26+08:00 ] 127.0.0.1 /Public/uploads/2017-09-18/59bf81ad4b69a.png
INFO: [ app_init ] --START--
INFO: Run Behavior\BuildLiteBehavior [ RunTime:0.000016s ]
INFO: [ app_init ] --END-- [ RunTime:0.000131s ]
ERR: 无法加载模块:Public

[ 2017-09-18T16:51:26+08:00 ] 127.0.0.1 /Public/uploads/2017-09-18/59bf83d20b84c.jpg
INFO: [ app_init ] --START--
INFO: Run Behavior\BuildLiteBehavior [ RunTime:0.000011s ]
INFO: [ app_init ] --END-- [ RunTime:0.000084s ]
ERR: 无法加载模块:Public

[ 2017-09-18T16:51:26+08:00 ] 127.0.0.1 /Public/uploads/2017-09-18/59bf81dc99644.jpg
INFO: [ app_init ] --START--
INFO: Run Behavior\BuildLiteBehavior [ RunTime:0.000011s ]
INFO: [ app_init ] --END-- [ RunTime:0.018156s ]
ERR: 无法加载模块:Public

[ 2017-09-18T16:51:26+08:00 ] 127.0.0.1 /Public/uploads/2017-09-18/59bf810362fd9.png
INFO: [ app_init ] --START--
INFO: Run Behavior\BuildLiteBehavior [ RunTime:0.000019s ]
INFO: [ app_init ] --END-- [ RunTime:0.000140s ]
ERR: 无法加载模块:Public

[ 2017-09-18T16:51:39+08:00 ] 127.0.0.1 /Public/uploads/2017-09-18/59bf8713dd2e6.jpg
INFO: [ app_init ] --START--
INFO: Run Behavior\BuildLiteBehavior [ RunTime:0.000013s ]
INFO: [ app_init ] --END-- [ RunTime:0.000675s ]
ERR: 无法加载模块:Public

[ 2017-09-18T16:51:39+08:00 ] 127.0.0.1 /Public/uploads/2017-09-18/59bf81dc99644.jpg
INFO: [ app_init ] --START--
INFO: Run Behavior\BuildLiteBehavior [ RunTime:0.000009s ]
INFO: [ app_init ] --END-- [ RunTime:0.000076s ]
ERR: 无法加载模块:Public

[ 2017-09-18T16:51:39+08:00 ] 127.0.0.1 /Public/uploads/2017-09-18/59bf83d20b84c.jpg
INFO: [ app_init ] --START--
INFO: Run Behavior\BuildLiteBehavior [ RunTime:0.000010s ]
INFO: [ app_init ] --END-- [ RunTime:0.000089s ]
ERR: 无法加载模块:Public

[ 2017-09-18T16:51:39+08:00 ] 127.0.0.1 /Public/uploads/2017-09-18/59bf834d34313.jpg
INFO: [ app_init ] --START--
INFO: Run Behavior\BuildLiteBehavior [ RunTime:0.000013s ]
INFO: [ app_init ] --END-- [ RunTime:0.000095s ]
ERR: 无法加载模块:Public

[ 2017-09-18T16:51:39+08:00 ] 127.0.0.1 /Public/uploads/2017-09-18/59bf810362fd9.png
INFO: [ app_init ] --START--
INFO: Run Behavior\BuildLiteBehavior [ RunTime:0.000006s ]
INFO: [ app_init ] --END-- [ RunTime:0.000047s ]
ERR: 无法加载模块:Public

[ 2017-09-18T16:51:39+08:00 ] 127.0.0.1 /Public/uploads/2017-09-18/59bf81ad4b69a.png
INFO: [ app_init ] --START--
INFO: Run Behavior\BuildLiteBehavior [ RunTime:0.000010s ]
INFO: [ app_init ] --END-- [ RunTime:0.000086s ]
ERR: 无法加载模块:Public

[ 2017-09-18T16:53:06+08:00 ] 127.0.0.1 /Public/uploads/2017-09-18/59bf893105bb4.jpg
INFO: [ app_init ] --START--
INFO: Run Behavior\BuildLiteBehavior [ RunTime:0.000010s ]
INFO: [ app_init ] --END-- [ RunTime:0.000080s ]
ERR: 无法加载模块:Public

[ 2017-09-18T16:53:06+08:00 ] 127.0.0.1 /Public/uploads/2017-09-18/59bf83d20b84c.jpg
INFO: [ app_init ] --START--
INFO: Run Behavior\BuildLiteBehavior [ RunTime:0.000010s ]
INFO: [ app_init ] --END-- [ RunTime:0.000073s ]
ERR: 无法加载模块:Public

[ 2017-09-18T16:53:06+08:00 ] 127.0.0.1 /Public/uploads/2017-09-18/59bf81ad4b69a.png
INFO: [ app_init ] --START--
INFO: Run Behavior\BuildLiteBehavior [ RunTime:0.000010s ]
INFO: [ app_init ] --END-- [ RunTime:0.000093s ]
ERR: 无法加载模块:Public

[ 2017-09-18T16:53:06+08:00 ] 127.0.0.1 /Public/uploads/2017-09-18/59bf810362fd9.png
INFO: [ app_init ] --START--
INFO: Run Behavior\BuildLiteBehavior [ RunTime:0.000009s ]
INFO: [ app_init ] --END-- [ RunTime:0.000066s ]
ERR: 无法加载模块:Public

[ 2017-09-18T16:53:06+08:00 ] 127.0.0.1 /Public/uploads/2017-09-18/59bf834d34313.jpg
INFO: [ app_init ] --START--
INFO: Run Behavior\BuildLiteBehavior [ RunTime:0.000010s ]
INFO: [ app_init ] --END-- [ RunTime:0.000083s ]
ERR: 无法加载模块:Public

[ 2017-09-18T16:53:06+08:00 ] 127.0.0.1 /Public/uploads/2017-09-18/59bf81dc99644.jpg
INFO: [ app_init ] --START--
INFO: Run Behavior\BuildLiteBehavior [ RunTime:0.000044s ]
INFO: [ app_init ] --END-- [ RunTime:0.000385s ]
ERR: 无法加载模块:Public

[ 2017-09-18T16:53:38+08:00 ] 127.0.0.1 /Public/uploads/2017-09-18/59bf893105bb4.jpg
INFO: [ app_init ] --START--
INFO: Run Behavior\BuildLiteBehavior [ RunTime:0.000013s ]
INFO: [ app_init ] --END-- [ RunTime:0.000105s ]
ERR: 无法加载模块:Public

[ 2017-09-18T16:53:38+08:00 ] 127.0.0.1 /Public/uploads/2017-09-18/59bf810362fd9.png
INFO: [ app_init ] --START--
INFO: Run Behavior\BuildLiteBehavior [ RunTime:0.000009s ]
INFO: [ app_init ] --END-- [ RunTime:0.000073s ]
ERR: 无法加载模块:Public

[ 2017-09-18T16:53:38+08:00 ] 127.0.0.1 /Public/uploads/2017-09-18/59bf83d20b84c.jpg
INFO: [ app_init ] --START--
INFO: Run Behavior\BuildLiteBehavior [ RunTime:0.000009s ]
INFO: [ app_init ] --END-- [ RunTime:0.000074s ]
ERR: 无法加载模块:Public

[ 2017-09-18T16:53:38+08:00 ] 127.0.0.1 /Public/uploads/2017-09-18/59bf834d34313.jpg
INFO: [ app_init ] --START--
INFO: Run Behavior\BuildLiteBehavior [ RunTime:0.000011s ]
INFO: [ app_init ] --END-- [ RunTime:0.000088s ]
ERR: 无法加载模块:Public

[ 2017-09-18T16:53:38+08:00 ] 127.0.0.1 /Public/uploads/2017-09-18/59bf81ad4b69a.png
INFO: [ app_init ] --START--
INFO: Run Behavior\BuildLiteBehavior [ RunTime:0.000009s ]
INFO: [ app_init ] --END-- [ RunTime:0.000075s ]
ERR: 无法加载模块:Public

[ 2017-09-18T16:53:38+08:00 ] 127.0.0.1 /Public/uploads/2017-09-18/59bf81dc99644.jpg
INFO: [ app_init ] --START--
INFO: Run Behavior\BuildLiteBehavior [ RunTime:0.000011s ]
INFO: [ app_init ] --END-- [ RunTime:0.000096s ]
ERR: 无法加载模块:Public

[ 2017-09-18T17:01:33+08:00 ] 127.0.0.1 /Public/uploads/2017-09-18/59bf8a65ce5f6.jpg
INFO: [ app_init ] --START--
INFO: Run Behavior\BuildLiteBehavior [ RunTime:0.000013s ]
INFO: [ app_init ] --END-- [ RunTime:0.000102s ]
ERR: 无法加载模块:Public

[ 2017-09-18T17:01:33+08:00 ] 127.0.0.1 /Public/uploads/2017-09-18/59bf810362fd9.png
INFO: [ app_init ] --START--
INFO: Run Behavior\BuildLiteBehavior [ RunTime:0.000010s ]
INFO: [ app_init ] --END-- [ RunTime:0.000073s ]
ERR: 无法加载模块:Public

[ 2017-09-18T17:01:33+08:00 ] 127.0.0.1 /Public/uploads/2017-09-18/59bf834d34313.jpg
INFO: [ app_init ] --START--
INFO: Run Behavior\BuildLiteBehavior [ RunTime:0.000011s ]
INFO: [ app_init ] --END-- [ RunTime:0.000091s ]
ERR: 无法加载模块:Public

[ 2017-09-18T17:01:33+08:00 ] 127.0.0.1 /Public/uploads/2017-09-18/59bf81ad4b69a.png
INFO: [ app_init ] --START--
INFO: Run Behavior\BuildLiteBehavior [ RunTime:0.000010s ]
INFO: [ app_init ] --END-- [ RunTime:0.000426s ]
ERR: 无法加载模块:Public

[ 2017-09-18T17:01:33+08:00 ] 127.0.0.1 /Public/uploads/2017-09-18/59bf83d20b84c.jpg
INFO: [ app_init ] --START--
INFO: Run Behavior\BuildLiteBehavior [ RunTime:0.000009s ]
INFO: [ app_init ] --END-- [ RunTime:0.000087s ]
ERR: 无法加载模块:Public

[ 2017-09-18T17:01:33+08:00 ] 127.0.0.1 /Public/uploads/2017-09-18/59bf81dc99644.jpg
INFO: [ app_init ] --START--
INFO: Run Behavior\BuildLiteBehavior [ RunTime:0.000009s ]
INFO: [ app_init ] --END-- [ RunTime:0.000071s ]
ERR: 无法加载模块:Public

[ 2017-09-18T17:06:12+08:00 ] 127.0.0.1 /Public/uploads/2017-09-18/59bf8a65ce5f6.jpg
INFO: [ app_init ] --START--
INFO: Run Behavior\BuildLiteBehavior [ RunTime:0.000009s ]
INFO: [ app_init ] --END-- [ RunTime:0.000079s ]
ERR: 无法加载模块:Public

[ 2017-09-18T17:06:17+08:00 ] 127.0.0.1 /Public/uploads/2017-09-18/59bf8a65ce5f6.jpg
INFO: [ app_init ] --START--
INFO: Run Behavior\BuildLiteBehavior [ RunTime:0.000010s ]
INFO: [ app_init ] --END-- [ RunTime:0.000087s ]
ERR: 无法加载模块:Public

[ 2017-09-18T17:06:25+08:00 ] 127.0.0.1 /Public/uploads/2017-09-18/59bf8a65ce5f6.jpg
INFO: [ app_init ] --START--
INFO: Run Behavior\BuildLiteBehavior [ RunTime:0.000008s ]
INFO: [ app_init ] --END-- [ RunTime:0.000061s ]
ERR: 无法加载模块:Public

[ 2017-09-18T17:08:00+08:00 ] 127.0.0.1 /Public/uploads/2017-09-18/59bf8a65ce5f6.jpg
INFO: [ app_init ] --START--
INFO: Run Behavior\BuildLiteBehavior [ RunTime:0.000010s ]
INFO: [ app_init ] --END-- [ RunTime:0.000082s ]
ERR: 无法加载模块:Public

[ 2017-09-18T17:08:00+08:00 ] 127.0.0.1 /Public/uploads/2017-09-18/59bf83d20b84c.jpg
INFO: [ app_init ] --START--
INFO: Run Behavior\BuildLiteBehavior [ RunTime:0.000009s ]
INFO: [ app_init ] --END-- [ RunTime:0.000083s ]
ERR: 无法加载模块:Public

[ 2017-09-18T17:08:00+08:00 ] 127.0.0.1 /Public/uploads/2017-09-18/59bf834d34313.jpg
INFO: [ app_init ] --START--
INFO: Run Behavior\BuildLiteBehavior [ RunTime:0.000012s ]
INFO: [ app_init ] --END-- [ RunTime:0.000098s ]
ERR: 无法加载模块:Public

[ 2017-09-18T17:08:00+08:00 ] 127.0.0.1 /Public/uploads/2017-09-18/59bf81ad4b69a.png
INFO: [ app_init ] --START--
INFO: Run Behavior\BuildLiteBehavior [ RunTime:0.000012s ]
INFO: [ app_init ] --END-- [ RunTime:0.000593s ]
ERR: 无法加载模块:Public

[ 2017-09-18T17:08:00+08:00 ] 127.0.0.1 /Public/uploads/2017-09-18/59bf810362fd9.png
INFO: [ app_init ] --START--
INFO: Run Behavior\BuildLiteBehavior [ RunTime:0.000011s ]
INFO: [ app_init ] --END-- [ RunTime:0.000098s ]
ERR: 无法加载模块:Public

[ 2017-09-18T17:08:00+08:00 ] 127.0.0.1 /Public/uploads/2017-09-18/59bf81dc99644.jpg
INFO: [ app_init ] --START--
INFO: Run Behavior\BuildLiteBehavior [ RunTime:0.000009s ]
INFO: [ app_init ] --END-- [ RunTime:0.000089s ]
ERR: 无法加载模块:Public

[ 2017-09-18T17:10:05+08:00 ] 127.0.0.1 /Public/uploads/2017-09-18/59bf8a65ce5f6.jpg
INFO: [ app_init ] --START--
INFO: Run Behavior\BuildLiteBehavior [ RunTime:0.000010s ]
INFO: [ app_init ] --END-- [ RunTime:0.000082s ]
ERR: 无法加载模块:Public

[ 2017-09-18T17:10:05+08:00 ] 127.0.0.1 /Public/uploads/2017-09-18/59bf83d20b84c.jpg
INFO: [ app_init ] --START--
INFO: Run Behavior\BuildLiteBehavior [ RunTime:0.000954s ]
INFO: [ app_init ] --END-- [ RunTime:0.001205s ]
ERR: 无法加载模块:Public

[ 2017-09-18T17:10:05+08:00 ] 127.0.0.1 /Public/uploads/2017-09-18/59bf81dc99644.jpg
INFO: [ app_init ] --START--
INFO: Run Behavior\BuildLiteBehavior [ RunTime:0.000010s ]
INFO: [ app_init ] --END-- [ RunTime:0.000087s ]
ERR: 无法加载模块:Public

[ 2017-09-18T17:10:05+08:00 ] 127.0.0.1 /Public/uploads/2017-09-18/59bf810362fd9.png
INFO: [ app_init ] --START--
INFO: Run Behavior\BuildLiteBehavior [ RunTime:0.000010s ]
INFO: [ app_init ] --END-- [ RunTime:0.000120s ]
ERR: 无法加载模块:Public

[ 2017-09-18T17:10:05+08:00 ] 127.0.0.1 /Public/uploads/2017-09-18/59bf834d34313.jpg
INFO: [ app_init ] --START--
INFO: Run Behavior\BuildLiteBehavior [ RunTime:0.000011s ]
INFO: [ app_init ] --END-- [ RunTime:0.000095s ]
ERR: 无法加载模块:Public

[ 2017-09-18T17:10:05+08:00 ] 127.0.0.1 /Public/uploads/2017-09-18/59bf81ad4b69a.png
INFO: [ app_init ] --START--
INFO: Run Behavior\BuildLiteBehavior [ RunTime:0.000014s ]
INFO: [ app_init ] --END-- [ RunTime:0.000147s ]
ERR: 无法加载模块:Public

[ 2017-09-18T17:11:00+08:00 ] 127.0.0.1 /Public/uploads/2017-09-18/59bf8a65ce5f6.jpg
INFO: [ app_init ] --START--
INFO: Run Behavior\BuildLiteBehavior [ RunTime:0.000010s ]
INFO: [ app_init ] --END-- [ RunTime:0.000089s ]
ERR: 无法加载模块:Public

[ 2017-09-18T17:11:00+08:00 ] 127.0.0.1 /Public/uploads/2017-09-18/59bf81dc99644.jpg
INFO: [ app_init ] --START--
INFO: Run Behavior\BuildLiteBehavior [ RunTime:0.000016s ]
INFO: [ app_init ] --END-- [ RunTime:0.000134s ]
ERR: 无法加载模块:Public

[ 2017-09-18T17:11:00+08:00 ] 127.0.0.1 /Public/uploads/2017-09-18/59bf810362fd9.png
INFO: [ app_init ] --START--
INFO: Run Behavior\BuildLiteBehavior [ RunTime:0.000009s ]
INFO: [ app_init ] --END-- [ RunTime:0.000089s ]
ERR: 无法加载模块:Public

[ 2017-09-18T17:11:00+08:00 ] 127.0.0.1 /Public/uploads/2017-09-18/59bf834d34313.jpg
INFO: [ app_init ] --START--
INFO: Run Behavior\BuildLiteBehavior [ RunTime:0.000020s ]
INFO: [ app_init ] --END-- [ RunTime:0.000148s ]
ERR: 无法加载模块:Public

[ 2017-09-18T17:11:00+08:00 ] 127.0.0.1 /Public/uploads/2017-09-18/59bf81ad4b69a.png
INFO: [ app_init ] --START--
INFO: Run Behavior\BuildLiteBehavior [ RunTime:0.000010s ]
INFO: [ app_init ] --END-- [ RunTime:0.000184s ]
ERR: 无法加载模块:Public

[ 2017-09-18T17:11:00+08:00 ] 127.0.0.1 /Public/uploads/2017-09-18/59bf83d20b84c.jpg
INFO: [ app_init ] --START--
INFO: Run Behavior\BuildLiteBehavior [ RunTime:0.000011s ]
INFO: [ app_init ] --END-- [ RunTime:0.000097s ]
ERR: 无法加载模块:Public

[ 2017-09-18T17:19:07+08:00 ] 127.0.0.1 /Public/uploads/2017-09-18/59bf8a65ce5f6.jpg
INFO: [ app_init ] --START--
INFO: Run Behavior\BuildLiteBehavior [ RunTime:0.000010s ]
INFO: [ app_init ] --END-- [ RunTime:0.000087s ]
ERR: 无法加载模块:Public

[ 2017-09-18T17:19:31+08:00 ] 127.0.0.1 /Public/uploads/2017-09-18/59bf8a65ce5f6.jpg
INFO: [ app_init ] --START--
INFO: Run Behavior\BuildLiteBehavior [ RunTime:0.000007s ]
INFO: [ app_init ] --END-- [ RunTime:0.000059s ]
ERR: 无法加载模块:Public

[ 2017-09-18T17:26:29+08:00 ] 127.0.0.1 /Public/uploads/2017-09-18/59bf8f06ba5d5.jpg
INFO: [ app_init ] --START--
INFO: Run Behavior\BuildLiteBehavior [ RunTime:0.000009s ]
INFO: [ app_init ] --END-- [ RunTime:0.000066s ]
ERR: 无法加载模块:Public

[ 2017-09-18T17:26:29+08:00 ] 127.0.0.1 /Public/uploads/2017-09-18/59bf8a65ce5f6.jpg
INFO: [ app_init ] --START--
INFO: Run Behavior\BuildLiteBehavior [ RunTime:0.000006s ]
INFO: [ app_init ] --END-- [ RunTime:0.000053s ]
ERR: 无法加载模块:Public

[ 2017-09-18T17:26:29+08:00 ] 127.0.0.1 /Public/uploads/2017-09-18/59bf810362fd9.png
INFO: [ app_init ] --START--
INFO: Run Behavior\BuildLiteBehavior [ RunTime:0.000010s ]
INFO: [ app_init ] --END-- [ RunTime:0.000082s ]
ERR: 无法加载模块:Public

[ 2017-09-18T17:26:30+08:00 ] 127.0.0.1 /Public/uploads/2017-09-18/59bf8f06ba5d5.jpg
INFO: [ app_init ] --START--
INFO: Run Behavior\BuildLiteBehavior [ RunTime:0.000010s ]
INFO: [ app_init ] --END-- [ RunTime:0.000085s ]
ERR: 无法加载模块:Public

[ 2017-09-18T17:26:30+08:00 ] 127.0.0.1 /Public/uploads/2017-09-18/59bf8a65ce5f6.jpg
INFO: [ app_init ] --START--
INFO: Run Behavior\BuildLiteBehavior [ RunTime:0.000010s ]
INFO: [ app_init ] --END-- [ RunTime:0.000086s ]
ERR: 无法加载模块:Public

[ 2017-09-18T17:26:30+08:00 ] 127.0.0.1 /Public/uploads/2017-09-18/59bf810362fd9.png
INFO: [ app_init ] --START--
INFO: Run Behavior\BuildLiteBehavior [ RunTime:0.000011s ]
INFO: [ app_init ] --END-- [ RunTime:0.000139s ]
ERR: 无法加载模块:Public

[ 2017-09-18T17:26:34+08:00 ] 127.0.0.1 /Public/uploads/2017-09-18/59bf8f06ba5d5.jpg
INFO: [ app_init ] --START--
INFO: Run Behavior\BuildLiteBehavior [ RunTime:0.000011s ]
INFO: [ app_init ] --END-- [ RunTime:0.000083s ]
ERR: 无法加载模块:Public

[ 2017-09-18T17:26:34+08:00 ] 127.0.0.1 /Public/uploads/2017-09-18/59bf810362fd9.png
INFO: [ app_init ] --START--
INFO: Run Behavior\BuildLiteBehavior [ RunTime:0.000008s ]
INFO: [ app_init ] --END-- [ RunTime:0.000068s ]
ERR: 无法加载模块:Public

[ 2017-09-18T17:26:37+08:00 ] 127.0.0.1 /Public/uploads/2017-09-18/59bf8a65ce5f6.jpg
INFO: [ app_init ] --START--
INFO: Run Behavior\BuildLiteBehavior [ RunTime:0.000010s ]
INFO: [ app_init ] --END-- [ RunTime:0.000071s ]
ERR: 无法加载模块:Public

[ 2017-09-18T17:26:42+08:00 ] 127.0.0.1 /Public/uploads/2017-09-18/59bf83d20b84c.jpg
INFO: [ app_init ] --START--
INFO: Run Behavior\BuildLiteBehavior [ RunTime:0.000013s ]
INFO: [ app_init ] --END-- [ RunTime:0.000091s ]
ERR: 无法加载模块:Public

[ 2017-09-18T17:26:42+08:00 ] 127.0.0.1 /Public/uploads/2017-09-18/59bf834d34313.jpg
INFO: [ app_init ] --START--
INFO: Run Behavior\BuildLiteBehavior [ RunTime:0.000012s ]
INFO: [ app_init ] --END-- [ RunTime:0.000092s ]
ERR: 无法加载模块:Public

[ 2017-09-18T17:26:46+08:00 ] 127.0.0.1 /Public/uploads/2017-09-18/59bf8f06ba5d5.jpg
INFO: [ app_init ] --START--
INFO: Run Behavior\BuildLiteBehavior [ RunTime:0.000011s ]
INFO: [ app_init ] --END-- [ RunTime:0.000082s ]
ERR: 无法加载模块:Public

[ 2017-09-18T17:26:46+08:00 ] 127.0.0.1 /Public/uploads/2017-09-18/59bf8a65ce5f6.jpg
INFO: [ app_init ] --START--
INFO: Run Behavior\BuildLiteBehavior [ RunTime:0.000012s ]
INFO: [ app_init ] --END-- [ RunTime:0.000105s ]
ERR: 无法加载模块:Public

[ 2017-09-18T17:26:46+08:00 ] 127.0.0.1 /Public/uploads/2017-09-18/59bf810362fd9.png
INFO: [ app_init ] --START--
INFO: Run Behavior\BuildLiteBehavior [ RunTime:0.000009s ]
INFO: [ app_init ] --END-- [ RunTime:0.000074s ]
ERR: 无法加载模块:Public

[ 2017-09-18T17:26:46+08:00 ] 127.0.0.1 /Public/uploads/2017-09-18/59bf83d20b84c.jpg
INFO: [ app_init ] --START--
INFO: Run Behavior\BuildLiteBehavior [ RunTime:0.000009s ]
INFO: [ app_init ] --END-- [ RunTime:0.000088s ]
ERR: 无法加载模块:Public

[ 2017-09-18T17:26:53+08:00 ] 127.0.0.1 /Public/uploads/2017-09-18/59bf8a65ce5f6.jpg
INFO: [ app_init ] --START--
INFO: Run Behavior\BuildLiteBehavior [ RunTime:0.000009s ]
INFO: [ app_init ] --END-- [ RunTime:0.000076s ]
ERR: 无法加载模块:Public

[ 2017-09-18T17:26:53+08:00 ] 127.0.0.1 /Public/uploads/2017-09-18/59bf810362fd9.png
INFO: [ app_init ] --START--
INFO: Run Behavior\BuildLiteBehavior [ RunTime:0.000010s ]
INFO: [ app_init ] --END-- [ RunTime:0.000158s ]
ERR: 无法加载模块:Public

[ 2017-09-18T17:26:53+08:00 ] 127.0.0.1 /Public/uploads/2017-09-18/59bf83d20b84c.jpg
INFO: [ app_init ] --START--
INFO: Run Behavior\BuildLiteBehavior [ RunTime:0.000040s ]
INFO: [ app_init ] --END-- [ RunTime:0.000125s ]
ERR: 无法加载模块:Public

[ 2017-09-18T17:26:58+08:00 ] 127.0.0.1 /Public/uploads/2017-09-18/59bf8f06ba5d5.jpg
INFO: [ app_init ] --START--
INFO: Run Behavior\BuildLiteBehavior [ RunTime:0.000009s ]
INFO: [ app_init ] --END-- [ RunTime:0.000076s ]
ERR: 无法加载模块:Public

[ 2017-09-18T17:26:58+08:00 ] 127.0.0.1 /Public/uploads/2017-09-18/59bf834d34313.jpg
INFO: [ app_init ] --START--
INFO: Run Behavior\BuildLiteBehavior [ RunTime:0.000030s ]
INFO: [ app_init ] --END-- [ RunTime:0.000283s ]
ERR: 无法加载模块:Public

[ 2017-09-18T17:27:37+08:00 ] 127.0.0.1 /Public/uploads/2017-09-18/59bf8f06ba5d5.jpg
INFO: [ app_init ] --START--
INFO: Run Behavior\BuildLiteBehavior [ RunTime:0.000009s ]
INFO: [ app_init ] --END-- [ RunTime:0.000071s ]
ERR: 无法加载模块:Public

[ 2017-09-18T17:27:37+08:00 ] 127.0.0.1 /Public/uploads/2017-09-18/59bf810362fd9.png
INFO: [ app_init ] --START--
INFO: Run Behavior\BuildLiteBehavior [ RunTime:0.000011s ]
INFO: [ app_init ] --END-- [ RunTime:0.000099s ]
ERR: 无法加载模块:Public

[ 2017-09-18T17:27:37+08:00 ] 127.0.0.1 /Public/uploads/2017-09-18/59bf83d20b84c.jpg
INFO: [ app_init ] --START--
INFO: Run Behavior\BuildLiteBehavior [ RunTime:0.000011s ]
INFO: [ app_init ] --END-- [ RunTime:0.000091s ]
ERR: 无法加载模块:Public

[ 2017-09-18T17:27:37+08:00 ] 127.0.0.1 /Public/uploads/2017-09-18/59bf8a65ce5f6.jpg
INFO: [ app_init ] --START--
INFO: Run Behavior\BuildLiteBehavior [ RunTime:0.000020s ]
INFO: [ app_init ] --END-- [ RunTime:0.000156s ]
ERR: 无法加载模块:Public

[ 2017-09-18T17:28:08+08:00 ] 127.0.0.1 /Public/uploads/2017-09-18/59bf8f06ba5d5.jpg
INFO: [ app_init ] --START--
INFO: Run Behavior\BuildLiteBehavior [ RunTime:0.000011s ]
INFO: [ app_init ] --END-- [ RunTime:0.000094s ]
ERR: 无法加载模块:Public

[ 2017-09-18T17:28:08+08:00 ] 127.0.0.1 /Public/uploads/2017-09-18/59bf810362fd9.png
INFO: [ app_init ] --START--
INFO: Run Behavior\BuildLiteBehavior [ RunTime:0.000011s ]
INFO: [ app_init ] --END-- [ RunTime:0.000086s ]
ERR: 无法加载模块:Public

[ 2017-09-18T17:28:08+08:00 ] 127.0.0.1 /Public/uploads/2017-09-18/59bf8a65ce5f6.jpg
INFO: [ app_init ] --START--
INFO: Run Behavior\BuildLiteBehavior [ RunTime:0.000010s ]
INFO: [ app_init ] --END-- [ RunTime:0.000077s ]
ERR: 无法加载模块:Public

[ 2017-09-18T17:28:08+08:00 ] 127.0.0.1 /Public/uploads/2017-09-18/59bf83d20b84c.jpg
INFO: [ app_init ] --START--
INFO: Run Behavior\BuildLiteBehavior [ RunTime:0.000010s ]
INFO: [ app_init ] --END-- [ RunTime:0.000094s ]
ERR: 无法加载模块:Public

[ 2017-09-18T17:41:42+08:00 ] 127.0.0.1 /Public/uploads/2017-09-18/59bf8a65ce5f6.jpg
INFO: [ app_init ] --START--
INFO: Run Behavior\BuildLiteBehavior [ RunTime:0.000008s ]
INFO: [ app_init ] --END-- [ RunTime:0.000075s ]
ERR: 无法加载模块:Public

[ 2017-09-18T17:56:33+08:00 ] 127.0.0.1 /Public/uploads/2017-09-18/59bf8a65ce5f6.jpg
INFO: [ app_init ] --START--
INFO: Run Behavior\BuildLiteBehavior [ RunTime:0.000009s ]
INFO: [ app_init ] --END-- [ RunTime:0.000078s ]
ERR: 无法加载模块:Public

[ 2017-09-18T17:56:35+08:00 ] 127.0.0.1 /ueditor/php/upload/image/20170918/1505722492915876.png
INFO: [ app_init ] --START--
INFO: Run Behavior\BuildLiteBehavior [ RunTime:0.000010s ]
INFO: [ app_init ] --END-- [ RunTime:0.000086s ]
ERR: 无法加载模块:Ueditor

[ 2017-09-18T17:56:35+08:00 ] 127.0.0.1 /ueditor/php/upload/image/20170918/1505722739996451.png
INFO: [ app_init ] --START--
INFO: Run Behavior\BuildLiteBehavior [ RunTime:0.000010s ]
INFO: [ app_init ] --END-- [ RunTime:0.000076s ]
ERR: 无法加载模块:Ueditor

[ 2017-09-18T17:56:35+08:00 ] 127.0.0.1 /ueditor/php/upload/image/20170918/1505722517610050.png
INFO: [ app_init ] --START--
INFO: Run Behavior\BuildLiteBehavior [ RunTime:0.000011s ]
INFO: [ app_init ] --END-- [ RunTime:0.000094s ]
ERR: 无法加载模块:Ueditor

[ 2017-09-18T17:56:35+08:00 ] 127.0.0.1 /ueditor/php/upload/image/20170918/1505722680299971.png
INFO: [ app_init ] --START--
INFO: Run Behavior\BuildLiteBehavior [ RunTime:0.000009s ]
INFO: [ app_init ] --END-- [ RunTime:0.000071s ]
ERR: 无法加载模块:Ueditor

[ 2017-09-18T17:56:35+08:00 ] 127.0.0.1 /ueditor/php/upload/image/20170918/1505722774275629.png
INFO: [ app_init ] --START--
INFO: Run Behavior\BuildLiteBehavior [ RunTime:0.000010s ]
INFO: [ app_init ] --END-- [ RunTime:0.000077s ]
ERR: 无法加载模块:Ueditor

[ 2017-09-18T17:56:35+08:00 ] 127.0.0.1 /ueditor/php/upload/image/20170918/1505722641712365.png
INFO: [ app_init ] --START--
INFO: Run Behavior\BuildLiteBehavior [ RunTime:0.000009s ]
INFO: [ app_init ] --END-- [ RunTime:0.000101s ]
ERR: 无法加载模块:Ueditor

[ 2017-09-18T17:56:35+08:00 ] 127.0.0.1 /ueditor/php/upload/image/20170918/1505723672454523.jpg
INFO: [ app_init ] --START--
INFO: Run Behavior\BuildLiteBehavior [ RunTime:0.000011s ]
INFO: [ app_init ] --END-- [ RunTime:0.000088s ]
ERR: 无法加载模块:Ueditor

[ 2017-09-18T17:56:36+08:00 ] 127.0.0.1 /ueditor/php/upload/image/20170918/1505724113576459.jpg
INFO: [ app_init ] --START--
INFO: Run Behavior\BuildLiteBehavior [ RunTime:0.000012s ]
INFO: [ app_init ] --END-- [ RunTime:0.000081s ]
ERR: 无法加载模块:Ueditor

[ 2017-09-18T17:56:39+08:00 ] 127.0.0.1 /ueditor/php/upload/image/20170918/1505722492915876.png
INFO: [ app_init ] --START--
INFO: Run Behavior\BuildLiteBehavior [ RunTime:0.000010s ]
INFO: [ app_init ] --END-- [ RunTime:0.000088s ]
ERR: 无法加载模块:Ueditor

[ 2017-09-18T17:56:39+08:00 ] 127.0.0.1 /ueditor/php/upload/image/20170918/1505722680299971.png
INFO: [ app_init ] --START--
INFO: Run Behavior\BuildLiteBehavior [ RunTime:0.000013s ]
INFO: [ app_init ] --END-- [ RunTime:0.000097s ]
ERR: 无法加载模块:Ueditor

[ 2017-09-18T17:56:39+08:00 ] 127.0.0.1 /ueditor/php/upload/image/20170918/1505722739996451.png
INFO: [ app_init ] --START--
INFO: Run Behavior\BuildLiteBehavior [ RunTime:0.000011s ]
INFO: [ app_init ] --END-- [ RunTime:0.000091s ]
ERR: 无法加载模块:Ueditor

[ 2017-09-18T17:56:40+08:00 ] 127.0.0.1 /ueditor/php/upload/image/20170918/1505722641712365.png
INFO: [ app_init ] --START--
INFO: Run Behavior\BuildLiteBehavior [ RunTime:0.000010s ]
INFO: [ app_init ] --END-- [ RunTime:0.000076s ]
ERR: 无法加载模块:Ueditor

[ 2017-09-18T17:56:40+08:00 ] 127.0.0.1 /ueditor/php/upload/image/20170918/1505723672454523.jpg
INFO: [ app_init ] --START--
INFO: Run Behavior\BuildLiteBehavior [ RunTime:0.000011s ]
INFO: [ app_init ] --END-- [ RunTime:0.000116s ]
ERR: 无法加载模块:Ueditor

[ 2017-09-18T17:56:40+08:00 ] 127.0.0.1 /ueditor/php/upload/image/20170918/1505722774275629.png
INFO: [ app_init ] --START--
INFO: Run Behavior\BuildLiteBehavior [ RunTime:0.000010s ]
INFO: [ app_init ] --END-- [ RunTime:0.000089s ]
ERR: 无法加载模块:Ueditor

[ 2017-09-18T17:56:40+08:00 ] 127.0.0.1 /ueditor/php/upload/image/20170918/1505724113576459.jpg
INFO: [ app_init ] --START--
INFO: Run Behavior\BuildLiteBehavior [ RunTime:0.000009s ]
INFO: [ app_init ] --END-- [ RunTime:0.000082s ]
ERR: 无法加载模块:Ueditor

[ 2017-09-18T17:56:40+08:00 ] 127.0.0.1 /ueditor/php/upload/image/20170918/1505722517610050.png
INFO: [ app_init ] --START--
INFO: Run Behavior\BuildLiteBehavior [ RunTime:0.000016s ]
INFO: [ app_init ] --END-- [ RunTime:0.000126s ]
ERR: 无法加载模块:Ueditor

[ 2017-09-18T17:56:58+08:00 ] 127.0.0.1 /ueditor/php/upload/image/20170918/1505722774275629.png
INFO: [ app_init ] --START--
INFO: Run Behavior\BuildLiteBehavior [ RunTime:0.000010s ]
INFO: [ app_init ] --END-- [ RunTime:0.000076s ]
ERR: 无法加载模块:Ueditor

[ 2017-09-18T17:56:58+08:00 ] 127.0.0.1 /ueditor/php/upload/image/20170918/1505722739996451.png
INFO: [ app_init ] --START--
INFO: Run Behavior\BuildLiteBehavior [ RunTime:0.000008s ]
INFO: [ app_init ] --END-- [ RunTime:0.000060s ]
ERR: 无法加载模块:Ueditor

[ 2017-09-18T17:56:58+08:00 ] 127.0.0.1 /ueditor/php/upload/image/20170918/1505722641712365.png
INFO: [ app_init ] --START--
INFO: Run Behavior\BuildLiteBehavior [ RunTime:0.000008s ]
INFO: [ app_init ] --END-- [ RunTime:0.000066s ]
ERR: 无法加载模块:Ueditor

[ 2017-09-18T17:56:58+08:00 ] 127.0.0.1 /ueditor/php/upload/image/20170918/1505722517610050.png
INFO: [ app_init ] --START--
INFO: Run Behavior\BuildLiteBehavior [ RunTime:0.000013s ]
INFO: [ app_init ] --END-- [ RunTime:0.000215s ]
ERR: 无法加载模块:Ueditor

[ 2017-09-18T17:56:58+08:00 ] 127.0.0.1 /ueditor/php/upload/image/20170918/1505722492915876.png
INFO: [ app_init ] --START--
INFO: Run Behavior\BuildLiteBehavior [ RunTime:0.000010s ]
INFO: [ app_init ] --END-- [ RunTime:0.000085s ]
ERR: 无法加载模块:Ueditor

[ 2017-09-18T17:56:58+08:00 ] 127.0.0.1 /ueditor/php/upload/image/20170918/1505722680299971.png
INFO: [ app_init ] --START--
INFO: Run Behavior\BuildLiteBehavior [ RunTime:0.000010s ]
INFO: [ app_init ] --END-- [ RunTime:0.000083s ]
ERR: 无法加载模块:Ueditor

[ 2017-09-18T17:56:58+08:00 ] 127.0.0.1 /ueditor/php/upload/image/20170918/1505723672454523.jpg
INFO: [ app_init ] --START--
INFO: Run Behavior\BuildLiteBehavior [ RunTime:0.000009s ]
INFO: [ app_init ] --END-- [ RunTime:0.000069s ]
ERR: 无法加载模块:Ueditor

[ 2017-09-18T17:56:58+08:00 ] 127.0.0.1 /ueditor/php/upload/image/20170918/1505724113576459.jpg
INFO: [ app_init ] --START--
INFO: Run Behavior\BuildLiteBehavior [ RunTime:0.000014s ]
INFO: [ app_init ] --END-- [ RunTime:0.000105s ]
ERR: 无法加载模块:Ueditor

[ 2017-09-18T17:57:58+08:00 ] 127.0.0.1 /ueditor/php/upload/image/20170918/1505722641712365.png
INFO: [ app_init ] --START--
INFO: Run Behavior\BuildLiteBehavior [ RunTime:0.000010s ]
INFO: [ app_init ] --END-- [ RunTime:0.000072s ]
ERR: 无法加载模块:Ueditor

[ 2017-09-18T17:57:58+08:00 ] 127.0.0.1 /ueditor/php/upload/image/20170918/1505722492915876.png
INFO: [ app_init ] --START--
INFO: Run Behavior\BuildLiteBehavior [ RunTime:0.000010s ]
INFO: [ app_init ] --END-- [ RunTime:0.000082s ]
ERR: 无法加载模块:Ueditor

[ 2017-09-18T17:57:58+08:00 ] 127.0.0.1 /ueditor/php/upload/image/20170918/1505722739996451.png
INFO: [ app_init ] --START--
INFO: Run Behavior\BuildLiteBehavior [ RunTime:0.000009s ]
INFO: [ app_init ] --END-- [ RunTime:0.000076s ]
ERR: 无法加载模块:Ueditor

[ 2017-09-18T17:57:58+08:00 ] 127.0.0.1 /ueditor/php/upload/image/20170918/1505722517610050.png
INFO: [ app_init ] --START--
INFO: Run Behavior\BuildLiteBehavior [ RunTime:0.000044s ]
INFO: [ app_init ] --END-- [ RunTime:0.000176s ]
ERR: 无法加载模块:Ueditor

[ 2017-09-18T17:57:58+08:00 ] 127.0.0.1 /ueditor/php/upload/image/20170918/1505723672454523.jpg
INFO: [ app_init ] --START--
INFO: Run Behavior\BuildLiteBehavior [ RunTime:0.000009s ]
INFO: [ app_init ] --END-- [ RunTime:0.000072s ]
ERR: 无法加载模块:Ueditor

[ 2017-09-18T17:57:58+08:00 ] 127.0.0.1 /ueditor/php/upload/image/20170918/1505722774275629.png
INFO: [ app_init ] --START--
INFO: Run Behavior\BuildLiteBehavior [ RunTime:0.000008s ]
INFO: [ app_init ] --END-- [ RunTime:0.000058s ]
ERR: 无法加载模块:Ueditor

[ 2017-09-18T17:57:58+08:00 ] 127.0.0.1 /ueditor/php/upload/image/20170918/1505724113576459.jpg
INFO: [ app_init ] --START--
INFO: Run Behavior\BuildLiteBehavior [ RunTime:0.000011s ]
INFO: [ app_init ] --END-- [ RunTime:0.000098s ]
ERR: 无法加载模块:Ueditor

[ 2017-09-18T17:57:58+08:00 ] 127.0.0.1 /ueditor/php/upload/image/20170918/1505722680299971.png
INFO: [ app_init ] --START--
INFO: Run Behavior\BuildLiteBehavior [ RunTime:0.000017s ]
INFO: [ app_init ] --END-- [ RunTime:0.000128s ]
ERR: 无法加载模块:Ueditor

[ 2017-09-18T17:58:38+08:00 ] 127.0.0.1 /ueditor/php/upload/image/20170918/1505722739996451.png
INFO: [ app_init ] --START--
INFO: Run Behavior\BuildLiteBehavior [ RunTime:0.000010s ]
INFO: [ app_init ] --END-- [ RunTime:0.000087s ]
ERR: 无法加载模块:Ueditor

[ 2017-09-18T17:58:38+08:00 ] 127.0.0.1 /ueditor/php/upload/image/20170918/1505722517610050.png
INFO: [ app_init ] --START--
INFO: Run Behavior\BuildLiteBehavior [ RunTime:0.000010s ]
INFO: [ app_init ] --END-- [ RunTime:0.000086s ]
ERR: 无法加载模块:Ueditor

[ 2017-09-18T17:58:38+08:00 ] 127.0.0.1 /ueditor/php/upload/image/20170918/1505722641712365.png
INFO: [ app_init ] --START--
INFO: Run Behavior\BuildLiteBehavior [ RunTime:0.000008s ]
INFO: [ app_init ] --END-- [ RunTime:0.000075s ]
ERR: 无法加载模块:Ueditor

[ 2017-09-18T17:58:38+08:00 ] 127.0.0.1 /ueditor/php/upload/image/20170918/1505722774275629.png
INFO: [ app_init ] --START--
INFO: Run Behavior\BuildLiteBehavior [ RunTime:0.000008s ]
INFO: [ app_init ] --END-- [ RunTime:0.000061s ]
ERR: 无法加载模块:Ueditor

[ 2017-09-18T17:58:38+08:00 ] 127.0.0.1 /ueditor/php/upload/image/20170918/1505722680299971.png
INFO: [ app_init ] --START--
INFO: Run Behavior\BuildLiteBehavior [ RunTime:0.000009s ]
INFO: [ app_init ] --END-- [ RunTime:0.000080s ]
ERR: 无法加载模块:Ueditor

[ 2017-09-18T17:58:38+08:00 ] 127.0.0.1 /ueditor/php/upload/image/20170918/1505722492915876.png
INFO: [ app_init ] --START--
INFO: Run Behavior\BuildLiteBehavior [ RunTime:0.000008s ]
INFO: [ app_init ] --END-- [ RunTime:0.000062s ]
ERR: 无法加载模块:Ueditor

[ 2017-09-18T17:58:39+08:00 ] 127.0.0.1 /ueditor/php/upload/image/20170918/1505723672454523.jpg
INFO: [ app_init ] --START--
INFO: Run Behavior\BuildLiteBehavior [ RunTime:0.000010s ]
INFO: [ app_init ] --END-- [ RunTime:0.000076s ]
ERR: 无法加载模块:Ueditor

[ 2017-09-18T17:58:39+08:00 ] 127.0.0.1 /ueditor/php/upload/image/20170918/1505724113576459.jpg
INFO: [ app_init ] --START--
INFO: Run Behavior\BuildLiteBehavior [ RunTime:0.000010s ]
INFO: [ app_init ] --END-- [ RunTime:0.000133s ]
ERR: 无法加载模块:Ueditor

[ 2017-09-18T18:02:27+08:00 ] 127.0.0.1 /Public/uploads/2017-09-18/59bf8a65ce5f6.jpg
INFO: [ app_init ] --START--
INFO: Run Behavior\BuildLiteBehavior [ RunTime:0.000010s ]
INFO: [ app_init ] --END-- [ RunTime:0.000092s ]
ERR: 无法加载模块:Public

[ 2017-09-18T18:02:29+08:00 ] 127.0.0.1 /ueditor/php/upload/image/20170918/1505722492915876.png
INFO: [ app_init ] --START--
INFO: Run Behavior\BuildLiteBehavior [ RunTime:0.000012s ]
INFO: [ app_init ] --END-- [ RunTime:0.000100s ]
ERR: 无法加载模块:Ueditor

[ 2017-09-18T18:02:29+08:00 ] 127.0.0.1 /ueditor/php/upload/image/20170918/1505722517610050.png
INFO: [ app_init ] --START--
INFO: Run Behavior\BuildLiteBehavior [ RunTime:0.000013s ]
INFO: [ app_init ] --END-- [ RunTime:0.000109s ]
ERR: 无法加载模块:Ueditor

[ 2017-09-18T18:02:29+08:00 ] 127.0.0.1 /ueditor/php/upload/image/20170918/1505722680299971.png
INFO: [ app_init ] --START--
INFO: Run Behavior\BuildLiteBehavior [ RunTime:0.000010s ]
INFO: [ app_init ] --END-- [ RunTime:0.000085s ]
ERR: 无法加载模块:Ueditor

[ 2017-09-18T18:02:29+08:00 ] 127.0.0.1 /ueditor/php/upload/image/20170918/1505722739996451.png
INFO: [ app_init ] --START--
INFO: Run Behavior\BuildLiteBehavior [ RunTime:0.000016s ]
INFO: [ app_init ] --END-- [ RunTime:0.000138s ]
ERR: 无法加载模块:Ueditor

[ 2017-09-18T18:02:29+08:00 ] 127.0.0.1 /ueditor/php/upload/image/20170918/1505722641712365.png
INFO: [ app_init ] --START--
INFO: Run Behavior\BuildLiteBehavior [ RunTime:0.000014s ]
INFO: [ app_init ] --END-- [ RunTime:0.000238s ]
ERR: 无法加载模块:Ueditor

[ 2017-09-18T18:02:29+08:00 ] 127.0.0.1 /ueditor/php/upload/image/20170918/1505722774275629.png
INFO: [ app_init ] --START--
INFO: Run Behavior\BuildLiteBehavior [ RunTime:0.000009s ]
INFO: [ app_init ] --END-- [ RunTime:0.000080s ]
ERR: 无法加载模块:Ueditor

[ 2017-09-18T18:02:29+08:00 ] 127.0.0.1 /ueditor/php/upload/image/20170918/1505723672454523.jpg
INFO: [ app_init ] --START--
INFO: Run Behavior\BuildLiteBehavior [ RunTime:0.000021s ]
INFO: [ app_init ] --END-- [ RunTime:0.000112s ]
ERR: 无法加载模块:Ueditor

[ 2017-09-18T18:02:29+08:00 ] 127.0.0.1 /ueditor/php/upload/image/20170918/1505724113576459.jpg
INFO: [ app_init ] --START--
INFO: Run Behavior\BuildLiteBehavior [ RunTime:0.000012s ]
INFO: [ app_init ] --END-- [ RunTime:0.000104s ]
ERR: 无法加载模块:Ueditor

[ 2017-09-18T18:18:18+08:00 ] 127.0.0.1 /Public/uploads/2017-09-18/59bf8a65ce5f6.jpg
INFO: [ app_init ] --START--
INFO: Run Behavior\BuildLiteBehavior [ RunTime:0.000010s ]
INFO: [ app_init ] --END-- [ RunTime:0.000084s ]
ERR: 无法加载模块:Public

[ 2017-09-18T18:18:20+08:00 ] 127.0.0.1 /Public/uploads/2017-09-18/59bf8a65ce5f6.jpg
INFO: [ app_init ] --START--
INFO: Run Behavior\BuildLiteBehavior [ RunTime:0.000011s ]
INFO: [ app_init ] --END-- [ RunTime:0.000120s ]
ERR: 无法加载模块:Public

[ 2017-09-18T18:18:41+08:00 ] 127.0.0.1 /Public/uploads/2017-09-18/59bf8a65ce5f6.jpg
INFO: [ app_init ] --START--
INFO: Run Behavior\BuildLiteBehavior [ RunTime:0.000009s ]
INFO: [ app_init ] --END-- [ RunTime:0.000073s ]
ERR: 无法加载模块:Public

[ 2017-09-18T18:18:46+08:00 ] 127.0.0.1 /Public/uploads/2017-09-18/59bf8a65ce5f6.jpg
INFO: [ app_init ] --START--
INFO: Run Behavior\BuildLiteBehavior [ RunTime:0.000010s ]
INFO: [ app_init ] --END-- [ RunTime:0.000090s ]
ERR: 无法加载模块:Public

[ 2017-09-18T18:18:47+08:00 ] 127.0.0.1 /Public/uploads/2017-09-18/59bf8a65ce5f6.jpg
INFO: [ app_init ] --START--
INFO: Run Behavior\BuildLiteBehavior [ RunTime:0.000012s ]
INFO: [ app_init ] --END-- [ RunTime:0.000097s ]
ERR: 无法加载模块:Public

[ 2017-09-18T18:18:52+08:00 ] 127.0.0.1 /Public/uploads/2017-09-18/59bf8a65ce5f6.jpg
INFO: [ app_init ] --START--
INFO: Run Behavior\BuildLiteBehavior [ RunTime:0.000011s ]
INFO: [ app_init ] --END-- [ RunTime:0.000093s ]
ERR: 无法加载模块:Public

[ 2017-09-18T18:18:53+08:00 ] 127.0.0.1 /Public/uploads/2017-09-18/59bf8a65ce5f6.jpg
INFO: [ app_init ] --START--
INFO: Run Behavior\BuildLiteBehavior [ RunTime:0.000013s ]
INFO: [ app_init ] --END-- [ RunTime:0.000874s ]
ERR: 无法加载模块:Public

[ 2017-09-18T18:19:55+08:00 ] 127.0.0.1 /Public/uploads/2017-09-18/59bf8a65ce5f6.jpg
INFO: [ app_init ] --START--
INFO: Run Behavior\BuildLiteBehavior [ RunTime:0.000011s ]
INFO: [ app_init ] --END-- [ RunTime:0.000104s ]
ERR: 无法加载模块:Public

[ 2017-09-18T18:19:57+08:00 ] 127.0.0.1 /Public/uploads/2017-09-18/59bf8a65ce5f6.jpg
INFO: [ app_init ] --START--
INFO: Run Behavior\BuildLiteBehavior [ RunTime:0.000011s ]
INFO: [ app_init ] --END-- [ RunTime:0.000094s ]
ERR: 无法加载模块:Public

[ 2017-09-18T18:20:27+08:00 ] 127.0.0.1 /ueditor/php/upload/image/20170918/1505729431961688.jpg
INFO: [ app_init ] --START--
INFO: Run Behavior\BuildLiteBehavior [ RunTime:0.000010s ]
INFO: [ app_init ] --END-- [ RunTime:0.000078s ]
ERR: 无法加载模块:Ueditor

[ 2017-09-18T18:20:49+08:00 ] 127.0.0.1 /ueditor/php/upload/image/20170918/1505729431961688.jpg
INFO: [ app_init ] --START--
INFO: Run Behavior\BuildLiteBehavior [ RunTime:0.000009s ]
INFO: [ app_init ] --END-- [ RunTime:0.000076s ]
ERR: 无法加载模块:Ueditor

[ 2017-09-18T18:44:43+08:00 ] 127.0.0.1 /Public/uploads/2017-09-18/59bfa2460ba84.jpg
INFO: [ app_init ] --START--
INFO: Run Behavior\BuildLiteBehavior [ RunTime:0.000007s ]
INFO: [ app_init ] --END-- [ RunTime:0.000061s ]
ERR: 无法加载模块:Public

[ 2017-09-18T18:44:46+08:00 ] 127.0.0.1 /ueditor/php/upload/image/20170918/1505729083861357.jpg
INFO: [ app_init ] --START--
INFO: Run Behavior\BuildLiteBehavior [ RunTime:0.000012s ]
INFO: [ app_init ] --END-- [ RunTime:0.000093s ]
ERR: 无法加载模块:Ueditor

[ 2017-09-18T18:48:57+08:00 ] 127.0.0.1 /ueditor/php/upload/image/20170918/1505729083861357.jpg
INFO: [ app_init ] --START--
INFO: Run Behavior\BuildLiteBehavior [ RunTime:0.000009s ]
INFO: [ app_init ] --END-- [ RunTime:0.000081s ]
ERR: 无法加载模块:Ueditor

[ 2017-09-18T18:50:08+08:00 ] 127.0.0.1 /ueditor/php/upload/image/20170918/1505729083861357.jpg
INFO: [ app_init ] --START--
INFO: Run Behavior\BuildLiteBehavior [ RunTime:0.000009s ]
INFO: [ app_init ] --END-- [ RunTime:0.000083s ]
ERR: 无法加载模块:Ueditor

[ 2017-09-18T18:50:19+08:00 ] 127.0.0.1 /ueditor/php/upload/image/20170918/1505729083861357.jpg
INFO: [ app_init ] --START--
INFO: Run Behavior\BuildLiteBehavior [ RunTime:0.000009s ]
INFO: [ app_init ] --END-- [ RunTime:0.000384s ]
ERR: 无法加载模块:Ueditor

[ 2017-09-18T18:50:25+08:00 ] 127.0.0.1 /ueditor/php/upload/image/20170918/1505729083861357.jpg
INFO: [ app_init ] --START--
INFO: Run Behavior\BuildLiteBehavior [ RunTime:0.000012s ]
INFO: [ app_init ] --END-- [ RunTime:0.000093s ]
ERR: 无法加载模块:Ueditor

[ 2017-09-18T18:50:33+08:00 ] 127.0.0.1 /ueditor/php/upload/image/20170918/1505729083861357.jpg
INFO: [ app_init ] --START--
INFO: Run Behavior\BuildLiteBehavior [ RunTime:0.000011s ]
INFO: [ app_init ] --END-- [ RunTime:0.000090s ]
ERR: 无法加载模块:Ueditor

[ 2017-09-18T18:51:15+08:00 ] 127.0.0.1 /ueditor/php/upload/image/20170918/1505729083861357.jpg
INFO: [ app_init ] --START--
INFO: Run Behavior\BuildLiteBehavior [ RunTime:0.000009s ]
INFO: [ app_init ] --END-- [ RunTime:0.000086s ]
ERR: 无法加载模块:Ueditor

[ 2017-09-18T18:55:26+08:00 ] 127.0.0.1 /Public/uploads/2017-09-18/59bfa2460ba84.jpg
INFO: [ app_init ] --START--
INFO: Run Behavior\BuildLiteBehavior [ RunTime:0.000009s ]
INFO: [ app_init ] --END-- [ RunTime:0.000084s ]
ERR: 无法加载模块:Public

[ 2017-09-18T18:55:50+08:00 ] 127.0.0.1 /ueditor/php/upload/image/20170918/1505729431961688.jpg
INFO: [ app_init ] --START--
INFO: Run Behavior\BuildLiteBehavior [ RunTime:0.000010s ]
INFO: [ app_init ] --END-- [ RunTime:0.000090s ]
ERR: 无法加载模块:Ueditor

