[ 2017-09-28T09:28:03+08:00 ] 127.0.0.1 /Public/uploads/2017-09-27/59cb48d95c8f3.jpg
INFO: [ app_init ] --START--
INFO: Run Behavior\BuildLiteBehavior [ RunTime:0.000009s ]
INFO: [ app_init ] --END-- [ RunTime:0.000087s ]
ERR: 无法加载模块:Public

[ 2017-09-28T09:28:03+08:00 ] 127.0.0.1 /Public/uploads/2017-09-27/59cb48e131df8.jpg
INFO: [ app_init ] --START--
INFO: Run Behavior\BuildLiteBehavior [ RunTime:0.000012s ]
INFO: [ app_init ] --END-- [ RunTime:0.000098s ]
ERR: 无法加载模块:Public

[ 2017-09-28T09:28:04+08:00 ] 127.0.0.1 /Public/uploads/2017-09-27/59cb48ec65ee7.jpg
INFO: [ app_init ] --START--
INFO: Run Behavior\BuildLiteBehavior [ RunTime:0.000009s ]
INFO: [ app_init ] --END-- [ RunTime:0.000076s ]
ERR: 无法加载模块:Public

[ 2017-09-28T09:28:04+08:00 ] 127.0.0.1 /Public/uploads/2017-09-27/59cb4903ce1e2.jpg
INFO: [ app_init ] --START--
INFO: Run Behavior\BuildLiteBehavior [ RunTime:0.000013s ]
INFO: [ app_init ] --END-- [ RunTime:0.000113s ]
ERR: 无法加载模块:Public

[ 2017-09-28T09:28:04+08:00 ] 127.0.0.1 /Public/uploads/2017-09-27/59cb490d14c97.jpg
INFO: [ app_init ] --START--
INFO: Run Behavior\BuildLiteBehavior [ RunTime:0.000007s ]
INFO: [ app_init ] --END-- [ RunTime:0.000061s ]
ERR: 无法加载模块:Public

[ 2017-09-28T09:28:04+08:00 ] 127.0.0.1 /Public/uploads/2017-09-27/59cb48facf2a4.jpg
INFO: [ app_init ] --START--
INFO: Run Behavior\BuildLiteBehavior [ RunTime:0.000010s ]
INFO: [ app_init ] --END-- [ RunTime:0.000082s ]
ERR: 无法加载模块:Public

[ 2017-09-28T09:28:04+08:00 ] 127.0.0.1 /Public/uploads/2017-09-27/59cb48f366ffa.jpg
INFO: [ app_init ] --START--
INFO: Run Behavior\BuildLiteBehavior [ RunTime:0.000011s ]
INFO: [ app_init ] --END-- [ RunTime:0.000165s ]
ERR: 无法加载模块:Public

[ 2017-09-28T09:28:04+08:00 ] 127.0.0.1 /Public/uploads/2017-09-27/59cb48d95c8f3.jpg
INFO: [ app_init ] --START--
INFO: Run Behavior\BuildLiteBehavior [ RunTime:0.000022s ]
INFO: [ app_init ] --END-- [ RunTime:0.000134s ]
ERR: 无法加载模块:Public

