[ 2017-09-20T09:48:27+08:00 ] 127.0.0.1 /Public/uploads/2017-09-18/59bf8a65ce5f6.jpg
INFO: [ app_init ] --START--
INFO: Run Behavior\BuildLiteBehavior [ RunTime:0.000010s ]
INFO: [ app_init ] --END-- [ RunTime:0.000083s ]
ERR: 无法加载模块:Public

[ 2017-09-20T09:48:30+08:00 ] 127.0.0.1 /Public/uploads/2017-09-19/59c0d1c5f1d66.jpg
INFO: [ app_init ] --START--
INFO: Run Behavior\BuildLiteBehavior [ RunTime:0.000010s ]
INFO: [ app_init ] --END-- [ RunTime:0.000081s ]
ERR: 无法加载模块:Public

[ 2017-09-20T09:51:03+08:00 ] 127.0.0.1 /Public/uploads/2017-09-18/59bf8a65ce5f6.jpg
INFO: [ app_init ] --START--
INFO: Run Behavior\BuildLiteBehavior [ RunTime:0.000008s ]
INFO: [ app_init ] --END-- [ RunTime:0.000056s ]
ERR: 无法加载模块:Public

[ 2017-09-20T09:51:04+08:00 ] 127.0.0.1 /Public/uploads/2017-09-19/59c0d1c5f1d66.jpg
INFO: [ app_init ] --START--
INFO: Run Behavior\BuildLiteBehavior [ RunTime:0.000027s ]
INFO: [ app_init ] --END-- [ RunTime:0.000119s ]
ERR: 无法加载模块:Public

[ 2017-09-20T09:51:09+08:00 ] 127.0.0.1 /Public/uploads/2017-09-18/59bf8a65ce5f6.jpg
INFO: [ app_init ] --START--
INFO: Run Behavior\BuildLiteBehavior [ RunTime:0.000007s ]
INFO: [ app_init ] --END-- [ RunTime:0.000053s ]
ERR: 无法加载模块:Public

[ 2017-09-20T10:11:27+08:00 ] 127.0.0.1 /Public/uploads/2017-09-18/59bf8a65ce5f6.jpg
INFO: [ app_init ] --START--
INFO: Run Behavior\BuildLiteBehavior [ RunTime:0.000011s ]
INFO: [ app_init ] --END-- [ RunTime:0.000101s ]
ERR: 无法加载模块:Public

[ 2017-09-20T10:15:13+08:00 ] 127.0.0.1 /Public/uploads/2017-09-18/59bf8a65ce5f6.jpg
INFO: [ app_init ] --START--
INFO: Run Behavior\BuildLiteBehavior [ RunTime:0.000011s ]
INFO: [ app_init ] --END-- [ RunTime:0.000081s ]
ERR: 无法加载模块:Public

[ 2017-09-20T10:15:14+08:00 ] 127.0.0.1 /Public/uploads/2017-09-18/59bf8a65ce5f6.jpg
INFO: [ app_init ] --START--
INFO: Run Behavior\BuildLiteBehavior [ RunTime:0.000012s ]
INFO: [ app_init ] --END-- [ RunTime:0.000095s ]
ERR: 无法加载模块:Public

[ 2017-09-20T10:15:15+08:00 ] 127.0.0.1 /Public/uploads/2017-09-19/59c0d1c5f1d66.jpg
INFO: [ app_init ] --START--
INFO: Run Behavior\BuildLiteBehavior [ RunTime:0.000013s ]
INFO: [ app_init ] --END-- [ RunTime:0.000101s ]
ERR: 无法加载模块:Public

[ 2017-09-20T10:15:17+08:00 ] 127.0.0.1 /Public/uploads/2017-09-18/59bf8a65ce5f6.jpg
INFO: [ app_init ] --START--
INFO: Run Behavior\BuildLiteBehavior [ RunTime:0.000009s ]
INFO: [ app_init ] --END-- [ RunTime:0.000081s ]
ERR: 无法加载模块:Public

[ 2017-09-20T10:15:24+08:00 ] 127.0.0.1 /Public/uploads/2017-09-18/59bf8a65ce5f6.jpg
INFO: [ app_init ] --START--
INFO: Run Behavior\BuildLiteBehavior [ RunTime:0.000012s ]
INFO: [ app_init ] --END-- [ RunTime:0.000089s ]
ERR: 无法加载模块:Public

[ 2017-09-20T11:46:43+08:00 ] 127.0.0.1 /Public/uploads/2017-09-19/59c0d1c5f1d66.jpg
INFO: [ app_init ] --START--
INFO: Run Behavior\BuildLiteBehavior [ RunTime:0.000010s ]
INFO: [ app_init ] --END-- [ RunTime:0.000083s ]
ERR: 无法加载模块:Public

[ 2017-09-20T11:47:19+08:00 ] 127.0.0.1 /Public/uploads/2017-09-19/59c0d1c5f1d66.jpg
INFO: [ app_init ] --START--
INFO: Run Behavior\BuildLiteBehavior [ RunTime:0.000009s ]
INFO: [ app_init ] --END-- [ RunTime:0.000077s ]
ERR: 无法加载模块:Public

[ 2017-09-20T19:02:30+08:00 ] 127.0.0.1 /Public/uploads/2017-09-19/59c0d1c5f1d66.jpg
INFO: [ app_init ] --START--
INFO: Run Behavior\BuildLiteBehavior [ RunTime:0.000011s ]
INFO: [ app_init ] --END-- [ RunTime:0.000093s ]
ERR: 无法加载模块:Public

[ 2017-09-20T19:10:38+08:00 ] 127.0.0.1 /ueditor/php/upload/image/20170920/1505905718102671.png
INFO: [ app_init ] --START--
INFO: Run Behavior\BuildLiteBehavior [ RunTime:0.000009s ]
INFO: [ app_init ] --END-- [ RunTime:0.000084s ]
ERR: 无法加载模块:Ueditor

[ 2017-09-20T19:10:39+08:00 ] 127.0.0.1 /ueditor/php/upload/image/20170920/1505905718102671.png
INFO: [ app_init ] --START--
INFO: Run Behavior\BuildLiteBehavior [ RunTime:0.000007s ]
INFO: [ app_init ] --END-- [ RunTime:0.000065s ]
ERR: 无法加载模块:Ueditor

[ 2017-09-20T19:11:02+08:00 ] 127.0.0.1 /Public/uploads/2017-09-19/59c0d1c5f1d66.jpg
INFO: [ app_init ] --START--
INFO: Run Behavior\BuildLiteBehavior [ RunTime:0.000010s ]
INFO: [ app_init ] --END-- [ RunTime:0.000078s ]
ERR: 无法加载模块:Public

[ 2017-09-20T19:11:03+08:00 ] 127.0.0.1 /ueditor/php/upload/image/20170920/1505905718102671.png
INFO: [ app_init ] --START--
INFO: Run Behavior\BuildLiteBehavior [ RunTime:0.000009s ]
INFO: [ app_init ] --END-- [ RunTime:0.000066s ]
ERR: 无法加载模块:Ueditor

[ 2017-09-20T19:11:12+08:00 ] 127.0.0.1 /Public/uploads/2017-09-19/59c0d1c5f1d66.jpg
INFO: [ app_init ] --START--
INFO: Run Behavior\BuildLiteBehavior [ RunTime:0.000007s ]
INFO: [ app_init ] --END-- [ RunTime:0.000058s ]
ERR: 无法加载模块:Public

[ 2017-09-20T19:17:19+08:00 ] 127.0.0.1 /Public/uploads/2017-09-19/59c0d1c5f1d66.jpg
INFO: [ app_init ] --START--
INFO: Run Behavior\BuildLiteBehavior [ RunTime:0.000007s ]
INFO: [ app_init ] --END-- [ RunTime:0.000056s ]
ERR: 无法加载模块:Public

[ 2017-09-20T19:27:33+08:00 ] 127.0.0.1 /Public/uploads/2017-09-19/59c0d1c5f1d66.jpg
INFO: [ app_init ] --START--
INFO: Run Behavior\BuildLiteBehavior [ RunTime:0.000010s ]
INFO: [ app_init ] --END-- [ RunTime:0.000085s ]
ERR: 无法加载模块:Public

[ 2017-09-20T19:27:35+08:00 ] 127.0.0.1 /Public/uploads/2017-09-19/59c0d1c5f1d66.jpg
INFO: [ app_init ] --START--
INFO: Run Behavior\BuildLiteBehavior [ RunTime:0.000011s ]
INFO: [ app_init ] --END-- [ RunTime:0.000093s ]
ERR: 无法加载模块:Public

[ 2017-09-20T20:24:46+08:00 ] 127.0.0.1 /Public/uploads/2017-09-19/59c0d1c5f1d66.jpg
INFO: [ app_init ] --START--
INFO: Run Behavior\BuildLiteBehavior [ RunTime:0.000011s ]
INFO: [ app_init ] --END-- [ RunTime:0.000237s ]
ERR: 无法加载模块:Public

[ 2017-09-20T20:26:10+08:00 ] 127.0.0.1 /Public/uploads/2017-09-19/59c0d1c5f1d66.jpg
INFO: [ app_init ] --START--
INFO: Run Behavior\BuildLiteBehavior [ RunTime:0.000010s ]
INFO: [ app_init ] --END-- [ RunTime:0.000084s ]
ERR: 无法加载模块:Public

[ 2017-09-20T20:26:12+08:00 ] 127.0.0.1 /Public/uploads/2017-09-19/59c0d1c5f1d66.jpg
INFO: [ app_init ] --START--
INFO: Run Behavior\BuildLiteBehavior [ RunTime:0.000013s ]
INFO: [ app_init ] --END-- [ RunTime:0.000103s ]
ERR: 无法加载模块:Public

[ 2017-09-20T20:26:14+08:00 ] 127.0.0.1 /Public/uploads/2017-09-19/59c0d1c5f1d66.jpg
INFO: [ app_init ] --START--
INFO: Run Behavior\BuildLiteBehavior [ RunTime:0.000011s ]
INFO: [ app_init ] --END-- [ RunTime:0.000126s ]
ERR: 无法加载模块:Public

[ 2017-09-20T20:26:32+08:00 ] 127.0.0.1 /Public/uploads/2017-09-19/59c0d1c5f1d66.jpg
INFO: [ app_init ] --START--
INFO: Run Behavior\BuildLiteBehavior [ RunTime:0.000155s ]
INFO: [ app_init ] --END-- [ RunTime:0.000256s ]
ERR: 无法加载模块:Public

