[ 2017-09-26T09:03:53+08:00 ] 127.0.0.1 /Public/uploads/2017-09-23/59c615370d68d.jpg
INFO: [ app_init ] --START--
INFO: Run Behavior\BuildLiteBehavior [ RunTime:0.000010s ]
INFO: [ app_init ] --END-- [ RunTime:0.000091s ]
ERR: 无法加载模块:Public

[ 2017-09-26T09:03:53+08:00 ] 127.0.0.1 /Public/uploads/2017-09-23/59c615370d68d.jpg
INFO: [ app_init ] --START--
INFO: Run Behavior\BuildLiteBehavior [ RunTime:0.000011s ]
INFO: [ app_init ] --END-- [ RunTime:0.000099s ]
ERR: 无法加载模块:Public

[ 2017-09-26T09:46:03+08:00 ] 127.0.0.1 /Public/uploads/2017-09-23/59c615370d68d.jpg
INFO: [ app_init ] --START--
INFO: Run Behavior\BuildLiteBehavior [ RunTime:0.000008s ]
INFO: [ app_init ] --END-- [ RunTime:0.000058s ]
ERR: 无法加载模块:Public

[ 2017-09-26T11:24:00+08:00 ] 127.0.0.1 /Public/uploads/2017-09-23/59c615370d68d.jpg
INFO: [ app_init ] --START--
INFO: Run Behavior\BuildLiteBehavior [ RunTime:0.000011s ]
INFO: [ app_init ] --END-- [ RunTime:0.000105s ]
ERR: 无法加载模块:Public

[ 2017-09-26T11:24:12+08:00 ] 127.0.0.1 /Public/uploads/2017-09-23/59c615370d68d.jpg
INFO: [ app_init ] --START--
INFO: Run Behavior\BuildLiteBehavior [ RunTime:0.000009s ]
INFO: [ app_init ] --END-- [ RunTime:0.000077s ]
ERR: 无法加载模块:Public

[ 2017-09-26T11:24:12+08:00 ] 127.0.0.1 /Public/uploads/2017-09-23/59c615370d68d.jpg
INFO: [ app_init ] --START--
INFO: Run Behavior\BuildLiteBehavior [ RunTime:0.000150s ]
INFO: [ app_init ] --END-- [ RunTime:0.002672s ]
ERR: 无法加载模块:Public

[ 2017-09-26T14:21:11+08:00 ] 127.0.0.1 /Public/uploads/2017-09-18/59bf8a65ce5f6.jpg
INFO: [ app_init ] --START--
INFO: Run Behavior\BuildLiteBehavior [ RunTime:0.000007s ]
INFO: [ app_init ] --END-- [ RunTime:0.000063s ]
ERR: 无法加载模块:Public

[ 2017-09-26T14:21:12+08:00 ] 127.0.0.1 /Public/uploads/2017-09-21/59c325c3d6060.jpg
INFO: [ app_init ] --START--
INFO: Run Behavior\BuildLiteBehavior [ RunTime:0.000008s ]
INFO: [ app_init ] --END-- [ RunTime:0.000065s ]
ERR: 无法加载模块:Public

[ 2017-09-26T14:52:27+08:00 ] 127.0.0.1 /Public/uploads/2017-09-21/59c325c3d6060.jpg
INFO: [ app_init ] --START--
INFO: Run Behavior\BuildLiteBehavior [ RunTime:0.000013s ]
INFO: [ app_init ] --END-- [ RunTime:0.000108s ]
ERR: 无法加载模块:Public

[ 2017-09-26T15:37:09+08:00 ] 127.0.0.1 /Public/uploads/2017-09-18/59bf8a65ce5f6.jpg
INFO: [ app_init ] --START--
INFO: Run Behavior\BuildLiteBehavior [ RunTime:0.000010s ]
INFO: [ app_init ] --END-- [ RunTime:0.000082s ]
ERR: 无法加载模块:Public

[ 2017-09-26T15:37:13+08:00 ] 127.0.0.1 /Public/uploads/2017-09-21/59c325c3d6060.jpg
INFO: [ app_init ] --START--
INFO: Run Behavior\BuildLiteBehavior [ RunTime:0.000006s ]
INFO: [ app_init ] --END-- [ RunTime:0.000058s ]
ERR: 无法加载模块:Public

[ 2017-09-26T16:53:58+08:00 ] 127.0.0.1 /Public/uploads/2017-09-19/59c0d1c5f1d66.jpg
INFO: [ app_init ] --START--
INFO: Run Behavior\BuildLiteBehavior [ RunTime:0.000009s ]
INFO: [ app_init ] --END-- [ RunTime:0.000077s ]
ERR: 无法加载模块:Public

[ 2017-09-26T16:53:59+08:00 ] 127.0.0.1 /Public/uploads/2017-09-19/59c0d1c5f1d66.jpg
INFO: [ app_init ] --START--
INFO: Run Behavior\BuildLiteBehavior [ RunTime:0.000029s ]
INFO: [ app_init ] --END-- [ RunTime:0.000163s ]
ERR: 无法加载模块:Public

[ 2017-09-26T16:54:15+08:00 ] 127.0.0.1 /Public/uploads/2017-09-19/59c0d1c5f1d66.jpg
INFO: [ app_init ] --START--
INFO: Run Behavior\BuildLiteBehavior [ RunTime:0.000025s ]
INFO: [ app_init ] --END-- [ RunTime:0.000162s ]
ERR: 无法加载模块:Public

[ 2017-09-26T16:55:28+08:00 ] 127.0.0.1 /Public/uploads/2017-09-19/59c0d1c5f1d66.jpg
INFO: [ app_init ] --START--
INFO: Run Behavior\BuildLiteBehavior [ RunTime:0.000010s ]
INFO: [ app_init ] --END-- [ RunTime:0.000087s ]
ERR: 无法加载模块:Public

[ 2017-09-26T16:55:32+08:00 ] 127.0.0.1 /Public/uploads/2017-09-19/59c0d1c5f1d66.jpg
INFO: [ app_init ] --START--
INFO: Run Behavior\BuildLiteBehavior [ RunTime:0.000011s ]
INFO: [ app_init ] --END-- [ RunTime:0.000094s ]
ERR: 无法加载模块:Public

[ 2017-09-26T16:56:10+08:00 ] 127.0.0.1 /Public/uploads/2017-09-19/59c0d1c5f1d66.jpg
INFO: [ app_init ] --START--
INFO: Run Behavior\BuildLiteBehavior [ RunTime:0.000031s ]
INFO: [ app_init ] --END-- [ RunTime:0.000111s ]
ERR: 无法加载模块:Public

[ 2017-09-26T16:56:13+08:00 ] 127.0.0.1 /Public/uploads/2017-09-18/59bf8a65ce5f6.jpg
INFO: [ app_init ] --START--
INFO: Run Behavior\BuildLiteBehavior [ RunTime:0.000010s ]
INFO: [ app_init ] --END-- [ RunTime:0.000077s ]
ERR: 无法加载模块:Public

[ 2017-09-26T16:56:20+08:00 ] 127.0.0.1 /Public/uploads/2017-09-19/59c0d1c5f1d66.jpg
INFO: [ app_init ] --START--
INFO: Run Behavior\BuildLiteBehavior [ RunTime:0.000010s ]
INFO: [ app_init ] --END-- [ RunTime:0.000082s ]
ERR: 无法加载模块:Public

[ 2017-09-26T16:56:23+08:00 ] 127.0.0.1 /Public/uploads/2017-09-18/59bf8a65ce5f6.jpg
INFO: [ app_init ] --START--
INFO: Run Behavior\BuildLiteBehavior [ RunTime:0.000018s ]
INFO: [ app_init ] --END-- [ RunTime:0.000184s ]
ERR: 无法加载模块:Public

[ 2017-09-26T16:56:34+08:00 ] 127.0.0.1 /Public/uploads/2017-09-21/59c325c3d6060.jpg
INFO: [ app_init ] --START--
INFO: Run Behavior\BuildLiteBehavior [ RunTime:0.000022s ]
INFO: [ app_init ] --END-- [ RunTime:0.000163s ]
ERR: 无法加载模块:Public

[ 2017-09-26T18:37:16+08:00 ] 127.0.0.1 /Public/uploads/2017-09-18/59bf9e5a1e57e.jpg
INFO: [ app_init ] --START--
INFO: Run Behavior\BuildLiteBehavior [ RunTime:0.000010s ]
INFO: [ app_init ] --END-- [ RunTime:0.000082s ]
ERR: 无法加载模块:Public

[ 2017-09-26T18:37:16+08:00 ] 127.0.0.1 /Public/uploads/2017-09-18/59bf810362fd9.png
INFO: [ app_init ] --START--
INFO: Run Behavior\BuildLiteBehavior [ RunTime:0.000009s ]
INFO: [ app_init ] --END-- [ RunTime:0.000079s ]
ERR: 无法加载模块:Public

[ 2017-09-26T18:37:16+08:00 ] 127.0.0.1 /Public/uploads/2017-09-18/59bf990524109.jpg
INFO: [ app_init ] --START--
INFO: Run Behavior\BuildLiteBehavior [ RunTime:0.000009s ]
INFO: [ app_init ] --END-- [ RunTime:0.000077s ]
ERR: 无法加载模块:Public

[ 2017-09-26T18:37:16+08:00 ] 127.0.0.1 /Public/uploads/2017-09-18/59bf8a65ce5f6.jpg
INFO: [ app_init ] --START--
INFO: Run Behavior\BuildLiteBehavior [ RunTime:0.000009s ]
INFO: [ app_init ] --END-- [ RunTime:0.000078s ]
ERR: 无法加载模块:Public

[ 2017-09-26T18:37:16+08:00 ] 127.0.0.1 /Public/uploads/2017-09-18/59bf987e6c32f.jpg
INFO: [ app_init ] --START--
INFO: Run Behavior\BuildLiteBehavior [ RunTime:0.000009s ]
INFO: [ app_init ] --END-- [ RunTime:0.000075s ]
ERR: 无法加载模块:Public

[ 2017-09-26T18:37:18+08:00 ] 127.0.0.1 /Public/uploads/2017-09-18/59bf8a65ce5f6.jpg
INFO: [ app_init ] --START--
INFO: Run Behavior\BuildLiteBehavior [ RunTime:0.000010s ]
INFO: [ app_init ] --END-- [ RunTime:0.000067s ]
ERR: 无法加载模块:Public

[ 2017-09-26T18:37:21+08:00 ] 127.0.0.1 /Public/uploads/2017-09-18/59bf9e5a1e57e.jpg
INFO: [ app_init ] --START--
INFO: Run Behavior\BuildLiteBehavior [ RunTime:0.000011s ]
INFO: [ app_init ] --END-- [ RunTime:0.000086s ]
ERR: 无法加载模块:Public

[ 2017-09-26T18:37:21+08:00 ] 127.0.0.1 /Public/uploads/2017-09-18/59bf9bb29aa4e.jpg
INFO: [ app_init ] --START--
INFO: Run Behavior\BuildLiteBehavior [ RunTime:0.000009s ]
INFO: [ app_init ] --END-- [ RunTime:0.000084s ]
ERR: 无法加载模块:Public

[ 2017-09-26T18:37:21+08:00 ] 127.0.0.1 /Public/uploads/2017-09-18/59bf990524109.jpg
INFO: [ app_init ] --START--
INFO: Run Behavior\BuildLiteBehavior [ RunTime:0.000011s ]
INFO: [ app_init ] --END-- [ RunTime:0.000096s ]
ERR: 无法加载模块:Public

[ 2017-09-26T18:37:21+08:00 ] 127.0.0.1 /Public/uploads/2017-09-18/59bf987e6c32f.jpg
INFO: [ app_init ] --START--
INFO: Run Behavior\BuildLiteBehavior [ RunTime:0.000009s ]
INFO: [ app_init ] --END-- [ RunTime:0.000078s ]
ERR: 无法加载模块:Public

[ 2017-09-26T18:37:21+08:00 ] 127.0.0.1 /Public/uploads/2017-09-18/59bf810362fd9.png
INFO: [ app_init ] --START--
INFO: Run Behavior\BuildLiteBehavior [ RunTime:0.000007s ]
INFO: [ app_init ] --END-- [ RunTime:0.000063s ]
ERR: 无法加载模块:Public

[ 2017-09-26T18:38:01+08:00 ] 127.0.0.1 /Public/uploads/2017-09-18/59bf9e5a1e57e.jpg
INFO: [ app_init ] --START--
INFO: Run Behavior\BuildLiteBehavior [ RunTime:0.000011s ]
INFO: [ app_init ] --END-- [ RunTime:0.000089s ]
ERR: 无法加载模块:Public

[ 2017-09-26T18:38:01+08:00 ] 127.0.0.1 /Public/uploads/2017-09-18/59bf990524109.jpg
INFO: [ app_init ] --START--
INFO: Run Behavior\BuildLiteBehavior [ RunTime:0.000009s ]
INFO: [ app_init ] --END-- [ RunTime:0.000076s ]
ERR: 无法加载模块:Public

[ 2017-09-26T18:38:01+08:00 ] 127.0.0.1 /Public/uploads/2017-09-18/59bf810362fd9.png
INFO: [ app_init ] --START--
INFO: Run Behavior\BuildLiteBehavior [ RunTime:0.000010s ]
INFO: [ app_init ] --END-- [ RunTime:0.000080s ]
ERR: 无法加载模块:Public

[ 2017-09-26T18:38:01+08:00 ] 127.0.0.1 /Public/uploads/2017-09-18/59bf8a65ce5f6.jpg
INFO: [ app_init ] --START--
INFO: Run Behavior\BuildLiteBehavior [ RunTime:0.000010s ]
INFO: [ app_init ] --END-- [ RunTime:0.000084s ]
ERR: 无法加载模块:Public

[ 2017-09-26T18:38:01+08:00 ] 127.0.0.1 /Public/uploads/2017-09-18/59bf987e6c32f.jpg
INFO: [ app_init ] --START--
INFO: Run Behavior\BuildLiteBehavior [ RunTime:0.000009s ]
INFO: [ app_init ] --END-- [ RunTime:0.000080s ]
ERR: 无法加载模块:Public

[ 2017-09-26T18:38:01+08:00 ] 127.0.0.1 /Public/uploads/2017-09-18/59bf9bb29aa4e.jpg
INFO: [ app_init ] --START--
INFO: Run Behavior\BuildLiteBehavior [ RunTime:0.000008s ]
INFO: [ app_init ] --END-- [ RunTime:0.000078s ]
ERR: 无法加载模块:Public

[ 2017-09-26T18:39:45+08:00 ] 127.0.0.1 /Public/uploads/2017-09-18/59bf9e5a1e57e.jpg
INFO: [ app_init ] --START--
INFO: Run Behavior\BuildLiteBehavior [ RunTime:0.000009s ]
INFO: [ app_init ] --END-- [ RunTime:0.000073s ]
ERR: 无法加载模块:Public

[ 2017-09-26T18:39:45+08:00 ] 127.0.0.1 /Public/uploads/2017-09-18/59bf8a65ce5f6.jpg
INFO: [ app_init ] --START--
INFO: Run Behavior\BuildLiteBehavior [ RunTime:0.000010s ]
INFO: [ app_init ] --END-- [ RunTime:0.000093s ]
ERR: 无法加载模块:Public

[ 2017-09-26T18:39:45+08:00 ] 127.0.0.1 /Public/uploads/2017-09-18/59bf990524109.jpg
INFO: [ app_init ] --START--
INFO: Run Behavior\BuildLiteBehavior [ RunTime:0.000010s ]
INFO: [ app_init ] --END-- [ RunTime:0.000069s ]
ERR: 无法加载模块:Public

[ 2017-09-26T18:39:45+08:00 ] 127.0.0.1 /Public/uploads/2017-09-18/59bf987e6c32f.jpg
INFO: [ app_init ] --START--
INFO: Run Behavior\BuildLiteBehavior [ RunTime:0.000008s ]
INFO: [ app_init ] --END-- [ RunTime:0.000079s ]
ERR: 无法加载模块:Public

[ 2017-09-26T18:39:45+08:00 ] 127.0.0.1 /Public/uploads/2017-09-18/59bf810362fd9.png
INFO: [ app_init ] --START--
INFO: Run Behavior\BuildLiteBehavior [ RunTime:0.000008s ]
INFO: [ app_init ] --END-- [ RunTime:0.000064s ]
ERR: 无法加载模块:Public

[ 2017-09-26T18:39:45+08:00 ] 127.0.0.1 /Public/uploads/2017-09-18/59bf9bb29aa4e.jpg
INFO: [ app_init ] --START--
INFO: Run Behavior\BuildLiteBehavior [ RunTime:0.000010s ]
INFO: [ app_init ] --END-- [ RunTime:0.000096s ]
ERR: 无法加载模块:Public

[ 2017-09-26T18:42:49+08:00 ] 127.0.0.1 /Public/uploads/2017-09-18/59bf9e5a1e57e.jpg
INFO: [ app_init ] --START--
INFO: Run Behavior\BuildLiteBehavior [ RunTime:0.000012s ]
INFO: [ app_init ] --END-- [ RunTime:0.000111s ]
ERR: 无法加载模块:Public

[ 2017-09-26T18:42:49+08:00 ] 127.0.0.1 /Public/uploads/2017-09-18/59bf9bb29aa4e.jpg
INFO: [ app_init ] --START--
INFO: Run Behavior\BuildLiteBehavior [ RunTime:0.000010s ]
INFO: [ app_init ] --END-- [ RunTime:0.000080s ]
ERR: 无法加载模块:Public

[ 2017-09-26T18:42:49+08:00 ] 127.0.0.1 /Public/uploads/2017-09-18/59bf987e6c32f.jpg
INFO: [ app_init ] --START--
INFO: Run Behavior\BuildLiteBehavior [ RunTime:0.000010s ]
INFO: [ app_init ] --END-- [ RunTime:0.000090s ]
ERR: 无法加载模块:Public

[ 2017-09-26T18:42:49+08:00 ] 127.0.0.1 /Public/uploads/2017-09-18/59bf8a65ce5f6.jpg
INFO: [ app_init ] --START--
INFO: Run Behavior\BuildLiteBehavior [ RunTime:0.000027s ]
INFO: [ app_init ] --END-- [ RunTime:0.000088s ]
ERR: 无法加载模块:Public

[ 2017-09-26T18:42:49+08:00 ] 127.0.0.1 /Public/uploads/2017-09-18/59bf990524109.jpg
INFO: [ app_init ] --START--
INFO: Run Behavior\BuildLiteBehavior [ RunTime:0.000009s ]
INFO: [ app_init ] --END-- [ RunTime:0.000085s ]
ERR: 无法加载模块:Public

[ 2017-09-26T18:42:59+08:00 ] 127.0.0.1 /Public/uploads/2017-09-18/59bf8a65ce5f6.jpg
INFO: [ app_init ] --START--
INFO: Run Behavior\BuildLiteBehavior [ RunTime:0.000009s ]
INFO: [ app_init ] --END-- [ RunTime:0.000080s ]
ERR: 无法加载模块:Public

[ 2017-09-26T18:43:13+08:00 ] 127.0.0.1 /Public/uploads/2017-09-18/59bf9e5a1e57e.jpg
INFO: [ app_init ] --START--
INFO: Run Behavior\BuildLiteBehavior [ RunTime:0.000009s ]
INFO: [ app_init ] --END-- [ RunTime:0.000070s ]
ERR: 无法加载模块:Public

[ 2017-09-26T18:43:13+08:00 ] 127.0.0.1 /Public/uploads/2017-09-18/59bf990524109.jpg
INFO: [ app_init ] --START--
INFO: Run Behavior\BuildLiteBehavior [ RunTime:0.000009s ]
INFO: [ app_init ] --END-- [ RunTime:0.000074s ]
ERR: 无法加载模块:Public

[ 2017-09-26T18:43:13+08:00 ] 127.0.0.1 /Public/uploads/2017-09-18/59bf8a65ce5f6.jpg
INFO: [ app_init ] --START--
INFO: Run Behavior\BuildLiteBehavior [ RunTime:0.000009s ]
INFO: [ app_init ] --END-- [ RunTime:0.000067s ]
ERR: 无法加载模块:Public

[ 2017-09-26T18:43:13+08:00 ] 127.0.0.1 /Public/uploads/2017-09-18/59bf9bb29aa4e.jpg
INFO: [ app_init ] --START--
INFO: Run Behavior\BuildLiteBehavior [ RunTime:0.000007s ]
INFO: [ app_init ] --END-- [ RunTime:0.000060s ]
ERR: 无法加载模块:Public

[ 2017-09-26T18:43:13+08:00 ] 127.0.0.1 /Public/uploads/2017-09-18/59bf987e6c32f.jpg
INFO: [ app_init ] --START--
INFO: Run Behavior\BuildLiteBehavior [ RunTime:0.000025s ]
INFO: [ app_init ] --END-- [ RunTime:0.000179s ]
ERR: 无法加载模块:Public

[ 2017-09-26T18:43:30+08:00 ] 127.0.0.1 /Public/uploads/2017-09-18/59bf9e5a1e57e.jpg
INFO: [ app_init ] --START--
INFO: Run Behavior\BuildLiteBehavior [ RunTime:0.000010s ]
INFO: [ app_init ] --END-- [ RunTime:0.000084s ]
ERR: 无法加载模块:Public

[ 2017-09-26T18:43:30+08:00 ] 127.0.0.1 /Public/uploads/2017-09-18/59bf987e6c32f.jpg
INFO: [ app_init ] --START--
INFO: Run Behavior\BuildLiteBehavior [ RunTime:0.000008s ]
INFO: [ app_init ] --END-- [ RunTime:0.000069s ]
ERR: 无法加载模块:Public

[ 2017-09-26T18:43:30+08:00 ] 127.0.0.1 /Public/uploads/2017-09-18/59bf9bb29aa4e.jpg
INFO: [ app_init ] --START--
INFO: Run Behavior\BuildLiteBehavior [ RunTime:0.000006s ]
INFO: [ app_init ] --END-- [ RunTime:0.000053s ]
ERR: 无法加载模块:Public

[ 2017-09-26T18:43:30+08:00 ] 127.0.0.1 /Public/uploads/2017-09-18/59bf990524109.jpg
INFO: [ app_init ] --START--
INFO: Run Behavior\BuildLiteBehavior [ RunTime:0.000009s ]
INFO: [ app_init ] --END-- [ RunTime:0.000082s ]
ERR: 无法加载模块:Public

[ 2017-09-26T18:43:35+08:00 ] 127.0.0.1 /Public/uploads/2017-09-18/59bf8a65ce5f6.jpg
INFO: [ app_init ] --START--
INFO: Run Behavior\BuildLiteBehavior [ RunTime:0.000009s ]
INFO: [ app_init ] --END-- [ RunTime:0.000079s ]
ERR: 无法加载模块:Public

[ 2017-09-26T18:44:11+08:00 ] 127.0.0.1 /Public/uploads/2017-09-18/59bf8a65ce5f6.jpg
INFO: [ app_init ] --START--
INFO: Run Behavior\BuildLiteBehavior [ RunTime:0.000007s ]
INFO: [ app_init ] --END-- [ RunTime:0.000060s ]
ERR: 无法加载模块:Public

[ 2017-09-26T18:44:12+08:00 ] 127.0.0.1 /Public/uploads/2017-09-18/59bf8a65ce5f6.jpg
INFO: [ app_init ] --START--
INFO: Run Behavior\BuildLiteBehavior [ RunTime:0.000008s ]
INFO: [ app_init ] --END-- [ RunTime:0.000076s ]
ERR: 无法加载模块:Public

