[ 2017-11-07T15:32:29+08:00 ] 127.0.0.1 /Public/uploads/2017-10-17/59e5c81a66f5a.jpg
INFO: [ app_init ] --START--
INFO: Run Behavior\BuildLiteBehavior [ RunTime:0.000009s ]
INFO: [ app_init ] --END-- [ RunTime:0.000072s ]
ERR: 无法加载模块:Public

[ 2017-11-07T15:32:29+08:00 ] 127.0.0.1 /Public/uploads/2017-10-26/59f138774079e.jpg
INFO: [ app_init ] --START--
INFO: Run Behavior\BuildLiteBehavior [ RunTime:0.000012s ]
INFO: [ app_init ] --END-- [ RunTime:0.000095s ]
ERR: 无法加载模块:Public

[ 2017-11-07T15:32:29+08:00 ] 127.0.0.1 /Public/uploads/2017-10-17/59e55a203d84d.jpg
INFO: [ app_init ] --START--
INFO: Run Behavior\BuildLiteBehavior [ RunTime:0.000007s ]
INFO: [ app_init ] --END-- [ RunTime:0.000077s ]
ERR: 无法加载模块:Public

[ 2017-11-07T15:32:29+08:00 ] 127.0.0.1 /Public/uploads/2017-10-23/59ed9d151dd8c.jpg
INFO: [ app_init ] --START--
INFO: Run Behavior\BuildLiteBehavior [ RunTime:0.000009s ]
INFO: [ app_init ] --END-- [ RunTime:0.000079s ]
ERR: 无法加载模块:Public

[ 2017-11-07T15:32:29+08:00 ] 127.0.0.1 /Public/uploads/2017-10-26/59f1387e6f438.jpg
INFO: [ app_init ] --START--
INFO: Run Behavior\BuildLiteBehavior [ RunTime:0.000010s ]
INFO: [ app_init ] --END-- [ RunTime:0.000077s ]
ERR: 无法加载模块:Public

[ 2017-11-07T15:32:29+08:00 ] 127.0.0.1 /Public/uploads/2017-10-23/59ed9d45ccabf.jpg
INFO: [ app_init ] --START--
INFO: Run Behavior\BuildLiteBehavior [ RunTime:0.000007s ]
INFO: [ app_init ] --END-- [ RunTime:0.000068s ]
ERR: 无法加载模块:Public

[ 2017-11-07T15:32:30+08:00 ] 127.0.0.1 /Public/uploads/2017-10-26/59f13885b332b.jpg
INFO: [ app_init ] --START--
INFO: Run Behavior\BuildLiteBehavior [ RunTime:0.000010s ]
INFO: [ app_init ] --END-- [ RunTime:0.000079s ]
ERR: 无法加载模块:Public

[ 2017-11-07T15:32:30+08:00 ] 127.0.0.1 /Public/uploads/2017-10-26/59f141fe0e335.jpg
INFO: [ app_init ] --START--
INFO: Run Behavior\BuildLiteBehavior [ RunTime:0.000009s ]
INFO: [ app_init ] --END-- [ RunTime:0.000073s ]
ERR: 无法加载模块:Public

[ 2017-11-07T15:32:30+08:00 ] 127.0.0.1 /Public/uploads/2017-10-25/59f04001356d9.png
INFO: [ app_init ] --START--
INFO: Run Behavior\BuildLiteBehavior [ RunTime:0.000011s ]
INFO: [ app_init ] --END-- [ RunTime:0.000085s ]
ERR: 无法加载模块:Public

[ 2017-11-07T15:32:30+08:00 ] 127.0.0.1 /Public/uploads/2017-09-18/59bf987e6c32f.jpg
INFO: [ app_init ] --START--
INFO: Run Behavior\BuildLiteBehavior [ RunTime:0.000010s ]
INFO: [ app_init ] --END-- [ RunTime:0.000105s ]
ERR: 无法加载模块:Public

[ 2017-11-07T15:32:30+08:00 ] 127.0.0.1 /Public/uploads/2017-10-25/59f03fee5ce3c.jpg
INFO: [ app_init ] --START--
INFO: Run Behavior\BuildLiteBehavior [ RunTime:0.000008s ]
INFO: [ app_init ] --END-- [ RunTime:0.000070s ]
ERR: 无法加载模块:Public

[ 2017-11-07T15:32:30+08:00 ] 127.0.0.1 /Public/uploads/2017-10-25/59f03827dfcea.jpg
INFO: [ app_init ] --START--
INFO: Run Behavior\BuildLiteBehavior [ RunTime:0.000009s ]
INFO: [ app_init ] --END-- [ RunTime:0.000074s ]
ERR: 无法加载模块:Public

[ 2017-11-07T15:32:30+08:00 ] 127.0.0.1 /Public/uploads/2017-09-18/59bf990524109.jpg
INFO: [ app_init ] --START--
INFO: Run Behavior\BuildLiteBehavior [ RunTime:0.000010s ]
INFO: [ app_init ] --END-- [ RunTime:0.000091s ]
ERR: 无法加载模块:Public

[ 2017-11-07T15:32:30+08:00 ] 127.0.0.1 /Public/uploads/2017-10-17/59e5c81a66f5a.jpg
INFO: [ app_init ] --START--
INFO: Run Behavior\BuildLiteBehavior [ RunTime:0.000010s ]
INFO: [ app_init ] --END-- [ RunTime:0.000080s ]
ERR: 无法加载模块:Public

[ 2017-11-07T17:32:56+08:00 ] 127.0.0.1 /Public/uploads/2017-10-17/59e5c81a66f5a.jpg
INFO: [ app_init ] --START--
INFO: Run Behavior\BuildLiteBehavior [ RunTime:0.000011s ]
INFO: [ app_init ] --END-- [ RunTime:0.000080s ]
ERR: 无法加载模块:Public

[ 2017-11-07T17:32:56+08:00 ] 127.0.0.1 /Public/uploads/2017-10-26/59f138774079e.jpg
INFO: [ app_init ] --START--
INFO: Run Behavior\BuildLiteBehavior [ RunTime:0.000011s ]
INFO: [ app_init ] --END-- [ RunTime:0.000077s ]
ERR: 无法加载模块:Public

[ 2017-11-07T17:32:56+08:00 ] 127.0.0.1 /Public/uploads/2017-10-23/59ed9d45ccabf.jpg
INFO: [ app_init ] --START--
INFO: Run Behavior\BuildLiteBehavior [ RunTime:0.000010s ]
INFO: [ app_init ] --END-- [ RunTime:0.000078s ]
ERR: 无法加载模块:Public

[ 2017-11-07T17:32:56+08:00 ] 127.0.0.1 /Public/uploads/2017-10-26/59f1387e6f438.jpg
INFO: [ app_init ] --START--
INFO: Run Behavior\BuildLiteBehavior [ RunTime:0.000009s ]
INFO: [ app_init ] --END-- [ RunTime:0.000122s ]
ERR: 无法加载模块:Public

[ 2017-11-07T17:32:56+08:00 ] 127.0.0.1 /Public/uploads/2017-10-23/59ed9d151dd8c.jpg
INFO: [ app_init ] --START--
INFO: Run Behavior\BuildLiteBehavior [ RunTime:0.000009s ]
INFO: [ app_init ] --END-- [ RunTime:0.000084s ]
ERR: 无法加载模块:Public

[ 2017-11-07T17:32:56+08:00 ] 127.0.0.1 /Public/uploads/2017-10-17/59e55a203d84d.jpg
INFO: [ app_init ] --START--
INFO: Run Behavior\BuildLiteBehavior [ RunTime:0.000009s ]
INFO: [ app_init ] --END-- [ RunTime:0.000074s ]
ERR: 无法加载模块:Public

[ 2017-11-07T17:32:56+08:00 ] 127.0.0.1 /Public/uploads/2017-10-25/59f04001356d9.png
INFO: [ app_init ] --START--
INFO: Run Behavior\BuildLiteBehavior [ RunTime:0.000009s ]
INFO: [ app_init ] --END-- [ RunTime:0.000079s ]
ERR: 无法加载模块:Public

[ 2017-11-07T17:32:56+08:00 ] 127.0.0.1 /Public/uploads/2017-09-18/59bf987e6c32f.jpg
INFO: [ app_init ] --START--
INFO: Run Behavior\BuildLiteBehavior [ RunTime:0.000009s ]
INFO: [ app_init ] --END-- [ RunTime:0.000073s ]
ERR: 无法加载模块:Public

[ 2017-11-07T17:32:56+08:00 ] 127.0.0.1 /Public/uploads/2017-10-25/59f03827dfcea.jpg
INFO: [ app_init ] --START--
INFO: Run Behavior\BuildLiteBehavior [ RunTime:0.000009s ]
INFO: [ app_init ] --END-- [ RunTime:0.000074s ]
ERR: 无法加载模块:Public

[ 2017-11-07T17:32:56+08:00 ] 127.0.0.1 /Public/uploads/2017-10-25/59f03fee5ce3c.jpg
INFO: [ app_init ] --START--
INFO: Run Behavior\BuildLiteBehavior [ RunTime:0.000010s ]
INFO: [ app_init ] --END-- [ RunTime:0.000081s ]
ERR: 无法加载模块:Public

[ 2017-11-07T17:32:56+08:00 ] 127.0.0.1 /Public/uploads/2017-10-26/59f13885b332b.jpg
INFO: [ app_init ] --START--
INFO: Run Behavior\BuildLiteBehavior [ RunTime:0.000010s ]
INFO: [ app_init ] --END-- [ RunTime:0.000100s ]
ERR: 无法加载模块:Public

[ 2017-11-07T17:32:56+08:00 ] 127.0.0.1 /Public/uploads/2017-09-18/59bf990524109.jpg
INFO: [ app_init ] --START--
INFO: Run Behavior\BuildLiteBehavior [ RunTime:0.000010s ]
INFO: [ app_init ] --END-- [ RunTime:0.000074s ]
ERR: 无法加载模块:Public

[ 2017-11-07T17:32:56+08:00 ] 127.0.0.1 /Public/uploads/2017-10-26/59f141fe0e335.jpg
INFO: [ app_init ] --START--
INFO: Run Behavior\BuildLiteBehavior [ RunTime:0.000017s ]
INFO: [ app_init ] --END-- [ RunTime:0.000135s ]
ERR: 无法加载模块:Public

[ 2017-11-07T17:34:11+08:00 ] 127.0.0.1 /Public/uploads/2017-10-17/59e5c81a66f5a.jpg
INFO: [ app_init ] --START--
INFO: Run Behavior\BuildLiteBehavior [ RunTime:0.000069s ]
INFO: [ app_init ] --END-- [ RunTime:0.000517s ]
ERR: 无法加载模块:Public

[ 2017-11-07T17:34:11+08:00 ] 127.0.0.1 /Public/uploads/2017-10-26/59f1387e6f438.jpg
INFO: [ app_init ] --START--
INFO: Run Behavior\BuildLiteBehavior [ RunTime:0.000012s ]
INFO: [ app_init ] --END-- [ RunTime:0.000095s ]
ERR: 无法加载模块:Public

[ 2017-11-07T17:34:11+08:00 ] 127.0.0.1 /Public/uploads/2017-10-23/59ed9d151dd8c.jpg
INFO: [ app_init ] --START--
INFO: Run Behavior\BuildLiteBehavior [ RunTime:0.000028s ]
INFO: [ app_init ] --END-- [ RunTime:0.000257s ]
ERR: 无法加载模块:Public

[ 2017-11-07T17:34:11+08:00 ] 127.0.0.1 /Public/uploads/2017-10-17/59e55a203d84d.jpg
INFO: [ app_init ] --START--
INFO: Run Behavior\BuildLiteBehavior [ RunTime:0.000010s ]
INFO: [ app_init ] --END-- [ RunTime:0.000087s ]
ERR: 无法加载模块:Public

[ 2017-11-07T17:34:11+08:00 ] 127.0.0.1 /Public/uploads/2017-10-26/59f138774079e.jpg
INFO: [ app_init ] --START--
INFO: Run Behavior\BuildLiteBehavior [ RunTime:0.000010s ]
INFO: [ app_init ] --END-- [ RunTime:0.000077s ]
ERR: 无法加载模块:Public

[ 2017-11-07T17:34:11+08:00 ] 127.0.0.1 /Public/uploads/2017-10-23/59ed9d45ccabf.jpg
INFO: [ app_init ] --START--
INFO: Run Behavior\BuildLiteBehavior [ RunTime:0.000010s ]
INFO: [ app_init ] --END-- [ RunTime:0.000090s ]
ERR: 无法加载模块:Public

[ 2017-11-07T17:34:12+08:00 ] 127.0.0.1 /Public/uploads/2017-10-25/59f03fee5ce3c.jpg
INFO: [ app_init ] --START--
INFO: Run Behavior\BuildLiteBehavior [ RunTime:0.000009s ]
INFO: [ app_init ] --END-- [ RunTime:0.000079s ]
ERR: 无法加载模块:Public

[ 2017-11-07T17:34:12+08:00 ] 127.0.0.1 /Public/uploads/2017-09-18/59bf987e6c32f.jpg
INFO: [ app_init ] --START--
INFO: Run Behavior\BuildLiteBehavior [ RunTime:0.000012s ]
INFO: [ app_init ] --END-- [ RunTime:0.000201s ]
ERR: 无法加载模块:Public

[ 2017-11-07T17:34:12+08:00 ] 127.0.0.1 /Public/uploads/2017-10-25/59f04001356d9.png
INFO: [ app_init ] --START--
INFO: Run Behavior\BuildLiteBehavior [ RunTime:0.000025s ]
INFO: [ app_init ] --END-- [ RunTime:0.000346s ]
ERR: 无法加载模块:Public

[ 2017-11-07T17:34:12+08:00 ] 127.0.0.1 /Public/uploads/2017-10-26/59f13885b332b.jpg
INFO: [ app_init ] --START--
INFO: Run Behavior\BuildLiteBehavior [ RunTime:0.000039s ]
INFO: [ app_init ] --END-- [ RunTime:0.000244s ]
ERR: 无法加载模块:Public

[ 2017-11-07T17:34:12+08:00 ] 127.0.0.1 /Public/uploads/2017-09-18/59bf990524109.jpg
INFO: [ app_init ] --START--
INFO: Run Behavior\BuildLiteBehavior [ RunTime:0.000181s ]
INFO: [ app_init ] --END-- [ RunTime:0.000447s ]
ERR: 无法加载模块:Public

[ 2017-11-07T17:34:12+08:00 ] 127.0.0.1 /Public/uploads/2017-10-25/59f03827dfcea.jpg
INFO: [ app_init ] --START--
INFO: Run Behavior\BuildLiteBehavior [ RunTime:0.000032s ]
INFO: [ app_init ] --END-- [ RunTime:0.000277s ]
ERR: 无法加载模块:Public

[ 2017-11-07T17:34:12+08:00 ] 127.0.0.1 /Public/uploads/2017-10-26/59f141fe0e335.jpg
INFO: [ app_init ] --START--
INFO: Run Behavior\BuildLiteBehavior [ RunTime:0.000006s ]
INFO: [ app_init ] --END-- [ RunTime:0.000060s ]
ERR: 无法加载模块:Public

