[ 2017-10-24T12:01:47+08:00 ] 127.0.0.1 /Public/uploads/2017-10-17/59e5c81a66f5a.jpg
INFO: [ app_init ] --START--
INFO: Run Behavior\BuildLiteBehavior [ RunTime:0.000012s ]
INFO: [ app_init ] --END-- [ RunTime:0.000110s ]
ERR: 无法加载模块:Public

[ 2017-10-24T12:01:47+08:00 ] 127.0.0.1 /Public/uploads/2017-10-23/59ed9d151dd8c.jpg
INFO: [ app_init ] --START--
INFO: Run Behavior\BuildLiteBehavior [ RunTime:0.000010s ]
INFO: [ app_init ] --END-- [ RunTime:0.000087s ]
ERR: 无法加载模块:Public

[ 2017-10-24T12:01:47+08:00 ] 127.0.0.1 /Public/uploads/2017-10-23/59ed9d45ccabf.jpg
INFO: [ app_init ] --START--
INFO: Run Behavior\BuildLiteBehavior [ RunTime:0.000010s ]
INFO: [ app_init ] --END-- [ RunTime:0.000082s ]
ERR: 无法加载模块:Public

[ 2017-10-24T12:01:47+08:00 ] 127.0.0.1 /Public/uploads/2017-09-27/59cb48facf2a4.jpg
INFO: [ app_init ] --START--
INFO: Run Behavior\BuildLiteBehavior [ RunTime:0.000010s ]
INFO: [ app_init ] --END-- [ RunTime:0.000083s ]
ERR: 无法加载模块:Public

[ 2017-10-24T12:01:47+08:00 ] 127.0.0.1 /Public/uploads/2017-10-17/59e55a203d84d.jpg
INFO: [ app_init ] --START--
INFO: Run Behavior\BuildLiteBehavior [ RunTime:0.000010s ]
INFO: [ app_init ] --END-- [ RunTime:0.000082s ]
ERR: 无法加载模块:Public

[ 2017-10-24T12:01:47+08:00 ] 127.0.0.1 /Public/uploads/2017-09-27/59cb490d14c97.jpg
INFO: [ app_init ] --START--
INFO: Run Behavior\BuildLiteBehavior [ RunTime:0.000008s ]
INFO: [ app_init ] --END-- [ RunTime:0.000069s ]
ERR: 无法加载模块:Public

[ 2017-10-24T12:01:47+08:00 ] 127.0.0.1 /Public/uploads/2017-09-27/59cb4903ce1e2.jpg
INFO: [ app_init ] --START--
INFO: Run Behavior\BuildLiteBehavior [ RunTime:0.000062s ]
INFO: [ app_init ] --END-- [ RunTime:0.000233s ]
ERR: 无法加载模块:Public

[ 2017-10-24T12:01:47+08:00 ] 127.0.0.1 /Public/uploads/2017-10-17/59e55a203d84d.jpg
INFO: [ app_init ] --START--
INFO: Run Behavior\BuildLiteBehavior [ RunTime:0.000011s ]
INFO: [ app_init ] --END-- [ RunTime:0.000088s ]
ERR: 无法加载模块:Public

[ 2017-10-24T12:01:48+08:00 ] 127.0.0.1 /Public/uploads/2017-10-17/59e5c81a66f5a.jpg
INFO: [ app_init ] --START--
INFO: Run Behavior\BuildLiteBehavior [ RunTime:0.000011s ]
INFO: [ app_init ] --END-- [ RunTime:0.000092s ]
ERR: 无法加载模块:Public

[ 2017-10-24T12:01:48+08:00 ] 127.0.0.1 /Public/uploads/2017-09-27/59cb48facf2a4.jpg
INFO: [ app_init ] --START--
INFO: Run Behavior\BuildLiteBehavior [ RunTime:0.000014s ]
INFO: [ app_init ] --END-- [ RunTime:0.000205s ]
ERR: 无法加载模块:Public

[ 2017-10-24T12:03:43+08:00 ] 127.0.0.1 /Public/uploads/2017-10-17/59e5c81a66f5a.jpg
INFO: [ app_init ] --START--
INFO: Run Behavior\BuildLiteBehavior [ RunTime:0.000008s ]
INFO: [ app_init ] --END-- [ RunTime:0.000065s ]
ERR: 无法加载模块:Public

[ 2017-10-24T12:03:43+08:00 ] 127.0.0.1 /Public/uploads/2017-10-23/59ed9d151dd8c.jpg
INFO: [ app_init ] --START--
INFO: Run Behavior\BuildLiteBehavior [ RunTime:0.000007s ]
INFO: [ app_init ] --END-- [ RunTime:0.000058s ]
ERR: 无法加载模块:Public

[ 2017-10-24T12:03:43+08:00 ] 127.0.0.1 /Public/uploads/2017-09-27/59cb48facf2a4.jpg
INFO: [ app_init ] --START--
INFO: Run Behavior\BuildLiteBehavior [ RunTime:0.000010s ]
INFO: [ app_init ] --END-- [ RunTime:0.000082s ]
ERR: 无法加载模块:Public

[ 2017-10-24T12:03:43+08:00 ] 127.0.0.1 /Public/uploads/2017-10-23/59ed9d45ccabf.jpg
INFO: [ app_init ] --START--
INFO: Run Behavior\BuildLiteBehavior [ RunTime:0.000010s ]
INFO: [ app_init ] --END-- [ RunTime:0.000081s ]
ERR: 无法加载模块:Public

[ 2017-10-24T12:03:43+08:00 ] 127.0.0.1 /Public/uploads/2017-09-27/59cb4903ce1e2.jpg
INFO: [ app_init ] --START--
INFO: Run Behavior\BuildLiteBehavior [ RunTime:0.000010s ]
INFO: [ app_init ] --END-- [ RunTime:0.000086s ]
ERR: 无法加载模块:Public

[ 2017-10-24T12:03:43+08:00 ] 127.0.0.1 /Public/uploads/2017-10-17/59e55a203d84d.jpg
INFO: [ app_init ] --START--
INFO: Run Behavior\BuildLiteBehavior [ RunTime:0.000008s ]
INFO: [ app_init ] --END-- [ RunTime:0.000076s ]
ERR: 无法加载模块:Public

[ 2017-10-24T12:03:43+08:00 ] 127.0.0.1 /Public/uploads/2017-09-27/59cb490d14c97.jpg
INFO: [ app_init ] --START--
INFO: Run Behavior\BuildLiteBehavior [ RunTime:0.000011s ]
INFO: [ app_init ] --END-- [ RunTime:0.000086s ]
ERR: 无法加载模块:Public

[ 2017-10-24T12:03:43+08:00 ] 127.0.0.1 /Public/uploads/2017-10-17/59e5c81a66f5a.jpg
INFO: [ app_init ] --START--
INFO: Run Behavior\BuildLiteBehavior [ RunTime:0.000559s ]
INFO: [ app_init ] --END-- [ RunTime:0.000977s ]
ERR: 无法加载模块:Public

[ 2017-10-24T12:03:47+08:00 ] 127.0.0.1 /Public/uploads/2017-10-17/59e5c81a66f5a.jpg
INFO: [ app_init ] --START--
INFO: Run Behavior\BuildLiteBehavior [ RunTime:0.000014s ]
INFO: [ app_init ] --END-- [ RunTime:0.000096s ]
ERR: 无法加载模块:Public

[ 2017-10-24T12:03:47+08:00 ] 127.0.0.1 /Public/uploads/2017-09-27/59cb490d14c97.jpg
INFO: [ app_init ] --START--
INFO: Run Behavior\BuildLiteBehavior [ RunTime:0.000011s ]
INFO: [ app_init ] --END-- [ RunTime:0.000081s ]
ERR: 无法加载模块:Public

[ 2017-10-24T12:03:47+08:00 ] 127.0.0.1 /Public/uploads/2017-10-23/59ed9d45ccabf.jpg
INFO: [ app_init ] --START--
INFO: Run Behavior\BuildLiteBehavior [ RunTime:0.000010s ]
INFO: [ app_init ] --END-- [ RunTime:0.000076s ]
ERR: 无法加载模块:Public

[ 2017-10-24T12:03:47+08:00 ] 127.0.0.1 /Public/uploads/2017-10-23/59ed9d151dd8c.jpg
INFO: [ app_init ] --START--
INFO: Run Behavior\BuildLiteBehavior [ RunTime:0.000009s ]
INFO: [ app_init ] --END-- [ RunTime:0.000399s ]
ERR: 无法加载模块:Public

[ 2017-10-24T12:03:47+08:00 ] 127.0.0.1 /Public/uploads/2017-09-27/59cb48facf2a4.jpg
INFO: [ app_init ] --START--
INFO: Run Behavior\BuildLiteBehavior [ RunTime:0.000010s ]
INFO: [ app_init ] --END-- [ RunTime:0.002011s ]
ERR: 无法加载模块:Public

[ 2017-10-24T12:03:47+08:00 ] 127.0.0.1 /Public/uploads/2017-10-17/59e55a203d84d.jpg
INFO: [ app_init ] --START--
INFO: Run Behavior\BuildLiteBehavior [ RunTime:0.000012s ]
INFO: [ app_init ] --END-- [ RunTime:0.000080s ]
ERR: 无法加载模块:Public

[ 2017-10-24T12:03:47+08:00 ] 127.0.0.1 /Public/uploads/2017-09-27/59cb4903ce1e2.jpg
INFO: [ app_init ] --START--
INFO: Run Behavior\BuildLiteBehavior [ RunTime:0.000010s ]
INFO: [ app_init ] --END-- [ RunTime:0.000093s ]
ERR: 无法加载模块:Public

[ 2017-10-24T12:04:07+08:00 ] 127.0.0.1 /Public/uploads/2017-10-17/59e5c81a66f5a.jpg
INFO: [ app_init ] --START--
INFO: Run Behavior\BuildLiteBehavior [ RunTime:0.000008s ]
INFO: [ app_init ] --END-- [ RunTime:0.000061s ]
ERR: 无法加载模块:Public

[ 2017-10-24T12:04:07+08:00 ] 127.0.0.1 /Public/uploads/2017-10-23/59ed9d151dd8c.jpg
INFO: [ app_init ] --START--
INFO: Run Behavior\BuildLiteBehavior [ RunTime:0.000011s ]
INFO: [ app_init ] --END-- [ RunTime:0.000091s ]
ERR: 无法加载模块:Public

[ 2017-10-24T12:04:07+08:00 ] 127.0.0.1 /Public/uploads/2017-09-27/59cb490d14c97.jpg
INFO: [ app_init ] --START--
INFO: Run Behavior\BuildLiteBehavior [ RunTime:0.000010s ]
INFO: [ app_init ] --END-- [ RunTime:0.000075s ]
ERR: 无法加载模块:Public

[ 2017-10-24T12:04:07+08:00 ] 127.0.0.1 /Public/uploads/2017-10-17/59e55a203d84d.jpg
INFO: [ app_init ] --START--
INFO: Run Behavior\BuildLiteBehavior [ RunTime:0.000006s ]
INFO: [ app_init ] --END-- [ RunTime:0.000055s ]
ERR: 无法加载模块:Public

[ 2017-10-24T12:04:07+08:00 ] 127.0.0.1 /Public/uploads/2017-09-27/59cb4903ce1e2.jpg
INFO: [ app_init ] --START--
INFO: Run Behavior\BuildLiteBehavior [ RunTime:0.000011s ]
INFO: [ app_init ] --END-- [ RunTime:0.000097s ]
ERR: 无法加载模块:Public

[ 2017-10-24T12:04:07+08:00 ] 127.0.0.1 /Public/uploads/2017-10-23/59ed9d45ccabf.jpg
INFO: [ app_init ] --START--
INFO: Run Behavior\BuildLiteBehavior [ RunTime:0.000018s ]
INFO: [ app_init ] --END-- [ RunTime:0.000129s ]
ERR: 无法加载模块:Public

[ 2017-10-24T12:04:07+08:00 ] 127.0.0.1 /Public/uploads/2017-09-27/59cb48facf2a4.jpg
INFO: [ app_init ] --START--
INFO: Run Behavior\BuildLiteBehavior [ RunTime:0.000011s ]
INFO: [ app_init ] --END-- [ RunTime:0.000093s ]
ERR: 无法加载模块:Public

[ 2017-10-24T12:04:07+08:00 ] 127.0.0.1 /Public/uploads/2017-10-17/59e5c81a66f5a.jpg
INFO: [ app_init ] --START--
INFO: Run Behavior\BuildLiteBehavior [ RunTime:0.000008s ]
INFO: [ app_init ] --END-- [ RunTime:0.000060s ]
ERR: 无法加载模块:Public

[ 2017-10-24T12:04:23+08:00 ] 127.0.0.1 /Public/uploads/2017-10-13/59e02f0942059.png
INFO: [ app_init ] --START--
INFO: Run Behavior\BuildLiteBehavior [ RunTime:0.000009s ]
INFO: [ app_init ] --END-- [ RunTime:0.000073s ]
ERR: 无法加载模块:Public

[ 2017-10-24T12:04:23+08:00 ] 127.0.0.1 /Public/uploads/2017-10-13/59e01a2e3b650.png
INFO: [ app_init ] --START--
INFO: Run Behavior\BuildLiteBehavior [ RunTime:0.000012s ]
INFO: [ app_init ] --END-- [ RunTime:0.000091s ]
ERR: 无法加载模块:Public

[ 2017-10-24T12:04:23+08:00 ] 127.0.0.1 /Public/uploads/2017-10-09/59db7a4bb99fa.png
INFO: [ app_init ] --START--
INFO: Run Behavior\BuildLiteBehavior [ RunTime:0.000010s ]
INFO: [ app_init ] --END-- [ RunTime:0.000093s ]
ERR: 无法加载模块:Public

[ 2017-10-24T12:04:23+08:00 ] 127.0.0.1 /Public/uploads/2017-10-09/59db7a44c83c4.png
INFO: [ app_init ] --START--
INFO: Run Behavior\BuildLiteBehavior [ RunTime:0.000009s ]
INFO: [ app_init ] --END-- [ RunTime:0.000074s ]
ERR: 无法加载模块:Public

[ 2017-10-24T12:04:27+08:00 ] 127.0.0.1 /Public/uploads/2017-10-13/59e02f0942059.png
INFO: [ app_init ] --START--
INFO: Run Behavior\BuildLiteBehavior [ RunTime:0.000011s ]
INFO: [ app_init ] --END-- [ RunTime:0.000088s ]
ERR: 无法加载模块:Public

[ 2017-10-24T12:04:27+08:00 ] 127.0.0.1 /Public/uploads/2017-10-13/59e01a2e3b650.png
INFO: [ app_init ] --START--
INFO: Run Behavior\BuildLiteBehavior [ RunTime:0.000011s ]
INFO: [ app_init ] --END-- [ RunTime:0.000090s ]
ERR: 无法加载模块:Public

[ 2017-10-24T12:04:27+08:00 ] 127.0.0.1 /Public/uploads/2017-10-09/59db7a4bb99fa.png
INFO: [ app_init ] --START--
INFO: Run Behavior\BuildLiteBehavior [ RunTime:0.000006s ]
INFO: [ app_init ] --END-- [ RunTime:0.000052s ]
ERR: 无法加载模块:Public

[ 2017-10-24T12:04:27+08:00 ] 127.0.0.1 /Public/uploads/2017-10-09/59db7a44c83c4.png
INFO: [ app_init ] --START--
INFO: Run Behavior\BuildLiteBehavior [ RunTime:0.000010s ]
INFO: [ app_init ] --END-- [ RunTime:0.000084s ]
ERR: 无法加载模块:Public

[ 2017-10-24T12:04:31+08:00 ] 127.0.0.1 /Public/uploads/2017-10-13/59e02f0942059.png
INFO: [ app_init ] --START--
INFO: Run Behavior\BuildLiteBehavior [ RunTime:0.000010s ]
INFO: [ app_init ] --END-- [ RunTime:0.000088s ]
ERR: 无法加载模块:Public

[ 2017-10-24T12:04:31+08:00 ] 127.0.0.1 /Public/uploads/2017-10-09/59db7a4bb99fa.png
INFO: [ app_init ] --START--
INFO: Run Behavior\BuildLiteBehavior [ RunTime:0.000013s ]
INFO: [ app_init ] --END-- [ RunTime:0.000107s ]
ERR: 无法加载模块:Public

[ 2017-10-24T12:04:31+08:00 ] 127.0.0.1 /Public/uploads/2017-10-13/59e01a2e3b650.png
INFO: [ app_init ] --START--
INFO: Run Behavior\BuildLiteBehavior [ RunTime:0.000010s ]
INFO: [ app_init ] --END-- [ RunTime:0.000080s ]
ERR: 无法加载模块:Public

[ 2017-10-24T12:04:31+08:00 ] 127.0.0.1 /Public/uploads/2017-10-09/59db7a44c83c4.png
INFO: [ app_init ] --START--
INFO: Run Behavior\BuildLiteBehavior [ RunTime:0.000011s ]
INFO: [ app_init ] --END-- [ RunTime:0.000094s ]
ERR: 无法加载模块:Public

[ 2017-10-24T12:04:33+08:00 ] 127.0.0.1 /Public/uploads/quyongmei.jpg
INFO: [ app_init ] --START--
INFO: Run Behavior\BuildLiteBehavior [ RunTime:0.000008s ]
INFO: [ app_init ] --END-- [ RunTime:0.000063s ]
ERR: 无法加载模块:Public

[ 2017-10-24T12:04:35+08:00 ] 127.0.0.1 /Public/uploads/2017-10-10/59dc880c94b31.png
INFO: [ app_init ] --START--
INFO: Run Behavior\BuildLiteBehavior [ RunTime:0.000010s ]
INFO: [ app_init ] --END-- [ RunTime:0.000071s ]
ERR: 无法加载模块:Public

[ 2017-10-24T12:04:35+08:00 ] 127.0.0.1 /Public/uploads/2017-10-12/59df37babf2db.jpg
INFO: [ app_init ] --START--
INFO: Run Behavior\BuildLiteBehavior [ RunTime:0.000010s ]
INFO: [ app_init ] --END-- [ RunTime:0.000082s ]
ERR: 无法加载模块:Public

[ 2017-10-24T12:04:35+08:00 ] 127.0.0.1 /Public/uploads/2017-10-12/59df2a4a00285.jpg
INFO: [ app_init ] --START--
INFO: Run Behavior\BuildLiteBehavior [ RunTime:0.000012s ]
INFO: [ app_init ] --END-- [ RunTime:0.000089s ]
ERR: 无法加载模块:Public

[ 2017-10-24T12:04:35+08:00 ] 127.0.0.1 /Public/uploads/2017-10-12/59df2fbe36819.jpg
INFO: [ app_init ] --START--
INFO: Run Behavior\BuildLiteBehavior [ RunTime:0.000068s ]
INFO: [ app_init ] --END-- [ RunTime:0.000210s ]
ERR: 无法加载模块:Public

[ 2017-10-24T12:04:35+08:00 ] 127.0.0.1 /Public/uploads/2017-10-13/59e06398ad1e5.jpg
INFO: [ app_init ] --START--
INFO: Run Behavior\BuildLiteBehavior [ RunTime:0.000012s ]
INFO: [ app_init ] --END-- [ RunTime:0.000089s ]
ERR: 无法加载模块:Public

[ 2017-10-24T12:04:36+08:00 ] 127.0.0.1 /Public/uploads/2017-10-12/59df39aa48a23.jpg
INFO: [ app_init ] --START--
INFO: Run Behavior\BuildLiteBehavior [ RunTime:0.000010s ]
INFO: [ app_init ] --END-- [ RunTime:0.000082s ]
ERR: 无法加载模块:Public

[ 2017-10-24T12:04:36+08:00 ] 127.0.0.1 /Public/uploads/2017-10-12/59df3ae0f3cab.jpg
INFO: [ app_init ] --START--
INFO: Run Behavior\BuildLiteBehavior [ RunTime:0.000007s ]
INFO: [ app_init ] --END-- [ RunTime:0.000060s ]
ERR: 无法加载模块:Public

[ 2017-10-24T12:04:37+08:00 ] 127.0.0.1 /Public/uploads/2017-10-12/59df3d9f70bcc.jpg
INFO: [ app_init ] --START--
INFO: Run Behavior\BuildLiteBehavior [ RunTime:0.000011s ]
INFO: [ app_init ] --END-- [ RunTime:0.000107s ]
ERR: 无法加载模块:Public

[ 2017-10-24T12:04:37+08:00 ] 127.0.0.1 /Public/uploads/2017-10-12/59df58644b97e.jpg
INFO: [ app_init ] --START--
INFO: Run Behavior\BuildLiteBehavior [ RunTime:0.000009s ]
INFO: [ app_init ] --END-- [ RunTime:0.000081s ]
ERR: 无法加载模块:Public

[ 2017-10-24T12:04:38+08:00 ] 127.0.0.1 /Public/uploads/2017-10-10/59dc880c94b31.png
INFO: [ app_init ] --START--
INFO: Run Behavior\BuildLiteBehavior [ RunTime:0.000009s ]
INFO: [ app_init ] --END-- [ RunTime:0.000078s ]
ERR: 无法加载模块:Public

[ 2017-10-24T12:04:39+08:00 ] 127.0.0.1 /Public/uploads/2017-10-12/59df2fbe36819.jpg
INFO: [ app_init ] --START--
INFO: Run Behavior\BuildLiteBehavior [ RunTime:0.000058s ]
INFO: [ app_init ] --END-- [ RunTime:0.000166s ]
ERR: 无法加载模块:Public

[ 2017-10-24T12:04:39+08:00 ] 127.0.0.1 /Public/uploads/2017-10-13/59e06398ad1e5.jpg
INFO: [ app_init ] --START--
INFO: Run Behavior\BuildLiteBehavior [ RunTime:0.000034s ]
INFO: [ app_init ] --END-- [ RunTime:0.000254s ]
ERR: 无法加载模块:Public

[ 2017-10-24T12:04:39+08:00 ] 127.0.0.1 /Public/uploads/2017-10-12/59df37babf2db.jpg
INFO: [ app_init ] --START--
INFO: Run Behavior\BuildLiteBehavior [ RunTime:0.000011s ]
INFO: [ app_init ] --END-- [ RunTime:0.000084s ]
ERR: 无法加载模块:Public

[ 2017-10-24T12:04:39+08:00 ] 127.0.0.1 /Public/uploads/2017-10-12/59df2a4a00285.jpg
INFO: [ app_init ] --START--
INFO: Run Behavior\BuildLiteBehavior [ RunTime:0.000014s ]
INFO: [ app_init ] --END-- [ RunTime:0.000108s ]
ERR: 无法加载模块:Public

